[2022-04-29 20:57:40,508][cbp1.py][line:165][INFO] start training!
[2022-04-29 21:08:01,009][cbp1.py][line:180][INFO] Epoch:[0/300]	 loss=1648.47117	 acc=3.730
[2022-04-29 21:08:34,868][cbp1.py][line:185][INFO] Epoch:[0/300]	 Test acc=6.150
[2022-04-29 21:08:34,868][cbp1.py][line:191][INFO] Best Test acc=6.150
[2022-04-29 21:18:49,620][cbp1.py][line:180][INFO] Epoch:[1/300]	 loss=1527.86236	 acc=7.472
[2022-04-29 21:19:23,308][cbp1.py][line:185][INFO] Epoch:[1/300]	 Test acc=10.720
[2022-04-29 21:19:23,308][cbp1.py][line:191][INFO] Best Test acc=10.720
[2022-04-29 21:29:39,129][cbp1.py][line:180][INFO] Epoch:[2/300]	 loss=1448.18740	 acc=12.640
[2022-04-29 21:30:12,675][cbp1.py][line:185][INFO] Epoch:[2/300]	 Test acc=15.690
[2022-04-29 21:30:12,676][cbp1.py][line:191][INFO] Best Test acc=15.690
[2022-04-29 21:40:29,437][cbp1.py][line:180][INFO] Epoch:[3/300]	 loss=1354.98574	 acc=18.714
[2022-04-29 21:41:03,133][cbp1.py][line:185][INFO] Epoch:[3/300]	 Test acc=20.530
[2022-04-29 21:41:03,133][cbp1.py][line:191][INFO] Best Test acc=20.530
[2022-04-29 21:51:19,585][cbp1.py][line:180][INFO] Epoch:[4/300]	 loss=1257.98975	 acc=24.710
[2022-04-29 21:51:53,109][cbp1.py][line:185][INFO] Epoch:[4/300]	 Test acc=21.660
[2022-04-29 21:51:53,109][cbp1.py][line:191][INFO] Best Test acc=21.660
[2022-04-29 22:02:09,895][cbp1.py][line:180][INFO] Epoch:[5/300]	 loss=1158.61770	 acc=30.900
[2022-04-29 22:02:43,512][cbp1.py][line:185][INFO] Epoch:[5/300]	 Test acc=32.480
[2022-04-29 22:02:43,512][cbp1.py][line:191][INFO] Best Test acc=32.480
[2022-04-29 22:13:01,873][cbp1.py][line:180][INFO] Epoch:[6/300]	 loss=1063.04235	 acc=36.982
[2022-04-29 22:13:35,504][cbp1.py][line:185][INFO] Epoch:[6/300]	 Test acc=38.070
[2022-04-29 22:13:35,504][cbp1.py][line:191][INFO] Best Test acc=38.070
[2022-04-29 22:23:53,358][cbp1.py][line:180][INFO] Epoch:[7/300]	 loss=988.37470	 acc=42.170
[2022-04-29 22:24:26,879][cbp1.py][line:185][INFO] Epoch:[7/300]	 Test acc=40.030
[2022-04-29 22:24:26,879][cbp1.py][line:191][INFO] Best Test acc=40.030
[2022-04-29 22:34:45,381][cbp1.py][line:180][INFO] Epoch:[8/300]	 loss=922.11127	 acc=46.202
[2022-04-29 22:35:19,128][cbp1.py][line:185][INFO] Epoch:[8/300]	 Test acc=46.660
[2022-04-29 22:35:19,128][cbp1.py][line:191][INFO] Best Test acc=46.660
[2022-04-29 22:45:38,453][cbp1.py][line:180][INFO] Epoch:[9/300]	 loss=866.76494	 acc=49.942
[2022-04-29 22:46:12,256][cbp1.py][line:185][INFO] Epoch:[9/300]	 Test acc=49.500
[2022-04-29 22:46:12,257][cbp1.py][line:191][INFO] Best Test acc=49.500
[2022-04-29 22:56:33,936][cbp1.py][line:180][INFO] Epoch:[10/300]	 loss=815.33719	 acc=53.564
[2022-04-29 22:57:07,770][cbp1.py][line:185][INFO] Epoch:[10/300]	 Test acc=49.140
[2022-04-29 22:57:07,771][cbp1.py][line:191][INFO] Best Test acc=49.500
[2022-04-29 23:07:30,247][cbp1.py][line:180][INFO] Epoch:[11/300]	 loss=773.01699	 acc=56.744
[2022-04-29 23:08:03,759][cbp1.py][line:185][INFO] Epoch:[11/300]	 Test acc=50.080
[2022-04-29 23:08:03,760][cbp1.py][line:191][INFO] Best Test acc=50.080
[2022-04-29 23:18:27,298][cbp1.py][line:180][INFO] Epoch:[12/300]	 loss=734.29882	 acc=58.960
[2022-04-29 23:19:01,158][cbp1.py][line:185][INFO] Epoch:[12/300]	 Test acc=54.700
[2022-04-29 23:19:01,159][cbp1.py][line:191][INFO] Best Test acc=54.700
[2022-04-29 23:29:25,623][cbp1.py][line:180][INFO] Epoch:[13/300]	 loss=696.16208	 acc=62.234
[2022-04-29 23:29:59,296][cbp1.py][line:185][INFO] Epoch:[13/300]	 Test acc=57.630
[2022-04-29 23:29:59,296][cbp1.py][line:191][INFO] Best Test acc=57.630
[2022-04-29 23:40:25,164][cbp1.py][line:180][INFO] Epoch:[14/300]	 loss=661.81659	 acc=64.396
[2022-04-29 23:40:59,131][cbp1.py][line:185][INFO] Epoch:[14/300]	 Test acc=56.420
[2022-04-29 23:40:59,131][cbp1.py][line:191][INFO] Best Test acc=57.630
[2022-04-29 23:51:25,640][cbp1.py][line:180][INFO] Epoch:[15/300]	 loss=634.83706	 acc=66.440
[2022-04-29 23:51:59,265][cbp1.py][line:185][INFO] Epoch:[15/300]	 Test acc=59.210
[2022-04-29 23:51:59,265][cbp1.py][line:191][INFO] Best Test acc=59.210
[2022-04-30 00:02:25,884][cbp1.py][line:180][INFO] Epoch:[16/300]	 loss=607.27100	 acc=68.300
[2022-04-30 00:02:59,708][cbp1.py][line:185][INFO] Epoch:[16/300]	 Test acc=61.200
[2022-04-30 00:02:59,708][cbp1.py][line:191][INFO] Best Test acc=61.200
[2022-04-30 00:13:27,498][cbp1.py][line:180][INFO] Epoch:[17/300]	 loss=581.90839	 acc=70.090
[2022-04-30 00:14:01,211][cbp1.py][line:185][INFO] Epoch:[17/300]	 Test acc=60.920
[2022-04-30 00:14:01,211][cbp1.py][line:191][INFO] Best Test acc=61.200
[2022-04-30 00:24:29,876][cbp1.py][line:180][INFO] Epoch:[18/300]	 loss=560.56127	 acc=71.450
[2022-04-30 00:25:03,621][cbp1.py][line:185][INFO] Epoch:[18/300]	 Test acc=62.550
[2022-04-30 00:25:03,622][cbp1.py][line:191][INFO] Best Test acc=62.550
[2022-04-30 00:35:32,774][cbp1.py][line:180][INFO] Epoch:[19/300]	 loss=539.86280	 acc=72.878
[2022-04-30 00:36:06,621][cbp1.py][line:185][INFO] Epoch:[19/300]	 Test acc=63.580
[2022-04-30 00:36:06,622][cbp1.py][line:191][INFO] Best Test acc=63.580
[2022-04-30 00:46:36,434][cbp1.py][line:180][INFO] Epoch:[20/300]	 loss=521.16779	 acc=74.394
[2022-04-30 00:47:10,141][cbp1.py][line:185][INFO] Epoch:[20/300]	 Test acc=64.130
[2022-04-30 00:47:10,142][cbp1.py][line:191][INFO] Best Test acc=64.130
[2022-04-30 00:57:40,432][cbp1.py][line:180][INFO] Epoch:[21/300]	 loss=505.00172	 acc=75.522
[2022-04-30 00:58:14,221][cbp1.py][line:185][INFO] Epoch:[21/300]	 Test acc=65.870
[2022-04-30 00:58:14,222][cbp1.py][line:191][INFO] Best Test acc=65.870
[2022-04-30 01:08:44,259][cbp1.py][line:180][INFO] Epoch:[22/300]	 loss=482.41714	 acc=77.146
[2022-04-30 01:09:17,871][cbp1.py][line:185][INFO] Epoch:[22/300]	 Test acc=65.100
[2022-04-30 01:09:17,871][cbp1.py][line:191][INFO] Best Test acc=65.870
[2022-04-30 01:19:48,848][cbp1.py][line:180][INFO] Epoch:[23/300]	 loss=468.47556	 acc=78.092
[2022-04-30 01:20:22,542][cbp1.py][line:185][INFO] Epoch:[23/300]	 Test acc=65.470
[2022-04-30 01:20:22,542][cbp1.py][line:191][INFO] Best Test acc=65.870
[2022-04-30 01:30:54,636][cbp1.py][line:180][INFO] Epoch:[24/300]	 loss=454.62967	 acc=78.878
[2022-04-30 01:31:28,391][cbp1.py][line:185][INFO] Epoch:[24/300]	 Test acc=67.620
[2022-04-30 01:31:28,392][cbp1.py][line:191][INFO] Best Test acc=67.620
[2022-04-30 01:42:00,696][cbp1.py][line:180][INFO] Epoch:[25/300]	 loss=436.62168	 acc=80.220
[2022-04-30 01:42:34,759][cbp1.py][line:185][INFO] Epoch:[25/300]	 Test acc=66.690
[2022-04-30 01:42:34,759][cbp1.py][line:191][INFO] Best Test acc=67.620
[2022-04-30 01:53:07,938][cbp1.py][line:180][INFO] Epoch:[26/300]	 loss=422.27324	 acc=81.208
[2022-04-30 01:53:41,934][cbp1.py][line:185][INFO] Epoch:[26/300]	 Test acc=66.780
[2022-04-30 01:53:41,935][cbp1.py][line:191][INFO] Best Test acc=67.620
[2022-04-30 02:04:15,495][cbp1.py][line:180][INFO] Epoch:[27/300]	 loss=411.57574	 acc=82.068
[2022-04-30 02:04:49,146][cbp1.py][line:185][INFO] Epoch:[27/300]	 Test acc=67.350
[2022-04-30 02:04:49,146][cbp1.py][line:191][INFO] Best Test acc=67.620
[2022-04-30 02:15:22,649][cbp1.py][line:180][INFO] Epoch:[28/300]	 loss=397.76901	 acc=82.908
[2022-04-30 02:15:56,414][cbp1.py][line:185][INFO] Epoch:[28/300]	 Test acc=67.300
[2022-04-30 02:15:56,414][cbp1.py][line:191][INFO] Best Test acc=67.620
[2022-04-30 02:26:29,963][cbp1.py][line:180][INFO] Epoch:[29/300]	 loss=384.05103	 acc=83.930
[2022-04-30 02:27:03,981][cbp1.py][line:185][INFO] Epoch:[29/300]	 Test acc=67.490
[2022-04-30 02:27:03,981][cbp1.py][line:191][INFO] Best Test acc=67.620
[2022-04-30 02:37:39,441][cbp1.py][line:180][INFO] Epoch:[30/300]	 loss=373.28053	 acc=84.766
[2022-04-30 02:38:13,373][cbp1.py][line:185][INFO] Epoch:[30/300]	 Test acc=67.640
[2022-04-30 02:38:13,374][cbp1.py][line:191][INFO] Best Test acc=67.640
[2022-04-30 02:48:49,069][cbp1.py][line:180][INFO] Epoch:[31/300]	 loss=359.65205	 acc=85.372
[2022-04-30 02:49:22,850][cbp1.py][line:185][INFO] Epoch:[31/300]	 Test acc=68.360
[2022-04-30 02:49:22,850][cbp1.py][line:191][INFO] Best Test acc=68.360
[2022-04-30 02:59:59,492][cbp1.py][line:180][INFO] Epoch:[32/300]	 loss=356.51827	 acc=85.842
[2022-04-30 03:00:33,068][cbp1.py][line:185][INFO] Epoch:[32/300]	 Test acc=67.240
[2022-04-30 03:00:33,069][cbp1.py][line:191][INFO] Best Test acc=68.360
[2022-04-30 03:11:12,764][cbp1.py][line:180][INFO] Epoch:[33/300]	 loss=341.39984	 acc=86.800
[2022-04-30 03:11:46,268][cbp1.py][line:185][INFO] Epoch:[33/300]	 Test acc=69.310
[2022-04-30 03:11:46,269][cbp1.py][line:191][INFO] Best Test acc=69.310
[2022-04-30 03:22:27,843][cbp1.py][line:180][INFO] Epoch:[34/300]	 loss=334.59188	 acc=87.268
[2022-04-30 03:23:01,804][cbp1.py][line:185][INFO] Epoch:[34/300]	 Test acc=69.580
[2022-04-30 03:23:01,804][cbp1.py][line:191][INFO] Best Test acc=69.580
[2022-04-30 03:33:45,077][cbp1.py][line:180][INFO] Epoch:[35/300]	 loss=323.48248	 acc=87.916
[2022-04-30 03:34:18,916][cbp1.py][line:185][INFO] Epoch:[35/300]	 Test acc=69.660
[2022-04-30 03:34:18,916][cbp1.py][line:191][INFO] Best Test acc=69.660
[2022-04-30 03:45:02,021][cbp1.py][line:180][INFO] Epoch:[36/300]	 loss=315.58570	 acc=88.458
[2022-04-30 03:45:35,750][cbp1.py][line:185][INFO] Epoch:[36/300]	 Test acc=68.110
[2022-04-30 03:45:35,750][cbp1.py][line:191][INFO] Best Test acc=69.660
[2022-04-30 03:56:19,538][cbp1.py][line:180][INFO] Epoch:[37/300]	 loss=306.35444	 acc=89.144
[2022-04-30 03:56:53,372][cbp1.py][line:185][INFO] Epoch:[37/300]	 Test acc=69.660
[2022-04-30 03:56:53,372][cbp1.py][line:191][INFO] Best Test acc=69.660
[2022-04-30 04:07:38,208][cbp1.py][line:180][INFO] Epoch:[38/300]	 loss=298.44615	 acc=89.652
[2022-04-30 04:08:12,043][cbp1.py][line:185][INFO] Epoch:[38/300]	 Test acc=70.100
[2022-04-30 04:08:12,043][cbp1.py][line:191][INFO] Best Test acc=70.100
[2022-04-30 04:18:57,580][cbp1.py][line:180][INFO] Epoch:[39/300]	 loss=289.86492	 acc=90.228
[2022-04-30 04:19:31,493][cbp1.py][line:185][INFO] Epoch:[39/300]	 Test acc=69.010
[2022-04-30 04:19:31,493][cbp1.py][line:191][INFO] Best Test acc=70.100
[2022-04-30 04:30:17,568][cbp1.py][line:180][INFO] Epoch:[40/300]	 loss=283.28986	 acc=90.628
[2022-04-30 04:30:51,429][cbp1.py][line:185][INFO] Epoch:[40/300]	 Test acc=70.180
[2022-04-30 04:30:51,429][cbp1.py][line:191][INFO] Best Test acc=70.180
[2022-04-30 04:41:38,765][cbp1.py][line:180][INFO] Epoch:[41/300]	 loss=278.95970	 acc=90.960
[2022-04-30 04:42:12,826][cbp1.py][line:185][INFO] Epoch:[41/300]	 Test acc=70.290
[2022-04-30 04:42:12,827][cbp1.py][line:191][INFO] Best Test acc=70.290
[2022-04-30 04:53:00,045][cbp1.py][line:180][INFO] Epoch:[42/300]	 loss=265.40943	 acc=91.752
[2022-04-30 04:53:34,011][cbp1.py][line:185][INFO] Epoch:[42/300]	 Test acc=69.800
[2022-04-30 04:53:34,011][cbp1.py][line:191][INFO] Best Test acc=70.290
[2022-04-30 05:04:22,215][cbp1.py][line:180][INFO] Epoch:[43/300]	 loss=265.28668	 acc=91.788
[2022-04-30 05:04:55,777][cbp1.py][line:185][INFO] Epoch:[43/300]	 Test acc=69.910
[2022-04-30 05:04:55,777][cbp1.py][line:191][INFO] Best Test acc=70.290
[2022-04-30 05:15:44,885][cbp1.py][line:180][INFO] Epoch:[44/300]	 loss=256.30948	 acc=92.332
[2022-04-30 05:16:18,662][cbp1.py][line:185][INFO] Epoch:[44/300]	 Test acc=70.110
[2022-04-30 05:16:18,663][cbp1.py][line:191][INFO] Best Test acc=70.290
[2022-04-30 05:27:08,470][cbp1.py][line:180][INFO] Epoch:[45/300]	 loss=252.40634	 acc=92.534
[2022-04-30 05:27:42,483][cbp1.py][line:185][INFO] Epoch:[45/300]	 Test acc=69.810
[2022-04-30 05:27:42,484][cbp1.py][line:191][INFO] Best Test acc=70.290
[2022-04-30 05:38:33,633][cbp1.py][line:180][INFO] Epoch:[46/300]	 loss=245.66858	 acc=92.914
[2022-04-30 05:39:07,626][cbp1.py][line:185][INFO] Epoch:[46/300]	 Test acc=70.170
[2022-04-30 05:39:07,626][cbp1.py][line:191][INFO] Best Test acc=70.290
[2022-04-30 05:49:59,405][cbp1.py][line:180][INFO] Epoch:[47/300]	 loss=243.09842	 acc=93.180
[2022-04-30 05:50:33,168][cbp1.py][line:185][INFO] Epoch:[47/300]	 Test acc=70.130
[2022-04-30 05:50:33,169][cbp1.py][line:191][INFO] Best Test acc=70.290
[2022-04-30 06:01:26,290][cbp1.py][line:180][INFO] Epoch:[48/300]	 loss=233.94043	 acc=93.752
[2022-04-30 06:02:00,163][cbp1.py][line:185][INFO] Epoch:[48/300]	 Test acc=69.870
[2022-04-30 06:02:00,164][cbp1.py][line:191][INFO] Best Test acc=70.290
[2022-04-30 06:12:53,162][cbp1.py][line:180][INFO] Epoch:[49/300]	 loss=229.89296	 acc=93.974
[2022-04-30 06:13:27,031][cbp1.py][line:185][INFO] Epoch:[49/300]	 Test acc=70.800
[2022-04-30 06:13:27,032][cbp1.py][line:191][INFO] Best Test acc=70.800
[2022-04-30 06:24:21,459][cbp1.py][line:180][INFO] Epoch:[50/300]	 loss=224.47541	 acc=94.342
[2022-04-30 06:24:55,222][cbp1.py][line:185][INFO] Epoch:[50/300]	 Test acc=70.450
[2022-04-30 06:24:55,222][cbp1.py][line:191][INFO] Best Test acc=70.800
[2022-04-30 06:35:49,976][cbp1.py][line:180][INFO] Epoch:[51/300]	 loss=219.49727	 acc=94.542
[2022-04-30 06:36:23,744][cbp1.py][line:185][INFO] Epoch:[51/300]	 Test acc=70.150
[2022-04-30 06:36:23,745][cbp1.py][line:191][INFO] Best Test acc=70.800
[2022-04-30 06:47:19,195][cbp1.py][line:180][INFO] Epoch:[52/300]	 loss=215.00539	 acc=94.930
[2022-04-30 06:47:52,914][cbp1.py][line:185][INFO] Epoch:[52/300]	 Test acc=71.080
[2022-04-30 06:47:52,915][cbp1.py][line:191][INFO] Best Test acc=71.080
[2022-04-30 06:58:49,073][cbp1.py][line:180][INFO] Epoch:[53/300]	 loss=212.58757	 acc=94.926
[2022-04-30 06:59:22,843][cbp1.py][line:185][INFO] Epoch:[53/300]	 Test acc=70.910
[2022-04-30 06:59:22,844][cbp1.py][line:191][INFO] Best Test acc=71.080
[2022-04-30 07:10:20,091][cbp1.py][line:180][INFO] Epoch:[54/300]	 loss=207.98179	 acc=95.296
[2022-04-30 07:10:53,735][cbp1.py][line:185][INFO] Epoch:[54/300]	 Test acc=69.990
[2022-04-30 07:10:53,736][cbp1.py][line:191][INFO] Best Test acc=71.080
[2022-04-30 07:21:51,036][cbp1.py][line:180][INFO] Epoch:[55/300]	 loss=201.96179	 acc=95.518
[2022-04-30 07:22:24,608][cbp1.py][line:185][INFO] Epoch:[55/300]	 Test acc=70.850
[2022-04-30 07:22:24,609][cbp1.py][line:191][INFO] Best Test acc=71.080
[2022-04-30 07:33:23,435][cbp1.py][line:180][INFO] Epoch:[56/300]	 loss=202.48401	 acc=95.582
[2022-04-30 07:33:57,457][cbp1.py][line:185][INFO] Epoch:[56/300]	 Test acc=70.930
[2022-04-30 07:33:57,458][cbp1.py][line:191][INFO] Best Test acc=71.080
[2022-04-30 07:44:56,679][cbp1.py][line:180][INFO] Epoch:[57/300]	 loss=194.45858	 acc=95.974
[2022-04-30 07:45:30,502][cbp1.py][line:185][INFO] Epoch:[57/300]	 Test acc=71.270
[2022-04-30 07:45:30,502][cbp1.py][line:191][INFO] Best Test acc=71.270
[2022-04-30 07:56:31,141][cbp1.py][line:180][INFO] Epoch:[58/300]	 loss=193.03966	 acc=96.084
[2022-04-30 07:57:05,162][cbp1.py][line:185][INFO] Epoch:[58/300]	 Test acc=71.480
[2022-04-30 07:57:05,163][cbp1.py][line:191][INFO] Best Test acc=71.480
[2022-04-30 08:08:05,734][cbp1.py][line:180][INFO] Epoch:[59/300]	 loss=189.29115	 acc=96.240
[2022-04-30 08:08:39,704][cbp1.py][line:185][INFO] Epoch:[59/300]	 Test acc=70.280
[2022-04-30 08:08:39,705][cbp1.py][line:191][INFO] Best Test acc=71.480
[2022-04-30 08:19:41,388][cbp1.py][line:180][INFO] Epoch:[60/300]	 loss=186.44579	 acc=96.374
[2022-04-30 08:20:15,334][cbp1.py][line:185][INFO] Epoch:[60/300]	 Test acc=72.180
[2022-04-30 08:20:15,335][cbp1.py][line:191][INFO] Best Test acc=72.180
[2022-04-30 08:31:16,985][cbp1.py][line:180][INFO] Epoch:[61/300]	 loss=183.20406	 acc=96.696
[2022-04-30 08:31:50,635][cbp1.py][line:185][INFO] Epoch:[61/300]	 Test acc=72.220
[2022-04-30 08:31:50,636][cbp1.py][line:191][INFO] Best Test acc=72.220
[2022-04-30 08:42:53,747][cbp1.py][line:180][INFO] Epoch:[62/300]	 loss=179.82768	 acc=96.794
[2022-04-30 08:43:27,800][cbp1.py][line:185][INFO] Epoch:[62/300]	 Test acc=71.260
[2022-04-30 08:43:27,801][cbp1.py][line:191][INFO] Best Test acc=72.220
[2022-04-30 08:54:31,593][cbp1.py][line:180][INFO] Epoch:[63/300]	 loss=178.18676	 acc=96.838
[2022-04-30 08:55:05,566][cbp1.py][line:185][INFO] Epoch:[63/300]	 Test acc=71.550
[2022-04-30 08:55:05,567][cbp1.py][line:191][INFO] Best Test acc=72.220
[2022-04-30 09:06:10,040][cbp1.py][line:180][INFO] Epoch:[64/300]	 loss=172.27251	 acc=97.226
[2022-04-30 09:06:43,778][cbp1.py][line:185][INFO] Epoch:[64/300]	 Test acc=70.850
[2022-04-30 09:06:43,778][cbp1.py][line:191][INFO] Best Test acc=72.220
[2022-04-30 09:17:49,605][cbp1.py][line:180][INFO] Epoch:[65/300]	 loss=171.98848	 acc=97.096
[2022-04-30 09:18:23,312][cbp1.py][line:185][INFO] Epoch:[65/300]	 Test acc=71.520
[2022-04-30 09:18:23,312][cbp1.py][line:191][INFO] Best Test acc=72.220
[2022-04-30 09:29:29,722][cbp1.py][line:180][INFO] Epoch:[66/300]	 loss=167.87439	 acc=97.310
[2022-04-30 09:30:03,516][cbp1.py][line:185][INFO] Epoch:[66/300]	 Test acc=71.690
[2022-04-30 09:30:03,516][cbp1.py][line:191][INFO] Best Test acc=72.220
[2022-04-30 09:41:10,989][cbp1.py][line:180][INFO] Epoch:[67/300]	 loss=166.35166	 acc=97.360
[2022-04-30 09:41:44,647][cbp1.py][line:185][INFO] Epoch:[67/300]	 Test acc=71.160
[2022-04-30 09:41:44,647][cbp1.py][line:191][INFO] Best Test acc=72.220
[2022-04-30 09:52:52,404][cbp1.py][line:180][INFO] Epoch:[68/300]	 loss=163.59350	 acc=97.516
[2022-04-30 09:53:26,181][cbp1.py][line:185][INFO] Epoch:[68/300]	 Test acc=71.590
[2022-04-30 09:53:26,181][cbp1.py][line:191][INFO] Best Test acc=72.220
[2022-04-30 10:04:34,851][cbp1.py][line:180][INFO] Epoch:[69/300]	 loss=162.25470	 acc=97.496
[2022-04-30 10:05:08,664][cbp1.py][line:185][INFO] Epoch:[69/300]	 Test acc=71.730
[2022-04-30 10:05:08,665][cbp1.py][line:191][INFO] Best Test acc=72.220
[2022-04-30 10:16:18,757][cbp1.py][line:180][INFO] Epoch:[70/300]	 loss=157.53886	 acc=97.798
[2022-04-30 10:16:52,505][cbp1.py][line:185][INFO] Epoch:[70/300]	 Test acc=71.880
[2022-04-30 10:16:52,506][cbp1.py][line:191][INFO] Best Test acc=72.220
[2022-04-30 10:28:02,711][cbp1.py][line:180][INFO] Epoch:[71/300]	 loss=157.00462	 acc=97.874
[2022-04-30 10:28:36,592][cbp1.py][line:185][INFO] Epoch:[71/300]	 Test acc=72.300
[2022-04-30 10:28:36,593][cbp1.py][line:191][INFO] Best Test acc=72.300
[2022-04-30 10:39:47,219][cbp1.py][line:180][INFO] Epoch:[72/300]	 loss=150.16936	 acc=98.088
[2022-04-30 10:40:21,176][cbp1.py][line:185][INFO] Epoch:[72/300]	 Test acc=71.430
[2022-04-30 10:40:21,176][cbp1.py][line:191][INFO] Best Test acc=72.300
[2022-04-30 10:51:33,244][cbp1.py][line:180][INFO] Epoch:[73/300]	 loss=153.79929	 acc=98.068
[2022-04-30 10:52:07,184][cbp1.py][line:185][INFO] Epoch:[73/300]	 Test acc=71.760
[2022-04-30 10:52:07,184][cbp1.py][line:191][INFO] Best Test acc=72.300
[2022-04-30 11:03:19,347][cbp1.py][line:180][INFO] Epoch:[74/300]	 loss=149.40985	 acc=98.142
[2022-04-30 11:03:53,193][cbp1.py][line:185][INFO] Epoch:[74/300]	 Test acc=71.970
[2022-04-30 11:03:53,194][cbp1.py][line:191][INFO] Best Test acc=72.300
[2022-04-30 11:15:06,102][cbp1.py][line:180][INFO] Epoch:[75/300]	 loss=149.37703	 acc=98.124
[2022-04-30 11:15:39,862][cbp1.py][line:185][INFO] Epoch:[75/300]	 Test acc=72.010
[2022-04-30 11:15:39,863][cbp1.py][line:191][INFO] Best Test acc=72.300
[2022-04-30 11:26:53,994][cbp1.py][line:180][INFO] Epoch:[76/300]	 loss=147.35664	 acc=98.278
[2022-04-30 11:27:28,130][cbp1.py][line:185][INFO] Epoch:[76/300]	 Test acc=71.380
[2022-04-30 11:27:28,130][cbp1.py][line:191][INFO] Best Test acc=72.300
[2022-04-30 11:38:43,506][cbp1.py][line:180][INFO] Epoch:[77/300]	 loss=144.70916	 acc=98.280
[2022-04-30 11:39:17,391][cbp1.py][line:185][INFO] Epoch:[77/300]	 Test acc=71.560
[2022-04-30 11:39:17,392][cbp1.py][line:191][INFO] Best Test acc=72.300
[2022-04-30 11:50:33,638][cbp1.py][line:180][INFO] Epoch:[78/300]	 loss=141.24055	 acc=98.426
[2022-04-30 11:51:07,497][cbp1.py][line:185][INFO] Epoch:[78/300]	 Test acc=71.900
[2022-04-30 11:51:07,497][cbp1.py][line:191][INFO] Best Test acc=72.300
[2022-04-30 12:02:24,336][cbp1.py][line:180][INFO] Epoch:[79/300]	 loss=140.60936	 acc=98.478
[2022-04-30 12:02:58,273][cbp1.py][line:185][INFO] Epoch:[79/300]	 Test acc=71.700
[2022-04-30 12:02:58,273][cbp1.py][line:191][INFO] Best Test acc=72.300
[2022-04-30 12:14:15,320][cbp1.py][line:180][INFO] Epoch:[80/300]	 loss=139.03733	 acc=98.428
[2022-04-30 12:14:49,158][cbp1.py][line:185][INFO] Epoch:[80/300]	 Test acc=72.260
[2022-04-30 12:14:49,158][cbp1.py][line:191][INFO] Best Test acc=72.300
[2022-04-30 12:26:06,449][cbp1.py][line:180][INFO] Epoch:[81/300]	 loss=134.84785	 acc=98.656
[2022-04-30 12:26:40,480][cbp1.py][line:185][INFO] Epoch:[81/300]	 Test acc=71.960
[2022-04-30 12:26:40,480][cbp1.py][line:191][INFO] Best Test acc=72.300
[2022-04-30 12:37:58,658][cbp1.py][line:180][INFO] Epoch:[82/300]	 loss=137.52336	 acc=98.488
[2022-04-30 12:38:32,321][cbp1.py][line:185][INFO] Epoch:[82/300]	 Test acc=71.220
[2022-04-30 12:38:32,322][cbp1.py][line:191][INFO] Best Test acc=72.300
[2022-04-30 12:49:51,361][cbp1.py][line:180][INFO] Epoch:[83/300]	 loss=135.57947	 acc=98.604
[2022-04-30 12:50:25,292][cbp1.py][line:185][INFO] Epoch:[83/300]	 Test acc=72.180
[2022-04-30 12:50:25,292][cbp1.py][line:191][INFO] Best Test acc=72.300
[2022-04-30 13:01:44,887][cbp1.py][line:180][INFO] Epoch:[84/300]	 loss=133.22661	 acc=98.692
[2022-04-30 13:02:18,875][cbp1.py][line:185][INFO] Epoch:[84/300]	 Test acc=72.230
[2022-04-30 13:02:18,875][cbp1.py][line:191][INFO] Best Test acc=72.300
[2022-04-30 13:13:40,278][cbp1.py][line:180][INFO] Epoch:[85/300]	 loss=131.28130	 acc=98.756
[2022-04-30 13:14:14,233][cbp1.py][line:185][INFO] Epoch:[85/300]	 Test acc=72.170
[2022-04-30 13:14:14,234][cbp1.py][line:191][INFO] Best Test acc=72.300
[2022-04-30 13:25:36,847][cbp1.py][line:180][INFO] Epoch:[86/300]	 loss=129.27680	 acc=98.788
[2022-04-30 13:26:10,594][cbp1.py][line:185][INFO] Epoch:[86/300]	 Test acc=71.440
[2022-04-30 13:26:10,594][cbp1.py][line:191][INFO] Best Test acc=72.300
[2022-04-30 13:37:33,320][cbp1.py][line:180][INFO] Epoch:[87/300]	 loss=127.67236	 acc=98.888
[2022-04-30 13:38:07,234][cbp1.py][line:185][INFO] Epoch:[87/300]	 Test acc=72.570
[2022-04-30 13:38:07,234][cbp1.py][line:191][INFO] Best Test acc=72.570
[2022-04-30 13:49:30,426][cbp1.py][line:180][INFO] Epoch:[88/300]	 loss=124.11333	 acc=98.966
[2022-04-30 13:50:04,132][cbp1.py][line:185][INFO] Epoch:[88/300]	 Test acc=72.250
[2022-04-30 13:50:04,132][cbp1.py][line:191][INFO] Best Test acc=72.570
[2022-04-30 14:01:28,427][cbp1.py][line:180][INFO] Epoch:[89/300]	 loss=127.00928	 acc=98.908
[2022-04-30 14:02:02,503][cbp1.py][line:185][INFO] Epoch:[89/300]	 Test acc=72.240
[2022-04-30 14:02:02,503][cbp1.py][line:191][INFO] Best Test acc=72.570
[2022-04-30 14:13:28,065][cbp1.py][line:180][INFO] Epoch:[90/300]	 loss=123.22153	 acc=99.038
[2022-04-30 14:14:02,226][cbp1.py][line:185][INFO] Epoch:[90/300]	 Test acc=72.430
[2022-04-30 14:14:02,227][cbp1.py][line:191][INFO] Best Test acc=72.570
[2022-04-30 14:25:28,248][cbp1.py][line:180][INFO] Epoch:[91/300]	 loss=122.66805	 acc=99.008
[2022-04-30 14:26:02,217][cbp1.py][line:185][INFO] Epoch:[91/300]	 Test acc=71.880
[2022-04-30 14:26:02,217][cbp1.py][line:191][INFO] Best Test acc=72.570
[2022-04-30 14:37:30,053][cbp1.py][line:180][INFO] Epoch:[92/300]	 loss=122.09063	 acc=99.012
[2022-04-30 14:38:04,069][cbp1.py][line:185][INFO] Epoch:[92/300]	 Test acc=72.690
[2022-04-30 14:38:04,070][cbp1.py][line:191][INFO] Best Test acc=72.690
[2022-04-30 14:49:32,372][cbp1.py][line:180][INFO] Epoch:[93/300]	 loss=117.56026	 acc=99.180
[2022-04-30 14:50:06,457][cbp1.py][line:185][INFO] Epoch:[93/300]	 Test acc=73.060
[2022-04-30 14:50:06,457][cbp1.py][line:191][INFO] Best Test acc=73.060
[2022-04-30 15:01:35,557][cbp1.py][line:180][INFO] Epoch:[94/300]	 loss=118.41499	 acc=99.128
[2022-04-30 15:02:09,466][cbp1.py][line:185][INFO] Epoch:[94/300]	 Test acc=72.360
[2022-04-30 15:02:09,466][cbp1.py][line:191][INFO] Best Test acc=73.060
[2022-04-30 15:13:39,707][cbp1.py][line:180][INFO] Epoch:[95/300]	 loss=115.24977	 acc=99.276
[2022-04-30 15:14:13,818][cbp1.py][line:185][INFO] Epoch:[95/300]	 Test acc=72.260
[2022-04-30 15:14:13,818][cbp1.py][line:191][INFO] Best Test acc=73.060
[2022-04-30 15:25:43,725][cbp1.py][line:180][INFO] Epoch:[96/300]	 loss=118.25727	 acc=99.142
[2022-04-30 15:26:17,539][cbp1.py][line:185][INFO] Epoch:[96/300]	 Test acc=71.750
[2022-04-30 15:26:17,539][cbp1.py][line:191][INFO] Best Test acc=73.060
[2022-04-30 15:37:49,171][cbp1.py][line:180][INFO] Epoch:[97/300]	 loss=116.34592	 acc=99.172
[2022-04-30 15:38:23,086][cbp1.py][line:185][INFO] Epoch:[97/300]	 Test acc=72.850
[2022-04-30 15:38:23,086][cbp1.py][line:191][INFO] Best Test acc=73.060
[2022-04-30 15:49:55,844][cbp1.py][line:180][INFO] Epoch:[98/300]	 loss=113.08538	 acc=99.246
[2022-04-30 15:50:29,834][cbp1.py][line:185][INFO] Epoch:[98/300]	 Test acc=72.960
[2022-04-30 15:50:29,834][cbp1.py][line:191][INFO] Best Test acc=73.060
[2022-04-30 16:02:02,574][cbp1.py][line:180][INFO] Epoch:[99/300]	 loss=111.16486	 acc=99.328
[2022-04-30 16:02:36,658][cbp1.py][line:185][INFO] Epoch:[99/300]	 Test acc=72.510
[2022-04-30 16:02:36,658][cbp1.py][line:191][INFO] Best Test acc=73.060
[2022-04-30 16:14:10,437][cbp1.py][line:180][INFO] Epoch:[100/300]	 loss=110.39491	 acc=99.354
[2022-04-30 16:14:44,341][cbp1.py][line:185][INFO] Epoch:[100/300]	 Test acc=72.610
[2022-04-30 16:14:44,342][cbp1.py][line:191][INFO] Best Test acc=73.060
[2022-04-30 16:26:19,351][cbp1.py][line:180][INFO] Epoch:[101/300]	 loss=109.89247	 acc=99.390
[2022-04-30 16:26:53,268][cbp1.py][line:185][INFO] Epoch:[101/300]	 Test acc=72.840
[2022-04-30 16:26:53,269][cbp1.py][line:191][INFO] Best Test acc=73.060
[2022-04-30 16:38:29,475][cbp1.py][line:180][INFO] Epoch:[102/300]	 loss=107.37891	 acc=99.410
[2022-04-30 16:39:03,920][cbp1.py][line:185][INFO] Epoch:[102/300]	 Test acc=73.260
[2022-04-30 16:39:03,921][cbp1.py][line:191][INFO] Best Test acc=73.260
[2022-04-30 16:50:40,081][cbp1.py][line:180][INFO] Epoch:[103/300]	 loss=107.40452	 acc=99.360
[2022-04-30 16:51:14,346][cbp1.py][line:185][INFO] Epoch:[103/300]	 Test acc=72.890
[2022-04-30 16:51:14,346][cbp1.py][line:191][INFO] Best Test acc=73.260
[2022-04-30 17:02:51,002][cbp1.py][line:180][INFO] Epoch:[104/300]	 loss=107.91238	 acc=99.376
[2022-04-30 17:03:24,934][cbp1.py][line:185][INFO] Epoch:[104/300]	 Test acc=72.670
[2022-04-30 17:03:24,934][cbp1.py][line:191][INFO] Best Test acc=73.260
[2022-04-30 17:15:04,119][cbp1.py][line:180][INFO] Epoch:[105/300]	 loss=106.76412	 acc=99.384
[2022-04-30 17:15:38,230][cbp1.py][line:185][INFO] Epoch:[105/300]	 Test acc=73.130
[2022-04-30 17:15:38,230][cbp1.py][line:191][INFO] Best Test acc=73.260
[2022-04-30 17:27:16,330][cbp1.py][line:180][INFO] Epoch:[106/300]	 loss=104.62524	 acc=99.460
[2022-04-30 17:27:50,275][cbp1.py][line:185][INFO] Epoch:[106/300]	 Test acc=72.380
[2022-04-30 17:27:50,275][cbp1.py][line:191][INFO] Best Test acc=73.260
[2022-04-30 17:39:30,277][cbp1.py][line:180][INFO] Epoch:[107/300]	 loss=103.49163	 acc=99.490
[2022-04-30 17:40:04,231][cbp1.py][line:185][INFO] Epoch:[107/300]	 Test acc=72.920
[2022-04-30 17:40:04,231][cbp1.py][line:191][INFO] Best Test acc=73.260
[2022-04-30 17:51:46,075][cbp1.py][line:180][INFO] Epoch:[108/300]	 loss=103.49820	 acc=99.452
[2022-04-30 17:52:19,907][cbp1.py][line:185][INFO] Epoch:[108/300]	 Test acc=72.910
[2022-04-30 17:52:19,907][cbp1.py][line:191][INFO] Best Test acc=73.260
[2022-04-30 18:04:02,402][cbp1.py][line:180][INFO] Epoch:[109/300]	 loss=99.48771	 acc=99.570
[2022-04-30 18:04:36,443][cbp1.py][line:185][INFO] Epoch:[109/300]	 Test acc=72.660
[2022-04-30 18:04:36,444][cbp1.py][line:191][INFO] Best Test acc=73.260
[2022-04-30 18:16:19,456][cbp1.py][line:180][INFO] Epoch:[110/300]	 loss=99.79989	 acc=99.604
[2022-04-30 18:16:53,577][cbp1.py][line:185][INFO] Epoch:[110/300]	 Test acc=72.640
[2022-04-30 18:16:53,577][cbp1.py][line:191][INFO] Best Test acc=73.260
[2022-04-30 18:28:38,774][cbp1.py][line:180][INFO] Epoch:[111/300]	 loss=100.07496	 acc=99.560
[2022-04-30 18:29:12,912][cbp1.py][line:185][INFO] Epoch:[111/300]	 Test acc=73.280
[2022-04-30 18:29:12,912][cbp1.py][line:191][INFO] Best Test acc=73.280
[2022-04-30 18:40:59,357][cbp1.py][line:180][INFO] Epoch:[112/300]	 loss=99.70979	 acc=99.534
[2022-04-30 18:41:33,464][cbp1.py][line:185][INFO] Epoch:[112/300]	 Test acc=71.840
[2022-04-30 18:41:33,464][cbp1.py][line:191][INFO] Best Test acc=73.280
[2022-04-30 18:53:20,095][cbp1.py][line:180][INFO] Epoch:[113/300]	 loss=100.81720	 acc=99.474
[2022-04-30 18:53:54,093][cbp1.py][line:185][INFO] Epoch:[113/300]	 Test acc=73.290
[2022-04-30 18:53:54,093][cbp1.py][line:191][INFO] Best Test acc=73.290
[2022-04-30 19:05:41,442][cbp1.py][line:180][INFO] Epoch:[114/300]	 loss=97.26577	 acc=99.578
[2022-04-30 19:06:15,517][cbp1.py][line:185][INFO] Epoch:[114/300]	 Test acc=73.580
[2022-04-30 19:06:15,517][cbp1.py][line:191][INFO] Best Test acc=73.580
[2022-04-30 19:18:03,011][cbp1.py][line:180][INFO] Epoch:[115/300]	 loss=96.37988	 acc=99.598
[2022-04-30 19:18:36,974][cbp1.py][line:185][INFO] Epoch:[115/300]	 Test acc=73.550
[2022-04-30 19:18:36,974][cbp1.py][line:191][INFO] Best Test acc=73.580
[2022-04-30 19:30:24,797][cbp1.py][line:180][INFO] Epoch:[116/300]	 loss=95.24374	 acc=99.622
[2022-04-30 19:30:58,785][cbp1.py][line:185][INFO] Epoch:[116/300]	 Test acc=73.470
[2022-04-30 19:30:58,785][cbp1.py][line:191][INFO] Best Test acc=73.580
[2022-04-30 19:42:47,465][cbp1.py][line:180][INFO] Epoch:[117/300]	 loss=94.24898	 acc=99.592
[2022-04-30 19:43:21,513][cbp1.py][line:185][INFO] Epoch:[117/300]	 Test acc=73.020
[2022-04-30 19:43:21,514][cbp1.py][line:191][INFO] Best Test acc=73.580
[2022-04-30 19:55:10,797][cbp1.py][line:180][INFO] Epoch:[118/300]	 loss=94.61414	 acc=99.612
[2022-04-30 19:55:44,737][cbp1.py][line:185][INFO] Epoch:[118/300]	 Test acc=72.870
[2022-04-30 19:55:44,737][cbp1.py][line:191][INFO] Best Test acc=73.580
[2022-04-30 20:07:35,304][cbp1.py][line:180][INFO] Epoch:[119/300]	 loss=93.17557	 acc=99.648
[2022-04-30 20:08:09,383][cbp1.py][line:185][INFO] Epoch:[119/300]	 Test acc=72.750
[2022-04-30 20:08:09,383][cbp1.py][line:191][INFO] Best Test acc=73.580
[2022-04-30 20:20:00,812][cbp1.py][line:180][INFO] Epoch:[120/300]	 loss=92.19074	 acc=99.642
[2022-04-30 20:20:34,856][cbp1.py][line:185][INFO] Epoch:[120/300]	 Test acc=73.080
[2022-04-30 20:20:34,856][cbp1.py][line:191][INFO] Best Test acc=73.580
[2022-04-30 20:32:27,419][cbp1.py][line:180][INFO] Epoch:[121/300]	 loss=91.17543	 acc=99.660
[2022-04-30 20:33:01,523][cbp1.py][line:185][INFO] Epoch:[121/300]	 Test acc=73.020
[2022-04-30 20:33:01,524][cbp1.py][line:191][INFO] Best Test acc=73.580
[2022-04-30 20:44:54,672][cbp1.py][line:180][INFO] Epoch:[122/300]	 loss=89.45907	 acc=99.724
[2022-04-30 20:45:28,770][cbp1.py][line:185][INFO] Epoch:[122/300]	 Test acc=73.550
[2022-04-30 20:45:28,770][cbp1.py][line:191][INFO] Best Test acc=73.580
[2022-04-30 20:57:23,033][cbp1.py][line:180][INFO] Epoch:[123/300]	 loss=89.49706	 acc=99.688
[2022-04-30 20:57:57,127][cbp1.py][line:185][INFO] Epoch:[123/300]	 Test acc=73.170
[2022-04-30 20:57:57,127][cbp1.py][line:191][INFO] Best Test acc=73.580
[2022-04-30 21:09:50,770][cbp1.py][line:180][INFO] Epoch:[124/300]	 loss=89.19562	 acc=99.698
[2022-04-30 21:10:25,033][cbp1.py][line:185][INFO] Epoch:[124/300]	 Test acc=73.210
[2022-04-30 21:10:25,033][cbp1.py][line:191][INFO] Best Test acc=73.580
[2022-04-30 21:22:20,132][cbp1.py][line:180][INFO] Epoch:[125/300]	 loss=87.68783	 acc=99.732
[2022-04-30 21:22:54,085][cbp1.py][line:185][INFO] Epoch:[125/300]	 Test acc=73.870
[2022-04-30 21:22:54,085][cbp1.py][line:191][INFO] Best Test acc=73.870
[2022-04-30 21:34:50,778][cbp1.py][line:180][INFO] Epoch:[126/300]	 loss=87.13709	 acc=99.740
[2022-04-30 21:35:24,524][cbp1.py][line:185][INFO] Epoch:[126/300]	 Test acc=72.680
[2022-04-30 21:35:24,524][cbp1.py][line:191][INFO] Best Test acc=73.870
[2022-04-30 21:47:21,102][cbp1.py][line:180][INFO] Epoch:[127/300]	 loss=87.15605	 acc=99.736
[2022-04-30 21:47:55,248][cbp1.py][line:185][INFO] Epoch:[127/300]	 Test acc=73.470
[2022-04-30 21:47:55,248][cbp1.py][line:191][INFO] Best Test acc=73.870
[2022-04-30 21:59:52,586][cbp1.py][line:180][INFO] Epoch:[128/300]	 loss=86.93583	 acc=99.690
[2022-04-30 22:00:26,561][cbp1.py][line:185][INFO] Epoch:[128/300]	 Test acc=72.790
[2022-04-30 22:00:26,561][cbp1.py][line:191][INFO] Best Test acc=73.870
[2022-04-30 22:12:26,603][cbp1.py][line:180][INFO] Epoch:[129/300]	 loss=86.13056	 acc=99.724
[2022-04-30 22:13:00,745][cbp1.py][line:185][INFO] Epoch:[129/300]	 Test acc=73.500
[2022-04-30 22:13:00,745][cbp1.py][line:191][INFO] Best Test acc=73.870
[2022-04-30 22:24:58,747][cbp1.py][line:180][INFO] Epoch:[130/300]	 loss=86.46920	 acc=99.750
[2022-04-30 22:25:32,645][cbp1.py][line:185][INFO] Epoch:[130/300]	 Test acc=73.440
[2022-04-30 22:25:32,646][cbp1.py][line:191][INFO] Best Test acc=73.870
[2022-04-30 22:37:33,534][cbp1.py][line:180][INFO] Epoch:[131/300]	 loss=83.42837	 acc=99.770
[2022-04-30 22:38:07,442][cbp1.py][line:185][INFO] Epoch:[131/300]	 Test acc=73.640
[2022-04-30 22:38:07,442][cbp1.py][line:191][INFO] Best Test acc=73.870
[2022-04-30 22:50:07,997][cbp1.py][line:180][INFO] Epoch:[132/300]	 loss=82.93964	 acc=99.796
[2022-04-30 22:50:41,945][cbp1.py][line:185][INFO] Epoch:[132/300]	 Test acc=73.520
[2022-04-30 22:50:41,945][cbp1.py][line:191][INFO] Best Test acc=73.870
[2022-04-30 23:02:44,224][cbp1.py][line:180][INFO] Epoch:[133/300]	 loss=82.44911	 acc=99.806
[2022-04-30 23:03:18,182][cbp1.py][line:185][INFO] Epoch:[133/300]	 Test acc=73.760
[2022-04-30 23:03:18,183][cbp1.py][line:191][INFO] Best Test acc=73.870
[2022-04-30 23:15:21,266][cbp1.py][line:180][INFO] Epoch:[134/300]	 loss=81.55144	 acc=99.790
[2022-04-30 23:15:55,465][cbp1.py][line:185][INFO] Epoch:[134/300]	 Test acc=73.000
[2022-04-30 23:15:55,466][cbp1.py][line:191][INFO] Best Test acc=73.870
[2022-04-30 23:28:00,086][cbp1.py][line:180][INFO] Epoch:[135/300]	 loss=81.08903	 acc=99.818
[2022-04-30 23:28:34,229][cbp1.py][line:185][INFO] Epoch:[135/300]	 Test acc=73.320
[2022-04-30 23:28:34,229][cbp1.py][line:191][INFO] Best Test acc=73.870
[2022-04-30 23:40:38,452][cbp1.py][line:180][INFO] Epoch:[136/300]	 loss=81.02917	 acc=99.810
[2022-04-30 23:41:12,775][cbp1.py][line:185][INFO] Epoch:[136/300]	 Test acc=73.640
[2022-04-30 23:41:12,776][cbp1.py][line:191][INFO] Best Test acc=73.870
[2022-04-30 23:53:17,828][cbp1.py][line:180][INFO] Epoch:[137/300]	 loss=80.45782	 acc=99.808
[2022-04-30 23:53:51,988][cbp1.py][line:185][INFO] Epoch:[137/300]	 Test acc=73.760
[2022-04-30 23:53:51,988][cbp1.py][line:191][INFO] Best Test acc=73.870
[2022-05-01 00:05:58,490][cbp1.py][line:180][INFO] Epoch:[138/300]	 loss=80.14128	 acc=99.830
[2022-05-01 00:06:32,572][cbp1.py][line:185][INFO] Epoch:[138/300]	 Test acc=73.770
[2022-05-01 00:06:32,572][cbp1.py][line:191][INFO] Best Test acc=73.870
[2022-05-01 00:18:39,406][cbp1.py][line:180][INFO] Epoch:[139/300]	 loss=80.16433	 acc=99.798
[2022-05-01 00:19:13,356][cbp1.py][line:185][INFO] Epoch:[139/300]	 Test acc=73.170
[2022-05-01 00:19:13,356][cbp1.py][line:191][INFO] Best Test acc=73.870
[2022-05-01 00:31:21,231][cbp1.py][line:180][INFO] Epoch:[140/300]	 loss=78.99468	 acc=99.800
[2022-05-01 00:31:55,252][cbp1.py][line:185][INFO] Epoch:[140/300]	 Test acc=73.170
[2022-05-01 00:31:55,252][cbp1.py][line:191][INFO] Best Test acc=73.870
[2022-05-01 00:44:03,591][cbp1.py][line:180][INFO] Epoch:[141/300]	 loss=77.07632	 acc=99.828
[2022-05-01 00:44:37,744][cbp1.py][line:185][INFO] Epoch:[141/300]	 Test acc=74.020
[2022-05-01 00:44:37,744][cbp1.py][line:191][INFO] Best Test acc=74.020
[2022-05-01 00:56:47,249][cbp1.py][line:180][INFO] Epoch:[142/300]	 loss=77.07936	 acc=99.834
[2022-05-01 00:57:21,407][cbp1.py][line:185][INFO] Epoch:[142/300]	 Test acc=73.710
[2022-05-01 00:57:21,408][cbp1.py][line:191][INFO] Best Test acc=74.020
[2022-05-01 01:09:32,181][cbp1.py][line:180][INFO] Epoch:[143/300]	 loss=76.77518	 acc=99.856
[2022-05-01 01:10:06,390][cbp1.py][line:185][INFO] Epoch:[143/300]	 Test acc=73.680
[2022-05-01 01:10:06,390][cbp1.py][line:191][INFO] Best Test acc=74.020
[2022-05-01 01:22:17,079][cbp1.py][line:180][INFO] Epoch:[144/300]	 loss=77.01592	 acc=99.844
[2022-05-01 01:22:50,953][cbp1.py][line:185][INFO] Epoch:[144/300]	 Test acc=73.680
[2022-05-01 01:22:50,953][cbp1.py][line:191][INFO] Best Test acc=74.020
[2022-05-01 01:35:02,313][cbp1.py][line:180][INFO] Epoch:[145/300]	 loss=76.04493	 acc=99.838
[2022-05-01 01:35:36,373][cbp1.py][line:185][INFO] Epoch:[145/300]	 Test acc=73.720
[2022-05-01 01:35:36,373][cbp1.py][line:191][INFO] Best Test acc=74.020
[2022-05-01 01:47:48,130][cbp1.py][line:180][INFO] Epoch:[146/300]	 loss=75.11140	 acc=99.882
[2022-05-01 01:48:22,142][cbp1.py][line:185][INFO] Epoch:[146/300]	 Test acc=73.830
[2022-05-01 01:48:22,142][cbp1.py][line:191][INFO] Best Test acc=74.020
[2022-05-01 02:00:34,564][cbp1.py][line:180][INFO] Epoch:[147/300]	 loss=74.95577	 acc=99.870
[2022-05-01 02:01:08,548][cbp1.py][line:185][INFO] Epoch:[147/300]	 Test acc=73.750
[2022-05-01 02:01:08,549][cbp1.py][line:191][INFO] Best Test acc=74.020
[2022-05-01 02:13:21,833][cbp1.py][line:180][INFO] Epoch:[148/300]	 loss=73.83941	 acc=99.870
[2022-05-01 02:13:55,964][cbp1.py][line:185][INFO] Epoch:[148/300]	 Test acc=74.070
[2022-05-01 02:13:55,965][cbp1.py][line:191][INFO] Best Test acc=74.070
[2022-05-01 02:26:08,717][cbp1.py][line:180][INFO] Epoch:[149/300]	 loss=73.54392	 acc=99.872
[2022-05-01 02:26:42,759][cbp1.py][line:185][INFO] Epoch:[149/300]	 Test acc=73.880
[2022-05-01 02:26:42,759][cbp1.py][line:191][INFO] Best Test acc=74.070
[2022-05-01 02:38:58,538][cbp1.py][line:180][INFO] Epoch:[150/300]	 loss=73.52197	 acc=99.876
[2022-05-01 02:39:32,444][cbp1.py][line:185][INFO] Epoch:[150/300]	 Test acc=73.630
[2022-05-01 02:39:32,444][cbp1.py][line:191][INFO] Best Test acc=74.070
[2022-05-01 02:51:48,491][cbp1.py][line:180][INFO] Epoch:[151/300]	 loss=72.73378	 acc=99.854
[2022-05-01 02:52:22,485][cbp1.py][line:185][INFO] Epoch:[151/300]	 Test acc=73.670
[2022-05-01 02:52:22,486][cbp1.py][line:191][INFO] Best Test acc=74.070
[2022-05-01 03:04:39,385][cbp1.py][line:180][INFO] Epoch:[152/300]	 loss=72.92615	 acc=99.858
[2022-05-01 03:05:13,307][cbp1.py][line:185][INFO] Epoch:[152/300]	 Test acc=73.970
[2022-05-01 03:05:13,308][cbp1.py][line:191][INFO] Best Test acc=74.070
[2022-05-01 03:17:30,773][cbp1.py][line:180][INFO] Epoch:[153/300]	 loss=72.03593	 acc=99.892
[2022-05-01 03:18:04,884][cbp1.py][line:185][INFO] Epoch:[153/300]	 Test acc=73.890
[2022-05-01 03:18:04,884][cbp1.py][line:191][INFO] Best Test acc=74.070
[2022-05-01 03:30:23,063][cbp1.py][line:180][INFO] Epoch:[154/300]	 loss=69.81387	 acc=99.904
[2022-05-01 03:30:57,063][cbp1.py][line:185][INFO] Epoch:[154/300]	 Test acc=74.310
[2022-05-01 03:30:57,063][cbp1.py][line:191][INFO] Best Test acc=74.310
[2022-05-01 03:43:16,267][cbp1.py][line:180][INFO] Epoch:[155/300]	 loss=70.35122	 acc=99.898
[2022-05-01 03:43:50,362][cbp1.py][line:185][INFO] Epoch:[155/300]	 Test acc=73.540
[2022-05-01 03:43:50,362][cbp1.py][line:191][INFO] Best Test acc=74.310
[2022-05-01 03:56:10,130][cbp1.py][line:180][INFO] Epoch:[156/300]	 loss=69.72776	 acc=99.886
[2022-05-01 03:56:43,960][cbp1.py][line:185][INFO] Epoch:[156/300]	 Test acc=73.890
[2022-05-01 03:56:43,961][cbp1.py][line:191][INFO] Best Test acc=74.310
[2022-05-01 04:09:03,864][cbp1.py][line:180][INFO] Epoch:[157/300]	 loss=69.42345	 acc=99.896
[2022-05-01 04:09:37,753][cbp1.py][line:185][INFO] Epoch:[157/300]	 Test acc=74.540
[2022-05-01 04:09:37,753][cbp1.py][line:191][INFO] Best Test acc=74.540
[2022-05-01 04:21:58,815][cbp1.py][line:180][INFO] Epoch:[158/300]	 loss=69.52014	 acc=99.904
[2022-05-01 04:22:32,889][cbp1.py][line:185][INFO] Epoch:[158/300]	 Test acc=74.260
[2022-05-01 04:22:32,889][cbp1.py][line:191][INFO] Best Test acc=74.540
[2022-05-01 04:34:55,093][cbp1.py][line:180][INFO] Epoch:[159/300]	 loss=68.54469	 acc=99.914
[2022-05-01 04:35:28,949][cbp1.py][line:185][INFO] Epoch:[159/300]	 Test acc=73.830
[2022-05-01 04:35:28,949][cbp1.py][line:191][INFO] Best Test acc=74.540
[2022-05-01 04:47:51,597][cbp1.py][line:180][INFO] Epoch:[160/300]	 loss=69.04834	 acc=99.896
[2022-05-01 04:48:25,691][cbp1.py][line:185][INFO] Epoch:[160/300]	 Test acc=73.950
[2022-05-01 04:48:25,691][cbp1.py][line:191][INFO] Best Test acc=74.540
[2022-05-01 05:00:48,568][cbp1.py][line:180][INFO] Epoch:[161/300]	 loss=67.75365	 acc=99.896
[2022-05-01 05:01:22,611][cbp1.py][line:185][INFO] Epoch:[161/300]	 Test acc=74.280
[2022-05-01 05:01:22,611][cbp1.py][line:191][INFO] Best Test acc=74.540
[2022-05-01 05:13:47,948][cbp1.py][line:180][INFO] Epoch:[162/300]	 loss=66.53591	 acc=99.944
[2022-05-01 05:14:22,027][cbp1.py][line:185][INFO] Epoch:[162/300]	 Test acc=74.470
[2022-05-01 05:14:22,028][cbp1.py][line:191][INFO] Best Test acc=74.540
[2022-05-01 05:26:46,952][cbp1.py][line:180][INFO] Epoch:[163/300]	 loss=66.23911	 acc=99.918
[2022-05-01 05:27:21,023][cbp1.py][line:185][INFO] Epoch:[163/300]	 Test acc=74.380
[2022-05-01 05:27:21,023][cbp1.py][line:191][INFO] Best Test acc=74.540
[2022-05-01 05:39:46,007][cbp1.py][line:180][INFO] Epoch:[164/300]	 loss=66.58476	 acc=99.912
[2022-05-01 05:40:19,999][cbp1.py][line:185][INFO] Epoch:[164/300]	 Test acc=73.790
[2022-05-01 05:40:19,999][cbp1.py][line:191][INFO] Best Test acc=74.540
[2022-05-01 05:52:47,113][cbp1.py][line:180][INFO] Epoch:[165/300]	 loss=65.55922	 acc=99.918
[2022-05-01 05:53:21,223][cbp1.py][line:185][INFO] Epoch:[165/300]	 Test acc=74.330
[2022-05-01 05:53:21,223][cbp1.py][line:191][INFO] Best Test acc=74.540
[2022-05-01 06:05:49,001][cbp1.py][line:180][INFO] Epoch:[166/300]	 loss=65.17939	 acc=99.904
[2022-05-01 06:06:23,041][cbp1.py][line:185][INFO] Epoch:[166/300]	 Test acc=74.390
[2022-05-01 06:06:23,041][cbp1.py][line:191][INFO] Best Test acc=74.540
[2022-05-01 06:18:50,892][cbp1.py][line:180][INFO] Epoch:[167/300]	 loss=64.81570	 acc=99.910
[2022-05-01 06:19:24,934][cbp1.py][line:185][INFO] Epoch:[167/300]	 Test acc=73.970
[2022-05-01 06:19:24,935][cbp1.py][line:191][INFO] Best Test acc=74.540
[2022-05-01 06:31:53,262][cbp1.py][line:180][INFO] Epoch:[168/300]	 loss=65.47911	 acc=99.924
[2022-05-01 06:32:27,166][cbp1.py][line:185][INFO] Epoch:[168/300]	 Test acc=74.490
[2022-05-01 06:32:27,166][cbp1.py][line:191][INFO] Best Test acc=74.540
[2022-05-01 06:44:56,568][cbp1.py][line:180][INFO] Epoch:[169/300]	 loss=64.56261	 acc=99.932
[2022-05-01 06:45:30,687][cbp1.py][line:185][INFO] Epoch:[169/300]	 Test acc=74.170
[2022-05-01 06:45:30,688][cbp1.py][line:191][INFO] Best Test acc=74.540
[2022-05-01 06:58:01,398][cbp1.py][line:180][INFO] Epoch:[170/300]	 loss=63.93163	 acc=99.926
[2022-05-01 06:58:35,438][cbp1.py][line:185][INFO] Epoch:[170/300]	 Test acc=74.240
[2022-05-01 06:58:35,438][cbp1.py][line:191][INFO] Best Test acc=74.540
[2022-05-01 07:11:06,229][cbp1.py][line:180][INFO] Epoch:[171/300]	 loss=63.40750	 acc=99.920
[2022-05-01 07:11:40,179][cbp1.py][line:185][INFO] Epoch:[171/300]	 Test acc=73.840
[2022-05-01 07:11:40,179][cbp1.py][line:191][INFO] Best Test acc=74.540
[2022-05-01 07:24:10,688][cbp1.py][line:180][INFO] Epoch:[172/300]	 loss=62.92835	 acc=99.934
[2022-05-01 07:24:44,754][cbp1.py][line:185][INFO] Epoch:[172/300]	 Test acc=74.320
[2022-05-01 07:24:44,755][cbp1.py][line:191][INFO] Best Test acc=74.540
[2022-05-01 07:37:16,430][cbp1.py][line:180][INFO] Epoch:[173/300]	 loss=62.89579	 acc=99.928
[2022-05-01 07:37:50,445][cbp1.py][line:185][INFO] Epoch:[173/300]	 Test acc=74.000
[2022-05-01 07:37:50,445][cbp1.py][line:191][INFO] Best Test acc=74.540
[2022-05-01 07:50:23,595][cbp1.py][line:180][INFO] Epoch:[174/300]	 loss=62.36495	 acc=99.914
[2022-05-01 07:50:57,670][cbp1.py][line:185][INFO] Epoch:[174/300]	 Test acc=74.220
[2022-05-01 07:50:57,670][cbp1.py][line:191][INFO] Best Test acc=74.540
[2022-05-01 08:03:31,637][cbp1.py][line:180][INFO] Epoch:[175/300]	 loss=62.05453	 acc=99.938
[2022-05-01 08:04:05,744][cbp1.py][line:185][INFO] Epoch:[175/300]	 Test acc=74.590
[2022-05-01 08:04:05,744][cbp1.py][line:191][INFO] Best Test acc=74.590
[2022-05-01 08:16:39,894][cbp1.py][line:180][INFO] Epoch:[176/300]	 loss=62.74484	 acc=99.918
[2022-05-01 08:17:13,932][cbp1.py][line:185][INFO] Epoch:[176/300]	 Test acc=74.370
[2022-05-01 08:17:13,932][cbp1.py][line:191][INFO] Best Test acc=74.590
[2022-05-01 08:29:48,860][cbp1.py][line:180][INFO] Epoch:[177/300]	 loss=61.28129	 acc=99.930
[2022-05-01 08:30:22,907][cbp1.py][line:185][INFO] Epoch:[177/300]	 Test acc=74.470
[2022-05-01 08:30:22,908][cbp1.py][line:191][INFO] Best Test acc=74.590
[2022-05-01 08:42:58,965][cbp1.py][line:180][INFO] Epoch:[178/300]	 loss=60.56129	 acc=99.932
[2022-05-01 08:43:33,079][cbp1.py][line:185][INFO] Epoch:[178/300]	 Test acc=74.100
[2022-05-01 08:43:33,079][cbp1.py][line:191][INFO] Best Test acc=74.590
[2022-05-01 08:56:10,056][cbp1.py][line:180][INFO] Epoch:[179/300]	 loss=60.05516	 acc=99.950
[2022-05-01 08:56:44,072][cbp1.py][line:185][INFO] Epoch:[179/300]	 Test acc=74.040
[2022-05-01 08:56:44,072][cbp1.py][line:191][INFO] Best Test acc=74.590
[2022-05-01 09:09:22,938][cbp1.py][line:180][INFO] Epoch:[180/300]	 loss=59.23973	 acc=99.944
[2022-05-01 09:09:56,995][cbp1.py][line:185][INFO] Epoch:[180/300]	 Test acc=74.450
[2022-05-01 09:09:56,995][cbp1.py][line:191][INFO] Best Test acc=74.590
[2022-05-01 09:22:35,849][cbp1.py][line:180][INFO] Epoch:[181/300]	 loss=59.77937	 acc=99.942
[2022-05-01 09:23:09,790][cbp1.py][line:185][INFO] Epoch:[181/300]	 Test acc=74.610
[2022-05-01 09:23:09,790][cbp1.py][line:191][INFO] Best Test acc=74.610
[2022-05-01 09:35:48,452][cbp1.py][line:180][INFO] Epoch:[182/300]	 loss=59.43631	 acc=99.942
[2022-05-01 09:36:22,525][cbp1.py][line:185][INFO] Epoch:[182/300]	 Test acc=74.520
[2022-05-01 09:36:22,525][cbp1.py][line:191][INFO] Best Test acc=74.610
[2022-05-01 09:49:02,986][cbp1.py][line:180][INFO] Epoch:[183/300]	 loss=58.35909	 acc=99.950
[2022-05-01 09:49:37,112][cbp1.py][line:185][INFO] Epoch:[183/300]	 Test acc=74.610
[2022-05-01 09:49:37,113][cbp1.py][line:191][INFO] Best Test acc=74.610
[2022-05-01 10:02:18,708][cbp1.py][line:180][INFO] Epoch:[184/300]	 loss=58.22463	 acc=99.968
[2022-05-01 10:02:52,841][cbp1.py][line:185][INFO] Epoch:[184/300]	 Test acc=74.660
[2022-05-01 10:02:52,841][cbp1.py][line:191][INFO] Best Test acc=74.660
[2022-05-01 10:15:35,410][cbp1.py][line:180][INFO] Epoch:[185/300]	 loss=58.05225	 acc=99.950
[2022-05-01 10:16:09,442][cbp1.py][line:185][INFO] Epoch:[185/300]	 Test acc=74.550
[2022-05-01 10:16:09,442][cbp1.py][line:191][INFO] Best Test acc=74.660
[2022-05-01 10:28:51,014][cbp1.py][line:180][INFO] Epoch:[186/300]	 loss=58.48942	 acc=99.948
[2022-05-01 10:29:25,098][cbp1.py][line:185][INFO] Epoch:[186/300]	 Test acc=74.530
[2022-05-01 10:29:25,098][cbp1.py][line:191][INFO] Best Test acc=74.660
[2022-05-01 10:42:09,576][cbp1.py][line:180][INFO] Epoch:[187/300]	 loss=58.06778	 acc=99.952
[2022-05-01 10:42:43,671][cbp1.py][line:185][INFO] Epoch:[187/300]	 Test acc=74.220
[2022-05-01 10:42:43,671][cbp1.py][line:191][INFO] Best Test acc=74.660
[2022-05-01 10:55:28,007][cbp1.py][line:180][INFO] Epoch:[188/300]	 loss=57.51224	 acc=99.950
[2022-05-01 10:56:02,051][cbp1.py][line:185][INFO] Epoch:[188/300]	 Test acc=74.670
[2022-05-01 10:56:02,051][cbp1.py][line:191][INFO] Best Test acc=74.670
[2022-05-01 11:08:47,202][cbp1.py][line:180][INFO] Epoch:[189/300]	 loss=57.50452	 acc=99.946
[2022-05-01 11:09:21,215][cbp1.py][line:185][INFO] Epoch:[189/300]	 Test acc=74.280
[2022-05-01 11:09:21,215][cbp1.py][line:191][INFO] Best Test acc=74.670
[2022-05-01 11:22:08,023][cbp1.py][line:180][INFO] Epoch:[190/300]	 loss=57.11346	 acc=99.952
[2022-05-01 11:22:42,061][cbp1.py][line:185][INFO] Epoch:[190/300]	 Test acc=74.600
[2022-05-01 11:22:42,062][cbp1.py][line:191][INFO] Best Test acc=74.670
[2022-05-01 11:35:28,329][cbp1.py][line:180][INFO] Epoch:[191/300]	 loss=56.80573	 acc=99.944
[2022-05-01 11:36:02,448][cbp1.py][line:185][INFO] Epoch:[191/300]	 Test acc=74.590
[2022-05-01 11:36:02,448][cbp1.py][line:191][INFO] Best Test acc=74.670
[2022-05-01 11:48:49,454][cbp1.py][line:180][INFO] Epoch:[192/300]	 loss=56.15358	 acc=99.954
[2022-05-01 11:49:23,580][cbp1.py][line:185][INFO] Epoch:[192/300]	 Test acc=74.430
[2022-05-01 11:49:23,580][cbp1.py][line:191][INFO] Best Test acc=74.670
[2022-05-01 12:02:11,594][cbp1.py][line:180][INFO] Epoch:[193/300]	 loss=55.74397	 acc=99.962
[2022-05-01 12:02:45,561][cbp1.py][line:185][INFO] Epoch:[193/300]	 Test acc=74.590
[2022-05-01 12:02:45,562][cbp1.py][line:191][INFO] Best Test acc=74.670
[2022-05-01 12:15:33,761][cbp1.py][line:180][INFO] Epoch:[194/300]	 loss=55.48559	 acc=99.954
[2022-05-01 12:16:07,765][cbp1.py][line:185][INFO] Epoch:[194/300]	 Test acc=74.740
[2022-05-01 12:16:07,766][cbp1.py][line:191][INFO] Best Test acc=74.740
[2022-05-01 12:28:58,175][cbp1.py][line:180][INFO] Epoch:[195/300]	 loss=54.68402	 acc=99.966
[2022-05-01 12:29:32,123][cbp1.py][line:185][INFO] Epoch:[195/300]	 Test acc=74.880
[2022-05-01 12:29:32,123][cbp1.py][line:191][INFO] Best Test acc=74.880
[2022-05-01 12:42:23,542][cbp1.py][line:180][INFO] Epoch:[196/300]	 loss=54.85308	 acc=99.964
[2022-05-01 12:42:57,672][cbp1.py][line:185][INFO] Epoch:[196/300]	 Test acc=74.520
[2022-05-01 12:42:57,672][cbp1.py][line:191][INFO] Best Test acc=74.880
[2022-05-01 12:55:49,107][cbp1.py][line:180][INFO] Epoch:[197/300]	 loss=54.92431	 acc=99.946
[2022-05-01 12:56:23,173][cbp1.py][line:185][INFO] Epoch:[197/300]	 Test acc=75.090
[2022-05-01 12:56:23,173][cbp1.py][line:191][INFO] Best Test acc=75.090
[2022-05-01 13:09:17,100][cbp1.py][line:180][INFO] Epoch:[198/300]	 loss=54.26007	 acc=99.954
[2022-05-01 13:09:51,068][cbp1.py][line:185][INFO] Epoch:[198/300]	 Test acc=74.970
[2022-05-01 13:09:51,069][cbp1.py][line:191][INFO] Best Test acc=75.090
[2022-05-01 13:22:44,541][cbp1.py][line:180][INFO] Epoch:[199/300]	 loss=54.48662	 acc=99.942
[2022-05-01 13:23:18,589][cbp1.py][line:185][INFO] Epoch:[199/300]	 Test acc=74.640
[2022-05-01 13:23:18,589][cbp1.py][line:191][INFO] Best Test acc=75.090
[2022-05-01 13:36:12,668][cbp1.py][line:180][INFO] Epoch:[200/300]	 loss=53.49855	 acc=99.966
[2022-05-01 13:36:46,630][cbp1.py][line:185][INFO] Epoch:[200/300]	 Test acc=74.620
[2022-05-01 13:36:46,630][cbp1.py][line:191][INFO] Best Test acc=75.090
[2022-05-01 13:49:42,389][cbp1.py][line:180][INFO] Epoch:[201/300]	 loss=53.59874	 acc=99.958
[2022-05-01 13:50:16,342][cbp1.py][line:185][INFO] Epoch:[201/300]	 Test acc=74.960
[2022-05-01 13:50:16,342][cbp1.py][line:191][INFO] Best Test acc=75.090
[2022-05-01 14:03:12,266][cbp1.py][line:180][INFO] Epoch:[202/300]	 loss=52.95348	 acc=99.966
[2022-05-01 14:03:46,236][cbp1.py][line:185][INFO] Epoch:[202/300]	 Test acc=75.010
[2022-05-01 14:03:46,236][cbp1.py][line:191][INFO] Best Test acc=75.090
[2022-05-01 14:16:44,368][cbp1.py][line:180][INFO] Epoch:[203/300]	 loss=52.92620	 acc=99.958
[2022-05-01 14:17:18,475][cbp1.py][line:185][INFO] Epoch:[203/300]	 Test acc=74.660
[2022-05-01 14:17:18,475][cbp1.py][line:191][INFO] Best Test acc=75.090
[2022-05-01 14:30:16,016][cbp1.py][line:180][INFO] Epoch:[204/300]	 loss=52.57713	 acc=99.964
[2022-05-01 14:30:50,128][cbp1.py][line:185][INFO] Epoch:[204/300]	 Test acc=74.920
[2022-05-01 14:30:50,128][cbp1.py][line:191][INFO] Best Test acc=75.090
[2022-05-01 14:43:51,568][cbp1.py][line:180][INFO] Epoch:[205/300]	 loss=52.70987	 acc=99.968
[2022-05-01 14:44:25,724][cbp1.py][line:185][INFO] Epoch:[205/300]	 Test acc=74.670
[2022-05-01 14:44:25,724][cbp1.py][line:191][INFO] Best Test acc=75.090
[2022-05-01 14:57:25,118][cbp1.py][line:180][INFO] Epoch:[206/300]	 loss=52.08586	 acc=99.960
[2022-05-01 14:57:59,218][cbp1.py][line:185][INFO] Epoch:[206/300]	 Test acc=74.770
[2022-05-01 14:57:59,219][cbp1.py][line:191][INFO] Best Test acc=75.090
[2022-05-01 15:10:59,192][cbp1.py][line:180][INFO] Epoch:[207/300]	 loss=51.84613	 acc=99.970
[2022-05-01 15:11:33,285][cbp1.py][line:185][INFO] Epoch:[207/300]	 Test acc=74.820
[2022-05-01 15:11:33,285][cbp1.py][line:191][INFO] Best Test acc=75.090
[2022-05-01 15:24:35,451][cbp1.py][line:180][INFO] Epoch:[208/300]	 loss=51.84112	 acc=99.968
[2022-05-01 15:25:09,508][cbp1.py][line:185][INFO] Epoch:[208/300]	 Test acc=74.950
[2022-05-01 15:25:09,508][cbp1.py][line:191][INFO] Best Test acc=75.090
[2022-05-01 15:38:10,052][cbp1.py][line:180][INFO] Epoch:[209/300]	 loss=51.57476	 acc=99.964
[2022-05-01 15:38:44,158][cbp1.py][line:185][INFO] Epoch:[209/300]	 Test acc=74.810
[2022-05-01 15:38:44,158][cbp1.py][line:191][INFO] Best Test acc=75.090
[2022-05-01 15:51:46,668][cbp1.py][line:180][INFO] Epoch:[210/300]	 loss=51.08292	 acc=99.972
[2022-05-01 15:52:20,828][cbp1.py][line:185][INFO] Epoch:[210/300]	 Test acc=74.590
[2022-05-01 15:52:20,828][cbp1.py][line:191][INFO] Best Test acc=75.090
[2022-05-01 16:05:23,427][cbp1.py][line:180][INFO] Epoch:[211/300]	 loss=50.90298	 acc=99.968
[2022-05-01 16:05:57,423][cbp1.py][line:185][INFO] Epoch:[211/300]	 Test acc=74.500
[2022-05-01 16:05:57,423][cbp1.py][line:191][INFO] Best Test acc=75.090
[2022-05-01 16:19:01,887][cbp1.py][line:180][INFO] Epoch:[212/300]	 loss=50.91822	 acc=99.968
[2022-05-01 16:19:35,993][cbp1.py][line:185][INFO] Epoch:[212/300]	 Test acc=74.990
[2022-05-01 16:19:35,994][cbp1.py][line:191][INFO] Best Test acc=75.090
[2022-05-01 16:32:41,126][cbp1.py][line:180][INFO] Epoch:[213/300]	 loss=50.61190	 acc=99.962
[2022-05-01 16:33:15,169][cbp1.py][line:185][INFO] Epoch:[213/300]	 Test acc=75.230
[2022-05-01 16:33:15,170][cbp1.py][line:191][INFO] Best Test acc=75.230
[2022-05-01 16:46:21,424][cbp1.py][line:180][INFO] Epoch:[214/300]	 loss=50.48790	 acc=99.976
[2022-05-01 16:46:55,552][cbp1.py][line:185][INFO] Epoch:[214/300]	 Test acc=74.720
[2022-05-01 16:46:55,553][cbp1.py][line:191][INFO] Best Test acc=75.230
[2022-05-01 17:00:02,748][cbp1.py][line:180][INFO] Epoch:[215/300]	 loss=49.95418	 acc=99.970
[2022-05-01 17:00:36,823][cbp1.py][line:185][INFO] Epoch:[215/300]	 Test acc=75.010
[2022-05-01 17:00:36,823][cbp1.py][line:191][INFO] Best Test acc=75.230
[2022-05-01 17:13:44,750][cbp1.py][line:180][INFO] Epoch:[216/300]	 loss=49.99747	 acc=99.980
[2022-05-01 17:14:18,821][cbp1.py][line:185][INFO] Epoch:[216/300]	 Test acc=75.110
[2022-05-01 17:14:18,821][cbp1.py][line:191][INFO] Best Test acc=75.230
[2022-05-01 17:27:26,863][cbp1.py][line:180][INFO] Epoch:[217/300]	 loss=49.93186	 acc=99.962
[2022-05-01 17:28:00,943][cbp1.py][line:185][INFO] Epoch:[217/300]	 Test acc=75.270
[2022-05-01 17:28:00,943][cbp1.py][line:191][INFO] Best Test acc=75.270
[2022-05-01 17:41:10,015][cbp1.py][line:180][INFO] Epoch:[218/300]	 loss=49.37419	 acc=99.966
[2022-05-01 17:41:44,236][cbp1.py][line:185][INFO] Epoch:[218/300]	 Test acc=75.020
[2022-05-01 17:41:44,236][cbp1.py][line:191][INFO] Best Test acc=75.270
[2022-05-01 17:54:54,522][cbp1.py][line:180][INFO] Epoch:[219/300]	 loss=49.37246	 acc=99.966
[2022-05-01 17:55:28,658][cbp1.py][line:185][INFO] Epoch:[219/300]	 Test acc=74.560
[2022-05-01 17:55:28,658][cbp1.py][line:191][INFO] Best Test acc=75.270
[2022-05-01 18:08:38,401][cbp1.py][line:180][INFO] Epoch:[220/300]	 loss=49.09655	 acc=99.968
[2022-05-01 18:09:12,430][cbp1.py][line:185][INFO] Epoch:[220/300]	 Test acc=74.950
[2022-05-01 18:09:12,430][cbp1.py][line:191][INFO] Best Test acc=75.270
[2022-05-01 18:22:25,036][cbp1.py][line:180][INFO] Epoch:[221/300]	 loss=48.60522	 acc=99.970
[2022-05-01 18:22:59,189][cbp1.py][line:185][INFO] Epoch:[221/300]	 Test acc=74.830
[2022-05-01 18:22:59,190][cbp1.py][line:191][INFO] Best Test acc=75.270
[2022-05-01 18:36:12,817][cbp1.py][line:180][INFO] Epoch:[222/300]	 loss=48.59102	 acc=99.968
[2022-05-01 18:36:46,913][cbp1.py][line:185][INFO] Epoch:[222/300]	 Test acc=74.940
[2022-05-01 18:36:46,914][cbp1.py][line:191][INFO] Best Test acc=75.270
[2022-05-01 18:50:00,658][cbp1.py][line:180][INFO] Epoch:[223/300]	 loss=48.39451	 acc=99.968
[2022-05-01 18:50:34,783][cbp1.py][line:185][INFO] Epoch:[223/300]	 Test acc=75.490
[2022-05-01 18:50:34,783][cbp1.py][line:191][INFO] Best Test acc=75.490
[2022-05-01 19:03:48,998][cbp1.py][line:180][INFO] Epoch:[224/300]	 loss=48.22438	 acc=99.974
[2022-05-01 19:04:23,018][cbp1.py][line:185][INFO] Epoch:[224/300]	 Test acc=74.910
[2022-05-01 19:04:23,019][cbp1.py][line:191][INFO] Best Test acc=75.490
[2022-05-01 19:17:37,571][cbp1.py][line:180][INFO] Epoch:[225/300]	 loss=47.90858	 acc=99.968
[2022-05-01 19:18:11,646][cbp1.py][line:185][INFO] Epoch:[225/300]	 Test acc=75.250
[2022-05-01 19:18:11,646][cbp1.py][line:191][INFO] Best Test acc=75.490
[2022-05-01 19:31:28,772][cbp1.py][line:180][INFO] Epoch:[226/300]	 loss=47.77546	 acc=99.972
[2022-05-01 19:32:02,878][cbp1.py][line:185][INFO] Epoch:[226/300]	 Test acc=75.440
[2022-05-01 19:32:02,878][cbp1.py][line:191][INFO] Best Test acc=75.490
[2022-05-01 19:45:20,107][cbp1.py][line:180][INFO] Epoch:[227/300]	 loss=47.60935	 acc=99.974
[2022-05-01 19:45:54,182][cbp1.py][line:185][INFO] Epoch:[227/300]	 Test acc=75.630
[2022-05-01 19:45:54,182][cbp1.py][line:191][INFO] Best Test acc=75.630
[2022-05-01 19:59:11,025][cbp1.py][line:180][INFO] Epoch:[228/300]	 loss=47.37104	 acc=99.976
[2022-05-01 19:59:45,072][cbp1.py][line:185][INFO] Epoch:[228/300]	 Test acc=75.430
[2022-05-01 19:59:45,073][cbp1.py][line:191][INFO] Best Test acc=75.630
[2022-05-01 20:13:03,978][cbp1.py][line:180][INFO] Epoch:[229/300]	 loss=47.21637	 acc=99.978
[2022-05-01 20:13:38,181][cbp1.py][line:185][INFO] Epoch:[229/300]	 Test acc=75.270
[2022-05-01 20:13:38,182][cbp1.py][line:191][INFO] Best Test acc=75.630
[2022-05-01 20:26:56,907][cbp1.py][line:180][INFO] Epoch:[230/300]	 loss=47.15125	 acc=99.976
[2022-05-01 20:27:31,065][cbp1.py][line:185][INFO] Epoch:[230/300]	 Test acc=74.850
[2022-05-01 20:27:31,065][cbp1.py][line:191][INFO] Best Test acc=75.630
[2022-05-01 20:40:52,542][cbp1.py][line:180][INFO] Epoch:[231/300]	 loss=47.03648	 acc=99.976
[2022-05-01 20:41:26,578][cbp1.py][line:185][INFO] Epoch:[231/300]	 Test acc=75.370
[2022-05-01 20:41:26,578][cbp1.py][line:191][INFO] Best Test acc=75.630
[2022-05-01 20:54:48,741][cbp1.py][line:180][INFO] Epoch:[232/300]	 loss=46.77242	 acc=99.976
[2022-05-01 20:55:22,808][cbp1.py][line:185][INFO] Epoch:[232/300]	 Test acc=75.270
[2022-05-01 20:55:22,809][cbp1.py][line:191][INFO] Best Test acc=75.630
[2022-05-01 21:08:43,686][cbp1.py][line:180][INFO] Epoch:[233/300]	 loss=46.53231	 acc=99.966
[2022-05-01 21:09:17,825][cbp1.py][line:185][INFO] Epoch:[233/300]	 Test acc=75.440
[2022-05-01 21:09:17,825][cbp1.py][line:191][INFO] Best Test acc=75.630
[2022-05-01 21:22:39,897][cbp1.py][line:180][INFO] Epoch:[234/300]	 loss=46.53244	 acc=99.972
[2022-05-01 21:23:13,923][cbp1.py][line:185][INFO] Epoch:[234/300]	 Test acc=75.260
[2022-05-01 21:23:13,923][cbp1.py][line:191][INFO] Best Test acc=75.630
[2022-05-01 21:36:37,725][cbp1.py][line:180][INFO] Epoch:[235/300]	 loss=46.39055	 acc=99.970
[2022-05-01 21:37:11,790][cbp1.py][line:185][INFO] Epoch:[235/300]	 Test acc=75.140
[2022-05-01 21:37:11,790][cbp1.py][line:191][INFO] Best Test acc=75.630
[2022-05-01 21:50:35,285][cbp1.py][line:180][INFO] Epoch:[236/300]	 loss=46.20849	 acc=99.978
[2022-05-01 21:51:09,477][cbp1.py][line:185][INFO] Epoch:[236/300]	 Test acc=75.180
[2022-05-01 21:51:09,477][cbp1.py][line:191][INFO] Best Test acc=75.630
[2022-05-01 22:04:33,437][cbp1.py][line:180][INFO] Epoch:[237/300]	 loss=45.88557	 acc=99.982
[2022-05-01 22:05:07,588][cbp1.py][line:185][INFO] Epoch:[237/300]	 Test acc=75.160
[2022-05-01 22:05:07,588][cbp1.py][line:191][INFO] Best Test acc=75.630
[2022-05-01 22:18:32,855][cbp1.py][line:180][INFO] Epoch:[238/300]	 loss=46.22812	 acc=99.978
[2022-05-01 22:19:06,965][cbp1.py][line:185][INFO] Epoch:[238/300]	 Test acc=75.630
[2022-05-01 22:19:06,966][cbp1.py][line:191][INFO] Best Test acc=75.630
[2022-05-01 22:32:32,937][cbp1.py][line:180][INFO] Epoch:[239/300]	 loss=45.79624	 acc=99.964
[2022-05-01 22:33:06,996][cbp1.py][line:185][INFO] Epoch:[239/300]	 Test acc=74.740
[2022-05-01 22:33:06,996][cbp1.py][line:191][INFO] Best Test acc=75.630
[2022-05-01 22:46:33,819][cbp1.py][line:180][INFO] Epoch:[240/300]	 loss=45.56890	 acc=99.980
[2022-05-01 22:47:08,009][cbp1.py][line:185][INFO] Epoch:[240/300]	 Test acc=75.250
[2022-05-01 22:47:08,009][cbp1.py][line:191][INFO] Best Test acc=75.630
[2022-05-01 23:00:35,080][cbp1.py][line:180][INFO] Epoch:[241/300]	 loss=45.60916	 acc=99.968
[2022-05-01 23:01:09,191][cbp1.py][line:185][INFO] Epoch:[241/300]	 Test acc=75.310
[2022-05-01 23:01:09,191][cbp1.py][line:191][INFO] Best Test acc=75.630
[2022-05-01 23:14:37,719][cbp1.py][line:180][INFO] Epoch:[242/300]	 loss=45.31202	 acc=99.974
[2022-05-01 23:15:11,952][cbp1.py][line:185][INFO] Epoch:[242/300]	 Test acc=75.530
[2022-05-01 23:15:11,953][cbp1.py][line:191][INFO] Best Test acc=75.630
[2022-05-01 23:28:40,521][cbp1.py][line:180][INFO] Epoch:[243/300]	 loss=45.44102	 acc=99.974
[2022-05-01 23:29:14,580][cbp1.py][line:185][INFO] Epoch:[243/300]	 Test acc=75.320
[2022-05-01 23:29:14,581][cbp1.py][line:191][INFO] Best Test acc=75.630
[2022-05-01 23:42:43,886][cbp1.py][line:180][INFO] Epoch:[244/300]	 loss=45.39835	 acc=99.974
[2022-05-01 23:43:18,116][cbp1.py][line:185][INFO] Epoch:[244/300]	 Test acc=75.390
[2022-05-01 23:43:18,117][cbp1.py][line:191][INFO] Best Test acc=75.630
[2022-05-01 23:56:48,706][cbp1.py][line:180][INFO] Epoch:[245/300]	 loss=45.21472	 acc=99.976
[2022-05-01 23:57:22,813][cbp1.py][line:185][INFO] Epoch:[245/300]	 Test acc=75.500
[2022-05-01 23:57:22,813][cbp1.py][line:191][INFO] Best Test acc=75.630
[2022-05-02 00:10:55,121][cbp1.py][line:180][INFO] Epoch:[246/300]	 loss=44.99655	 acc=99.968
[2022-05-02 00:11:29,410][cbp1.py][line:185][INFO] Epoch:[246/300]	 Test acc=75.450
[2022-05-02 00:11:29,410][cbp1.py][line:191][INFO] Best Test acc=75.630
[2022-05-02 00:25:01,075][cbp1.py][line:180][INFO] Epoch:[247/300]	 loss=44.67594	 acc=99.978
[2022-05-02 00:25:35,178][cbp1.py][line:185][INFO] Epoch:[247/300]	 Test acc=75.200
[2022-05-02 00:25:35,178][cbp1.py][line:191][INFO] Best Test acc=75.630
[2022-05-02 00:39:10,330][cbp1.py][line:180][INFO] Epoch:[248/300]	 loss=44.75385	 acc=99.964
[2022-05-02 00:39:44,393][cbp1.py][line:185][INFO] Epoch:[248/300]	 Test acc=75.230
[2022-05-02 00:39:44,393][cbp1.py][line:191][INFO] Best Test acc=75.630
[2022-05-02 00:53:18,784][cbp1.py][line:180][INFO] Epoch:[249/300]	 loss=44.54683	 acc=99.976
[2022-05-02 00:53:52,908][cbp1.py][line:185][INFO] Epoch:[249/300]	 Test acc=75.230
[2022-05-02 00:53:52,908][cbp1.py][line:191][INFO] Best Test acc=75.630
[2022-05-02 01:07:26,930][cbp1.py][line:180][INFO] Epoch:[250/300]	 loss=44.44776	 acc=99.980
[2022-05-02 01:08:01,008][cbp1.py][line:185][INFO] Epoch:[250/300]	 Test acc=75.370
[2022-05-02 01:08:01,008][cbp1.py][line:191][INFO] Best Test acc=75.630
[2022-05-02 01:21:35,808][cbp1.py][line:180][INFO] Epoch:[251/300]	 loss=44.24462	 acc=99.976
[2022-05-02 01:22:09,882][cbp1.py][line:185][INFO] Epoch:[251/300]	 Test acc=75.650
[2022-05-02 01:22:09,882][cbp1.py][line:191][INFO] Best Test acc=75.650
[2022-05-02 01:35:45,796][cbp1.py][line:180][INFO] Epoch:[252/300]	 loss=43.93512	 acc=99.976
[2022-05-02 01:36:19,805][cbp1.py][line:185][INFO] Epoch:[252/300]	 Test acc=75.890
[2022-05-02 01:36:19,806][cbp1.py][line:191][INFO] Best Test acc=75.890
[2022-05-02 01:49:56,329][cbp1.py][line:180][INFO] Epoch:[253/300]	 loss=44.15472	 acc=99.978
[2022-05-02 01:50:30,470][cbp1.py][line:185][INFO] Epoch:[253/300]	 Test acc=75.360
[2022-05-02 01:50:30,471][cbp1.py][line:191][INFO] Best Test acc=75.890
[2022-05-02 02:04:07,591][cbp1.py][line:180][INFO] Epoch:[254/300]	 loss=44.02347	 acc=99.976
[2022-05-02 02:04:41,625][cbp1.py][line:185][INFO] Epoch:[254/300]	 Test acc=75.050
[2022-05-02 02:04:41,625][cbp1.py][line:191][INFO] Best Test acc=75.890
[2022-05-02 02:18:19,394][cbp1.py][line:180][INFO] Epoch:[255/300]	 loss=43.83432	 acc=99.976
[2022-05-02 02:18:53,651][cbp1.py][line:185][INFO] Epoch:[255/300]	 Test acc=75.520
[2022-05-02 02:18:53,651][cbp1.py][line:191][INFO] Best Test acc=75.890
[2022-05-02 02:32:31,703][cbp1.py][line:180][INFO] Epoch:[256/300]	 loss=43.92768	 acc=99.978
[2022-05-02 02:33:05,737][cbp1.py][line:185][INFO] Epoch:[256/300]	 Test acc=75.420
[2022-05-02 02:33:05,737][cbp1.py][line:191][INFO] Best Test acc=75.890
[2022-05-02 02:46:45,368][cbp1.py][line:180][INFO] Epoch:[257/300]	 loss=43.80338	 acc=99.966
[2022-05-02 02:47:19,529][cbp1.py][line:185][INFO] Epoch:[257/300]	 Test acc=75.460
[2022-05-02 02:47:19,529][cbp1.py][line:191][INFO] Best Test acc=75.890
[2022-05-02 03:00:59,961][cbp1.py][line:180][INFO] Epoch:[258/300]	 loss=43.59789	 acc=99.974
[2022-05-02 03:01:34,021][cbp1.py][line:185][INFO] Epoch:[258/300]	 Test acc=75.260
[2022-05-02 03:01:34,021][cbp1.py][line:191][INFO] Best Test acc=75.890
[2022-05-02 03:15:14,997][cbp1.py][line:180][INFO] Epoch:[259/300]	 loss=43.69747	 acc=99.972
[2022-05-02 03:15:49,144][cbp1.py][line:185][INFO] Epoch:[259/300]	 Test acc=75.240
[2022-05-02 03:15:49,145][cbp1.py][line:191][INFO] Best Test acc=75.890
[2022-05-02 03:29:30,314][cbp1.py][line:180][INFO] Epoch:[260/300]	 loss=43.85004	 acc=99.974
[2022-05-02 03:30:04,474][cbp1.py][line:185][INFO] Epoch:[260/300]	 Test acc=75.440
[2022-05-02 03:30:04,474][cbp1.py][line:191][INFO] Best Test acc=75.890
[2022-05-02 03:43:47,407][cbp1.py][line:180][INFO] Epoch:[261/300]	 loss=43.67712	 acc=99.978
[2022-05-02 03:44:21,688][cbp1.py][line:185][INFO] Epoch:[261/300]	 Test acc=75.330
[2022-05-02 03:44:21,689][cbp1.py][line:191][INFO] Best Test acc=75.890
[2022-05-02 03:58:04,653][cbp1.py][line:180][INFO] Epoch:[262/300]	 loss=43.59268	 acc=99.966
[2022-05-02 03:58:38,876][cbp1.py][line:185][INFO] Epoch:[262/300]	 Test acc=75.380
[2022-05-02 03:58:38,876][cbp1.py][line:191][INFO] Best Test acc=75.890
[2022-05-02 04:12:24,163][cbp1.py][line:180][INFO] Epoch:[263/300]	 loss=43.26456	 acc=99.972
[2022-05-02 04:12:58,546][cbp1.py][line:185][INFO] Epoch:[263/300]	 Test acc=75.610
[2022-05-02 04:12:58,547][cbp1.py][line:191][INFO] Best Test acc=75.890
[2022-05-02 04:26:42,921][cbp1.py][line:180][INFO] Epoch:[264/300]	 loss=43.12300	 acc=99.982
[2022-05-02 04:27:17,047][cbp1.py][line:185][INFO] Epoch:[264/300]	 Test acc=75.400
[2022-05-02 04:27:17,047][cbp1.py][line:191][INFO] Best Test acc=75.890
[2022-05-02 04:41:03,647][cbp1.py][line:180][INFO] Epoch:[265/300]	 loss=43.21663	 acc=99.982
[2022-05-02 04:41:38,021][cbp1.py][line:185][INFO] Epoch:[265/300]	 Test acc=75.660
[2022-05-02 04:41:38,022][cbp1.py][line:191][INFO] Best Test acc=75.890
[2022-05-02 04:55:23,430][cbp1.py][line:180][INFO] Epoch:[266/300]	 loss=43.03933	 acc=99.974
[2022-05-02 04:55:57,539][cbp1.py][line:185][INFO] Epoch:[266/300]	 Test acc=75.530
[2022-05-02 04:55:57,539][cbp1.py][line:191][INFO] Best Test acc=75.890
[2022-05-02 05:09:45,159][cbp1.py][line:180][INFO] Epoch:[267/300]	 loss=42.91054	 acc=99.980
[2022-05-02 05:10:19,266][cbp1.py][line:185][INFO] Epoch:[267/300]	 Test acc=75.500
[2022-05-02 05:10:19,266][cbp1.py][line:191][INFO] Best Test acc=75.890
[2022-05-02 05:24:05,952][cbp1.py][line:180][INFO] Epoch:[268/300]	 loss=43.02806	 acc=99.976
[2022-05-02 05:24:40,210][cbp1.py][line:185][INFO] Epoch:[268/300]	 Test acc=75.350
[2022-05-02 05:24:40,210][cbp1.py][line:191][INFO] Best Test acc=75.890
[2022-05-02 05:38:28,172][cbp1.py][line:180][INFO] Epoch:[269/300]	 loss=42.89041	 acc=99.974
[2022-05-02 05:39:02,232][cbp1.py][line:185][INFO] Epoch:[269/300]	 Test acc=75.300
[2022-05-02 05:39:02,233][cbp1.py][line:191][INFO] Best Test acc=75.890
[2022-05-02 05:52:51,034][cbp1.py][line:180][INFO] Epoch:[270/300]	 loss=42.68403	 acc=99.974
[2022-05-02 05:53:25,236][cbp1.py][line:185][INFO] Epoch:[270/300]	 Test acc=75.570
[2022-05-02 05:53:25,236][cbp1.py][line:191][INFO] Best Test acc=75.890
[2022-05-02 06:07:14,748][cbp1.py][line:180][INFO] Epoch:[271/300]	 loss=42.91927	 acc=99.982
[2022-05-02 06:07:48,865][cbp1.py][line:185][INFO] Epoch:[271/300]	 Test acc=75.760
[2022-05-02 06:07:48,865][cbp1.py][line:191][INFO] Best Test acc=75.890
[2022-05-02 06:21:40,685][cbp1.py][line:180][INFO] Epoch:[272/300]	 loss=42.57078	 acc=99.976
[2022-05-02 06:22:14,917][cbp1.py][line:185][INFO] Epoch:[272/300]	 Test acc=75.520
[2022-05-02 06:22:14,918][cbp1.py][line:191][INFO] Best Test acc=75.890
[2022-05-02 06:36:06,786][cbp1.py][line:180][INFO] Epoch:[273/300]	 loss=42.60827	 acc=99.974
[2022-05-02 06:36:40,892][cbp1.py][line:185][INFO] Epoch:[273/300]	 Test acc=75.540
[2022-05-02 06:36:40,893][cbp1.py][line:191][INFO] Best Test acc=75.890
[2022-05-02 06:50:32,476][cbp1.py][line:180][INFO] Epoch:[274/300]	 loss=42.59569	 acc=99.970
[2022-05-02 06:51:06,623][cbp1.py][line:185][INFO] Epoch:[274/300]	 Test acc=75.280
[2022-05-02 06:51:06,623][cbp1.py][line:191][INFO] Best Test acc=75.890
[2022-05-02 07:04:59,471][cbp1.py][line:180][INFO] Epoch:[275/300]	 loss=42.63646	 acc=99.976
[2022-05-02 07:05:33,582][cbp1.py][line:185][INFO] Epoch:[275/300]	 Test acc=75.450
[2022-05-02 07:05:33,583][cbp1.py][line:191][INFO] Best Test acc=75.890
[2022-05-02 07:19:27,359][cbp1.py][line:180][INFO] Epoch:[276/300]	 loss=42.65048	 acc=99.972
[2022-05-02 07:20:01,505][cbp1.py][line:185][INFO] Epoch:[276/300]	 Test acc=75.390
[2022-05-02 07:20:01,505][cbp1.py][line:191][INFO] Best Test acc=75.890
[2022-05-02 07:33:56,710][cbp1.py][line:180][INFO] Epoch:[277/300]	 loss=42.38084	 acc=99.978
[2022-05-02 07:34:30,882][cbp1.py][line:185][INFO] Epoch:[277/300]	 Test acc=75.370
[2022-05-02 07:34:30,883][cbp1.py][line:191][INFO] Best Test acc=75.890
[2022-05-02 07:48:27,584][cbp1.py][line:180][INFO] Epoch:[278/300]	 loss=42.50686	 acc=99.980
[2022-05-02 07:49:01,826][cbp1.py][line:185][INFO] Epoch:[278/300]	 Test acc=75.030
[2022-05-02 07:49:01,826][cbp1.py][line:191][INFO] Best Test acc=75.890
[2022-05-02 08:02:57,863][cbp1.py][line:180][INFO] Epoch:[279/300]	 loss=42.32176	 acc=99.982
[2022-05-02 08:03:31,950][cbp1.py][line:185][INFO] Epoch:[279/300]	 Test acc=75.320
[2022-05-02 08:03:31,950][cbp1.py][line:191][INFO] Best Test acc=75.890
[2022-05-02 08:17:28,967][cbp1.py][line:180][INFO] Epoch:[280/300]	 loss=42.30064	 acc=99.974
[2022-05-02 08:18:03,123][cbp1.py][line:185][INFO] Epoch:[280/300]	 Test acc=75.330
[2022-05-02 08:18:03,124][cbp1.py][line:191][INFO] Best Test acc=75.890
[2022-05-02 08:32:00,630][cbp1.py][line:180][INFO] Epoch:[281/300]	 loss=42.37324	 acc=99.982
[2022-05-02 08:32:34,863][cbp1.py][line:185][INFO] Epoch:[281/300]	 Test acc=75.270
[2022-05-02 08:32:34,863][cbp1.py][line:191][INFO] Best Test acc=75.890
[2022-05-02 08:46:33,615][cbp1.py][line:180][INFO] Epoch:[282/300]	 loss=42.42120	 acc=99.978
[2022-05-02 08:47:07,860][cbp1.py][line:185][INFO] Epoch:[282/300]	 Test acc=75.400
[2022-05-02 08:47:07,860][cbp1.py][line:191][INFO] Best Test acc=75.890
[2022-05-02 09:01:06,513][cbp1.py][line:180][INFO] Epoch:[283/300]	 loss=42.25163	 acc=99.978
[2022-05-02 09:01:40,666][cbp1.py][line:185][INFO] Epoch:[283/300]	 Test acc=75.640
[2022-05-02 09:01:40,666][cbp1.py][line:191][INFO] Best Test acc=75.890
[2022-05-02 09:15:41,469][cbp1.py][line:180][INFO] Epoch:[284/300]	 loss=42.19955	 acc=99.978
[2022-05-02 09:16:15,751][cbp1.py][line:185][INFO] Epoch:[284/300]	 Test acc=75.330
[2022-05-02 09:16:15,752][cbp1.py][line:191][INFO] Best Test acc=75.890
[2022-05-02 09:30:15,793][cbp1.py][line:180][INFO] Epoch:[285/300]	 loss=42.33829	 acc=99.978
[2022-05-02 09:30:49,954][cbp1.py][line:185][INFO] Epoch:[285/300]	 Test acc=75.730
[2022-05-02 09:30:49,954][cbp1.py][line:191][INFO] Best Test acc=75.890
[2022-05-02 09:44:50,717][cbp1.py][line:180][INFO] Epoch:[286/300]	 loss=42.32853	 acc=99.984
[2022-05-02 09:45:24,924][cbp1.py][line:185][INFO] Epoch:[286/300]	 Test acc=75.250
[2022-05-02 09:45:24,925][cbp1.py][line:191][INFO] Best Test acc=75.890
[2022-05-02 09:59:26,920][cbp1.py][line:180][INFO] Epoch:[287/300]	 loss=42.27997	 acc=99.982
[2022-05-02 10:00:01,049][cbp1.py][line:185][INFO] Epoch:[287/300]	 Test acc=75.430
[2022-05-02 10:00:01,049][cbp1.py][line:191][INFO] Best Test acc=75.890
[2022-05-02 10:14:05,212][cbp1.py][line:180][INFO] Epoch:[288/300]	 loss=42.18823	 acc=99.976
[2022-05-02 10:14:39,360][cbp1.py][line:185][INFO] Epoch:[288/300]	 Test acc=75.290
[2022-05-02 10:14:39,360][cbp1.py][line:191][INFO] Best Test acc=75.890
[2022-05-02 10:28:46,145][cbp1.py][line:180][INFO] Epoch:[289/300]	 loss=41.96330	 acc=99.986
[2022-05-02 10:29:20,342][cbp1.py][line:185][INFO] Epoch:[289/300]	 Test acc=75.610
[2022-05-02 10:29:20,343][cbp1.py][line:191][INFO] Best Test acc=75.890
[2022-05-02 10:43:27,604][cbp1.py][line:180][INFO] Epoch:[290/300]	 loss=42.09507	 acc=99.986
[2022-05-02 10:44:01,809][cbp1.py][line:185][INFO] Epoch:[290/300]	 Test acc=75.150
[2022-05-02 10:44:01,809][cbp1.py][line:191][INFO] Best Test acc=75.890
[2022-05-02 10:58:07,183][cbp1.py][line:180][INFO] Epoch:[291/300]	 loss=42.10570	 acc=99.976
[2022-05-02 10:58:41,332][cbp1.py][line:185][INFO] Epoch:[291/300]	 Test acc=75.180
[2022-05-02 10:58:41,332][cbp1.py][line:191][INFO] Best Test acc=75.890
[2022-05-02 11:12:47,921][cbp1.py][line:180][INFO] Epoch:[292/300]	 loss=42.15308	 acc=99.990
[2022-05-02 11:13:22,212][cbp1.py][line:185][INFO] Epoch:[292/300]	 Test acc=75.870
[2022-05-02 11:13:22,212][cbp1.py][line:191][INFO] Best Test acc=75.890
[2022-05-02 11:27:30,437][cbp1.py][line:180][INFO] Epoch:[293/300]	 loss=42.21644	 acc=99.970
[2022-05-02 11:28:04,524][cbp1.py][line:185][INFO] Epoch:[293/300]	 Test acc=75.630
[2022-05-02 11:28:04,524][cbp1.py][line:191][INFO] Best Test acc=75.890
[2022-05-02 11:42:11,814][cbp1.py][line:180][INFO] Epoch:[294/300]	 loss=42.01403	 acc=99.982
[2022-05-02 11:42:46,003][cbp1.py][line:185][INFO] Epoch:[294/300]	 Test acc=75.410
[2022-05-02 11:42:46,003][cbp1.py][line:191][INFO] Best Test acc=75.890
[2022-05-02 11:56:53,742][cbp1.py][line:180][INFO] Epoch:[295/300]	 loss=41.88686	 acc=99.982
[2022-05-02 11:57:27,884][cbp1.py][line:185][INFO] Epoch:[295/300]	 Test acc=75.400
[2022-05-02 11:57:27,884][cbp1.py][line:191][INFO] Best Test acc=75.890
[2022-05-02 12:11:34,695][cbp1.py][line:180][INFO] Epoch:[296/300]	 loss=42.14014	 acc=99.986
[2022-05-02 12:12:09,029][cbp1.py][line:185][INFO] Epoch:[296/300]	 Test acc=75.430
[2022-05-02 12:12:09,029][cbp1.py][line:191][INFO] Best Test acc=75.890
[2022-05-02 12:26:18,971][cbp1.py][line:180][INFO] Epoch:[297/300]	 loss=42.00627	 acc=99.980
[2022-05-02 12:26:53,230][cbp1.py][line:185][INFO] Epoch:[297/300]	 Test acc=75.610
[2022-05-02 12:26:53,231][cbp1.py][line:191][INFO] Best Test acc=75.890
[2022-05-02 12:41:03,329][cbp1.py][line:180][INFO] Epoch:[298/300]	 loss=42.06189	 acc=99.984
[2022-05-02 12:41:37,591][cbp1.py][line:185][INFO] Epoch:[298/300]	 Test acc=75.390
[2022-05-02 12:41:37,591][cbp1.py][line:191][INFO] Best Test acc=75.890
[2022-05-02 12:55:48,398][cbp1.py][line:180][INFO] Epoch:[299/300]	 loss=42.19189	 acc=99.974
[2022-05-02 12:56:22,673][cbp1.py][line:185][INFO] Epoch:[299/300]	 Test acc=75.660
[2022-05-02 12:56:22,673][cbp1.py][line:191][INFO] Best Test acc=75.890
