[2022-04-29 20:57:46,148][cbp1.py][line:165][INFO] start training!
[2022-04-29 21:08:07,894][cbp1.py][line:180][INFO] Epoch:[0/300]	 loss=1662.47533	 acc=3.366
[2022-04-29 21:08:41,347][cbp1.py][line:185][INFO] Epoch:[0/300]	 Test acc=5.750
[2022-04-29 21:08:41,347][cbp1.py][line:191][INFO] Best Test acc=5.750
[2022-04-29 21:18:56,628][cbp1.py][line:180][INFO] Epoch:[1/300]	 loss=1524.39445	 acc=7.804
[2022-04-29 21:19:30,599][cbp1.py][line:185][INFO] Epoch:[1/300]	 Test acc=11.130
[2022-04-29 21:19:30,599][cbp1.py][line:191][INFO] Best Test acc=11.130
[2022-04-29 21:29:47,066][cbp1.py][line:180][INFO] Epoch:[2/300]	 loss=1433.60450	 acc=13.494
[2022-04-29 21:30:21,033][cbp1.py][line:185][INFO] Epoch:[2/300]	 Test acc=15.910
[2022-04-29 21:30:21,034][cbp1.py][line:191][INFO] Best Test acc=15.910
[2022-04-29 21:40:37,607][cbp1.py][line:180][INFO] Epoch:[3/300]	 loss=1325.49685	 acc=20.194
[2022-04-29 21:41:11,226][cbp1.py][line:185][INFO] Epoch:[3/300]	 Test acc=22.640
[2022-04-29 21:41:11,227][cbp1.py][line:191][INFO] Best Test acc=22.640
[2022-04-29 21:51:28,411][cbp1.py][line:180][INFO] Epoch:[4/300]	 loss=1198.70626	 acc=28.010
[2022-04-29 21:52:01,869][cbp1.py][line:185][INFO] Epoch:[4/300]	 Test acc=28.700
[2022-04-29 21:52:01,869][cbp1.py][line:191][INFO] Best Test acc=28.700
[2022-04-29 22:02:19,075][cbp1.py][line:180][INFO] Epoch:[5/300]	 loss=1085.08524	 acc=35.374
[2022-04-29 22:02:52,490][cbp1.py][line:185][INFO] Epoch:[5/300]	 Test acc=37.790
[2022-04-29 22:02:52,491][cbp1.py][line:191][INFO] Best Test acc=37.790
[2022-04-29 22:13:10,412][cbp1.py][line:180][INFO] Epoch:[6/300]	 loss=997.82224	 acc=41.186
[2022-04-29 22:13:44,519][cbp1.py][line:185][INFO] Epoch:[6/300]	 Test acc=41.640
[2022-04-29 22:13:44,519][cbp1.py][line:191][INFO] Best Test acc=41.640
[2022-04-29 22:24:03,080][cbp1.py][line:180][INFO] Epoch:[7/300]	 loss=925.66300	 acc=46.140
[2022-04-29 22:24:37,081][cbp1.py][line:185][INFO] Epoch:[7/300]	 Test acc=45.920
[2022-04-29 22:24:37,082][cbp1.py][line:191][INFO] Best Test acc=45.920
[2022-04-29 22:34:55,769][cbp1.py][line:180][INFO] Epoch:[8/300]	 loss=864.84992	 acc=50.082
[2022-04-29 22:35:29,255][cbp1.py][line:185][INFO] Epoch:[8/300]	 Test acc=48.640
[2022-04-29 22:35:29,255][cbp1.py][line:191][INFO] Best Test acc=48.640
[2022-04-29 22:45:48,497][cbp1.py][line:180][INFO] Epoch:[9/300]	 loss=810.25737	 acc=53.832
[2022-04-29 22:46:22,298][cbp1.py][line:185][INFO] Epoch:[9/300]	 Test acc=50.670
[2022-04-29 22:46:22,298][cbp1.py][line:191][INFO] Best Test acc=50.670
[2022-04-29 22:56:45,618][cbp1.py][line:180][INFO] Epoch:[10/300]	 loss=759.10191	 acc=57.626
[2022-04-29 22:57:19,564][cbp1.py][line:185][INFO] Epoch:[10/300]	 Test acc=55.450
[2022-04-29 22:57:19,565][cbp1.py][line:191][INFO] Best Test acc=55.450
[2022-04-29 23:07:43,798][cbp1.py][line:180][INFO] Epoch:[11/300]	 loss=718.09944	 acc=60.300
[2022-04-29 23:08:17,236][cbp1.py][line:185][INFO] Epoch:[11/300]	 Test acc=56.240
[2022-04-29 23:08:17,237][cbp1.py][line:191][INFO] Best Test acc=56.240
[2022-04-29 23:18:42,372][cbp1.py][line:180][INFO] Epoch:[12/300]	 loss=679.45657	 acc=63.130
[2022-04-29 23:19:16,416][cbp1.py][line:185][INFO] Epoch:[12/300]	 Test acc=57.790
[2022-04-29 23:19:16,416][cbp1.py][line:191][INFO] Best Test acc=57.790
[2022-04-29 23:29:42,702][cbp1.py][line:180][INFO] Epoch:[13/300]	 loss=641.71538	 acc=65.878
[2022-04-29 23:30:16,418][cbp1.py][line:185][INFO] Epoch:[13/300]	 Test acc=60.610
[2022-04-29 23:30:16,418][cbp1.py][line:191][INFO] Best Test acc=60.610
[2022-04-29 23:40:43,224][cbp1.py][line:180][INFO] Epoch:[14/300]	 loss=607.72821	 acc=68.500
[2022-04-29 23:41:16,888][cbp1.py][line:185][INFO] Epoch:[14/300]	 Test acc=58.910
[2022-04-29 23:41:16,888][cbp1.py][line:191][INFO] Best Test acc=60.610
[2022-04-29 23:51:44,561][cbp1.py][line:180][INFO] Epoch:[15/300]	 loss=579.20457	 acc=70.186
[2022-04-29 23:52:18,073][cbp1.py][line:185][INFO] Epoch:[15/300]	 Test acc=60.690
[2022-04-29 23:52:18,073][cbp1.py][line:191][INFO] Best Test acc=60.690
[2022-04-30 00:02:46,451][cbp1.py][line:180][INFO] Epoch:[16/300]	 loss=555.25089	 acc=72.134
[2022-04-30 00:03:20,249][cbp1.py][line:185][INFO] Epoch:[16/300]	 Test acc=61.640
[2022-04-30 00:03:20,250][cbp1.py][line:191][INFO] Best Test acc=61.640
[2022-04-30 00:13:48,841][cbp1.py][line:180][INFO] Epoch:[17/300]	 loss=525.71180	 acc=73.966
[2022-04-30 00:14:22,532][cbp1.py][line:185][INFO] Epoch:[17/300]	 Test acc=63.490
[2022-04-30 00:14:22,532][cbp1.py][line:191][INFO] Best Test acc=63.490
[2022-04-30 00:24:51,643][cbp1.py][line:180][INFO] Epoch:[18/300]	 loss=505.99770	 acc=75.188
[2022-04-30 00:25:25,548][cbp1.py][line:185][INFO] Epoch:[18/300]	 Test acc=64.360
[2022-04-30 00:25:25,548][cbp1.py][line:191][INFO] Best Test acc=64.360
[2022-04-30 00:35:55,953][cbp1.py][line:180][INFO] Epoch:[19/300]	 loss=483.22854	 acc=76.946
[2022-04-30 00:36:29,504][cbp1.py][line:185][INFO] Epoch:[19/300]	 Test acc=65.420
[2022-04-30 00:36:29,504][cbp1.py][line:191][INFO] Best Test acc=65.420
[2022-04-30 00:47:00,181][cbp1.py][line:180][INFO] Epoch:[20/300]	 loss=462.53888	 acc=78.300
[2022-04-30 00:47:34,267][cbp1.py][line:185][INFO] Epoch:[20/300]	 Test acc=65.310
[2022-04-30 00:47:34,268][cbp1.py][line:191][INFO] Best Test acc=65.420
[2022-04-30 00:58:05,550][cbp1.py][line:180][INFO] Epoch:[21/300]	 loss=442.81965	 acc=79.932
[2022-04-30 00:58:39,021][cbp1.py][line:185][INFO] Epoch:[21/300]	 Test acc=66.270
[2022-04-30 00:58:39,021][cbp1.py][line:191][INFO] Best Test acc=66.270
[2022-04-30 01:09:10,743][cbp1.py][line:180][INFO] Epoch:[22/300]	 loss=422.98035	 acc=81.230
[2022-04-30 01:09:44,494][cbp1.py][line:185][INFO] Epoch:[22/300]	 Test acc=67.110
[2022-04-30 01:09:44,494][cbp1.py][line:191][INFO] Best Test acc=67.110
[2022-04-30 01:20:16,911][cbp1.py][line:180][INFO] Epoch:[23/300]	 loss=406.18024	 acc=82.448
[2022-04-30 01:20:50,376][cbp1.py][line:185][INFO] Epoch:[23/300]	 Test acc=66.910
[2022-04-30 01:20:50,376][cbp1.py][line:191][INFO] Best Test acc=67.110
[2022-04-30 01:31:23,337][cbp1.py][line:180][INFO] Epoch:[24/300]	 loss=389.72842	 acc=83.248
[2022-04-30 01:31:57,262][cbp1.py][line:185][INFO] Epoch:[24/300]	 Test acc=66.990
[2022-04-30 01:31:57,263][cbp1.py][line:191][INFO] Best Test acc=67.110
[2022-04-30 01:42:31,326][cbp1.py][line:180][INFO] Epoch:[25/300]	 loss=377.61712	 acc=84.514
[2022-04-30 01:43:04,964][cbp1.py][line:185][INFO] Epoch:[25/300]	 Test acc=68.280
[2022-04-30 01:43:04,965][cbp1.py][line:191][INFO] Best Test acc=68.280
[2022-04-30 01:53:40,397][cbp1.py][line:180][INFO] Epoch:[26/300]	 loss=360.35137	 acc=85.612
[2022-04-30 01:54:13,920][cbp1.py][line:185][INFO] Epoch:[26/300]	 Test acc=67.050
[2022-04-30 01:54:13,921][cbp1.py][line:191][INFO] Best Test acc=68.280
[2022-04-30 02:04:48,784][cbp1.py][line:180][INFO] Epoch:[27/300]	 loss=348.69924	 acc=86.346
[2022-04-30 02:05:22,829][cbp1.py][line:185][INFO] Epoch:[27/300]	 Test acc=67.880
[2022-04-30 02:05:22,830][cbp1.py][line:191][INFO] Best Test acc=68.280
[2022-04-30 02:15:59,611][cbp1.py][line:180][INFO] Epoch:[28/300]	 loss=340.42660	 acc=87.044
[2022-04-30 02:16:33,421][cbp1.py][line:185][INFO] Epoch:[28/300]	 Test acc=67.830
[2022-04-30 02:16:33,421][cbp1.py][line:191][INFO] Best Test acc=68.280
[2022-04-30 02:27:09,989][cbp1.py][line:180][INFO] Epoch:[29/300]	 loss=325.29116	 acc=88.190
[2022-04-30 02:27:43,414][cbp1.py][line:185][INFO] Epoch:[29/300]	 Test acc=70.140
[2022-04-30 02:27:43,414][cbp1.py][line:191][INFO] Best Test acc=70.140
[2022-04-30 02:38:20,804][cbp1.py][line:180][INFO] Epoch:[30/300]	 loss=313.13408	 acc=88.988
[2022-04-30 02:38:54,817][cbp1.py][line:185][INFO] Epoch:[30/300]	 Test acc=69.080
[2022-04-30 02:38:54,817][cbp1.py][line:191][INFO] Best Test acc=70.140
[2022-04-30 02:49:33,864][cbp1.py][line:180][INFO] Epoch:[31/300]	 loss=300.54451	 acc=89.626
[2022-04-30 02:50:07,941][cbp1.py][line:185][INFO] Epoch:[31/300]	 Test acc=69.350
[2022-04-30 02:50:07,941][cbp1.py][line:191][INFO] Best Test acc=70.140
[2022-04-30 03:00:46,662][cbp1.py][line:180][INFO] Epoch:[32/300]	 loss=289.45628	 acc=90.472
[2022-04-30 03:01:20,382][cbp1.py][line:185][INFO] Epoch:[32/300]	 Test acc=69.350
[2022-04-30 03:01:20,383][cbp1.py][line:191][INFO] Best Test acc=70.140
[2022-04-30 03:12:00,329][cbp1.py][line:180][INFO] Epoch:[33/300]	 loss=281.86027	 acc=91.000
[2022-04-30 03:12:33,920][cbp1.py][line:185][INFO] Epoch:[33/300]	 Test acc=69.240
[2022-04-30 03:12:33,920][cbp1.py][line:191][INFO] Best Test acc=70.140
[2022-04-30 03:23:14,043][cbp1.py][line:180][INFO] Epoch:[34/300]	 loss=275.58473	 acc=91.344
[2022-04-30 03:23:48,091][cbp1.py][line:185][INFO] Epoch:[34/300]	 Test acc=68.830
[2022-04-30 03:23:48,091][cbp1.py][line:191][INFO] Best Test acc=70.140
[2022-04-30 03:34:28,666][cbp1.py][line:180][INFO] Epoch:[35/300]	 loss=263.59697	 acc=92.258
[2022-04-30 03:35:02,354][cbp1.py][line:185][INFO] Epoch:[35/300]	 Test acc=69.730
[2022-04-30 03:35:02,355][cbp1.py][line:191][INFO] Best Test acc=70.140
[2022-04-30 03:45:45,119][cbp1.py][line:180][INFO] Epoch:[36/300]	 loss=255.28505	 acc=92.660
[2022-04-30 03:46:18,948][cbp1.py][line:185][INFO] Epoch:[36/300]	 Test acc=69.710
[2022-04-30 03:46:18,949][cbp1.py][line:191][INFO] Best Test acc=70.140
[2022-04-30 03:57:00,715][cbp1.py][line:180][INFO] Epoch:[37/300]	 loss=245.71813	 acc=93.198
[2022-04-30 03:57:34,187][cbp1.py][line:185][INFO] Epoch:[37/300]	 Test acc=69.320
[2022-04-30 03:57:34,187][cbp1.py][line:191][INFO] Best Test acc=70.140
[2022-04-30 04:08:17,787][cbp1.py][line:180][INFO] Epoch:[38/300]	 loss=236.74147	 acc=93.798
[2022-04-30 04:08:51,287][cbp1.py][line:185][INFO] Epoch:[38/300]	 Test acc=70.110
[2022-04-30 04:08:51,288][cbp1.py][line:191][INFO] Best Test acc=70.140
[2022-04-30 04:19:36,595][cbp1.py][line:180][INFO] Epoch:[39/300]	 loss=233.67594	 acc=94.034
[2022-04-30 04:20:10,021][cbp1.py][line:185][INFO] Epoch:[39/300]	 Test acc=69.310
[2022-04-30 04:20:10,021][cbp1.py][line:191][INFO] Best Test acc=70.140
[2022-04-30 04:30:56,475][cbp1.py][line:180][INFO] Epoch:[40/300]	 loss=227.70942	 acc=94.310
[2022-04-30 04:31:30,039][cbp1.py][line:185][INFO] Epoch:[40/300]	 Test acc=70.270
[2022-04-30 04:31:30,039][cbp1.py][line:191][INFO] Best Test acc=70.270
[2022-04-30 04:42:18,182][cbp1.py][line:180][INFO] Epoch:[41/300]	 loss=219.06649	 acc=94.832
[2022-04-30 04:42:52,175][cbp1.py][line:185][INFO] Epoch:[41/300]	 Test acc=70.340
[2022-04-30 04:42:52,175][cbp1.py][line:191][INFO] Best Test acc=70.340
[2022-04-30 04:53:40,610][cbp1.py][line:180][INFO] Epoch:[42/300]	 loss=209.45925	 acc=95.472
[2022-04-30 04:54:14,621][cbp1.py][line:185][INFO] Epoch:[42/300]	 Test acc=69.890
[2022-04-30 04:54:14,622][cbp1.py][line:191][INFO] Best Test acc=70.340
[2022-04-30 05:05:03,413][cbp1.py][line:180][INFO] Epoch:[43/300]	 loss=209.04069	 acc=95.416
[2022-04-30 05:05:37,075][cbp1.py][line:185][INFO] Epoch:[43/300]	 Test acc=70.360
[2022-04-30 05:05:37,075][cbp1.py][line:191][INFO] Best Test acc=70.360
[2022-04-30 05:16:26,234][cbp1.py][line:180][INFO] Epoch:[44/300]	 loss=206.20037	 acc=95.600
[2022-04-30 05:16:59,759][cbp1.py][line:185][INFO] Epoch:[44/300]	 Test acc=69.660
[2022-04-30 05:16:59,759][cbp1.py][line:191][INFO] Best Test acc=70.360
[2022-04-30 05:27:50,575][cbp1.py][line:180][INFO] Epoch:[45/300]	 loss=195.98484	 acc=96.128
[2022-04-30 05:28:24,034][cbp1.py][line:185][INFO] Epoch:[45/300]	 Test acc=69.760
[2022-04-30 05:28:24,034][cbp1.py][line:191][INFO] Best Test acc=70.360
[2022-04-30 05:39:16,422][cbp1.py][line:180][INFO] Epoch:[46/300]	 loss=190.05298	 acc=96.384
[2022-04-30 05:39:49,979][cbp1.py][line:185][INFO] Epoch:[46/300]	 Test acc=69.690
[2022-04-30 05:39:49,979][cbp1.py][line:191][INFO] Best Test acc=70.360
[2022-04-30 05:50:43,320][cbp1.py][line:180][INFO] Epoch:[47/300]	 loss=189.46863	 acc=96.494
[2022-04-30 05:51:16,983][cbp1.py][line:185][INFO] Epoch:[47/300]	 Test acc=70.140
[2022-04-30 05:51:16,984][cbp1.py][line:191][INFO] Best Test acc=70.360
[2022-04-30 06:02:10,874][cbp1.py][line:180][INFO] Epoch:[48/300]	 loss=184.16496	 acc=96.746
[2022-04-30 06:02:44,339][cbp1.py][line:185][INFO] Epoch:[48/300]	 Test acc=70.160
[2022-04-30 06:02:44,340][cbp1.py][line:191][INFO] Best Test acc=70.360
[2022-04-30 06:13:38,744][cbp1.py][line:180][INFO] Epoch:[49/300]	 loss=178.33918	 acc=97.006
[2022-04-30 06:14:12,165][cbp1.py][line:185][INFO] Epoch:[49/300]	 Test acc=70.300
[2022-04-30 06:14:12,166][cbp1.py][line:191][INFO] Best Test acc=70.360
[2022-04-30 06:25:07,713][cbp1.py][line:180][INFO] Epoch:[50/300]	 loss=176.80471	 acc=97.116
[2022-04-30 06:25:41,162][cbp1.py][line:185][INFO] Epoch:[50/300]	 Test acc=70.080
[2022-04-30 06:25:41,162][cbp1.py][line:191][INFO] Best Test acc=70.360
[2022-04-30 06:36:36,905][cbp1.py][line:180][INFO] Epoch:[51/300]	 loss=170.59518	 acc=97.366
[2022-04-30 06:37:10,455][cbp1.py][line:185][INFO] Epoch:[51/300]	 Test acc=70.810
[2022-04-30 06:37:10,455][cbp1.py][line:191][INFO] Best Test acc=70.810
[2022-04-30 06:48:07,342][cbp1.py][line:180][INFO] Epoch:[52/300]	 loss=168.88765	 acc=97.470
[2022-04-30 06:48:40,857][cbp1.py][line:185][INFO] Epoch:[52/300]	 Test acc=71.090
[2022-04-30 06:48:40,858][cbp1.py][line:191][INFO] Best Test acc=71.090
[2022-04-30 06:59:38,535][cbp1.py][line:180][INFO] Epoch:[53/300]	 loss=163.88158	 acc=97.692
[2022-04-30 07:00:11,983][cbp1.py][line:185][INFO] Epoch:[53/300]	 Test acc=70.180
[2022-04-30 07:00:11,983][cbp1.py][line:191][INFO] Best Test acc=71.090
[2022-04-30 07:11:09,909][cbp1.py][line:180][INFO] Epoch:[54/300]	 loss=161.49785	 acc=97.776
[2022-04-30 07:11:43,974][cbp1.py][line:185][INFO] Epoch:[54/300]	 Test acc=70.720
[2022-04-30 07:11:43,974][cbp1.py][line:191][INFO] Best Test acc=71.090
[2022-04-30 07:22:43,216][cbp1.py][line:180][INFO] Epoch:[55/300]	 loss=159.47156	 acc=97.926
[2022-04-30 07:23:17,292][cbp1.py][line:185][INFO] Epoch:[55/300]	 Test acc=71.200
[2022-04-30 07:23:17,293][cbp1.py][line:191][INFO] Best Test acc=71.200
[2022-04-30 07:34:17,208][cbp1.py][line:180][INFO] Epoch:[56/300]	 loss=158.18450	 acc=97.852
[2022-04-30 07:34:50,925][cbp1.py][line:185][INFO] Epoch:[56/300]	 Test acc=71.550
[2022-04-30 07:34:50,925][cbp1.py][line:191][INFO] Best Test acc=71.550
[2022-04-30 07:45:51,815][cbp1.py][line:180][INFO] Epoch:[57/300]	 loss=153.40043	 acc=98.098
[2022-04-30 07:46:25,224][cbp1.py][line:185][INFO] Epoch:[57/300]	 Test acc=70.920
[2022-04-30 07:46:25,225][cbp1.py][line:191][INFO] Best Test acc=71.550
[2022-04-30 07:57:26,826][cbp1.py][line:180][INFO] Epoch:[58/300]	 loss=148.98222	 acc=98.360
[2022-04-30 07:58:00,815][cbp1.py][line:185][INFO] Epoch:[58/300]	 Test acc=70.200
[2022-04-30 07:58:00,815][cbp1.py][line:191][INFO] Best Test acc=71.550
[2022-04-30 08:09:02,895][cbp1.py][line:180][INFO] Epoch:[59/300]	 loss=150.76163	 acc=98.206
[2022-04-30 08:09:36,799][cbp1.py][line:185][INFO] Epoch:[59/300]	 Test acc=70.920
[2022-04-30 08:09:36,799][cbp1.py][line:191][INFO] Best Test acc=71.550
[2022-04-30 08:20:39,760][cbp1.py][line:180][INFO] Epoch:[60/300]	 loss=144.56453	 acc=98.468
[2022-04-30 08:21:13,599][cbp1.py][line:185][INFO] Epoch:[60/300]	 Test acc=71.410
[2022-04-30 08:21:13,599][cbp1.py][line:191][INFO] Best Test acc=71.550
[2022-04-30 08:32:19,031][cbp1.py][line:180][INFO] Epoch:[61/300]	 loss=143.48243	 acc=98.488
[2022-04-30 08:32:52,805][cbp1.py][line:185][INFO] Epoch:[61/300]	 Test acc=71.550
[2022-04-30 08:32:52,806][cbp1.py][line:191][INFO] Best Test acc=71.550
[2022-04-30 08:43:58,347][cbp1.py][line:180][INFO] Epoch:[62/300]	 loss=140.50676	 acc=98.582
[2022-04-30 08:44:32,010][cbp1.py][line:185][INFO] Epoch:[62/300]	 Test acc=71.240
[2022-04-30 08:44:32,010][cbp1.py][line:191][INFO] Best Test acc=71.550
[2022-04-30 08:55:37,454][cbp1.py][line:180][INFO] Epoch:[63/300]	 loss=140.47111	 acc=98.586
[2022-04-30 08:56:11,468][cbp1.py][line:185][INFO] Epoch:[63/300]	 Test acc=70.510
[2022-04-30 08:56:11,469][cbp1.py][line:191][INFO] Best Test acc=71.550
[2022-04-30 09:07:17,693][cbp1.py][line:180][INFO] Epoch:[64/300]	 loss=138.41941	 acc=98.610
[2022-04-30 09:07:51,191][cbp1.py][line:185][INFO] Epoch:[64/300]	 Test acc=71.760
[2022-04-30 09:07:51,192][cbp1.py][line:191][INFO] Best Test acc=71.760
[2022-04-30 09:18:57,638][cbp1.py][line:180][INFO] Epoch:[65/300]	 loss=132.76263	 acc=98.842
[2022-04-30 09:19:31,214][cbp1.py][line:185][INFO] Epoch:[65/300]	 Test acc=71.020
[2022-04-30 09:19:31,215][cbp1.py][line:191][INFO] Best Test acc=71.760
[2022-04-30 09:30:38,645][cbp1.py][line:180][INFO] Epoch:[66/300]	 loss=131.94077	 acc=98.872
[2022-04-30 09:31:12,523][cbp1.py][line:185][INFO] Epoch:[66/300]	 Test acc=71.600
[2022-04-30 09:31:12,524][cbp1.py][line:191][INFO] Best Test acc=71.760
[2022-04-30 09:42:21,165][cbp1.py][line:180][INFO] Epoch:[67/300]	 loss=131.29212	 acc=98.770
[2022-04-30 09:42:54,829][cbp1.py][line:185][INFO] Epoch:[67/300]	 Test acc=71.660
[2022-04-30 09:42:54,829][cbp1.py][line:191][INFO] Best Test acc=71.760
[2022-04-30 09:54:03,637][cbp1.py][line:180][INFO] Epoch:[68/300]	 loss=127.08152	 acc=99.030
[2022-04-30 09:54:37,191][cbp1.py][line:185][INFO] Epoch:[68/300]	 Test acc=72.030
[2022-04-30 09:54:37,192][cbp1.py][line:191][INFO] Best Test acc=72.030
[2022-04-30 10:05:47,031][cbp1.py][line:180][INFO] Epoch:[69/300]	 loss=127.09814	 acc=99.004
[2022-04-30 10:06:21,089][cbp1.py][line:185][INFO] Epoch:[69/300]	 Test acc=71.540
[2022-04-30 10:06:21,089][cbp1.py][line:191][INFO] Best Test acc=72.030
[2022-04-30 10:17:31,693][cbp1.py][line:180][INFO] Epoch:[70/300]	 loss=125.68348	 acc=99.022
[2022-04-30 10:18:05,242][cbp1.py][line:185][INFO] Epoch:[70/300]	 Test acc=71.580
[2022-04-30 10:18:05,242][cbp1.py][line:191][INFO] Best Test acc=72.030
[2022-04-30 10:29:16,471][cbp1.py][line:180][INFO] Epoch:[71/300]	 loss=124.77637	 acc=99.020
[2022-04-30 10:29:50,054][cbp1.py][line:185][INFO] Epoch:[71/300]	 Test acc=70.990
[2022-04-30 10:29:50,054][cbp1.py][line:191][INFO] Best Test acc=72.030
[2022-04-30 10:41:01,840][cbp1.py][line:180][INFO] Epoch:[72/300]	 loss=123.31122	 acc=99.096
[2022-04-30 10:41:35,689][cbp1.py][line:185][INFO] Epoch:[72/300]	 Test acc=71.240
[2022-04-30 10:41:35,690][cbp1.py][line:191][INFO] Best Test acc=72.030
[2022-04-30 10:52:47,882][cbp1.py][line:180][INFO] Epoch:[73/300]	 loss=121.98888	 acc=99.048
[2022-04-30 10:53:21,462][cbp1.py][line:185][INFO] Epoch:[73/300]	 Test acc=71.920
[2022-04-30 10:53:21,462][cbp1.py][line:191][INFO] Best Test acc=72.030
[2022-04-30 11:04:34,812][cbp1.py][line:180][INFO] Epoch:[74/300]	 loss=120.76488	 acc=99.108
[2022-04-30 11:05:08,790][cbp1.py][line:185][INFO] Epoch:[74/300]	 Test acc=71.400
[2022-04-30 11:05:08,790][cbp1.py][line:191][INFO] Best Test acc=72.030
[2022-04-30 11:16:22,947][cbp1.py][line:180][INFO] Epoch:[75/300]	 loss=114.75486	 acc=99.350
[2022-04-30 11:16:56,471][cbp1.py][line:185][INFO] Epoch:[75/300]	 Test acc=71.850
[2022-04-30 11:16:56,472][cbp1.py][line:191][INFO] Best Test acc=72.030
[2022-04-30 11:28:11,779][cbp1.py][line:180][INFO] Epoch:[76/300]	 loss=116.90919	 acc=99.222
[2022-04-30 11:28:45,719][cbp1.py][line:185][INFO] Epoch:[76/300]	 Test acc=71.660
[2022-04-30 11:28:45,719][cbp1.py][line:191][INFO] Best Test acc=72.030
[2022-04-30 11:40:02,600][cbp1.py][line:180][INFO] Epoch:[77/300]	 loss=114.01421	 acc=99.348
[2022-04-30 11:40:36,500][cbp1.py][line:185][INFO] Epoch:[77/300]	 Test acc=71.120
[2022-04-30 11:40:36,500][cbp1.py][line:191][INFO] Best Test acc=72.030
[2022-04-30 11:51:53,559][cbp1.py][line:180][INFO] Epoch:[78/300]	 loss=112.23777	 acc=99.338
[2022-04-30 11:52:27,753][cbp1.py][line:185][INFO] Epoch:[78/300]	 Test acc=70.520
[2022-04-30 11:52:27,753][cbp1.py][line:191][INFO] Best Test acc=72.030
[2022-04-30 12:03:47,015][cbp1.py][line:180][INFO] Epoch:[79/300]	 loss=109.60875	 acc=99.432
[2022-04-30 12:04:21,086][cbp1.py][line:185][INFO] Epoch:[79/300]	 Test acc=71.510
[2022-04-30 12:04:21,086][cbp1.py][line:191][INFO] Best Test acc=72.030
[2022-04-30 12:15:40,159][cbp1.py][line:180][INFO] Epoch:[80/300]	 loss=109.82522	 acc=99.380
[2022-04-30 12:16:14,359][cbp1.py][line:185][INFO] Epoch:[80/300]	 Test acc=71.140
[2022-04-30 12:16:14,360][cbp1.py][line:191][INFO] Best Test acc=72.030
[2022-04-30 12:27:32,844][cbp1.py][line:180][INFO] Epoch:[81/300]	 loss=109.85954	 acc=99.402
[2022-04-30 12:28:06,564][cbp1.py][line:185][INFO] Epoch:[81/300]	 Test acc=71.660
[2022-04-30 12:28:06,565][cbp1.py][line:191][INFO] Best Test acc=72.030
[2022-04-30 12:39:25,742][cbp1.py][line:180][INFO] Epoch:[82/300]	 loss=109.35491	 acc=99.390
[2022-04-30 12:39:59,471][cbp1.py][line:185][INFO] Epoch:[82/300]	 Test acc=72.470
[2022-04-30 12:39:59,472][cbp1.py][line:191][INFO] Best Test acc=72.470
[2022-04-30 12:51:20,665][cbp1.py][line:180][INFO] Epoch:[83/300]	 loss=105.69058	 acc=99.514
[2022-04-30 12:51:54,698][cbp1.py][line:185][INFO] Epoch:[83/300]	 Test acc=72.070
[2022-04-30 12:51:54,698][cbp1.py][line:191][INFO] Best Test acc=72.470
[2022-04-30 13:03:16,176][cbp1.py][line:180][INFO] Epoch:[84/300]	 loss=103.99378	 acc=99.468
[2022-04-30 13:03:50,230][cbp1.py][line:185][INFO] Epoch:[84/300]	 Test acc=72.130
[2022-04-30 13:03:50,231][cbp1.py][line:191][INFO] Best Test acc=72.470
[2022-04-30 13:15:12,351][cbp1.py][line:180][INFO] Epoch:[85/300]	 loss=103.34414	 acc=99.514
[2022-04-30 13:15:46,382][cbp1.py][line:185][INFO] Epoch:[85/300]	 Test acc=71.990
[2022-04-30 13:15:46,383][cbp1.py][line:191][INFO] Best Test acc=72.470
[2022-04-30 13:27:09,435][cbp1.py][line:180][INFO] Epoch:[86/300]	 loss=104.40609	 acc=99.428
[2022-04-30 13:27:43,192][cbp1.py][line:185][INFO] Epoch:[86/300]	 Test acc=72.010
[2022-04-30 13:27:43,192][cbp1.py][line:191][INFO] Best Test acc=72.470
[2022-04-30 13:39:06,568][cbp1.py][line:180][INFO] Epoch:[87/300]	 loss=102.89657	 acc=99.526
[2022-04-30 13:39:40,408][cbp1.py][line:185][INFO] Epoch:[87/300]	 Test acc=71.700
[2022-04-30 13:39:40,409][cbp1.py][line:191][INFO] Best Test acc=72.470
[2022-04-30 13:51:04,995][cbp1.py][line:180][INFO] Epoch:[88/300]	 loss=99.80504	 acc=99.580
[2022-04-30 13:51:39,054][cbp1.py][line:185][INFO] Epoch:[88/300]	 Test acc=71.580
[2022-04-30 13:51:39,054][cbp1.py][line:191][INFO] Best Test acc=72.470
[2022-04-30 14:03:04,982][cbp1.py][line:180][INFO] Epoch:[89/300]	 loss=99.10050	 acc=99.570
[2022-04-30 14:03:38,545][cbp1.py][line:185][INFO] Epoch:[89/300]	 Test acc=71.210
[2022-04-30 14:03:38,545][cbp1.py][line:191][INFO] Best Test acc=72.470
[2022-04-30 14:15:04,623][cbp1.py][line:180][INFO] Epoch:[90/300]	 loss=97.02560	 acc=99.628
[2022-04-30 14:15:38,328][cbp1.py][line:185][INFO] Epoch:[90/300]	 Test acc=71.530
[2022-04-30 14:15:38,329][cbp1.py][line:191][INFO] Best Test acc=72.470
[2022-04-30 14:27:05,828][cbp1.py][line:180][INFO] Epoch:[91/300]	 loss=96.60544	 acc=99.598
[2022-04-30 14:27:40,203][cbp1.py][line:185][INFO] Epoch:[91/300]	 Test acc=72.170
[2022-04-30 14:27:40,203][cbp1.py][line:191][INFO] Best Test acc=72.470
[2022-04-30 14:39:08,552][cbp1.py][line:180][INFO] Epoch:[92/300]	 loss=95.44460	 acc=99.612
[2022-04-30 14:39:42,379][cbp1.py][line:185][INFO] Epoch:[92/300]	 Test acc=71.880
[2022-04-30 14:39:42,379][cbp1.py][line:191][INFO] Best Test acc=72.470
[2022-04-30 14:51:11,065][cbp1.py][line:180][INFO] Epoch:[93/300]	 loss=94.60108	 acc=99.634
[2022-04-30 14:51:45,104][cbp1.py][line:185][INFO] Epoch:[93/300]	 Test acc=71.860
[2022-04-30 14:51:45,104][cbp1.py][line:191][INFO] Best Test acc=72.470
[2022-04-30 15:03:14,293][cbp1.py][line:180][INFO] Epoch:[94/300]	 loss=94.49936	 acc=99.592
[2022-04-30 15:03:48,241][cbp1.py][line:185][INFO] Epoch:[94/300]	 Test acc=71.820
[2022-04-30 15:03:48,242][cbp1.py][line:191][INFO] Best Test acc=72.470
[2022-04-30 15:15:18,740][cbp1.py][line:180][INFO] Epoch:[95/300]	 loss=92.53647	 acc=99.662
[2022-04-30 15:15:52,363][cbp1.py][line:185][INFO] Epoch:[95/300]	 Test acc=71.820
[2022-04-30 15:15:52,363][cbp1.py][line:191][INFO] Best Test acc=72.470
[2022-04-30 15:27:23,264][cbp1.py][line:180][INFO] Epoch:[96/300]	 loss=94.12739	 acc=99.558
[2022-04-30 15:27:57,094][cbp1.py][line:185][INFO] Epoch:[96/300]	 Test acc=72.540
[2022-04-30 15:27:57,094][cbp1.py][line:191][INFO] Best Test acc=72.540
[2022-04-30 15:39:29,076][cbp1.py][line:180][INFO] Epoch:[97/300]	 loss=90.38325	 acc=99.682
[2022-04-30 15:40:02,843][cbp1.py][line:185][INFO] Epoch:[97/300]	 Test acc=71.990
[2022-04-30 15:40:02,843][cbp1.py][line:191][INFO] Best Test acc=72.540
[2022-04-30 15:51:36,667][cbp1.py][line:180][INFO] Epoch:[98/300]	 loss=88.68827	 acc=99.704
[2022-04-30 15:52:10,488][cbp1.py][line:185][INFO] Epoch:[98/300]	 Test acc=71.750
[2022-04-30 15:52:10,488][cbp1.py][line:191][INFO] Best Test acc=72.540
[2022-04-30 16:03:45,026][cbp1.py][line:180][INFO] Epoch:[99/300]	 loss=88.75095	 acc=99.720
[2022-04-30 16:04:19,154][cbp1.py][line:185][INFO] Epoch:[99/300]	 Test acc=72.270
[2022-04-30 16:04:19,154][cbp1.py][line:191][INFO] Best Test acc=72.540
[2022-04-30 16:15:53,662][cbp1.py][line:180][INFO] Epoch:[100/300]	 loss=88.51529	 acc=99.704
[2022-04-30 16:16:27,450][cbp1.py][line:185][INFO] Epoch:[100/300]	 Test acc=72.300
[2022-04-30 16:16:27,451][cbp1.py][line:191][INFO] Best Test acc=72.540
[2022-04-30 16:28:02,724][cbp1.py][line:180][INFO] Epoch:[101/300]	 loss=89.33369	 acc=99.690
[2022-04-30 16:28:36,936][cbp1.py][line:185][INFO] Epoch:[101/300]	 Test acc=72.180
[2022-04-30 16:28:36,936][cbp1.py][line:191][INFO] Best Test acc=72.540
[2022-04-30 16:40:14,857][cbp1.py][line:180][INFO] Epoch:[102/300]	 loss=86.26643	 acc=99.726
[2022-04-30 16:40:48,947][cbp1.py][line:185][INFO] Epoch:[102/300]	 Test acc=72.060
[2022-04-30 16:40:48,948][cbp1.py][line:191][INFO] Best Test acc=72.540
[2022-04-30 16:52:25,844][cbp1.py][line:180][INFO] Epoch:[103/300]	 loss=84.31016	 acc=99.758
[2022-04-30 16:52:59,927][cbp1.py][line:185][INFO] Epoch:[103/300]	 Test acc=72.320
[2022-04-30 16:52:59,927][cbp1.py][line:191][INFO] Best Test acc=72.540
[2022-04-30 17:04:38,459][cbp1.py][line:180][INFO] Epoch:[104/300]	 loss=83.96602	 acc=99.712
[2022-04-30 17:05:12,348][cbp1.py][line:185][INFO] Epoch:[104/300]	 Test acc=72.580
[2022-04-30 17:05:12,348][cbp1.py][line:191][INFO] Best Test acc=72.580
[2022-04-30 17:16:52,015][cbp1.py][line:180][INFO] Epoch:[105/300]	 loss=83.93084	 acc=99.758
[2022-04-30 17:17:26,039][cbp1.py][line:185][INFO] Epoch:[105/300]	 Test acc=72.180
[2022-04-30 17:17:26,039][cbp1.py][line:191][INFO] Best Test acc=72.580
[2022-04-30 17:29:06,067][cbp1.py][line:180][INFO] Epoch:[106/300]	 loss=80.17958	 acc=99.812
[2022-04-30 17:29:39,809][cbp1.py][line:185][INFO] Epoch:[106/300]	 Test acc=72.520
[2022-04-30 17:29:39,810][cbp1.py][line:191][INFO] Best Test acc=72.580
[2022-04-30 17:41:22,142][cbp1.py][line:180][INFO] Epoch:[107/300]	 loss=82.41298	 acc=99.750
[2022-04-30 17:41:56,200][cbp1.py][line:185][INFO] Epoch:[107/300]	 Test acc=72.430
[2022-04-30 17:41:56,201][cbp1.py][line:191][INFO] Best Test acc=72.580
[2022-04-30 17:53:39,598][cbp1.py][line:180][INFO] Epoch:[108/300]	 loss=81.22530	 acc=99.776
[2022-04-30 17:54:13,695][cbp1.py][line:185][INFO] Epoch:[108/300]	 Test acc=72.450
[2022-04-30 17:54:13,696][cbp1.py][line:191][INFO] Best Test acc=72.580
[2022-04-30 18:05:58,581][cbp1.py][line:180][INFO] Epoch:[109/300]	 loss=80.08653	 acc=99.794
[2022-04-30 18:06:32,323][cbp1.py][line:185][INFO] Epoch:[109/300]	 Test acc=72.110
[2022-04-30 18:06:32,323][cbp1.py][line:191][INFO] Best Test acc=72.580
[2022-04-30 18:18:18,524][cbp1.py][line:180][INFO] Epoch:[110/300]	 loss=78.21639	 acc=99.834
[2022-04-30 18:18:52,391][cbp1.py][line:185][INFO] Epoch:[110/300]	 Test acc=73.140
[2022-04-30 18:18:52,391][cbp1.py][line:191][INFO] Best Test acc=73.140
[2022-04-30 18:30:38,193][cbp1.py][line:180][INFO] Epoch:[111/300]	 loss=78.71170	 acc=99.782
[2022-04-30 18:31:12,603][cbp1.py][line:185][INFO] Epoch:[111/300]	 Test acc=72.510
[2022-04-30 18:31:12,603][cbp1.py][line:191][INFO] Best Test acc=73.140
[2022-04-30 18:42:59,589][cbp1.py][line:180][INFO] Epoch:[112/300]	 loss=79.17344	 acc=99.778
[2022-04-30 18:43:33,690][cbp1.py][line:185][INFO] Epoch:[112/300]	 Test acc=72.940
[2022-04-30 18:43:33,690][cbp1.py][line:191][INFO] Best Test acc=73.140
[2022-04-30 18:55:21,096][cbp1.py][line:180][INFO] Epoch:[113/300]	 loss=76.34664	 acc=99.818
[2022-04-30 18:55:55,228][cbp1.py][line:185][INFO] Epoch:[113/300]	 Test acc=72.130
[2022-04-30 18:55:55,228][cbp1.py][line:191][INFO] Best Test acc=73.140
[2022-04-30 19:07:43,310][cbp1.py][line:180][INFO] Epoch:[114/300]	 loss=76.11236	 acc=99.794
[2022-04-30 19:08:17,371][cbp1.py][line:185][INFO] Epoch:[114/300]	 Test acc=72.520
[2022-04-30 19:08:17,372][cbp1.py][line:191][INFO] Best Test acc=73.140
[2022-04-30 19:20:06,858][cbp1.py][line:180][INFO] Epoch:[115/300]	 loss=75.82745	 acc=99.828
[2022-04-30 19:20:40,831][cbp1.py][line:185][INFO] Epoch:[115/300]	 Test acc=72.730
[2022-04-30 19:20:40,832][cbp1.py][line:191][INFO] Best Test acc=73.140
[2022-04-30 19:32:30,282][cbp1.py][line:180][INFO] Epoch:[116/300]	 loss=73.38020	 acc=99.838
[2022-04-30 19:33:04,006][cbp1.py][line:185][INFO] Epoch:[116/300]	 Test acc=72.980
[2022-04-30 19:33:04,006][cbp1.py][line:191][INFO] Best Test acc=73.140
[2022-04-30 19:44:54,056][cbp1.py][line:180][INFO] Epoch:[117/300]	 loss=71.98496	 acc=99.860
[2022-04-30 19:45:27,936][cbp1.py][line:185][INFO] Epoch:[117/300]	 Test acc=73.050
[2022-04-30 19:45:27,937][cbp1.py][line:191][INFO] Best Test acc=73.140
[2022-04-30 19:57:19,244][cbp1.py][line:180][INFO] Epoch:[118/300]	 loss=73.25188	 acc=99.832
[2022-04-30 19:57:53,226][cbp1.py][line:185][INFO] Epoch:[118/300]	 Test acc=72.400
[2022-04-30 19:57:53,227][cbp1.py][line:191][INFO] Best Test acc=73.140
[2022-04-30 20:09:44,724][cbp1.py][line:180][INFO] Epoch:[119/300]	 loss=71.86139	 acc=99.834
[2022-04-30 20:10:18,611][cbp1.py][line:185][INFO] Epoch:[119/300]	 Test acc=72.920
[2022-04-30 20:10:18,611][cbp1.py][line:191][INFO] Best Test acc=73.140
[2022-04-30 20:22:11,680][cbp1.py][line:180][INFO] Epoch:[120/300]	 loss=71.77454	 acc=99.856
[2022-04-30 20:22:45,782][cbp1.py][line:185][INFO] Epoch:[120/300]	 Test acc=73.360
[2022-04-30 20:22:45,782][cbp1.py][line:191][INFO] Best Test acc=73.360
[2022-04-30 20:34:38,898][cbp1.py][line:180][INFO] Epoch:[121/300]	 loss=70.29503	 acc=99.862
[2022-04-30 20:35:13,030][cbp1.py][line:185][INFO] Epoch:[121/300]	 Test acc=72.990
[2022-04-30 20:35:13,030][cbp1.py][line:191][INFO] Best Test acc=73.360
[2022-04-30 20:47:06,805][cbp1.py][line:180][INFO] Epoch:[122/300]	 loss=69.85688	 acc=99.868
[2022-04-30 20:47:40,782][cbp1.py][line:185][INFO] Epoch:[122/300]	 Test acc=73.290
[2022-04-30 20:47:40,783][cbp1.py][line:191][INFO] Best Test acc=73.360
[2022-04-30 20:59:35,473][cbp1.py][line:180][INFO] Epoch:[123/300]	 loss=68.85968	 acc=99.874
[2022-04-30 21:00:09,373][cbp1.py][line:185][INFO] Epoch:[123/300]	 Test acc=73.430
[2022-04-30 21:00:09,374][cbp1.py][line:191][INFO] Best Test acc=73.430
[2022-04-30 21:12:04,293][cbp1.py][line:180][INFO] Epoch:[124/300]	 loss=68.95751	 acc=99.850
[2022-04-30 21:12:38,278][cbp1.py][line:185][INFO] Epoch:[124/300]	 Test acc=72.570
[2022-04-30 21:12:38,279][cbp1.py][line:191][INFO] Best Test acc=73.430
[2022-04-30 21:24:35,857][cbp1.py][line:180][INFO] Epoch:[125/300]	 loss=67.65478	 acc=99.896
[2022-04-30 21:25:09,762][cbp1.py][line:185][INFO] Epoch:[125/300]	 Test acc=72.700
[2022-04-30 21:25:09,763][cbp1.py][line:191][INFO] Best Test acc=73.430
[2022-04-30 21:37:07,321][cbp1.py][line:180][INFO] Epoch:[126/300]	 loss=67.50375	 acc=99.878
[2022-04-30 21:37:41,168][cbp1.py][line:185][INFO] Epoch:[126/300]	 Test acc=72.240
[2022-04-30 21:37:41,168][cbp1.py][line:191][INFO] Best Test acc=73.430
[2022-04-30 21:49:38,172][cbp1.py][line:180][INFO] Epoch:[127/300]	 loss=65.97799	 acc=99.880
[2022-04-30 21:50:11,927][cbp1.py][line:185][INFO] Epoch:[127/300]	 Test acc=72.660
[2022-04-30 21:50:11,928][cbp1.py][line:191][INFO] Best Test acc=73.430
[2022-04-30 22:02:10,616][cbp1.py][line:180][INFO] Epoch:[128/300]	 loss=66.18916	 acc=99.866
[2022-04-30 22:02:44,287][cbp1.py][line:185][INFO] Epoch:[128/300]	 Test acc=73.170
[2022-04-30 22:02:44,287][cbp1.py][line:191][INFO] Best Test acc=73.430
[2022-04-30 22:14:43,481][cbp1.py][line:180][INFO] Epoch:[129/300]	 loss=64.23306	 acc=99.894
[2022-04-30 22:15:17,318][cbp1.py][line:185][INFO] Epoch:[129/300]	 Test acc=72.900
[2022-04-30 22:15:17,318][cbp1.py][line:191][INFO] Best Test acc=73.430
[2022-04-30 22:27:17,549][cbp1.py][line:180][INFO] Epoch:[130/300]	 loss=65.20241	 acc=99.856
[2022-04-30 22:27:51,520][cbp1.py][line:185][INFO] Epoch:[130/300]	 Test acc=72.950
[2022-04-30 22:27:51,521][cbp1.py][line:191][INFO] Best Test acc=73.430
[2022-04-30 22:39:53,204][cbp1.py][line:180][INFO] Epoch:[131/300]	 loss=63.63320	 acc=99.904
[2022-04-30 22:40:26,914][cbp1.py][line:185][INFO] Epoch:[131/300]	 Test acc=72.810
[2022-04-30 22:40:26,914][cbp1.py][line:191][INFO] Best Test acc=73.430
[2022-04-30 22:52:28,908][cbp1.py][line:180][INFO] Epoch:[132/300]	 loss=62.99346	 acc=99.886
[2022-04-30 22:53:02,676][cbp1.py][line:185][INFO] Epoch:[132/300]	 Test acc=73.040
[2022-04-30 22:53:02,676][cbp1.py][line:191][INFO] Best Test acc=73.430
[2022-04-30 23:05:05,632][cbp1.py][line:180][INFO] Epoch:[133/300]	 loss=62.76862	 acc=99.882
[2022-04-30 23:05:39,394][cbp1.py][line:185][INFO] Epoch:[133/300]	 Test acc=73.180
[2022-04-30 23:05:39,395][cbp1.py][line:191][INFO] Best Test acc=73.430
[2022-04-30 23:17:43,497][cbp1.py][line:180][INFO] Epoch:[134/300]	 loss=61.95060	 acc=99.892
[2022-04-30 23:18:17,359][cbp1.py][line:185][INFO] Epoch:[134/300]	 Test acc=72.830
[2022-04-30 23:18:17,359][cbp1.py][line:191][INFO] Best Test acc=73.430
[2022-04-30 23:30:22,515][cbp1.py][line:180][INFO] Epoch:[135/300]	 loss=61.78733	 acc=99.904
[2022-04-30 23:30:56,644][cbp1.py][line:185][INFO] Epoch:[135/300]	 Test acc=72.880
[2022-04-30 23:30:56,645][cbp1.py][line:191][INFO] Best Test acc=73.430
[2022-04-30 23:43:02,740][cbp1.py][line:180][INFO] Epoch:[136/300]	 loss=61.00160	 acc=99.900
[2022-04-30 23:43:36,821][cbp1.py][line:185][INFO] Epoch:[136/300]	 Test acc=73.070
[2022-04-30 23:43:36,821][cbp1.py][line:191][INFO] Best Test acc=73.430
[2022-04-30 23:55:43,027][cbp1.py][line:180][INFO] Epoch:[137/300]	 loss=60.42289	 acc=99.912
[2022-04-30 23:56:16,903][cbp1.py][line:185][INFO] Epoch:[137/300]	 Test acc=73.620
[2022-04-30 23:56:16,903][cbp1.py][line:191][INFO] Best Test acc=73.620
[2022-05-01 00:08:24,284][cbp1.py][line:180][INFO] Epoch:[138/300]	 loss=59.17142	 acc=99.914
[2022-05-01 00:08:58,169][cbp1.py][line:185][INFO] Epoch:[138/300]	 Test acc=72.850
[2022-05-01 00:08:58,169][cbp1.py][line:191][INFO] Best Test acc=73.620
[2022-05-01 00:21:05,992][cbp1.py][line:180][INFO] Epoch:[139/300]	 loss=59.04210	 acc=99.928
[2022-05-01 00:21:40,099][cbp1.py][line:185][INFO] Epoch:[139/300]	 Test acc=73.440
[2022-05-01 00:21:40,099][cbp1.py][line:191][INFO] Best Test acc=73.620
[2022-05-01 00:33:48,065][cbp1.py][line:180][INFO] Epoch:[140/300]	 loss=59.49233	 acc=99.882
[2022-05-01 00:34:22,122][cbp1.py][line:185][INFO] Epoch:[140/300]	 Test acc=72.590
[2022-05-01 00:34:22,123][cbp1.py][line:191][INFO] Best Test acc=73.620
[2022-05-01 00:46:32,843][cbp1.py][line:180][INFO] Epoch:[141/300]	 loss=58.07881	 acc=99.912
[2022-05-01 00:47:06,813][cbp1.py][line:185][INFO] Epoch:[141/300]	 Test acc=73.620
[2022-05-01 00:47:06,813][cbp1.py][line:191][INFO] Best Test acc=73.620
[2022-05-01 00:59:16,654][cbp1.py][line:180][INFO] Epoch:[142/300]	 loss=57.72503	 acc=99.916
[2022-05-01 00:59:50,842][cbp1.py][line:185][INFO] Epoch:[142/300]	 Test acc=73.010
[2022-05-01 00:59:50,842][cbp1.py][line:191][INFO] Best Test acc=73.620
[2022-05-01 01:12:01,248][cbp1.py][line:180][INFO] Epoch:[143/300]	 loss=56.41353	 acc=99.926
[2022-05-01 01:12:35,488][cbp1.py][line:185][INFO] Epoch:[143/300]	 Test acc=73.440
[2022-05-01 01:12:35,488][cbp1.py][line:191][INFO] Best Test acc=73.620
[2022-05-01 01:24:46,934][cbp1.py][line:180][INFO] Epoch:[144/300]	 loss=55.96212	 acc=99.922
[2022-05-01 01:25:20,892][cbp1.py][line:185][INFO] Epoch:[144/300]	 Test acc=73.430
[2022-05-01 01:25:20,893][cbp1.py][line:191][INFO] Best Test acc=73.620
[2022-05-01 01:37:32,648][cbp1.py][line:180][INFO] Epoch:[145/300]	 loss=55.14499	 acc=99.950
[2022-05-01 01:38:06,621][cbp1.py][line:185][INFO] Epoch:[145/300]	 Test acc=73.570
[2022-05-01 01:38:06,621][cbp1.py][line:191][INFO] Best Test acc=73.620
[2022-05-01 01:50:19,419][cbp1.py][line:180][INFO] Epoch:[146/300]	 loss=55.43367	 acc=99.940
[2022-05-01 01:50:53,209][cbp1.py][line:185][INFO] Epoch:[146/300]	 Test acc=73.120
[2022-05-01 01:50:53,209][cbp1.py][line:191][INFO] Best Test acc=73.620
[2022-05-01 02:03:05,982][cbp1.py][line:180][INFO] Epoch:[147/300]	 loss=55.96480	 acc=99.912
[2022-05-01 02:03:40,025][cbp1.py][line:185][INFO] Epoch:[147/300]	 Test acc=73.310
[2022-05-01 02:03:40,025][cbp1.py][line:191][INFO] Best Test acc=73.620
[2022-05-01 02:15:54,432][cbp1.py][line:180][INFO] Epoch:[148/300]	 loss=54.28814	 acc=99.928
[2022-05-01 02:16:28,450][cbp1.py][line:185][INFO] Epoch:[148/300]	 Test acc=73.370
[2022-05-01 02:16:28,450][cbp1.py][line:191][INFO] Best Test acc=73.620
[2022-05-01 02:28:43,420][cbp1.py][line:180][INFO] Epoch:[149/300]	 loss=54.74559	 acc=99.922
[2022-05-01 02:29:17,359][cbp1.py][line:185][INFO] Epoch:[149/300]	 Test acc=73.270
[2022-05-01 02:29:17,359][cbp1.py][line:191][INFO] Best Test acc=73.620
[2022-05-01 02:41:33,154][cbp1.py][line:180][INFO] Epoch:[150/300]	 loss=53.19459	 acc=99.964
[2022-05-01 02:42:07,186][cbp1.py][line:185][INFO] Epoch:[150/300]	 Test acc=73.860
[2022-05-01 02:42:07,186][cbp1.py][line:191][INFO] Best Test acc=73.860
[2022-05-01 02:54:23,436][cbp1.py][line:180][INFO] Epoch:[151/300]	 loss=53.36868	 acc=99.940
[2022-05-01 02:54:57,452][cbp1.py][line:185][INFO] Epoch:[151/300]	 Test acc=73.510
[2022-05-01 02:54:57,452][cbp1.py][line:191][INFO] Best Test acc=73.860
[2022-05-01 03:07:14,101][cbp1.py][line:180][INFO] Epoch:[152/300]	 loss=52.82344	 acc=99.942
[2022-05-01 03:07:48,024][cbp1.py][line:185][INFO] Epoch:[152/300]	 Test acc=73.530
[2022-05-01 03:07:48,024][cbp1.py][line:191][INFO] Best Test acc=73.860
[2022-05-01 03:20:05,940][cbp1.py][line:180][INFO] Epoch:[153/300]	 loss=53.59891	 acc=99.916
[2022-05-01 03:20:40,088][cbp1.py][line:185][INFO] Epoch:[153/300]	 Test acc=72.660
[2022-05-01 03:20:40,089][cbp1.py][line:191][INFO] Best Test acc=73.860
[2022-05-01 03:32:59,129][cbp1.py][line:180][INFO] Epoch:[154/300]	 loss=51.47890	 acc=99.948
[2022-05-01 03:33:33,212][cbp1.py][line:185][INFO] Epoch:[154/300]	 Test acc=73.540
[2022-05-01 03:33:33,212][cbp1.py][line:191][INFO] Best Test acc=73.860
[2022-05-01 03:45:52,524][cbp1.py][line:180][INFO] Epoch:[155/300]	 loss=51.06830	 acc=99.932
[2022-05-01 03:46:26,548][cbp1.py][line:185][INFO] Epoch:[155/300]	 Test acc=73.680
[2022-05-01 03:46:26,548][cbp1.py][line:191][INFO] Best Test acc=73.860
[2022-05-01 03:58:46,191][cbp1.py][line:180][INFO] Epoch:[156/300]	 loss=50.98187	 acc=99.936
[2022-05-01 03:59:20,050][cbp1.py][line:185][INFO] Epoch:[156/300]	 Test acc=73.900
[2022-05-01 03:59:20,050][cbp1.py][line:191][INFO] Best Test acc=73.900
[2022-05-01 04:11:41,739][cbp1.py][line:180][INFO] Epoch:[157/300]	 loss=50.69694	 acc=99.940
[2022-05-01 04:12:15,740][cbp1.py][line:185][INFO] Epoch:[157/300]	 Test acc=73.280
[2022-05-01 04:12:15,740][cbp1.py][line:191][INFO] Best Test acc=73.900
[2022-05-01 04:24:38,403][cbp1.py][line:180][INFO] Epoch:[158/300]	 loss=50.71419	 acc=99.946
[2022-05-01 04:25:12,347][cbp1.py][line:185][INFO] Epoch:[158/300]	 Test acc=73.850
[2022-05-01 04:25:12,347][cbp1.py][line:191][INFO] Best Test acc=73.900
[2022-05-01 04:37:34,342][cbp1.py][line:180][INFO] Epoch:[159/300]	 loss=49.78042	 acc=99.956
[2022-05-01 04:38:08,394][cbp1.py][line:185][INFO] Epoch:[159/300]	 Test acc=73.860
[2022-05-01 04:38:08,394][cbp1.py][line:191][INFO] Best Test acc=73.900
[2022-05-01 04:50:31,762][cbp1.py][line:180][INFO] Epoch:[160/300]	 loss=48.74941	 acc=99.954
[2022-05-01 04:51:05,516][cbp1.py][line:185][INFO] Epoch:[160/300]	 Test acc=73.710
[2022-05-01 04:51:05,517][cbp1.py][line:191][INFO] Best Test acc=73.900
[2022-05-01 05:03:30,597][cbp1.py][line:180][INFO] Epoch:[161/300]	 loss=49.55994	 acc=99.950
[2022-05-01 05:04:04,565][cbp1.py][line:185][INFO] Epoch:[161/300]	 Test acc=74.060
[2022-05-01 05:04:04,565][cbp1.py][line:191][INFO] Best Test acc=74.060
[2022-05-01 05:16:29,806][cbp1.py][line:180][INFO] Epoch:[162/300]	 loss=48.04297	 acc=99.952
[2022-05-01 05:17:03,767][cbp1.py][line:185][INFO] Epoch:[162/300]	 Test acc=73.680
[2022-05-01 05:17:03,767][cbp1.py][line:191][INFO] Best Test acc=74.060
[2022-05-01 05:29:29,459][cbp1.py][line:180][INFO] Epoch:[163/300]	 loss=48.84447	 acc=99.940
[2022-05-01 05:30:03,314][cbp1.py][line:185][INFO] Epoch:[163/300]	 Test acc=73.470
[2022-05-01 05:30:03,315][cbp1.py][line:191][INFO] Best Test acc=74.060
[2022-05-01 05:42:28,552][cbp1.py][line:180][INFO] Epoch:[164/300]	 loss=48.48229	 acc=99.948
[2022-05-01 05:43:02,607][cbp1.py][line:185][INFO] Epoch:[164/300]	 Test acc=73.770
[2022-05-01 05:43:02,607][cbp1.py][line:191][INFO] Best Test acc=74.060
[2022-05-01 05:55:29,595][cbp1.py][line:180][INFO] Epoch:[165/300]	 loss=48.78344	 acc=99.942
[2022-05-01 05:56:03,557][cbp1.py][line:185][INFO] Epoch:[165/300]	 Test acc=73.550
[2022-05-01 05:56:03,557][cbp1.py][line:191][INFO] Best Test acc=74.060
[2022-05-01 06:08:30,972][cbp1.py][line:180][INFO] Epoch:[166/300]	 loss=47.68137	 acc=99.948
[2022-05-01 06:09:04,829][cbp1.py][line:185][INFO] Epoch:[166/300]	 Test acc=73.670
[2022-05-01 06:09:04,829][cbp1.py][line:191][INFO] Best Test acc=74.060
[2022-05-01 06:21:33,660][cbp1.py][line:180][INFO] Epoch:[167/300]	 loss=46.73850	 acc=99.954
[2022-05-01 06:22:07,501][cbp1.py][line:185][INFO] Epoch:[167/300]	 Test acc=73.560
[2022-05-01 06:22:07,502][cbp1.py][line:191][INFO] Best Test acc=74.060
[2022-05-01 06:34:36,486][cbp1.py][line:180][INFO] Epoch:[168/300]	 loss=47.20795	 acc=99.942
[2022-05-01 06:35:10,372][cbp1.py][line:185][INFO] Epoch:[168/300]	 Test acc=73.830
[2022-05-01 06:35:10,372][cbp1.py][line:191][INFO] Best Test acc=74.060
[2022-05-01 06:47:41,158][cbp1.py][line:180][INFO] Epoch:[169/300]	 loss=46.94625	 acc=99.942
[2022-05-01 06:48:15,207][cbp1.py][line:185][INFO] Epoch:[169/300]	 Test acc=73.790
[2022-05-01 06:48:15,207][cbp1.py][line:191][INFO] Best Test acc=74.060
[2022-05-01 07:00:44,831][cbp1.py][line:180][INFO] Epoch:[170/300]	 loss=45.91755	 acc=99.950
[2022-05-01 07:01:18,985][cbp1.py][line:185][INFO] Epoch:[170/300]	 Test acc=74.430
[2022-05-01 07:01:18,985][cbp1.py][line:191][INFO] Best Test acc=74.430
[2022-05-01 07:13:50,743][cbp1.py][line:180][INFO] Epoch:[171/300]	 loss=46.09870	 acc=99.966
[2022-05-01 07:14:24,701][cbp1.py][line:185][INFO] Epoch:[171/300]	 Test acc=74.060
[2022-05-01 07:14:24,701][cbp1.py][line:191][INFO] Best Test acc=74.430
[2022-05-01 07:26:55,826][cbp1.py][line:180][INFO] Epoch:[172/300]	 loss=46.12200	 acc=99.956
[2022-05-01 07:27:29,629][cbp1.py][line:185][INFO] Epoch:[172/300]	 Test acc=74.080
[2022-05-01 07:27:29,629][cbp1.py][line:191][INFO] Best Test acc=74.430
[2022-05-01 07:40:01,912][cbp1.py][line:180][INFO] Epoch:[173/300]	 loss=44.90452	 acc=99.962
[2022-05-01 07:40:35,715][cbp1.py][line:185][INFO] Epoch:[173/300]	 Test acc=74.240
[2022-05-01 07:40:35,715][cbp1.py][line:191][INFO] Best Test acc=74.430
[2022-05-01 07:53:09,351][cbp1.py][line:180][INFO] Epoch:[174/300]	 loss=44.85001	 acc=99.960
[2022-05-01 07:53:43,373][cbp1.py][line:185][INFO] Epoch:[174/300]	 Test acc=73.770
[2022-05-01 07:53:43,373][cbp1.py][line:191][INFO] Best Test acc=74.430
[2022-05-01 08:06:18,248][cbp1.py][line:180][INFO] Epoch:[175/300]	 loss=44.79915	 acc=99.962
[2022-05-01 08:06:52,344][cbp1.py][line:185][INFO] Epoch:[175/300]	 Test acc=74.190
[2022-05-01 08:06:52,345][cbp1.py][line:191][INFO] Best Test acc=74.430
[2022-05-01 08:19:28,070][cbp1.py][line:180][INFO] Epoch:[176/300]	 loss=44.55982	 acc=99.968
[2022-05-01 08:20:01,976][cbp1.py][line:185][INFO] Epoch:[176/300]	 Test acc=73.700
[2022-05-01 08:20:01,976][cbp1.py][line:191][INFO] Best Test acc=74.430
[2022-05-01 08:32:38,746][cbp1.py][line:180][INFO] Epoch:[177/300]	 loss=43.51608	 acc=99.968
[2022-05-01 08:33:12,895][cbp1.py][line:185][INFO] Epoch:[177/300]	 Test acc=73.960
[2022-05-01 08:33:12,895][cbp1.py][line:191][INFO] Best Test acc=74.430
[2022-05-01 08:45:50,234][cbp1.py][line:180][INFO] Epoch:[178/300]	 loss=44.50454	 acc=99.944
[2022-05-01 08:46:24,351][cbp1.py][line:185][INFO] Epoch:[178/300]	 Test acc=73.810
[2022-05-01 08:46:24,352][cbp1.py][line:191][INFO] Best Test acc=74.430
[2022-05-01 08:59:02,393][cbp1.py][line:180][INFO] Epoch:[179/300]	 loss=42.69291	 acc=99.960
[2022-05-01 08:59:36,284][cbp1.py][line:185][INFO] Epoch:[179/300]	 Test acc=74.160
[2022-05-01 08:59:36,284][cbp1.py][line:191][INFO] Best Test acc=74.430
[2022-05-01 09:12:14,814][cbp1.py][line:180][INFO] Epoch:[180/300]	 loss=43.00372	 acc=99.958
[2022-05-01 09:12:48,995][cbp1.py][line:185][INFO] Epoch:[180/300]	 Test acc=74.100
[2022-05-01 09:12:48,995][cbp1.py][line:191][INFO] Best Test acc=74.430
[2022-05-01 09:25:28,246][cbp1.py][line:180][INFO] Epoch:[181/300]	 loss=43.62639	 acc=99.954
[2022-05-01 09:26:02,199][cbp1.py][line:185][INFO] Epoch:[181/300]	 Test acc=74.090
[2022-05-01 09:26:02,199][cbp1.py][line:191][INFO] Best Test acc=74.430
[2022-05-01 09:38:42,808][cbp1.py][line:180][INFO] Epoch:[182/300]	 loss=42.58661	 acc=99.958
[2022-05-01 09:39:16,690][cbp1.py][line:185][INFO] Epoch:[182/300]	 Test acc=73.610
[2022-05-01 09:39:16,690][cbp1.py][line:191][INFO] Best Test acc=74.430
[2022-05-01 09:51:57,467][cbp1.py][line:180][INFO] Epoch:[183/300]	 loss=42.04693	 acc=99.964
[2022-05-01 09:52:31,342][cbp1.py][line:185][INFO] Epoch:[183/300]	 Test acc=74.020
[2022-05-01 09:52:31,342][cbp1.py][line:191][INFO] Best Test acc=74.430
[2022-05-01 10:05:12,160][cbp1.py][line:180][INFO] Epoch:[184/300]	 loss=42.34047	 acc=99.970
[2022-05-01 10:05:46,056][cbp1.py][line:185][INFO] Epoch:[184/300]	 Test acc=74.220
[2022-05-01 10:05:46,056][cbp1.py][line:191][INFO] Best Test acc=74.430
[2022-05-01 10:18:29,930][cbp1.py][line:180][INFO] Epoch:[185/300]	 loss=42.22571	 acc=99.968
[2022-05-01 10:19:04,047][cbp1.py][line:185][INFO] Epoch:[185/300]	 Test acc=73.960
[2022-05-01 10:19:04,047][cbp1.py][line:191][INFO] Best Test acc=74.430
[2022-05-01 10:31:47,314][cbp1.py][line:180][INFO] Epoch:[186/300]	 loss=41.65249	 acc=99.960
[2022-05-01 10:32:21,262][cbp1.py][line:185][INFO] Epoch:[186/300]	 Test acc=73.410
[2022-05-01 10:32:21,262][cbp1.py][line:191][INFO] Best Test acc=74.430
[2022-05-01 10:45:04,822][cbp1.py][line:180][INFO] Epoch:[187/300]	 loss=41.59829	 acc=99.962
[2022-05-01 10:45:38,944][cbp1.py][line:185][INFO] Epoch:[187/300]	 Test acc=74.040
[2022-05-01 10:45:38,944][cbp1.py][line:191][INFO] Best Test acc=74.430
[2022-05-01 10:58:23,871][cbp1.py][line:180][INFO] Epoch:[188/300]	 loss=41.31438	 acc=99.968
[2022-05-01 10:58:58,002][cbp1.py][line:185][INFO] Epoch:[188/300]	 Test acc=74.000
[2022-05-01 10:58:58,002][cbp1.py][line:191][INFO] Best Test acc=74.430
[2022-05-01 11:11:42,841][cbp1.py][line:180][INFO] Epoch:[189/300]	 loss=40.74786	 acc=99.964
[2022-05-01 11:12:16,879][cbp1.py][line:185][INFO] Epoch:[189/300]	 Test acc=74.200
[2022-05-01 11:12:16,880][cbp1.py][line:191][INFO] Best Test acc=74.430
[2022-05-01 11:25:04,152][cbp1.py][line:180][INFO] Epoch:[190/300]	 loss=40.50047	 acc=99.968
[2022-05-01 11:25:38,219][cbp1.py][line:185][INFO] Epoch:[190/300]	 Test acc=73.860
[2022-05-01 11:25:38,219][cbp1.py][line:191][INFO] Best Test acc=74.430
[2022-05-01 11:38:25,688][cbp1.py][line:180][INFO] Epoch:[191/300]	 loss=40.23595	 acc=99.970
[2022-05-01 11:38:59,651][cbp1.py][line:185][INFO] Epoch:[191/300]	 Test acc=74.290
[2022-05-01 11:38:59,651][cbp1.py][line:191][INFO] Best Test acc=74.430
[2022-05-01 11:51:48,205][cbp1.py][line:180][INFO] Epoch:[192/300]	 loss=39.52512	 acc=99.974
[2022-05-01 11:52:22,449][cbp1.py][line:185][INFO] Epoch:[192/300]	 Test acc=74.110
[2022-05-01 11:52:22,449][cbp1.py][line:191][INFO] Best Test acc=74.430
[2022-05-01 12:05:11,638][cbp1.py][line:180][INFO] Epoch:[193/300]	 loss=39.76557	 acc=99.968
[2022-05-01 12:05:45,734][cbp1.py][line:185][INFO] Epoch:[193/300]	 Test acc=74.230
[2022-05-01 12:05:45,734][cbp1.py][line:191][INFO] Best Test acc=74.430
[2022-05-01 12:18:35,208][cbp1.py][line:180][INFO] Epoch:[194/300]	 loss=39.68942	 acc=99.974
[2022-05-01 12:19:09,247][cbp1.py][line:185][INFO] Epoch:[194/300]	 Test acc=74.440
[2022-05-01 12:19:09,247][cbp1.py][line:191][INFO] Best Test acc=74.440
[2022-05-01 12:31:59,863][cbp1.py][line:180][INFO] Epoch:[195/300]	 loss=39.76173	 acc=99.968
[2022-05-01 12:32:33,734][cbp1.py][line:185][INFO] Epoch:[195/300]	 Test acc=74.870
[2022-05-01 12:32:33,734][cbp1.py][line:191][INFO] Best Test acc=74.870
[2022-05-01 12:45:25,226][cbp1.py][line:180][INFO] Epoch:[196/300]	 loss=38.61682	 acc=99.974
[2022-05-01 12:45:59,283][cbp1.py][line:185][INFO] Epoch:[196/300]	 Test acc=74.420
[2022-05-01 12:45:59,283][cbp1.py][line:191][INFO] Best Test acc=74.870
[2022-05-01 12:58:52,094][cbp1.py][line:180][INFO] Epoch:[197/300]	 loss=39.41654	 acc=99.970
[2022-05-01 12:59:26,170][cbp1.py][line:185][INFO] Epoch:[197/300]	 Test acc=74.000
[2022-05-01 12:59:26,170][cbp1.py][line:191][INFO] Best Test acc=74.870
[2022-05-01 13:12:20,889][cbp1.py][line:180][INFO] Epoch:[198/300]	 loss=38.66271	 acc=99.970
[2022-05-01 13:12:54,921][cbp1.py][line:185][INFO] Epoch:[198/300]	 Test acc=74.600
[2022-05-01 13:12:54,921][cbp1.py][line:191][INFO] Best Test acc=74.870
[2022-05-01 13:25:50,058][cbp1.py][line:180][INFO] Epoch:[199/300]	 loss=38.70415	 acc=99.966
[2022-05-01 13:26:24,049][cbp1.py][line:185][INFO] Epoch:[199/300]	 Test acc=74.510
[2022-05-01 13:26:24,050][cbp1.py][line:191][INFO] Best Test acc=74.870
[2022-05-01 13:39:19,510][cbp1.py][line:180][INFO] Epoch:[200/300]	 loss=38.37315	 acc=99.970
[2022-05-01 13:39:53,543][cbp1.py][line:185][INFO] Epoch:[200/300]	 Test acc=74.120
[2022-05-01 13:39:53,543][cbp1.py][line:191][INFO] Best Test acc=74.870
[2022-05-01 13:52:50,450][cbp1.py][line:180][INFO] Epoch:[201/300]	 loss=37.94975	 acc=99.972
[2022-05-01 13:53:24,606][cbp1.py][line:185][INFO] Epoch:[201/300]	 Test acc=74.210
[2022-05-01 13:53:24,606][cbp1.py][line:191][INFO] Best Test acc=74.870
[2022-05-01 14:06:20,561][cbp1.py][line:180][INFO] Epoch:[202/300]	 loss=37.77189	 acc=99.974
[2022-05-01 14:06:54,564][cbp1.py][line:185][INFO] Epoch:[202/300]	 Test acc=74.650
[2022-05-01 14:06:54,564][cbp1.py][line:191][INFO] Best Test acc=74.870
[2022-05-01 14:19:52,017][cbp1.py][line:180][INFO] Epoch:[203/300]	 loss=37.80959	 acc=99.968
[2022-05-01 14:20:26,157][cbp1.py][line:185][INFO] Epoch:[203/300]	 Test acc=74.500
[2022-05-01 14:20:26,157][cbp1.py][line:191][INFO] Best Test acc=74.870
[2022-05-01 14:33:24,490][cbp1.py][line:180][INFO] Epoch:[204/300]	 loss=37.29747	 acc=99.982
[2022-05-01 14:33:58,695][cbp1.py][line:185][INFO] Epoch:[204/300]	 Test acc=74.120
[2022-05-01 14:33:58,696][cbp1.py][line:191][INFO] Best Test acc=74.870
[2022-05-01 14:46:59,086][cbp1.py][line:180][INFO] Epoch:[205/300]	 loss=37.31832	 acc=99.964
[2022-05-01 14:47:33,248][cbp1.py][line:185][INFO] Epoch:[205/300]	 Test acc=74.220
[2022-05-01 14:47:33,249][cbp1.py][line:191][INFO] Best Test acc=74.870
[2022-05-01 15:00:33,277][cbp1.py][line:180][INFO] Epoch:[206/300]	 loss=36.93887	 acc=99.976
[2022-05-01 15:01:07,303][cbp1.py][line:185][INFO] Epoch:[206/300]	 Test acc=74.500
[2022-05-01 15:01:07,304][cbp1.py][line:191][INFO] Best Test acc=74.870
[2022-05-01 15:14:08,172][cbp1.py][line:180][INFO] Epoch:[207/300]	 loss=37.13663	 acc=99.968
[2022-05-01 15:14:42,312][cbp1.py][line:185][INFO] Epoch:[207/300]	 Test acc=74.220
[2022-05-01 15:14:42,313][cbp1.py][line:191][INFO] Best Test acc=74.870
[2022-05-01 15:27:42,284][cbp1.py][line:180][INFO] Epoch:[208/300]	 loss=36.68121	 acc=99.974
[2022-05-01 15:28:16,412][cbp1.py][line:185][INFO] Epoch:[208/300]	 Test acc=73.880
[2022-05-01 15:28:16,413][cbp1.py][line:191][INFO] Best Test acc=74.870
[2022-05-01 15:41:20,482][cbp1.py][line:180][INFO] Epoch:[209/300]	 loss=36.67026	 acc=99.974
[2022-05-01 15:41:54,582][cbp1.py][line:185][INFO] Epoch:[209/300]	 Test acc=74.380
[2022-05-01 15:41:54,582][cbp1.py][line:191][INFO] Best Test acc=74.870
[2022-05-01 15:54:57,628][cbp1.py][line:180][INFO] Epoch:[210/300]	 loss=36.72234	 acc=99.972
[2022-05-01 15:55:31,606][cbp1.py][line:185][INFO] Epoch:[210/300]	 Test acc=74.700
[2022-05-01 15:55:31,606][cbp1.py][line:191][INFO] Best Test acc=74.870
[2022-05-01 16:08:35,368][cbp1.py][line:180][INFO] Epoch:[211/300]	 loss=36.38803	 acc=99.970
[2022-05-01 16:09:09,364][cbp1.py][line:185][INFO] Epoch:[211/300]	 Test acc=74.630
[2022-05-01 16:09:09,364][cbp1.py][line:191][INFO] Best Test acc=74.870
[2022-05-01 16:22:14,513][cbp1.py][line:180][INFO] Epoch:[212/300]	 loss=36.36994	 acc=99.978
[2022-05-01 16:22:48,376][cbp1.py][line:185][INFO] Epoch:[212/300]	 Test acc=74.480
[2022-05-01 16:22:48,376][cbp1.py][line:191][INFO] Best Test acc=74.870
[2022-05-01 16:35:52,932][cbp1.py][line:180][INFO] Epoch:[213/300]	 loss=36.34035	 acc=99.970
[2022-05-01 16:36:26,956][cbp1.py][line:185][INFO] Epoch:[213/300]	 Test acc=74.530
[2022-05-01 16:36:26,957][cbp1.py][line:191][INFO] Best Test acc=74.870
[2022-05-01 16:49:32,911][cbp1.py][line:180][INFO] Epoch:[214/300]	 loss=36.13599	 acc=99.982
[2022-05-01 16:50:06,879][cbp1.py][line:185][INFO] Epoch:[214/300]	 Test acc=74.800
[2022-05-01 16:50:06,879][cbp1.py][line:191][INFO] Best Test acc=74.870
[2022-05-01 17:03:13,397][cbp1.py][line:180][INFO] Epoch:[215/300]	 loss=35.54897	 acc=99.976
[2022-05-01 17:03:47,294][cbp1.py][line:185][INFO] Epoch:[215/300]	 Test acc=74.510
[2022-05-01 17:03:47,294][cbp1.py][line:191][INFO] Best Test acc=74.870
[2022-05-01 17:16:54,867][cbp1.py][line:180][INFO] Epoch:[216/300]	 loss=35.93101	 acc=99.976
[2022-05-01 17:17:28,839][cbp1.py][line:185][INFO] Epoch:[216/300]	 Test acc=74.800
[2022-05-01 17:17:28,839][cbp1.py][line:191][INFO] Best Test acc=74.870
[2022-05-01 17:30:37,449][cbp1.py][line:180][INFO] Epoch:[217/300]	 loss=35.73166	 acc=99.982
[2022-05-01 17:31:11,412][cbp1.py][line:185][INFO] Epoch:[217/300]	 Test acc=74.500
[2022-05-01 17:31:11,412][cbp1.py][line:191][INFO] Best Test acc=74.870
[2022-05-01 17:44:21,230][cbp1.py][line:180][INFO] Epoch:[218/300]	 loss=35.63453	 acc=99.974
[2022-05-01 17:44:55,278][cbp1.py][line:185][INFO] Epoch:[218/300]	 Test acc=74.460
[2022-05-01 17:44:55,278][cbp1.py][line:191][INFO] Best Test acc=74.870
[2022-05-01 17:58:05,851][cbp1.py][line:180][INFO] Epoch:[219/300]	 loss=35.18060	 acc=99.974
[2022-05-01 17:58:39,956][cbp1.py][line:185][INFO] Epoch:[219/300]	 Test acc=74.630
[2022-05-01 17:58:39,956][cbp1.py][line:191][INFO] Best Test acc=74.870
[2022-05-01 18:11:50,584][cbp1.py][line:180][INFO] Epoch:[220/300]	 loss=35.35587	 acc=99.976
[2022-05-01 18:12:24,806][cbp1.py][line:185][INFO] Epoch:[220/300]	 Test acc=74.750
[2022-05-01 18:12:24,807][cbp1.py][line:191][INFO] Best Test acc=74.870
[2022-05-01 18:25:39,695][cbp1.py][line:180][INFO] Epoch:[221/300]	 loss=34.66387	 acc=99.978
[2022-05-01 18:26:13,668][cbp1.py][line:185][INFO] Epoch:[221/300]	 Test acc=74.740
[2022-05-01 18:26:13,668][cbp1.py][line:191][INFO] Best Test acc=74.870
[2022-05-01 18:39:26,868][cbp1.py][line:180][INFO] Epoch:[222/300]	 loss=34.88111	 acc=99.978
[2022-05-01 18:40:00,984][cbp1.py][line:185][INFO] Epoch:[222/300]	 Test acc=74.910
[2022-05-01 18:40:00,985][cbp1.py][line:191][INFO] Best Test acc=74.910
[2022-05-01 18:53:13,564][cbp1.py][line:180][INFO] Epoch:[223/300]	 loss=34.77447	 acc=99.970
[2022-05-01 18:53:47,580][cbp1.py][line:185][INFO] Epoch:[223/300]	 Test acc=74.640
[2022-05-01 18:53:47,581][cbp1.py][line:191][INFO] Best Test acc=74.910
[2022-05-01 19:07:02,201][cbp1.py][line:180][INFO] Epoch:[224/300]	 loss=34.63086	 acc=99.982
[2022-05-01 19:07:36,144][cbp1.py][line:185][INFO] Epoch:[224/300]	 Test acc=74.890
[2022-05-01 19:07:36,144][cbp1.py][line:191][INFO] Best Test acc=74.910
[2022-05-01 19:20:51,985][cbp1.py][line:180][INFO] Epoch:[225/300]	 loss=34.63003	 acc=99.974
[2022-05-01 19:21:26,127][cbp1.py][line:185][INFO] Epoch:[225/300]	 Test acc=74.700
[2022-05-01 19:21:26,127][cbp1.py][line:191][INFO] Best Test acc=74.910
[2022-05-01 19:34:42,986][cbp1.py][line:180][INFO] Epoch:[226/300]	 loss=34.14356	 acc=99.980
[2022-05-01 19:35:17,053][cbp1.py][line:185][INFO] Epoch:[226/300]	 Test acc=74.850
[2022-05-01 19:35:17,053][cbp1.py][line:191][INFO] Best Test acc=74.910
[2022-05-01 19:48:33,422][cbp1.py][line:180][INFO] Epoch:[227/300]	 loss=34.50705	 acc=99.972
[2022-05-01 19:49:07,350][cbp1.py][line:185][INFO] Epoch:[227/300]	 Test acc=74.690
[2022-05-01 19:49:07,351][cbp1.py][line:191][INFO] Best Test acc=74.910
[2022-05-01 20:02:24,640][cbp1.py][line:180][INFO] Epoch:[228/300]	 loss=34.35587	 acc=99.972
[2022-05-01 20:02:58,630][cbp1.py][line:185][INFO] Epoch:[228/300]	 Test acc=74.690
[2022-05-01 20:02:58,630][cbp1.py][line:191][INFO] Best Test acc=74.910
[2022-05-01 20:16:17,824][cbp1.py][line:180][INFO] Epoch:[229/300]	 loss=33.98780	 acc=99.974
[2022-05-01 20:16:52,022][cbp1.py][line:185][INFO] Epoch:[229/300]	 Test acc=74.840
[2022-05-01 20:16:52,023][cbp1.py][line:191][INFO] Best Test acc=74.910
[2022-05-01 20:30:12,322][cbp1.py][line:180][INFO] Epoch:[230/300]	 loss=34.07886	 acc=99.974
[2022-05-01 20:30:46,475][cbp1.py][line:185][INFO] Epoch:[230/300]	 Test acc=75.010
[2022-05-01 20:30:46,475][cbp1.py][line:191][INFO] Best Test acc=75.010
[2022-05-01 20:44:06,758][cbp1.py][line:180][INFO] Epoch:[231/300]	 loss=33.82470	 acc=99.972
[2022-05-01 20:44:40,817][cbp1.py][line:185][INFO] Epoch:[231/300]	 Test acc=74.920
[2022-05-01 20:44:40,817][cbp1.py][line:191][INFO] Best Test acc=75.010
[2022-05-01 20:58:02,561][cbp1.py][line:180][INFO] Epoch:[232/300]	 loss=33.71763	 acc=99.980
[2022-05-01 20:58:36,793][cbp1.py][line:185][INFO] Epoch:[232/300]	 Test acc=74.900
[2022-05-01 20:58:36,793][cbp1.py][line:191][INFO] Best Test acc=75.010
[2022-05-01 21:11:58,468][cbp1.py][line:180][INFO] Epoch:[233/300]	 loss=33.67498	 acc=99.974
[2022-05-01 21:12:32,580][cbp1.py][line:185][INFO] Epoch:[233/300]	 Test acc=74.690
[2022-05-01 21:12:32,580][cbp1.py][line:191][INFO] Best Test acc=75.010
[2022-05-01 21:25:55,560][cbp1.py][line:180][INFO] Epoch:[234/300]	 loss=33.66006	 acc=99.970
[2022-05-01 21:26:29,661][cbp1.py][line:185][INFO] Epoch:[234/300]	 Test acc=75.140
[2022-05-01 21:26:29,661][cbp1.py][line:191][INFO] Best Test acc=75.140
[2022-05-01 21:39:53,262][cbp1.py][line:180][INFO] Epoch:[235/300]	 loss=33.63680	 acc=99.972
[2022-05-01 21:40:27,361][cbp1.py][line:185][INFO] Epoch:[235/300]	 Test acc=74.820
[2022-05-01 21:40:27,361][cbp1.py][line:191][INFO] Best Test acc=75.140
[2022-05-01 21:53:50,975][cbp1.py][line:180][INFO] Epoch:[236/300]	 loss=33.22259	 acc=99.978
[2022-05-01 21:54:25,026][cbp1.py][line:185][INFO] Epoch:[236/300]	 Test acc=74.920
[2022-05-01 21:54:25,026][cbp1.py][line:191][INFO] Best Test acc=75.140
[2022-05-01 22:07:50,109][cbp1.py][line:180][INFO] Epoch:[237/300]	 loss=33.16498	 acc=99.980
[2022-05-01 22:08:24,239][cbp1.py][line:185][INFO] Epoch:[237/300]	 Test acc=75.120
[2022-05-01 22:08:24,239][cbp1.py][line:191][INFO] Best Test acc=75.140
[2022-05-01 22:21:49,709][cbp1.py][line:180][INFO] Epoch:[238/300]	 loss=33.30352	 acc=99.980
[2022-05-01 22:22:23,791][cbp1.py][line:185][INFO] Epoch:[238/300]	 Test acc=75.050
[2022-05-01 22:22:23,791][cbp1.py][line:191][INFO] Best Test acc=75.140
[2022-05-01 22:35:49,477][cbp1.py][line:180][INFO] Epoch:[239/300]	 loss=32.97945	 acc=99.970
[2022-05-01 22:36:23,489][cbp1.py][line:185][INFO] Epoch:[239/300]	 Test acc=74.420
[2022-05-01 22:36:23,490][cbp1.py][line:191][INFO] Best Test acc=75.140
[2022-05-01 22:49:51,768][cbp1.py][line:180][INFO] Epoch:[240/300]	 loss=33.29035	 acc=99.984
[2022-05-01 22:50:25,863][cbp1.py][line:185][INFO] Epoch:[240/300]	 Test acc=74.810
[2022-05-01 22:50:25,863][cbp1.py][line:191][INFO] Best Test acc=75.140
[2022-05-01 23:03:54,801][cbp1.py][line:180][INFO] Epoch:[241/300]	 loss=32.80807	 acc=99.972
[2022-05-01 23:04:28,861][cbp1.py][line:185][INFO] Epoch:[241/300]	 Test acc=74.830
[2022-05-01 23:04:28,861][cbp1.py][line:191][INFO] Best Test acc=75.140
[2022-05-01 23:17:58,088][cbp1.py][line:180][INFO] Epoch:[242/300]	 loss=32.87259	 acc=99.982
[2022-05-01 23:18:32,213][cbp1.py][line:185][INFO] Epoch:[242/300]	 Test acc=74.530
[2022-05-01 23:18:32,213][cbp1.py][line:191][INFO] Best Test acc=75.140
[2022-05-01 23:32:01,742][cbp1.py][line:180][INFO] Epoch:[243/300]	 loss=32.68843	 acc=99.982
[2022-05-01 23:32:35,835][cbp1.py][line:185][INFO] Epoch:[243/300]	 Test acc=74.680
[2022-05-01 23:32:35,835][cbp1.py][line:191][INFO] Best Test acc=75.140
[2022-05-01 23:46:05,772][cbp1.py][line:180][INFO] Epoch:[244/300]	 loss=33.01314	 acc=99.978
[2022-05-01 23:46:39,878][cbp1.py][line:185][INFO] Epoch:[244/300]	 Test acc=74.560
[2022-05-01 23:46:39,878][cbp1.py][line:191][INFO] Best Test acc=75.140
[2022-05-02 00:00:10,059][cbp1.py][line:180][INFO] Epoch:[245/300]	 loss=32.76759	 acc=99.972
[2022-05-02 00:00:44,129][cbp1.py][line:185][INFO] Epoch:[245/300]	 Test acc=74.660
[2022-05-02 00:00:44,129][cbp1.py][line:191][INFO] Best Test acc=75.140
[2022-05-02 00:14:16,328][cbp1.py][line:180][INFO] Epoch:[246/300]	 loss=32.54382	 acc=99.976
[2022-05-02 00:14:50,408][cbp1.py][line:185][INFO] Epoch:[246/300]	 Test acc=75.220
[2022-05-02 00:14:50,408][cbp1.py][line:191][INFO] Best Test acc=75.220
[2022-05-02 00:28:24,245][cbp1.py][line:180][INFO] Epoch:[247/300]	 loss=32.67915	 acc=99.972
[2022-05-02 00:28:58,233][cbp1.py][line:185][INFO] Epoch:[247/300]	 Test acc=74.780
[2022-05-02 00:28:58,233][cbp1.py][line:191][INFO] Best Test acc=75.220
[2022-05-02 00:42:31,293][cbp1.py][line:180][INFO] Epoch:[248/300]	 loss=32.43915	 acc=99.976
[2022-05-02 00:43:05,418][cbp1.py][line:185][INFO] Epoch:[248/300]	 Test acc=74.780
[2022-05-02 00:43:05,419][cbp1.py][line:191][INFO] Best Test acc=75.220
[2022-05-02 00:56:39,552][cbp1.py][line:180][INFO] Epoch:[249/300]	 loss=32.28785	 acc=99.976
[2022-05-02 00:57:13,539][cbp1.py][line:185][INFO] Epoch:[249/300]	 Test acc=75.370
[2022-05-02 00:57:13,539][cbp1.py][line:191][INFO] Best Test acc=75.370
[2022-05-02 01:10:51,292][cbp1.py][line:180][INFO] Epoch:[250/300]	 loss=32.51880	 acc=99.972
[2022-05-02 01:11:25,425][cbp1.py][line:185][INFO] Epoch:[250/300]	 Test acc=75.140
[2022-05-02 01:11:25,426][cbp1.py][line:191][INFO] Best Test acc=75.370
[2022-05-02 01:25:00,206][cbp1.py][line:180][INFO] Epoch:[251/300]	 loss=32.23695	 acc=99.980
[2022-05-02 01:25:34,132][cbp1.py][line:185][INFO] Epoch:[251/300]	 Test acc=75.100
[2022-05-02 01:25:34,132][cbp1.py][line:191][INFO] Best Test acc=75.370
[2022-05-02 01:39:09,607][cbp1.py][line:180][INFO] Epoch:[252/300]	 loss=32.01841	 acc=99.982
[2022-05-02 01:39:43,610][cbp1.py][line:185][INFO] Epoch:[252/300]	 Test acc=75.190
[2022-05-02 01:39:43,610][cbp1.py][line:191][INFO] Best Test acc=75.370
[2022-05-02 01:53:20,121][cbp1.py][line:180][INFO] Epoch:[253/300]	 loss=32.01078	 acc=99.986
[2022-05-02 01:53:54,208][cbp1.py][line:185][INFO] Epoch:[253/300]	 Test acc=74.950
[2022-05-02 01:53:54,209][cbp1.py][line:191][INFO] Best Test acc=75.370
[2022-05-02 02:07:33,165][cbp1.py][line:180][INFO] Epoch:[254/300]	 loss=32.16100	 acc=99.974
[2022-05-02 02:08:07,311][cbp1.py][line:185][INFO] Epoch:[254/300]	 Test acc=74.840
[2022-05-02 02:08:07,312][cbp1.py][line:191][INFO] Best Test acc=75.370
[2022-05-02 02:21:46,191][cbp1.py][line:180][INFO] Epoch:[255/300]	 loss=32.16687	 acc=99.984
[2022-05-02 02:22:20,319][cbp1.py][line:185][INFO] Epoch:[255/300]	 Test acc=74.890
[2022-05-02 02:22:20,319][cbp1.py][line:191][INFO] Best Test acc=75.370
[2022-05-02 02:35:59,944][cbp1.py][line:180][INFO] Epoch:[256/300]	 loss=31.80089	 acc=99.982
[2022-05-02 02:36:34,017][cbp1.py][line:185][INFO] Epoch:[256/300]	 Test acc=74.870
[2022-05-02 02:36:34,018][cbp1.py][line:191][INFO] Best Test acc=75.370
[2022-05-02 02:50:13,701][cbp1.py][line:180][INFO] Epoch:[257/300]	 loss=32.13733	 acc=99.972
[2022-05-02 02:50:47,803][cbp1.py][line:185][INFO] Epoch:[257/300]	 Test acc=74.920
[2022-05-02 02:50:47,803][cbp1.py][line:191][INFO] Best Test acc=75.370
[2022-05-02 03:04:30,073][cbp1.py][line:180][INFO] Epoch:[258/300]	 loss=31.85717	 acc=99.978
[2022-05-02 03:05:04,209][cbp1.py][line:185][INFO] Epoch:[258/300]	 Test acc=75.360
[2022-05-02 03:05:04,209][cbp1.py][line:191][INFO] Best Test acc=75.370
[2022-05-02 03:18:46,046][cbp1.py][line:180][INFO] Epoch:[259/300]	 loss=31.99514	 acc=99.978
[2022-05-02 03:19:20,209][cbp1.py][line:185][INFO] Epoch:[259/300]	 Test acc=74.970
[2022-05-02 03:19:20,209][cbp1.py][line:191][INFO] Best Test acc=75.370
[2022-05-02 03:33:01,257][cbp1.py][line:180][INFO] Epoch:[260/300]	 loss=31.79183	 acc=99.974
[2022-05-02 03:33:35,394][cbp1.py][line:185][INFO] Epoch:[260/300]	 Test acc=75.150
[2022-05-02 03:33:35,394][cbp1.py][line:191][INFO] Best Test acc=75.370
[2022-05-02 03:47:18,583][cbp1.py][line:180][INFO] Epoch:[261/300]	 loss=31.65863	 acc=99.980
[2022-05-02 03:47:52,785][cbp1.py][line:185][INFO] Epoch:[261/300]	 Test acc=74.960
[2022-05-02 03:47:52,785][cbp1.py][line:191][INFO] Best Test acc=75.370
[2022-05-02 04:01:37,417][cbp1.py][line:180][INFO] Epoch:[262/300]	 loss=31.78636	 acc=99.980
[2022-05-02 04:02:11,431][cbp1.py][line:185][INFO] Epoch:[262/300]	 Test acc=75.090
[2022-05-02 04:02:11,432][cbp1.py][line:191][INFO] Best Test acc=75.370
[2022-05-02 04:15:57,416][cbp1.py][line:180][INFO] Epoch:[263/300]	 loss=31.71278	 acc=99.976
[2022-05-02 04:16:31,638][cbp1.py][line:185][INFO] Epoch:[263/300]	 Test acc=75.280
[2022-05-02 04:16:31,638][cbp1.py][line:191][INFO] Best Test acc=75.370
[2022-05-02 04:30:16,834][cbp1.py][line:180][INFO] Epoch:[264/300]	 loss=31.81344	 acc=99.978
[2022-05-02 04:30:50,989][cbp1.py][line:185][INFO] Epoch:[264/300]	 Test acc=75.480
[2022-05-02 04:30:50,989][cbp1.py][line:191][INFO] Best Test acc=75.480
[2022-05-02 04:44:36,972][cbp1.py][line:180][INFO] Epoch:[265/300]	 loss=31.58190	 acc=99.988
[2022-05-02 04:45:11,248][cbp1.py][line:185][INFO] Epoch:[265/300]	 Test acc=74.920
[2022-05-02 04:45:11,249][cbp1.py][line:191][INFO] Best Test acc=75.480
[2022-05-02 04:58:58,517][cbp1.py][line:180][INFO] Epoch:[266/300]	 loss=31.59116	 acc=99.986
[2022-05-02 04:59:32,703][cbp1.py][line:185][INFO] Epoch:[266/300]	 Test acc=75.000
[2022-05-02 04:59:32,703][cbp1.py][line:191][INFO] Best Test acc=75.480
[2022-05-02 05:13:21,082][cbp1.py][line:180][INFO] Epoch:[267/300]	 loss=31.47943	 acc=99.978
[2022-05-02 05:13:55,302][cbp1.py][line:185][INFO] Epoch:[267/300]	 Test acc=75.110
[2022-05-02 05:13:55,302][cbp1.py][line:191][INFO] Best Test acc=75.480
[2022-05-02 05:27:44,092][cbp1.py][line:180][INFO] Epoch:[268/300]	 loss=31.33842	 acc=99.978
[2022-05-02 05:28:18,245][cbp1.py][line:185][INFO] Epoch:[268/300]	 Test acc=75.100
[2022-05-02 05:28:18,245][cbp1.py][line:191][INFO] Best Test acc=75.480
[2022-05-02 05:42:07,728][cbp1.py][line:180][INFO] Epoch:[269/300]	 loss=31.56169	 acc=99.980
[2022-05-02 05:42:41,791][cbp1.py][line:185][INFO] Epoch:[269/300]	 Test acc=75.140
[2022-05-02 05:42:41,792][cbp1.py][line:191][INFO] Best Test acc=75.480
[2022-05-02 05:56:31,398][cbp1.py][line:180][INFO] Epoch:[270/300]	 loss=31.29372	 acc=99.978
[2022-05-02 05:57:05,504][cbp1.py][line:185][INFO] Epoch:[270/300]	 Test acc=74.820
[2022-05-02 05:57:05,504][cbp1.py][line:191][INFO] Best Test acc=75.480
[2022-05-02 06:10:56,670][cbp1.py][line:180][INFO] Epoch:[271/300]	 loss=31.16723	 acc=99.984
[2022-05-02 06:11:30,947][cbp1.py][line:185][INFO] Epoch:[271/300]	 Test acc=75.300
[2022-05-02 06:11:30,948][cbp1.py][line:191][INFO] Best Test acc=75.480
[2022-05-02 06:25:22,428][cbp1.py][line:180][INFO] Epoch:[272/300]	 loss=31.23765	 acc=99.984
[2022-05-02 06:25:56,642][cbp1.py][line:185][INFO] Epoch:[272/300]	 Test acc=75.290
[2022-05-02 06:25:56,642][cbp1.py][line:191][INFO] Best Test acc=75.480
[2022-05-02 06:39:49,307][cbp1.py][line:180][INFO] Epoch:[273/300]	 loss=31.41034	 acc=99.976
[2022-05-02 06:40:23,487][cbp1.py][line:185][INFO] Epoch:[273/300]	 Test acc=75.110
[2022-05-02 06:40:23,487][cbp1.py][line:191][INFO] Best Test acc=75.480
[2022-05-02 06:54:16,935][cbp1.py][line:180][INFO] Epoch:[274/300]	 loss=31.13618	 acc=99.980
[2022-05-02 06:54:50,958][cbp1.py][line:185][INFO] Epoch:[274/300]	 Test acc=75.120
[2022-05-02 06:54:50,958][cbp1.py][line:191][INFO] Best Test acc=75.480
[2022-05-02 07:08:44,455][cbp1.py][line:180][INFO] Epoch:[275/300]	 loss=31.36801	 acc=99.978
[2022-05-02 07:09:18,639][cbp1.py][line:185][INFO] Epoch:[275/300]	 Test acc=75.080
[2022-05-02 07:09:18,639][cbp1.py][line:191][INFO] Best Test acc=75.480
[2022-05-02 07:23:13,080][cbp1.py][line:180][INFO] Epoch:[276/300]	 loss=30.95936	 acc=99.978
[2022-05-02 07:23:47,152][cbp1.py][line:185][INFO] Epoch:[276/300]	 Test acc=75.090
[2022-05-02 07:23:47,152][cbp1.py][line:191][INFO] Best Test acc=75.480
[2022-05-02 07:37:42,234][cbp1.py][line:180][INFO] Epoch:[277/300]	 loss=31.13722	 acc=99.978
[2022-05-02 07:38:16,408][cbp1.py][line:185][INFO] Epoch:[277/300]	 Test acc=75.240
[2022-05-02 07:38:16,409][cbp1.py][line:191][INFO] Best Test acc=75.480
[2022-05-02 07:52:11,833][cbp1.py][line:180][INFO] Epoch:[278/300]	 loss=31.09030	 acc=99.978
[2022-05-02 07:52:45,858][cbp1.py][line:185][INFO] Epoch:[278/300]	 Test acc=74.940
[2022-05-02 07:52:45,859][cbp1.py][line:191][INFO] Best Test acc=75.480
[2022-05-02 08:06:42,836][cbp1.py][line:180][INFO] Epoch:[279/300]	 loss=31.09959	 acc=99.984
[2022-05-02 08:07:16,980][cbp1.py][line:185][INFO] Epoch:[279/300]	 Test acc=74.910
[2022-05-02 08:07:16,980][cbp1.py][line:191][INFO] Best Test acc=75.480
[2022-05-02 08:21:14,504][cbp1.py][line:180][INFO] Epoch:[280/300]	 loss=31.22640	 acc=99.980
[2022-05-02 08:21:48,700][cbp1.py][line:185][INFO] Epoch:[280/300]	 Test acc=75.120
[2022-05-02 08:21:48,700][cbp1.py][line:191][INFO] Best Test acc=75.480
[2022-05-02 08:35:45,983][cbp1.py][line:180][INFO] Epoch:[281/300]	 loss=31.06643	 acc=99.982
[2022-05-02 08:36:20,180][cbp1.py][line:185][INFO] Epoch:[281/300]	 Test acc=75.040
[2022-05-02 08:36:20,180][cbp1.py][line:191][INFO] Best Test acc=75.480
[2022-05-02 08:50:19,386][cbp1.py][line:180][INFO] Epoch:[282/300]	 loss=31.19470	 acc=99.986
[2022-05-02 08:50:53,441][cbp1.py][line:185][INFO] Epoch:[282/300]	 Test acc=75.170
[2022-05-02 08:50:53,441][cbp1.py][line:191][INFO] Best Test acc=75.480
[2022-05-02 09:04:52,459][cbp1.py][line:180][INFO] Epoch:[283/300]	 loss=31.03241	 acc=99.986
[2022-05-02 09:05:26,625][cbp1.py][line:185][INFO] Epoch:[283/300]	 Test acc=75.210
[2022-05-02 09:05:26,625][cbp1.py][line:191][INFO] Best Test acc=75.480
[2022-05-02 09:19:26,910][cbp1.py][line:180][INFO] Epoch:[284/300]	 loss=30.89222	 acc=99.978
[2022-05-02 09:20:01,106][cbp1.py][line:185][INFO] Epoch:[284/300]	 Test acc=75.120
[2022-05-02 09:20:01,107][cbp1.py][line:191][INFO] Best Test acc=75.480
[2022-05-02 09:34:01,540][cbp1.py][line:180][INFO] Epoch:[285/300]	 loss=31.12467	 acc=99.986
[2022-05-02 09:34:35,623][cbp1.py][line:185][INFO] Epoch:[285/300]	 Test acc=75.370
[2022-05-02 09:34:35,623][cbp1.py][line:191][INFO] Best Test acc=75.480
[2022-05-02 09:48:37,202][cbp1.py][line:180][INFO] Epoch:[286/300]	 loss=31.08772	 acc=99.984
[2022-05-02 09:49:11,351][cbp1.py][line:185][INFO] Epoch:[286/300]	 Test acc=75.140
[2022-05-02 09:49:11,351][cbp1.py][line:191][INFO] Best Test acc=75.480
[2022-05-02 10:03:15,535][cbp1.py][line:180][INFO] Epoch:[287/300]	 loss=31.12570	 acc=99.986
[2022-05-02 10:03:49,670][cbp1.py][line:185][INFO] Epoch:[287/300]	 Test acc=75.110
[2022-05-02 10:03:49,670][cbp1.py][line:191][INFO] Best Test acc=75.480
[2022-05-02 10:17:54,117][cbp1.py][line:180][INFO] Epoch:[288/300]	 loss=30.96511	 acc=99.978
[2022-05-02 10:18:28,184][cbp1.py][line:185][INFO] Epoch:[288/300]	 Test acc=75.030
[2022-05-02 10:18:28,184][cbp1.py][line:191][INFO] Best Test acc=75.480
[2022-05-02 10:32:33,211][cbp1.py][line:180][INFO] Epoch:[289/300]	 loss=30.86655	 acc=99.984
[2022-05-02 10:33:07,424][cbp1.py][line:185][INFO] Epoch:[289/300]	 Test acc=75.140
[2022-05-02 10:33:07,424][cbp1.py][line:191][INFO] Best Test acc=75.480
[2022-05-02 10:47:14,846][cbp1.py][line:180][INFO] Epoch:[290/300]	 loss=30.89940	 acc=99.978
[2022-05-02 10:47:48,864][cbp1.py][line:185][INFO] Epoch:[290/300]	 Test acc=75.210
[2022-05-02 10:47:48,865][cbp1.py][line:191][INFO] Best Test acc=75.480
[2022-05-02 11:01:55,793][cbp1.py][line:180][INFO] Epoch:[291/300]	 loss=30.89484	 acc=99.980
[2022-05-02 11:02:30,025][cbp1.py][line:185][INFO] Epoch:[291/300]	 Test acc=74.990
[2022-05-02 11:02:30,025][cbp1.py][line:191][INFO] Best Test acc=75.480
[2022-05-02 11:16:37,560][cbp1.py][line:180][INFO] Epoch:[292/300]	 loss=30.93667	 acc=99.986
[2022-05-02 11:17:11,745][cbp1.py][line:185][INFO] Epoch:[292/300]	 Test acc=75.010
[2022-05-02 11:17:11,745][cbp1.py][line:191][INFO] Best Test acc=75.480
[2022-05-02 11:31:19,480][cbp1.py][line:180][INFO] Epoch:[293/300]	 loss=30.94138	 acc=99.984
[2022-05-02 11:31:53,797][cbp1.py][line:185][INFO] Epoch:[293/300]	 Test acc=75.210
[2022-05-02 11:31:53,797][cbp1.py][line:191][INFO] Best Test acc=75.480
[2022-05-02 11:46:03,236][cbp1.py][line:180][INFO] Epoch:[294/300]	 loss=30.93595	 acc=99.988
[2022-05-02 11:46:37,280][cbp1.py][line:185][INFO] Epoch:[294/300]	 Test acc=75.250
[2022-05-02 11:46:37,281][cbp1.py][line:191][INFO] Best Test acc=75.480
[2022-05-02 12:00:45,944][cbp1.py][line:180][INFO] Epoch:[295/300]	 loss=31.00725	 acc=99.978
[2022-05-02 12:01:20,024][cbp1.py][line:185][INFO] Epoch:[295/300]	 Test acc=74.890
[2022-05-02 12:01:20,024][cbp1.py][line:191][INFO] Best Test acc=75.480
[2022-05-02 12:15:29,821][cbp1.py][line:180][INFO] Epoch:[296/300]	 loss=30.98624	 acc=99.978
[2022-05-02 12:16:03,971][cbp1.py][line:185][INFO] Epoch:[296/300]	 Test acc=75.270
[2022-05-02 12:16:03,972][cbp1.py][line:191][INFO] Best Test acc=75.480
[2022-05-02 12:30:14,845][cbp1.py][line:180][INFO] Epoch:[297/300]	 loss=30.94849	 acc=99.984
[2022-05-02 12:30:48,906][cbp1.py][line:185][INFO] Epoch:[297/300]	 Test acc=74.960
[2022-05-02 12:30:48,906][cbp1.py][line:191][INFO] Best Test acc=75.480
[2022-05-02 12:44:59,017][cbp1.py][line:180][INFO] Epoch:[298/300]	 loss=30.94733	 acc=99.986
[2022-05-02 12:45:33,157][cbp1.py][line:185][INFO] Epoch:[298/300]	 Test acc=75.290
[2022-05-02 12:45:33,157][cbp1.py][line:191][INFO] Best Test acc=75.480
[2022-05-02 12:59:45,297][cbp1.py][line:180][INFO] Epoch:[299/300]	 loss=31.10536	 acc=99.980
[2022-05-02 13:00:19,462][cbp1.py][line:185][INFO] Epoch:[299/300]	 Test acc=75.210
[2022-05-02 13:00:19,462][cbp1.py][line:191][INFO] Best Test acc=75.480
