[2022-05-03 13:46:48,235][cbp1.py][line:165][INFO] start training!
[2022-05-03 13:51:38,218][cbp1.py][line:180][INFO] Epoch:[0/300]	 loss=1641.21344	 acc=3.868
[2022-05-03 13:51:54,192][cbp1.py][line:185][INFO] Epoch:[0/300]	 Test acc=6.390
[2022-05-03 13:51:54,193][cbp1.py][line:191][INFO] Best Test acc=6.390
[2022-05-03 13:56:39,692][cbp1.py][line:180][INFO] Epoch:[1/300]	 loss=1516.00526	 acc=8.176
[2022-05-03 13:56:55,502][cbp1.py][line:185][INFO] Epoch:[1/300]	 Test acc=10.220
[2022-05-03 13:56:55,502][cbp1.py][line:191][INFO] Best Test acc=10.220
[2022-05-03 14:01:41,056][cbp1.py][line:180][INFO] Epoch:[2/300]	 loss=1439.05005	 acc=13.278
[2022-05-03 14:01:56,895][cbp1.py][line:185][INFO] Epoch:[2/300]	 Test acc=17.350
[2022-05-03 14:01:56,896][cbp1.py][line:191][INFO] Best Test acc=17.350
[2022-05-03 14:06:42,527][cbp1.py][line:180][INFO] Epoch:[3/300]	 loss=1350.39094	 acc=18.928
[2022-05-03 14:06:58,341][cbp1.py][line:185][INFO] Epoch:[3/300]	 Test acc=20.610
[2022-05-03 14:06:58,341][cbp1.py][line:191][INFO] Best Test acc=20.610
[2022-05-03 14:11:45,183][cbp1.py][line:180][INFO] Epoch:[4/300]	 loss=1249.74067	 acc=25.524
[2022-05-03 14:12:01,020][cbp1.py][line:185][INFO] Epoch:[4/300]	 Test acc=25.290
[2022-05-03 14:12:01,021][cbp1.py][line:191][INFO] Best Test acc=25.290
[2022-05-03 14:16:47,882][cbp1.py][line:180][INFO] Epoch:[5/300]	 loss=1129.67823	 acc=32.946
[2022-05-03 14:17:03,723][cbp1.py][line:185][INFO] Epoch:[5/300]	 Test acc=30.860
[2022-05-03 14:17:03,723][cbp1.py][line:191][INFO] Best Test acc=30.860
[2022-05-03 14:21:51,010][cbp1.py][line:180][INFO] Epoch:[6/300]	 loss=1029.90386	 acc=39.364
[2022-05-03 14:22:06,937][cbp1.py][line:185][INFO] Epoch:[6/300]	 Test acc=39.150
[2022-05-03 14:22:06,937][cbp1.py][line:191][INFO] Best Test acc=39.150
[2022-05-03 14:26:54,057][cbp1.py][line:180][INFO] Epoch:[7/300]	 loss=952.53341	 acc=44.600
[2022-05-03 14:27:09,914][cbp1.py][line:185][INFO] Epoch:[7/300]	 Test acc=44.430
[2022-05-03 14:27:09,914][cbp1.py][line:191][INFO] Best Test acc=44.430
[2022-05-03 14:31:58,320][cbp1.py][line:180][INFO] Epoch:[8/300]	 loss=886.80508	 acc=49.030
[2022-05-03 14:32:14,144][cbp1.py][line:185][INFO] Epoch:[8/300]	 Test acc=48.450
[2022-05-03 14:32:14,144][cbp1.py][line:191][INFO] Best Test acc=48.450
[2022-05-03 14:37:02,326][cbp1.py][line:180][INFO] Epoch:[9/300]	 loss=830.57920	 acc=52.908
[2022-05-03 14:37:18,158][cbp1.py][line:185][INFO] Epoch:[9/300]	 Test acc=49.930
[2022-05-03 14:37:18,158][cbp1.py][line:191][INFO] Best Test acc=49.930
[2022-05-03 14:42:09,242][cbp1.py][line:180][INFO] Epoch:[10/300]	 loss=780.25651	 acc=56.300
[2022-05-03 14:42:25,126][cbp1.py][line:185][INFO] Epoch:[10/300]	 Test acc=53.940
[2022-05-03 14:42:25,126][cbp1.py][line:191][INFO] Best Test acc=53.940
[2022-05-03 14:47:16,723][cbp1.py][line:180][INFO] Epoch:[11/300]	 loss=737.08599	 acc=59.204
[2022-05-03 14:47:32,611][cbp1.py][line:185][INFO] Epoch:[11/300]	 Test acc=55.940
[2022-05-03 14:47:32,611][cbp1.py][line:191][INFO] Best Test acc=55.940
[2022-05-03 14:52:24,952][cbp1.py][line:180][INFO] Epoch:[12/300]	 loss=698.46740	 acc=62.036
[2022-05-03 14:52:40,791][cbp1.py][line:185][INFO] Epoch:[12/300]	 Test acc=57.190
[2022-05-03 14:52:40,791][cbp1.py][line:191][INFO] Best Test acc=57.190
[2022-05-03 14:57:33,839][cbp1.py][line:180][INFO] Epoch:[13/300]	 loss=662.95957	 acc=64.340
[2022-05-03 14:57:49,727][cbp1.py][line:185][INFO] Epoch:[13/300]	 Test acc=57.940
[2022-05-03 14:57:49,727][cbp1.py][line:191][INFO] Best Test acc=57.940
[2022-05-03 15:02:43,558][cbp1.py][line:180][INFO] Epoch:[14/300]	 loss=631.83462	 acc=66.502
[2022-05-03 15:02:59,402][cbp1.py][line:185][INFO] Epoch:[14/300]	 Test acc=60.340
[2022-05-03 15:02:59,402][cbp1.py][line:191][INFO] Best Test acc=60.340
[2022-05-03 15:07:54,111][cbp1.py][line:180][INFO] Epoch:[15/300]	 loss=604.55613	 acc=68.512
[2022-05-03 15:08:09,984][cbp1.py][line:185][INFO] Epoch:[15/300]	 Test acc=60.660
[2022-05-03 15:08:09,984][cbp1.py][line:191][INFO] Best Test acc=60.660
[2022-05-03 15:13:04,925][cbp1.py][line:180][INFO] Epoch:[16/300]	 loss=581.13367	 acc=70.028
[2022-05-03 15:13:20,797][cbp1.py][line:185][INFO] Epoch:[16/300]	 Test acc=60.530
[2022-05-03 15:13:20,797][cbp1.py][line:191][INFO] Best Test acc=60.660
[2022-05-03 15:18:16,734][cbp1.py][line:180][INFO] Epoch:[17/300]	 loss=558.10217	 acc=71.680
[2022-05-03 15:18:32,621][cbp1.py][line:185][INFO] Epoch:[17/300]	 Test acc=61.260
[2022-05-03 15:18:32,621][cbp1.py][line:191][INFO] Best Test acc=61.260
[2022-05-03 15:23:29,059][cbp1.py][line:180][INFO] Epoch:[18/300]	 loss=533.41993	 acc=73.526
[2022-05-03 15:23:44,953][cbp1.py][line:185][INFO] Epoch:[18/300]	 Test acc=64.150
[2022-05-03 15:23:44,953][cbp1.py][line:191][INFO] Best Test acc=64.150
[2022-05-03 15:28:42,232][cbp1.py][line:180][INFO] Epoch:[19/300]	 loss=511.51950	 acc=75.096
[2022-05-03 15:28:58,060][cbp1.py][line:185][INFO] Epoch:[19/300]	 Test acc=64.360
[2022-05-03 15:28:58,060][cbp1.py][line:191][INFO] Best Test acc=64.360
[2022-05-03 15:33:55,816][cbp1.py][line:180][INFO] Epoch:[20/300]	 loss=490.24382	 acc=76.680
[2022-05-03 15:34:11,690][cbp1.py][line:185][INFO] Epoch:[20/300]	 Test acc=65.770
[2022-05-03 15:34:11,691][cbp1.py][line:191][INFO] Best Test acc=65.770
[2022-05-03 15:39:10,175][cbp1.py][line:180][INFO] Epoch:[21/300]	 loss=472.79726	 acc=77.898
[2022-05-03 15:39:26,026][cbp1.py][line:185][INFO] Epoch:[21/300]	 Test acc=66.090
[2022-05-03 15:39:26,026][cbp1.py][line:191][INFO] Best Test acc=66.090
[2022-05-03 15:44:25,120][cbp1.py][line:180][INFO] Epoch:[22/300]	 loss=458.43183	 acc=78.836
[2022-05-03 15:44:40,980][cbp1.py][line:185][INFO] Epoch:[22/300]	 Test acc=65.430
[2022-05-03 15:44:40,981][cbp1.py][line:191][INFO] Best Test acc=66.090
[2022-05-03 15:49:40,580][cbp1.py][line:180][INFO] Epoch:[23/300]	 loss=440.43835	 acc=80.274
[2022-05-03 15:49:56,439][cbp1.py][line:185][INFO] Epoch:[23/300]	 Test acc=65.330
[2022-05-03 15:49:56,439][cbp1.py][line:191][INFO] Best Test acc=66.090
[2022-05-03 15:54:56,699][cbp1.py][line:180][INFO] Epoch:[24/300]	 loss=424.52738	 acc=81.434
[2022-05-03 15:55:12,548][cbp1.py][line:185][INFO] Epoch:[24/300]	 Test acc=66.300
[2022-05-03 15:55:12,548][cbp1.py][line:191][INFO] Best Test acc=66.300
[2022-05-03 16:00:13,226][cbp1.py][line:180][INFO] Epoch:[25/300]	 loss=410.44789	 acc=82.390
[2022-05-03 16:00:29,048][cbp1.py][line:185][INFO] Epoch:[25/300]	 Test acc=66.580
[2022-05-03 16:00:29,048][cbp1.py][line:191][INFO] Best Test acc=66.580
[2022-05-03 16:05:30,868][cbp1.py][line:180][INFO] Epoch:[26/300]	 loss=394.67701	 acc=83.296
[2022-05-03 16:05:46,816][cbp1.py][line:185][INFO] Epoch:[26/300]	 Test acc=67.370
[2022-05-03 16:05:46,817][cbp1.py][line:191][INFO] Best Test acc=67.370
[2022-05-03 16:10:49,261][cbp1.py][line:180][INFO] Epoch:[27/300]	 loss=378.95019	 acc=84.446
[2022-05-03 16:11:05,233][cbp1.py][line:185][INFO] Epoch:[27/300]	 Test acc=68.430
[2022-05-03 16:11:05,233][cbp1.py][line:191][INFO] Best Test acc=68.430
[2022-05-03 16:16:07,852][cbp1.py][line:180][INFO] Epoch:[28/300]	 loss=368.29263	 acc=85.184
[2022-05-03 16:16:23,756][cbp1.py][line:185][INFO] Epoch:[28/300]	 Test acc=67.020
[2022-05-03 16:16:23,756][cbp1.py][line:191][INFO] Best Test acc=68.430
[2022-05-03 16:21:27,912][cbp1.py][line:180][INFO] Epoch:[29/300]	 loss=356.14698	 acc=85.916
[2022-05-03 16:21:43,714][cbp1.py][line:185][INFO] Epoch:[29/300]	 Test acc=68.720
[2022-05-03 16:21:43,714][cbp1.py][line:191][INFO] Best Test acc=68.720
[2022-05-03 16:26:48,463][cbp1.py][line:180][INFO] Epoch:[30/300]	 loss=343.77889	 acc=86.742
[2022-05-03 16:27:04,359][cbp1.py][line:185][INFO] Epoch:[30/300]	 Test acc=67.710
[2022-05-03 16:27:04,359][cbp1.py][line:191][INFO] Best Test acc=68.720
[2022-05-03 16:32:09,278][cbp1.py][line:180][INFO] Epoch:[31/300]	 loss=334.48170	 acc=87.694
[2022-05-03 16:32:25,099][cbp1.py][line:185][INFO] Epoch:[31/300]	 Test acc=68.500
[2022-05-03 16:32:25,099][cbp1.py][line:191][INFO] Best Test acc=68.720
[2022-05-03 16:37:30,828][cbp1.py][line:180][INFO] Epoch:[32/300]	 loss=323.62519	 acc=88.214
[2022-05-03 16:37:46,691][cbp1.py][line:185][INFO] Epoch:[32/300]	 Test acc=69.100
[2022-05-03 16:37:46,691][cbp1.py][line:191][INFO] Best Test acc=69.100
[2022-05-03 16:42:53,291][cbp1.py][line:180][INFO] Epoch:[33/300]	 loss=309.54086	 acc=89.306
[2022-05-03 16:43:09,179][cbp1.py][line:185][INFO] Epoch:[33/300]	 Test acc=68.340
[2022-05-03 16:43:09,179][cbp1.py][line:191][INFO] Best Test acc=69.100
[2022-05-03 16:48:16,175][cbp1.py][line:180][INFO] Epoch:[34/300]	 loss=300.55919	 acc=89.770
[2022-05-03 16:48:32,039][cbp1.py][line:185][INFO] Epoch:[34/300]	 Test acc=68.870
[2022-05-03 16:48:32,039][cbp1.py][line:191][INFO] Best Test acc=69.100
[2022-05-03 16:53:40,078][cbp1.py][line:180][INFO] Epoch:[35/300]	 loss=290.58403	 acc=90.436
[2022-05-03 16:53:56,022][cbp1.py][line:185][INFO] Epoch:[35/300]	 Test acc=69.390
[2022-05-03 16:53:56,022][cbp1.py][line:191][INFO] Best Test acc=69.390
[2022-05-03 16:59:04,605][cbp1.py][line:180][INFO] Epoch:[36/300]	 loss=284.35580	 acc=90.904
[2022-05-03 16:59:20,497][cbp1.py][line:185][INFO] Epoch:[36/300]	 Test acc=68.930
[2022-05-03 16:59:20,497][cbp1.py][line:191][INFO] Best Test acc=69.390
[2022-05-03 17:04:29,532][cbp1.py][line:180][INFO] Epoch:[37/300]	 loss=272.31658	 acc=91.786
[2022-05-03 17:04:45,375][cbp1.py][line:185][INFO] Epoch:[37/300]	 Test acc=68.320
[2022-05-03 17:04:45,376][cbp1.py][line:191][INFO] Best Test acc=69.390
[2022-05-03 17:09:55,623][cbp1.py][line:180][INFO] Epoch:[38/300]	 loss=268.36827	 acc=91.998
[2022-05-03 17:10:11,556][cbp1.py][line:185][INFO] Epoch:[38/300]	 Test acc=68.620
[2022-05-03 17:10:11,556][cbp1.py][line:191][INFO] Best Test acc=69.390
[2022-05-03 17:15:23,020][cbp1.py][line:180][INFO] Epoch:[39/300]	 loss=261.40966	 acc=92.386
[2022-05-03 17:15:38,917][cbp1.py][line:185][INFO] Epoch:[39/300]	 Test acc=68.540
[2022-05-03 17:15:38,917][cbp1.py][line:191][INFO] Best Test acc=69.390
[2022-05-03 17:20:54,719][cbp1.py][line:180][INFO] Epoch:[40/300]	 loss=253.78288	 acc=92.924
[2022-05-03 17:21:10,621][cbp1.py][line:185][INFO] Epoch:[40/300]	 Test acc=69.430
[2022-05-03 17:21:10,621][cbp1.py][line:191][INFO] Best Test acc=69.430
[2022-05-03 17:26:26,840][cbp1.py][line:180][INFO] Epoch:[41/300]	 loss=245.00603	 acc=93.392
[2022-05-03 17:26:42,714][cbp1.py][line:185][INFO] Epoch:[41/300]	 Test acc=69.590
[2022-05-03 17:26:42,714][cbp1.py][line:191][INFO] Best Test acc=69.590
[2022-05-03 17:31:59,713][cbp1.py][line:180][INFO] Epoch:[42/300]	 loss=239.50264	 acc=93.734
[2022-05-03 17:32:15,549][cbp1.py][line:185][INFO] Epoch:[42/300]	 Test acc=70.060
[2022-05-03 17:32:15,549][cbp1.py][line:191][INFO] Best Test acc=70.060
[2022-05-03 17:37:32,584][cbp1.py][line:180][INFO] Epoch:[43/300]	 loss=235.59255	 acc=93.836
[2022-05-03 17:37:48,440][cbp1.py][line:185][INFO] Epoch:[43/300]	 Test acc=69.160
[2022-05-03 17:37:48,440][cbp1.py][line:191][INFO] Best Test acc=70.060
[2022-05-03 17:43:06,175][cbp1.py][line:180][INFO] Epoch:[44/300]	 loss=227.90460	 acc=94.360
[2022-05-03 17:43:22,094][cbp1.py][line:185][INFO] Epoch:[44/300]	 Test acc=69.740
[2022-05-03 17:43:22,095][cbp1.py][line:191][INFO] Best Test acc=70.060
[2022-05-03 17:48:41,399][cbp1.py][line:180][INFO] Epoch:[45/300]	 loss=221.44706	 acc=94.770
[2022-05-03 17:48:57,243][cbp1.py][line:185][INFO] Epoch:[45/300]	 Test acc=70.520
[2022-05-03 17:48:57,244][cbp1.py][line:191][INFO] Best Test acc=70.520
[2022-05-03 17:54:17,462][cbp1.py][line:180][INFO] Epoch:[46/300]	 loss=216.74837	 acc=94.964
[2022-05-03 17:54:33,444][cbp1.py][line:185][INFO] Epoch:[46/300]	 Test acc=70.160
[2022-05-03 17:54:33,445][cbp1.py][line:191][INFO] Best Test acc=70.520
[2022-05-03 17:59:53,956][cbp1.py][line:180][INFO] Epoch:[47/300]	 loss=210.38604	 acc=95.396
[2022-05-03 18:00:09,840][cbp1.py][line:185][INFO] Epoch:[47/300]	 Test acc=70.120
[2022-05-03 18:00:09,840][cbp1.py][line:191][INFO] Best Test acc=70.520
[2022-05-03 18:05:30,881][cbp1.py][line:180][INFO] Epoch:[48/300]	 loss=209.04971	 acc=95.502
[2022-05-03 18:05:46,717][cbp1.py][line:185][INFO] Epoch:[48/300]	 Test acc=69.700
[2022-05-03 18:05:46,717][cbp1.py][line:191][INFO] Best Test acc=70.520
[2022-05-03 18:11:08,324][cbp1.py][line:180][INFO] Epoch:[49/300]	 loss=203.15461	 acc=95.878
[2022-05-03 18:11:24,323][cbp1.py][line:185][INFO] Epoch:[49/300]	 Test acc=70.320
[2022-05-03 18:11:24,324][cbp1.py][line:191][INFO] Best Test acc=70.520
[2022-05-03 18:16:46,785][cbp1.py][line:180][INFO] Epoch:[50/300]	 loss=194.20062	 acc=96.338
[2022-05-03 18:17:02,702][cbp1.py][line:185][INFO] Epoch:[50/300]	 Test acc=70.450
[2022-05-03 18:17:02,703][cbp1.py][line:191][INFO] Best Test acc=70.520
[2022-05-03 18:22:26,485][cbp1.py][line:180][INFO] Epoch:[51/300]	 loss=194.43667	 acc=96.274
[2022-05-03 18:22:42,336][cbp1.py][line:185][INFO] Epoch:[51/300]	 Test acc=71.090
[2022-05-03 18:22:42,337][cbp1.py][line:191][INFO] Best Test acc=71.090
[2022-05-03 18:28:07,159][cbp1.py][line:180][INFO] Epoch:[52/300]	 loss=188.87794	 acc=96.544
[2022-05-03 18:28:23,034][cbp1.py][line:185][INFO] Epoch:[52/300]	 Test acc=71.170
[2022-05-03 18:28:23,035][cbp1.py][line:191][INFO] Best Test acc=71.170
[2022-05-03 18:33:47,880][cbp1.py][line:180][INFO] Epoch:[53/300]	 loss=186.52866	 acc=96.706
[2022-05-03 18:34:03,723][cbp1.py][line:185][INFO] Epoch:[53/300]	 Test acc=70.940
[2022-05-03 18:34:03,723][cbp1.py][line:191][INFO] Best Test acc=71.170
[2022-05-03 18:39:29,387][cbp1.py][line:180][INFO] Epoch:[54/300]	 loss=181.17023	 acc=96.954
[2022-05-03 18:39:45,248][cbp1.py][line:185][INFO] Epoch:[54/300]	 Test acc=70.670
[2022-05-03 18:39:45,248][cbp1.py][line:191][INFO] Best Test acc=71.170
[2022-05-03 18:45:11,948][cbp1.py][line:180][INFO] Epoch:[55/300]	 loss=177.31654	 acc=97.186
[2022-05-03 18:45:27,888][cbp1.py][line:185][INFO] Epoch:[55/300]	 Test acc=70.640
[2022-05-03 18:45:27,888][cbp1.py][line:191][INFO] Best Test acc=71.170
[2022-05-03 18:50:55,918][cbp1.py][line:180][INFO] Epoch:[56/300]	 loss=178.43054	 acc=97.000
[2022-05-03 18:51:11,829][cbp1.py][line:185][INFO] Epoch:[56/300]	 Test acc=70.210
[2022-05-03 18:51:11,829][cbp1.py][line:191][INFO] Best Test acc=71.170
[2022-05-03 18:56:39,990][cbp1.py][line:180][INFO] Epoch:[57/300]	 loss=172.10918	 acc=97.356
[2022-05-03 18:56:55,856][cbp1.py][line:185][INFO] Epoch:[57/300]	 Test acc=70.120
[2022-05-03 18:56:55,856][cbp1.py][line:191][INFO] Best Test acc=71.170
[2022-05-03 19:02:24,673][cbp1.py][line:180][INFO] Epoch:[58/300]	 loss=167.80077	 acc=97.512
[2022-05-03 19:02:40,579][cbp1.py][line:185][INFO] Epoch:[58/300]	 Test acc=71.750
[2022-05-03 19:02:40,579][cbp1.py][line:191][INFO] Best Test acc=71.750
[2022-05-03 19:08:10,935][cbp1.py][line:180][INFO] Epoch:[59/300]	 loss=164.34651	 acc=97.848
[2022-05-03 19:08:26,770][cbp1.py][line:185][INFO] Epoch:[59/300]	 Test acc=70.920
[2022-05-03 19:08:26,770][cbp1.py][line:191][INFO] Best Test acc=71.750
[2022-05-03 19:13:58,405][cbp1.py][line:180][INFO] Epoch:[60/300]	 loss=164.19717	 acc=97.744
[2022-05-03 19:14:14,299][cbp1.py][line:185][INFO] Epoch:[60/300]	 Test acc=71.370
[2022-05-03 19:14:14,299][cbp1.py][line:191][INFO] Best Test acc=71.750
[2022-05-03 19:19:47,404][cbp1.py][line:180][INFO] Epoch:[61/300]	 loss=160.40989	 acc=97.882
[2022-05-03 19:20:03,298][cbp1.py][line:185][INFO] Epoch:[61/300]	 Test acc=71.490
[2022-05-03 19:20:03,299][cbp1.py][line:191][INFO] Best Test acc=71.750
[2022-05-03 19:25:34,961][cbp1.py][line:180][INFO] Epoch:[62/300]	 loss=157.75471	 acc=98.010
[2022-05-03 19:25:50,933][cbp1.py][line:185][INFO] Epoch:[62/300]	 Test acc=71.750
[2022-05-03 19:25:50,933][cbp1.py][line:191][INFO] Best Test acc=71.750
[2022-05-03 19:31:24,101][cbp1.py][line:180][INFO] Epoch:[63/300]	 loss=153.41856	 acc=98.166
[2022-05-03 19:31:39,982][cbp1.py][line:185][INFO] Epoch:[63/300]	 Test acc=71.480
[2022-05-03 19:31:39,982][cbp1.py][line:191][INFO] Best Test acc=71.750
[2022-05-03 19:37:13,158][cbp1.py][line:180][INFO] Epoch:[64/300]	 loss=151.72741	 acc=98.262
[2022-05-03 19:37:29,046][cbp1.py][line:185][INFO] Epoch:[64/300]	 Test acc=70.580
[2022-05-03 19:37:29,046][cbp1.py][line:191][INFO] Best Test acc=71.750
[2022-05-03 19:43:04,502][cbp1.py][line:180][INFO] Epoch:[65/300]	 loss=151.73485	 acc=98.148
[2022-05-03 19:43:20,414][cbp1.py][line:185][INFO] Epoch:[65/300]	 Test acc=69.800
[2022-05-03 19:43:20,414][cbp1.py][line:191][INFO] Best Test acc=71.750
[2022-05-03 19:48:56,856][cbp1.py][line:180][INFO] Epoch:[66/300]	 loss=147.89490	 acc=98.368
[2022-05-03 19:49:12,743][cbp1.py][line:185][INFO] Epoch:[66/300]	 Test acc=71.170
[2022-05-03 19:49:12,743][cbp1.py][line:191][INFO] Best Test acc=71.750
[2022-05-03 19:54:48,650][cbp1.py][line:180][INFO] Epoch:[67/300]	 loss=147.60290	 acc=98.396
[2022-05-03 19:55:04,515][cbp1.py][line:185][INFO] Epoch:[67/300]	 Test acc=70.280
[2022-05-03 19:55:04,515][cbp1.py][line:191][INFO] Best Test acc=71.750
[2022-05-03 20:00:40,948][cbp1.py][line:180][INFO] Epoch:[68/300]	 loss=145.76071	 acc=98.482
[2022-05-03 20:00:56,812][cbp1.py][line:185][INFO] Epoch:[68/300]	 Test acc=70.940
[2022-05-03 20:00:56,813][cbp1.py][line:191][INFO] Best Test acc=71.750
[2022-05-03 20:06:34,044][cbp1.py][line:180][INFO] Epoch:[69/300]	 loss=141.17868	 acc=98.676
[2022-05-03 20:06:49,984][cbp1.py][line:185][INFO] Epoch:[69/300]	 Test acc=70.390
[2022-05-03 20:06:49,985][cbp1.py][line:191][INFO] Best Test acc=71.750
[2022-05-03 20:12:28,173][cbp1.py][line:180][INFO] Epoch:[70/300]	 loss=137.16956	 acc=98.718
[2022-05-03 20:12:44,091][cbp1.py][line:185][INFO] Epoch:[70/300]	 Test acc=71.490
[2022-05-03 20:12:44,092][cbp1.py][line:191][INFO] Best Test acc=71.750
[2022-05-03 20:18:22,200][cbp1.py][line:180][INFO] Epoch:[71/300]	 loss=137.30288	 acc=98.682
[2022-05-03 20:18:38,064][cbp1.py][line:185][INFO] Epoch:[71/300]	 Test acc=70.850
[2022-05-03 20:18:38,064][cbp1.py][line:191][INFO] Best Test acc=71.750
[2022-05-03 20:24:18,314][cbp1.py][line:180][INFO] Epoch:[72/300]	 loss=137.79990	 acc=98.742
[2022-05-03 20:24:34,183][cbp1.py][line:185][INFO] Epoch:[72/300]	 Test acc=71.750
[2022-05-03 20:24:34,184][cbp1.py][line:191][INFO] Best Test acc=71.750
[2022-05-03 20:30:14,492][cbp1.py][line:180][INFO] Epoch:[73/300]	 loss=132.57337	 acc=98.892
[2022-05-03 20:30:30,378][cbp1.py][line:185][INFO] Epoch:[73/300]	 Test acc=71.360
[2022-05-03 20:30:30,378][cbp1.py][line:191][INFO] Best Test acc=71.750
[2022-05-03 20:36:12,535][cbp1.py][line:180][INFO] Epoch:[74/300]	 loss=132.26214	 acc=98.854
[2022-05-03 20:36:28,444][cbp1.py][line:185][INFO] Epoch:[74/300]	 Test acc=71.320
[2022-05-03 20:36:28,444][cbp1.py][line:191][INFO] Best Test acc=71.750
[2022-05-03 20:42:10,089][cbp1.py][line:180][INFO] Epoch:[75/300]	 loss=129.57230	 acc=98.958
[2022-05-03 20:42:26,167][cbp1.py][line:185][INFO] Epoch:[75/300]	 Test acc=71.270
[2022-05-03 20:42:26,167][cbp1.py][line:191][INFO] Best Test acc=71.750
[2022-05-03 20:48:09,495][cbp1.py][line:180][INFO] Epoch:[76/300]	 loss=129.30669	 acc=98.968
[2022-05-03 20:48:25,400][cbp1.py][line:185][INFO] Epoch:[76/300]	 Test acc=72.000
[2022-05-03 20:48:25,400][cbp1.py][line:191][INFO] Best Test acc=72.000
[2022-05-03 20:54:09,672][cbp1.py][line:180][INFO] Epoch:[77/300]	 loss=126.30788	 acc=99.002
[2022-05-03 20:54:25,538][cbp1.py][line:185][INFO] Epoch:[77/300]	 Test acc=70.970
[2022-05-03 20:54:25,538][cbp1.py][line:191][INFO] Best Test acc=72.000
[2022-05-03 21:00:09,850][cbp1.py][line:180][INFO] Epoch:[78/300]	 loss=124.97889	 acc=99.074
[2022-05-03 21:00:25,705][cbp1.py][line:185][INFO] Epoch:[78/300]	 Test acc=71.540
[2022-05-03 21:00:25,705][cbp1.py][line:191][INFO] Best Test acc=72.000
[2022-05-03 21:06:10,828][cbp1.py][line:180][INFO] Epoch:[79/300]	 loss=123.27617	 acc=99.120
[2022-05-03 21:06:26,670][cbp1.py][line:185][INFO] Epoch:[79/300]	 Test acc=71.790
[2022-05-03 21:06:26,670][cbp1.py][line:191][INFO] Best Test acc=72.000
[2022-05-03 21:12:13,985][cbp1.py][line:180][INFO] Epoch:[80/300]	 loss=120.06019	 acc=99.230
[2022-05-03 21:12:30,051][cbp1.py][line:185][INFO] Epoch:[80/300]	 Test acc=70.360
[2022-05-03 21:12:30,051][cbp1.py][line:191][INFO] Best Test acc=72.000
[2022-05-03 21:18:17,031][cbp1.py][line:180][INFO] Epoch:[81/300]	 loss=119.89635	 acc=99.152
[2022-05-03 21:18:32,859][cbp1.py][line:185][INFO] Epoch:[81/300]	 Test acc=71.240
[2022-05-03 21:18:32,859][cbp1.py][line:191][INFO] Best Test acc=72.000
[2022-05-03 21:24:20,611][cbp1.py][line:180][INFO] Epoch:[82/300]	 loss=118.04001	 acc=99.208
[2022-05-03 21:24:36,488][cbp1.py][line:185][INFO] Epoch:[82/300]	 Test acc=71.710
[2022-05-03 21:24:36,488][cbp1.py][line:191][INFO] Best Test acc=72.000
[2022-05-03 21:30:24,630][cbp1.py][line:180][INFO] Epoch:[83/300]	 loss=116.70565	 acc=99.266
[2022-05-03 21:30:40,570][cbp1.py][line:185][INFO] Epoch:[83/300]	 Test acc=71.680
[2022-05-03 21:30:40,570][cbp1.py][line:191][INFO] Best Test acc=72.000
[2022-05-03 21:36:29,501][cbp1.py][line:180][INFO] Epoch:[84/300]	 loss=115.46773	 acc=99.280
[2022-05-03 21:36:45,355][cbp1.py][line:185][INFO] Epoch:[84/300]	 Test acc=71.620
[2022-05-03 21:36:45,356][cbp1.py][line:191][INFO] Best Test acc=72.000
[2022-05-03 21:42:35,179][cbp1.py][line:180][INFO] Epoch:[85/300]	 loss=116.14630	 acc=99.308
[2022-05-03 21:42:51,084][cbp1.py][line:185][INFO] Epoch:[85/300]	 Test acc=71.980
[2022-05-03 21:42:51,085][cbp1.py][line:191][INFO] Best Test acc=72.000
[2022-05-03 21:48:41,115][cbp1.py][line:180][INFO] Epoch:[86/300]	 loss=111.89707	 acc=99.434
[2022-05-03 21:48:56,939][cbp1.py][line:185][INFO] Epoch:[86/300]	 Test acc=71.530
[2022-05-03 21:48:56,940][cbp1.py][line:191][INFO] Best Test acc=72.000
[2022-05-03 21:54:47,745][cbp1.py][line:180][INFO] Epoch:[87/300]	 loss=109.32309	 acc=99.458
[2022-05-03 21:55:03,632][cbp1.py][line:185][INFO] Epoch:[87/300]	 Test acc=71.800
[2022-05-03 21:55:03,632][cbp1.py][line:191][INFO] Best Test acc=72.000
[2022-05-03 22:00:55,336][cbp1.py][line:180][INFO] Epoch:[88/300]	 loss=110.12192	 acc=99.378
[2022-05-03 22:01:11,241][cbp1.py][line:185][INFO] Epoch:[88/300]	 Test acc=71.220
[2022-05-03 22:01:11,242][cbp1.py][line:191][INFO] Best Test acc=72.000
[2022-05-03 22:07:04,116][cbp1.py][line:180][INFO] Epoch:[89/300]	 loss=109.87969	 acc=99.392
[2022-05-03 22:07:20,070][cbp1.py][line:185][INFO] Epoch:[89/300]	 Test acc=71.430
[2022-05-03 22:07:20,070][cbp1.py][line:191][INFO] Best Test acc=72.000
[2022-05-03 22:13:13,749][cbp1.py][line:180][INFO] Epoch:[90/300]	 loss=110.71719	 acc=99.342
[2022-05-03 22:13:29,664][cbp1.py][line:185][INFO] Epoch:[90/300]	 Test acc=71.940
[2022-05-03 22:13:29,664][cbp1.py][line:191][INFO] Best Test acc=72.000
[2022-05-03 22:19:23,641][cbp1.py][line:180][INFO] Epoch:[91/300]	 loss=105.59868	 acc=99.510
[2022-05-03 22:19:39,501][cbp1.py][line:185][INFO] Epoch:[91/300]	 Test acc=72.210
[2022-05-03 22:19:39,501][cbp1.py][line:191][INFO] Best Test acc=72.210
[2022-05-03 22:25:35,057][cbp1.py][line:180][INFO] Epoch:[92/300]	 loss=106.28508	 acc=99.472
[2022-05-03 22:25:50,901][cbp1.py][line:185][INFO] Epoch:[92/300]	 Test acc=72.050
[2022-05-03 22:25:50,901][cbp1.py][line:191][INFO] Best Test acc=72.210
[2022-05-03 22:31:46,476][cbp1.py][line:180][INFO] Epoch:[93/300]	 loss=106.34576	 acc=99.442
[2022-05-03 22:32:02,381][cbp1.py][line:185][INFO] Epoch:[93/300]	 Test acc=71.770
[2022-05-03 22:32:02,381][cbp1.py][line:191][INFO] Best Test acc=72.210
[2022-05-03 22:37:59,257][cbp1.py][line:180][INFO] Epoch:[94/300]	 loss=104.99522	 acc=99.482
[2022-05-03 22:38:15,119][cbp1.py][line:185][INFO] Epoch:[94/300]	 Test acc=71.990
[2022-05-03 22:38:15,119][cbp1.py][line:191][INFO] Best Test acc=72.210
[2022-05-03 22:44:12,357][cbp1.py][line:180][INFO] Epoch:[95/300]	 loss=100.27582	 acc=99.594
[2022-05-03 22:44:28,330][cbp1.py][line:185][INFO] Epoch:[95/300]	 Test acc=71.980
[2022-05-03 22:44:28,330][cbp1.py][line:191][INFO] Best Test acc=72.210
[2022-05-03 22:50:25,927][cbp1.py][line:180][INFO] Epoch:[96/300]	 loss=100.90439	 acc=99.592
[2022-05-03 22:50:41,817][cbp1.py][line:185][INFO] Epoch:[96/300]	 Test acc=71.930
[2022-05-03 22:50:41,817][cbp1.py][line:191][INFO] Best Test acc=72.210
[2022-05-03 22:56:40,748][cbp1.py][line:180][INFO] Epoch:[97/300]	 loss=100.58901	 acc=99.560
[2022-05-03 22:56:56,632][cbp1.py][line:185][INFO] Epoch:[97/300]	 Test acc=72.100
[2022-05-03 22:56:56,632][cbp1.py][line:191][INFO] Best Test acc=72.210
[2022-05-03 23:02:56,856][cbp1.py][line:180][INFO] Epoch:[98/300]	 loss=99.51033	 acc=99.566
[2022-05-03 23:03:12,761][cbp1.py][line:185][INFO] Epoch:[98/300]	 Test acc=72.220
[2022-05-03 23:03:12,762][cbp1.py][line:191][INFO] Best Test acc=72.220
[2022-05-03 23:09:12,801][cbp1.py][line:180][INFO] Epoch:[99/300]	 loss=98.31135	 acc=99.588
[2022-05-03 23:09:28,622][cbp1.py][line:185][INFO] Epoch:[99/300]	 Test acc=72.600
[2022-05-03 23:09:28,622][cbp1.py][line:191][INFO] Best Test acc=72.600
[2022-05-03 23:15:29,847][cbp1.py][line:180][INFO] Epoch:[100/300]	 loss=96.10693	 acc=99.614
[2022-05-03 23:15:45,862][cbp1.py][line:185][INFO] Epoch:[100/300]	 Test acc=71.980
[2022-05-03 23:15:45,862][cbp1.py][line:191][INFO] Best Test acc=72.600
[2022-05-03 23:21:48,396][cbp1.py][line:180][INFO] Epoch:[101/300]	 loss=95.11749	 acc=99.640
[2022-05-03 23:22:04,298][cbp1.py][line:185][INFO] Epoch:[101/300]	 Test acc=71.960
[2022-05-03 23:22:04,298][cbp1.py][line:191][INFO] Best Test acc=72.600
[2022-05-03 23:28:05,760][cbp1.py][line:180][INFO] Epoch:[102/300]	 loss=94.72856	 acc=99.632
[2022-05-03 23:28:21,629][cbp1.py][line:185][INFO] Epoch:[102/300]	 Test acc=71.840
[2022-05-03 23:28:21,630][cbp1.py][line:191][INFO] Best Test acc=72.600
[2022-05-03 23:34:24,624][cbp1.py][line:180][INFO] Epoch:[103/300]	 loss=91.78633	 acc=99.690
[2022-05-03 23:34:40,507][cbp1.py][line:185][INFO] Epoch:[103/300]	 Test acc=72.120
[2022-05-03 23:34:40,507][cbp1.py][line:191][INFO] Best Test acc=72.600
[2022-05-03 23:40:43,251][cbp1.py][line:180][INFO] Epoch:[104/300]	 loss=94.39572	 acc=99.578
[2022-05-03 23:40:59,145][cbp1.py][line:185][INFO] Epoch:[104/300]	 Test acc=72.690
[2022-05-03 23:40:59,145][cbp1.py][line:191][INFO] Best Test acc=72.690
[2022-05-03 23:47:05,074][cbp1.py][line:180][INFO] Epoch:[105/300]	 loss=93.28135	 acc=99.650
[2022-05-03 23:47:21,056][cbp1.py][line:185][INFO] Epoch:[105/300]	 Test acc=72.010
[2022-05-03 23:47:21,056][cbp1.py][line:191][INFO] Best Test acc=72.690
[2022-05-03 23:53:26,522][cbp1.py][line:180][INFO] Epoch:[106/300]	 loss=90.27482	 acc=99.732
[2022-05-03 23:53:42,464][cbp1.py][line:185][INFO] Epoch:[106/300]	 Test acc=72.960
[2022-05-03 23:53:42,464][cbp1.py][line:191][INFO] Best Test acc=72.960
[2022-05-03 23:59:49,795][cbp1.py][line:180][INFO] Epoch:[107/300]	 loss=88.01664	 acc=99.748
[2022-05-04 00:00:05,679][cbp1.py][line:185][INFO] Epoch:[107/300]	 Test acc=72.820
[2022-05-04 00:00:05,679][cbp1.py][line:191][INFO] Best Test acc=72.960
[2022-05-04 00:06:13,988][cbp1.py][line:180][INFO] Epoch:[108/300]	 loss=87.54125	 acc=99.750
[2022-05-04 00:06:29,879][cbp1.py][line:185][INFO] Epoch:[108/300]	 Test acc=72.550
[2022-05-04 00:06:29,879][cbp1.py][line:191][INFO] Best Test acc=72.960
[2022-05-04 00:12:39,370][cbp1.py][line:180][INFO] Epoch:[109/300]	 loss=88.20305	 acc=99.716
[2022-05-04 00:12:55,255][cbp1.py][line:185][INFO] Epoch:[109/300]	 Test acc=72.390
[2022-05-04 00:12:55,255][cbp1.py][line:191][INFO] Best Test acc=72.960
[2022-05-04 00:19:08,091][cbp1.py][line:180][INFO] Epoch:[110/300]	 loss=88.31284	 acc=99.690
[2022-05-04 00:19:23,993][cbp1.py][line:185][INFO] Epoch:[110/300]	 Test acc=72.260
[2022-05-04 00:19:23,993][cbp1.py][line:191][INFO] Best Test acc=72.960
[2022-05-04 00:25:35,885][cbp1.py][line:180][INFO] Epoch:[111/300]	 loss=86.52185	 acc=99.750
[2022-05-04 00:25:51,772][cbp1.py][line:185][INFO] Epoch:[111/300]	 Test acc=72.240
[2022-05-04 00:25:51,772][cbp1.py][line:191][INFO] Best Test acc=72.960
[2022-05-04 00:32:03,786][cbp1.py][line:180][INFO] Epoch:[112/300]	 loss=85.21968	 acc=99.754
[2022-05-04 00:32:19,639][cbp1.py][line:185][INFO] Epoch:[112/300]	 Test acc=72.650
[2022-05-04 00:32:19,640][cbp1.py][line:191][INFO] Best Test acc=72.960
[2022-05-04 00:38:33,920][cbp1.py][line:180][INFO] Epoch:[113/300]	 loss=83.14192	 acc=99.792
[2022-05-04 00:38:49,837][cbp1.py][line:185][INFO] Epoch:[113/300]	 Test acc=72.750
[2022-05-04 00:38:49,837][cbp1.py][line:191][INFO] Best Test acc=72.960
[2022-05-04 00:45:02,922][cbp1.py][line:180][INFO] Epoch:[114/300]	 loss=83.00292	 acc=99.772
[2022-05-04 00:45:18,800][cbp1.py][line:185][INFO] Epoch:[114/300]	 Test acc=72.590
[2022-05-04 00:45:18,800][cbp1.py][line:191][INFO] Best Test acc=72.960
[2022-05-04 00:51:34,514][cbp1.py][line:180][INFO] Epoch:[115/300]	 loss=82.63122	 acc=99.800
[2022-05-04 00:51:50,549][cbp1.py][line:185][INFO] Epoch:[115/300]	 Test acc=72.620
[2022-05-04 00:51:50,549][cbp1.py][line:191][INFO] Best Test acc=72.960
[2022-05-04 00:58:06,650][cbp1.py][line:180][INFO] Epoch:[116/300]	 loss=83.37355	 acc=99.724
[2022-05-04 00:58:22,480][cbp1.py][line:185][INFO] Epoch:[116/300]	 Test acc=72.910
[2022-05-04 00:58:22,480][cbp1.py][line:191][INFO] Best Test acc=72.960
[2022-05-04 01:04:37,800][cbp1.py][line:180][INFO] Epoch:[117/300]	 loss=80.88657	 acc=99.804
[2022-05-04 01:04:53,806][cbp1.py][line:185][INFO] Epoch:[117/300]	 Test acc=72.430
[2022-05-04 01:04:53,806][cbp1.py][line:191][INFO] Best Test acc=72.960
[2022-05-04 01:11:09,606][cbp1.py][line:180][INFO] Epoch:[118/300]	 loss=80.80126	 acc=99.794
[2022-05-04 01:11:25,673][cbp1.py][line:185][INFO] Epoch:[118/300]	 Test acc=72.670
[2022-05-04 01:11:25,673][cbp1.py][line:191][INFO] Best Test acc=72.960
[2022-05-04 01:17:44,752][cbp1.py][line:180][INFO] Epoch:[119/300]	 loss=79.95326	 acc=99.782
[2022-05-04 01:18:00,656][cbp1.py][line:185][INFO] Epoch:[119/300]	 Test acc=72.680
[2022-05-04 01:18:00,656][cbp1.py][line:191][INFO] Best Test acc=72.960
[2022-05-04 01:24:19,672][cbp1.py][line:180][INFO] Epoch:[120/300]	 loss=79.52032	 acc=99.780
[2022-05-04 01:24:35,553][cbp1.py][line:185][INFO] Epoch:[120/300]	 Test acc=72.150
[2022-05-04 01:24:35,554][cbp1.py][line:191][INFO] Best Test acc=72.960
[2022-05-04 01:30:55,326][cbp1.py][line:180][INFO] Epoch:[121/300]	 loss=78.61455	 acc=99.814
[2022-05-04 01:31:11,224][cbp1.py][line:185][INFO] Epoch:[121/300]	 Test acc=73.060
[2022-05-04 01:31:11,224][cbp1.py][line:191][INFO] Best Test acc=73.060
[2022-05-04 01:37:29,563][cbp1.py][line:180][INFO] Epoch:[122/300]	 loss=77.09496	 acc=99.796
[2022-05-04 01:37:45,471][cbp1.py][line:185][INFO] Epoch:[122/300]	 Test acc=72.770
[2022-05-04 01:37:45,471][cbp1.py][line:191][INFO] Best Test acc=73.060
[2022-05-04 01:44:04,953][cbp1.py][line:180][INFO] Epoch:[123/300]	 loss=76.27467	 acc=99.840
[2022-05-04 01:44:20,885][cbp1.py][line:185][INFO] Epoch:[123/300]	 Test acc=72.790
[2022-05-04 01:44:20,886][cbp1.py][line:191][INFO] Best Test acc=73.060
[2022-05-04 01:50:41,748][cbp1.py][line:180][INFO] Epoch:[124/300]	 loss=76.10455	 acc=99.846
[2022-05-04 01:50:57,601][cbp1.py][line:185][INFO] Epoch:[124/300]	 Test acc=72.730
[2022-05-04 01:50:57,601][cbp1.py][line:191][INFO] Best Test acc=73.060
[2022-05-04 01:57:19,974][cbp1.py][line:180][INFO] Epoch:[125/300]	 loss=75.83783	 acc=99.842
[2022-05-04 01:57:35,852][cbp1.py][line:185][INFO] Epoch:[125/300]	 Test acc=73.050
[2022-05-04 01:57:35,852][cbp1.py][line:191][INFO] Best Test acc=73.060
[2022-05-04 02:03:59,216][cbp1.py][line:180][INFO] Epoch:[126/300]	 loss=73.72010	 acc=99.842
[2022-05-04 02:04:15,086][cbp1.py][line:185][INFO] Epoch:[126/300]	 Test acc=72.990
[2022-05-04 02:04:15,086][cbp1.py][line:191][INFO] Best Test acc=73.060
[2022-05-04 02:10:38,701][cbp1.py][line:180][INFO] Epoch:[127/300]	 loss=73.64699	 acc=99.858
[2022-05-04 02:10:54,605][cbp1.py][line:185][INFO] Epoch:[127/300]	 Test acc=73.420
[2022-05-04 02:10:54,605][cbp1.py][line:191][INFO] Best Test acc=73.420
[2022-05-04 02:17:19,951][cbp1.py][line:180][INFO] Epoch:[128/300]	 loss=71.73323	 acc=99.868
[2022-05-04 02:17:35,763][cbp1.py][line:185][INFO] Epoch:[128/300]	 Test acc=73.020
[2022-05-04 02:17:35,763][cbp1.py][line:191][INFO] Best Test acc=73.420
[2022-05-04 02:24:02,845][cbp1.py][line:180][INFO] Epoch:[129/300]	 loss=72.74138	 acc=99.856
[2022-05-04 02:24:18,701][cbp1.py][line:185][INFO] Epoch:[129/300]	 Test acc=73.190
[2022-05-04 02:24:18,702][cbp1.py][line:191][INFO] Best Test acc=73.420
[2022-05-04 02:30:45,750][cbp1.py][line:180][INFO] Epoch:[130/300]	 loss=72.93993	 acc=99.838
[2022-05-04 02:31:01,646][cbp1.py][line:185][INFO] Epoch:[130/300]	 Test acc=72.020
[2022-05-04 02:31:01,646][cbp1.py][line:191][INFO] Best Test acc=73.420
[2022-05-04 02:37:28,965][cbp1.py][line:180][INFO] Epoch:[131/300]	 loss=71.41445	 acc=99.868
[2022-05-04 02:37:44,785][cbp1.py][line:185][INFO] Epoch:[131/300]	 Test acc=72.780
[2022-05-04 02:37:44,785][cbp1.py][line:191][INFO] Best Test acc=73.420
[2022-05-04 02:44:11,133][cbp1.py][line:180][INFO] Epoch:[132/300]	 loss=70.26261	 acc=99.864
[2022-05-04 02:44:27,041][cbp1.py][line:185][INFO] Epoch:[132/300]	 Test acc=73.290
[2022-05-04 02:44:27,041][cbp1.py][line:191][INFO] Best Test acc=73.420
[2022-05-04 02:50:57,204][cbp1.py][line:180][INFO] Epoch:[133/300]	 loss=69.85568	 acc=99.862
[2022-05-04 02:51:13,085][cbp1.py][line:185][INFO] Epoch:[133/300]	 Test acc=72.910
[2022-05-04 02:51:13,085][cbp1.py][line:191][INFO] Best Test acc=73.420
[2022-05-04 02:57:43,878][cbp1.py][line:180][INFO] Epoch:[134/300]	 loss=68.44281	 acc=99.894
[2022-05-04 02:57:59,849][cbp1.py][line:185][INFO] Epoch:[134/300]	 Test acc=73.110
[2022-05-04 02:57:59,849][cbp1.py][line:191][INFO] Best Test acc=73.420
[2022-05-04 03:04:30,386][cbp1.py][line:180][INFO] Epoch:[135/300]	 loss=68.57011	 acc=99.902
[2022-05-04 03:04:46,315][cbp1.py][line:185][INFO] Epoch:[135/300]	 Test acc=73.430
[2022-05-04 03:04:46,315][cbp1.py][line:191][INFO] Best Test acc=73.430
[2022-05-04 03:11:18,024][cbp1.py][line:180][INFO] Epoch:[136/300]	 loss=68.39436	 acc=99.878
[2022-05-04 03:11:34,028][cbp1.py][line:185][INFO] Epoch:[136/300]	 Test acc=72.820
[2022-05-04 03:11:34,029][cbp1.py][line:191][INFO] Best Test acc=73.430
[2022-05-04 03:18:07,791][cbp1.py][line:180][INFO] Epoch:[137/300]	 loss=65.88810	 acc=99.918
[2022-05-04 03:18:23,789][cbp1.py][line:185][INFO] Epoch:[137/300]	 Test acc=73.200
[2022-05-04 03:18:23,789][cbp1.py][line:191][INFO] Best Test acc=73.430
[2022-05-04 03:24:57,057][cbp1.py][line:180][INFO] Epoch:[138/300]	 loss=65.97361	 acc=99.914
[2022-05-04 03:25:12,961][cbp1.py][line:185][INFO] Epoch:[138/300]	 Test acc=73.010
[2022-05-04 03:25:12,961][cbp1.py][line:191][INFO] Best Test acc=73.430
[2022-05-04 03:31:45,765][cbp1.py][line:180][INFO] Epoch:[139/300]	 loss=66.20965	 acc=99.876
[2022-05-04 03:32:01,708][cbp1.py][line:185][INFO] Epoch:[139/300]	 Test acc=72.940
[2022-05-04 03:32:01,708][cbp1.py][line:191][INFO] Best Test acc=73.430
[2022-05-04 03:38:34,219][cbp1.py][line:180][INFO] Epoch:[140/300]	 loss=65.94231	 acc=99.892
[2022-05-04 03:38:50,085][cbp1.py][line:185][INFO] Epoch:[140/300]	 Test acc=73.280
[2022-05-04 03:38:50,085][cbp1.py][line:191][INFO] Best Test acc=73.430
[2022-05-04 03:45:24,728][cbp1.py][line:180][INFO] Epoch:[141/300]	 loss=65.36658	 acc=99.880
[2022-05-04 03:45:40,669][cbp1.py][line:185][INFO] Epoch:[141/300]	 Test acc=73.170
[2022-05-04 03:45:40,670][cbp1.py][line:191][INFO] Best Test acc=73.430
[2022-05-04 03:52:14,810][cbp1.py][line:180][INFO] Epoch:[142/300]	 loss=64.55486	 acc=99.892
[2022-05-04 03:52:30,794][cbp1.py][line:185][INFO] Epoch:[142/300]	 Test acc=72.970
[2022-05-04 03:52:30,794][cbp1.py][line:191][INFO] Best Test acc=73.430
[2022-05-04 03:59:05,303][cbp1.py][line:180][INFO] Epoch:[143/300]	 loss=62.60701	 acc=99.938
[2022-05-04 03:59:21,157][cbp1.py][line:185][INFO] Epoch:[143/300]	 Test acc=73.460
[2022-05-04 03:59:21,158][cbp1.py][line:191][INFO] Best Test acc=73.460
[2022-05-04 04:05:59,464][cbp1.py][line:180][INFO] Epoch:[144/300]	 loss=63.20935	 acc=99.918
[2022-05-04 04:06:15,599][cbp1.py][line:185][INFO] Epoch:[144/300]	 Test acc=73.350
[2022-05-04 04:06:15,599][cbp1.py][line:191][INFO] Best Test acc=73.460
[2022-05-04 04:12:52,393][cbp1.py][line:180][INFO] Epoch:[145/300]	 loss=63.17431	 acc=99.916
[2022-05-04 04:13:08,317][cbp1.py][line:185][INFO] Epoch:[145/300]	 Test acc=73.580
[2022-05-04 04:13:08,317][cbp1.py][line:191][INFO] Best Test acc=73.580
[2022-05-04 04:19:47,372][cbp1.py][line:180][INFO] Epoch:[146/300]	 loss=62.42762	 acc=99.928
[2022-05-04 04:20:03,271][cbp1.py][line:185][INFO] Epoch:[146/300]	 Test acc=73.420
[2022-05-04 04:20:03,271][cbp1.py][line:191][INFO] Best Test acc=73.580
[2022-05-04 04:26:43,857][cbp1.py][line:180][INFO] Epoch:[147/300]	 loss=61.25829	 acc=99.914
[2022-05-04 04:26:59,748][cbp1.py][line:185][INFO] Epoch:[147/300]	 Test acc=73.200
[2022-05-04 04:26:59,748][cbp1.py][line:191][INFO] Best Test acc=73.580
[2022-05-04 04:33:41,095][cbp1.py][line:180][INFO] Epoch:[148/300]	 loss=60.96409	 acc=99.924
[2022-05-04 04:33:56,964][cbp1.py][line:185][INFO] Epoch:[148/300]	 Test acc=73.250
[2022-05-04 04:33:56,964][cbp1.py][line:191][INFO] Best Test acc=73.580
[2022-05-04 04:40:37,820][cbp1.py][line:180][INFO] Epoch:[149/300]	 loss=60.98020	 acc=99.910
[2022-05-04 04:40:53,769][cbp1.py][line:185][INFO] Epoch:[149/300]	 Test acc=73.380
[2022-05-04 04:40:53,770][cbp1.py][line:191][INFO] Best Test acc=73.580
[2022-05-04 04:47:36,010][cbp1.py][line:180][INFO] Epoch:[150/300]	 loss=59.65715	 acc=99.922
[2022-05-04 04:47:51,845][cbp1.py][line:185][INFO] Epoch:[150/300]	 Test acc=73.620
[2022-05-04 04:47:51,846][cbp1.py][line:191][INFO] Best Test acc=73.620
[2022-05-04 04:54:36,000][cbp1.py][line:180][INFO] Epoch:[151/300]	 loss=59.21853	 acc=99.910
[2022-05-04 04:54:51,925][cbp1.py][line:185][INFO] Epoch:[151/300]	 Test acc=73.230
[2022-05-04 04:54:51,925][cbp1.py][line:191][INFO] Best Test acc=73.620
[2022-05-04 05:01:36,285][cbp1.py][line:180][INFO] Epoch:[152/300]	 loss=59.29755	 acc=99.920
[2022-05-04 05:01:52,129][cbp1.py][line:185][INFO] Epoch:[152/300]	 Test acc=73.350
[2022-05-04 05:01:52,129][cbp1.py][line:191][INFO] Best Test acc=73.620
[2022-05-04 05:08:34,645][cbp1.py][line:180][INFO] Epoch:[153/300]	 loss=57.78637	 acc=99.942
[2022-05-04 05:08:50,521][cbp1.py][line:185][INFO] Epoch:[153/300]	 Test acc=73.440
[2022-05-04 05:08:50,521][cbp1.py][line:191][INFO] Best Test acc=73.620
[2022-05-04 05:15:36,303][cbp1.py][line:180][INFO] Epoch:[154/300]	 loss=57.62378	 acc=99.952
[2022-05-04 05:15:52,181][cbp1.py][line:185][INFO] Epoch:[154/300]	 Test acc=73.650
[2022-05-04 05:15:52,181][cbp1.py][line:191][INFO] Best Test acc=73.650
[2022-05-04 05:22:38,643][cbp1.py][line:180][INFO] Epoch:[155/300]	 loss=57.48981	 acc=99.938
[2022-05-04 05:22:54,541][cbp1.py][line:185][INFO] Epoch:[155/300]	 Test acc=73.480
[2022-05-04 05:22:54,541][cbp1.py][line:191][INFO] Best Test acc=73.650
[2022-05-04 05:29:38,690][cbp1.py][line:180][INFO] Epoch:[156/300]	 loss=56.78566	 acc=99.932
[2022-05-04 05:29:54,609][cbp1.py][line:185][INFO] Epoch:[156/300]	 Test acc=73.550
[2022-05-04 05:29:54,610][cbp1.py][line:191][INFO] Best Test acc=73.650
[2022-05-04 05:36:42,356][cbp1.py][line:180][INFO] Epoch:[157/300]	 loss=57.39202	 acc=99.946
[2022-05-04 05:36:58,272][cbp1.py][line:185][INFO] Epoch:[157/300]	 Test acc=73.000
[2022-05-04 05:36:58,272][cbp1.py][line:191][INFO] Best Test acc=73.650
[2022-05-04 05:43:46,607][cbp1.py][line:180][INFO] Epoch:[158/300]	 loss=55.97074	 acc=99.950
[2022-05-04 05:44:02,538][cbp1.py][line:185][INFO] Epoch:[158/300]	 Test acc=73.430
[2022-05-04 05:44:02,538][cbp1.py][line:191][INFO] Best Test acc=73.650
[2022-05-04 05:50:49,125][cbp1.py][line:180][INFO] Epoch:[159/300]	 loss=55.63743	 acc=99.942
[2022-05-04 05:51:05,012][cbp1.py][line:185][INFO] Epoch:[159/300]	 Test acc=73.920
[2022-05-04 05:51:05,012][cbp1.py][line:191][INFO] Best Test acc=73.920
[2022-05-04 05:57:54,157][cbp1.py][line:180][INFO] Epoch:[160/300]	 loss=54.45050	 acc=99.932
[2022-05-04 05:58:09,986][cbp1.py][line:185][INFO] Epoch:[160/300]	 Test acc=73.860
[2022-05-04 05:58:09,987][cbp1.py][line:191][INFO] Best Test acc=73.920
[2022-05-04 06:05:01,137][cbp1.py][line:180][INFO] Epoch:[161/300]	 loss=54.83242	 acc=99.954
[2022-05-04 06:05:17,066][cbp1.py][line:185][INFO] Epoch:[161/300]	 Test acc=73.640
[2022-05-04 06:05:17,066][cbp1.py][line:191][INFO] Best Test acc=73.920
[2022-05-04 06:12:08,693][cbp1.py][line:180][INFO] Epoch:[162/300]	 loss=55.42168	 acc=99.934
[2022-05-04 06:12:24,691][cbp1.py][line:185][INFO] Epoch:[162/300]	 Test acc=73.740
[2022-05-04 06:12:24,691][cbp1.py][line:191][INFO] Best Test acc=73.920
[2022-05-04 06:19:16,600][cbp1.py][line:180][INFO] Epoch:[163/300]	 loss=53.59960	 acc=99.948
[2022-05-04 06:19:32,568][cbp1.py][line:185][INFO] Epoch:[163/300]	 Test acc=73.880
[2022-05-04 06:19:32,568][cbp1.py][line:191][INFO] Best Test acc=73.920
[2022-05-04 06:26:22,896][cbp1.py][line:180][INFO] Epoch:[164/300]	 loss=52.96339	 acc=99.950
[2022-05-04 06:26:38,775][cbp1.py][line:185][INFO] Epoch:[164/300]	 Test acc=73.380
[2022-05-04 06:26:38,776][cbp1.py][line:191][INFO] Best Test acc=73.920
[2022-05-04 06:33:32,941][cbp1.py][line:180][INFO] Epoch:[165/300]	 loss=53.02901	 acc=99.942
[2022-05-04 06:33:48,806][cbp1.py][line:185][INFO] Epoch:[165/300]	 Test acc=74.040
[2022-05-04 06:33:48,806][cbp1.py][line:191][INFO] Best Test acc=74.040
[2022-05-04 06:40:42,474][cbp1.py][line:180][INFO] Epoch:[166/300]	 loss=52.22511	 acc=99.938
[2022-05-04 06:40:58,362][cbp1.py][line:185][INFO] Epoch:[166/300]	 Test acc=73.860
[2022-05-04 06:40:58,362][cbp1.py][line:191][INFO] Best Test acc=74.040
[2022-05-04 06:47:53,453][cbp1.py][line:180][INFO] Epoch:[167/300]	 loss=52.02946	 acc=99.958
[2022-05-04 06:48:09,398][cbp1.py][line:185][INFO] Epoch:[167/300]	 Test acc=74.070
[2022-05-04 06:48:09,399][cbp1.py][line:191][INFO] Best Test acc=74.070
[2022-05-04 06:55:04,934][cbp1.py][line:180][INFO] Epoch:[168/300]	 loss=51.33842	 acc=99.958
[2022-05-04 06:55:20,769][cbp1.py][line:185][INFO] Epoch:[168/300]	 Test acc=74.150
[2022-05-04 06:55:20,769][cbp1.py][line:191][INFO] Best Test acc=74.150
[2022-05-04 07:02:17,215][cbp1.py][line:180][INFO] Epoch:[169/300]	 loss=50.73098	 acc=99.958
[2022-05-04 07:02:33,217][cbp1.py][line:185][INFO] Epoch:[169/300]	 Test acc=74.010
[2022-05-04 07:02:33,217][cbp1.py][line:191][INFO] Best Test acc=74.150
[2022-05-04 07:09:30,786][cbp1.py][line:180][INFO] Epoch:[170/300]	 loss=50.62741	 acc=99.958
[2022-05-04 07:09:46,684][cbp1.py][line:185][INFO] Epoch:[170/300]	 Test acc=73.870
[2022-05-04 07:09:46,684][cbp1.py][line:191][INFO] Best Test acc=74.150
[2022-05-04 07:16:43,369][cbp1.py][line:180][INFO] Epoch:[171/300]	 loss=50.45403	 acc=99.970
[2022-05-04 07:16:59,319][cbp1.py][line:185][INFO] Epoch:[171/300]	 Test acc=73.720
[2022-05-04 07:16:59,319][cbp1.py][line:191][INFO] Best Test acc=74.150
[2022-05-04 07:23:59,582][cbp1.py][line:180][INFO] Epoch:[172/300]	 loss=50.43701	 acc=99.954
[2022-05-04 07:24:15,526][cbp1.py][line:185][INFO] Epoch:[172/300]	 Test acc=73.590
[2022-05-04 07:24:15,527][cbp1.py][line:191][INFO] Best Test acc=74.150
[2022-05-04 07:31:16,505][cbp1.py][line:180][INFO] Epoch:[173/300]	 loss=49.55489	 acc=99.960
[2022-05-04 07:31:32,503][cbp1.py][line:185][INFO] Epoch:[173/300]	 Test acc=73.850
[2022-05-04 07:31:32,503][cbp1.py][line:191][INFO] Best Test acc=74.150
[2022-05-04 07:38:33,707][cbp1.py][line:180][INFO] Epoch:[174/300]	 loss=49.32084	 acc=99.952
[2022-05-04 07:38:49,630][cbp1.py][line:185][INFO] Epoch:[174/300]	 Test acc=73.650
[2022-05-04 07:38:49,630][cbp1.py][line:191][INFO] Best Test acc=74.150
[2022-05-04 07:45:51,322][cbp1.py][line:180][INFO] Epoch:[175/300]	 loss=49.16340	 acc=99.960
[2022-05-04 07:46:07,304][cbp1.py][line:185][INFO] Epoch:[175/300]	 Test acc=73.720
[2022-05-04 07:46:07,304][cbp1.py][line:191][INFO] Best Test acc=74.150
[2022-05-04 07:53:08,766][cbp1.py][line:180][INFO] Epoch:[176/300]	 loss=48.43766	 acc=99.962
[2022-05-04 07:53:24,675][cbp1.py][line:185][INFO] Epoch:[176/300]	 Test acc=73.870
[2022-05-04 07:53:24,675][cbp1.py][line:191][INFO] Best Test acc=74.150
[2022-05-04 08:00:26,927][cbp1.py][line:180][INFO] Epoch:[177/300]	 loss=48.41698	 acc=99.954
[2022-05-04 08:00:42,935][cbp1.py][line:185][INFO] Epoch:[177/300]	 Test acc=74.070
[2022-05-04 08:00:42,935][cbp1.py][line:191][INFO] Best Test acc=74.150
[2022-05-04 08:07:46,869][cbp1.py][line:180][INFO] Epoch:[178/300]	 loss=48.01169	 acc=99.950
[2022-05-04 08:08:02,787][cbp1.py][line:185][INFO] Epoch:[178/300]	 Test acc=73.490
[2022-05-04 08:08:02,788][cbp1.py][line:191][INFO] Best Test acc=74.150
[2022-05-04 08:15:08,777][cbp1.py][line:180][INFO] Epoch:[179/300]	 loss=48.10189	 acc=99.954
[2022-05-04 08:15:24,710][cbp1.py][line:185][INFO] Epoch:[179/300]	 Test acc=73.820
[2022-05-04 08:15:24,710][cbp1.py][line:191][INFO] Best Test acc=74.150
[2022-05-04 08:22:29,074][cbp1.py][line:180][INFO] Epoch:[180/300]	 loss=46.85589	 acc=99.962
[2022-05-04 08:22:44,983][cbp1.py][line:185][INFO] Epoch:[180/300]	 Test acc=74.430
[2022-05-04 08:22:44,983][cbp1.py][line:191][INFO] Best Test acc=74.430
[2022-05-04 08:29:51,511][cbp1.py][line:180][INFO] Epoch:[181/300]	 loss=46.09205	 acc=99.976
[2022-05-04 08:30:07,518][cbp1.py][line:185][INFO] Epoch:[181/300]	 Test acc=73.450
[2022-05-04 08:30:07,518][cbp1.py][line:191][INFO] Best Test acc=74.430
[2022-05-04 08:37:13,686][cbp1.py][line:180][INFO] Epoch:[182/300]	 loss=46.53045	 acc=99.948
[2022-05-04 08:37:29,711][cbp1.py][line:185][INFO] Epoch:[182/300]	 Test acc=74.020
[2022-05-04 08:37:29,711][cbp1.py][line:191][INFO] Best Test acc=74.430
[2022-05-04 08:44:37,440][cbp1.py][line:180][INFO] Epoch:[183/300]	 loss=46.24083	 acc=99.962
[2022-05-04 08:44:53,416][cbp1.py][line:185][INFO] Epoch:[183/300]	 Test acc=73.490
[2022-05-04 08:44:53,416][cbp1.py][line:191][INFO] Best Test acc=74.430
[2022-05-04 08:52:02,759][cbp1.py][line:180][INFO] Epoch:[184/300]	 loss=45.90592	 acc=99.970
[2022-05-04 08:52:18,717][cbp1.py][line:185][INFO] Epoch:[184/300]	 Test acc=73.770
[2022-05-04 08:52:18,717][cbp1.py][line:191][INFO] Best Test acc=74.430
[2022-05-04 08:59:28,044][cbp1.py][line:180][INFO] Epoch:[185/300]	 loss=45.88790	 acc=99.968
[2022-05-04 08:59:44,078][cbp1.py][line:185][INFO] Epoch:[185/300]	 Test acc=74.270
[2022-05-04 08:59:44,078][cbp1.py][line:191][INFO] Best Test acc=74.430
[2022-05-04 09:06:53,775][cbp1.py][line:180][INFO] Epoch:[186/300]	 loss=45.33358	 acc=99.960
[2022-05-04 09:07:09,736][cbp1.py][line:185][INFO] Epoch:[186/300]	 Test acc=73.920
[2022-05-04 09:07:09,736][cbp1.py][line:191][INFO] Best Test acc=74.430
[2022-05-04 09:14:21,798][cbp1.py][line:180][INFO] Epoch:[187/300]	 loss=44.76688	 acc=99.968
[2022-05-04 09:14:37,765][cbp1.py][line:185][INFO] Epoch:[187/300]	 Test acc=73.590
[2022-05-04 09:14:37,765][cbp1.py][line:191][INFO] Best Test acc=74.430
[2022-05-04 09:21:49,514][cbp1.py][line:180][INFO] Epoch:[188/300]	 loss=44.70018	 acc=99.970
[2022-05-04 09:22:05,433][cbp1.py][line:185][INFO] Epoch:[188/300]	 Test acc=74.500
[2022-05-04 09:22:05,433][cbp1.py][line:191][INFO] Best Test acc=74.500
[2022-05-04 09:29:17,357][cbp1.py][line:180][INFO] Epoch:[189/300]	 loss=44.67973	 acc=99.960
[2022-05-04 09:29:33,304][cbp1.py][line:185][INFO] Epoch:[189/300]	 Test acc=73.780
[2022-05-04 09:29:33,304][cbp1.py][line:191][INFO] Best Test acc=74.500
[2022-05-04 09:36:44,631][cbp1.py][line:180][INFO] Epoch:[190/300]	 loss=44.01445	 acc=99.972
[2022-05-04 09:37:00,542][cbp1.py][line:185][INFO] Epoch:[190/300]	 Test acc=74.520
[2022-05-04 09:37:00,542][cbp1.py][line:191][INFO] Best Test acc=74.520
[2022-05-04 09:44:15,766][cbp1.py][line:180][INFO] Epoch:[191/300]	 loss=44.03173	 acc=99.968
[2022-05-04 09:44:31,743][cbp1.py][line:185][INFO] Epoch:[191/300]	 Test acc=73.980
[2022-05-04 09:44:31,743][cbp1.py][line:191][INFO] Best Test acc=74.520
[2022-05-04 09:51:47,475][cbp1.py][line:180][INFO] Epoch:[192/300]	 loss=43.85162	 acc=99.966
[2022-05-04 09:52:03,437][cbp1.py][line:185][INFO] Epoch:[192/300]	 Test acc=74.100
[2022-05-04 09:52:03,437][cbp1.py][line:191][INFO] Best Test acc=74.520
[2022-05-04 09:59:18,143][cbp1.py][line:180][INFO] Epoch:[193/300]	 loss=43.28335	 acc=99.972
[2022-05-04 09:59:34,100][cbp1.py][line:185][INFO] Epoch:[193/300]	 Test acc=74.380
[2022-05-04 09:59:34,100][cbp1.py][line:191][INFO] Best Test acc=74.520
[2022-05-04 10:06:49,940][cbp1.py][line:180][INFO] Epoch:[194/300]	 loss=43.24110	 acc=99.966
[2022-05-04 10:07:06,037][cbp1.py][line:185][INFO] Epoch:[194/300]	 Test acc=73.870
[2022-05-04 10:07:06,037][cbp1.py][line:191][INFO] Best Test acc=74.520
[2022-05-04 10:14:23,560][cbp1.py][line:180][INFO] Epoch:[195/300]	 loss=42.71341	 acc=99.966
[2022-05-04 10:14:39,762][cbp1.py][line:185][INFO] Epoch:[195/300]	 Test acc=74.180
[2022-05-04 10:14:39,763][cbp1.py][line:191][INFO] Best Test acc=74.520
[2022-05-04 10:21:56,852][cbp1.py][line:180][INFO] Epoch:[196/300]	 loss=42.77203	 acc=99.968
[2022-05-04 10:22:12,828][cbp1.py][line:185][INFO] Epoch:[196/300]	 Test acc=74.310
[2022-05-04 10:22:12,828][cbp1.py][line:191][INFO] Best Test acc=74.520
[2022-05-04 10:29:28,998][cbp1.py][line:180][INFO] Epoch:[197/300]	 loss=43.03840	 acc=99.950
[2022-05-04 10:29:44,939][cbp1.py][line:185][INFO] Epoch:[197/300]	 Test acc=74.200
[2022-05-04 10:29:44,939][cbp1.py][line:191][INFO] Best Test acc=74.520
[2022-05-04 10:37:02,050][cbp1.py][line:180][INFO] Epoch:[198/300]	 loss=42.37922	 acc=99.960
[2022-05-04 10:37:18,144][cbp1.py][line:185][INFO] Epoch:[198/300]	 Test acc=74.340
[2022-05-04 10:37:18,144][cbp1.py][line:191][INFO] Best Test acc=74.520
[2022-05-04 10:44:40,126][cbp1.py][line:180][INFO] Epoch:[199/300]	 loss=41.82068	 acc=99.968
[2022-05-04 10:44:56,331][cbp1.py][line:185][INFO] Epoch:[199/300]	 Test acc=74.060
[2022-05-04 10:44:56,331][cbp1.py][line:191][INFO] Best Test acc=74.520
[2022-05-04 10:52:17,276][cbp1.py][line:180][INFO] Epoch:[200/300]	 loss=41.64623	 acc=99.972
[2022-05-04 10:52:33,191][cbp1.py][line:185][INFO] Epoch:[200/300]	 Test acc=73.780
[2022-05-04 10:52:33,191][cbp1.py][line:191][INFO] Best Test acc=74.520
[2022-05-04 10:59:55,302][cbp1.py][line:180][INFO] Epoch:[201/300]	 loss=41.33582	 acc=99.974
[2022-05-04 11:00:11,239][cbp1.py][line:185][INFO] Epoch:[201/300]	 Test acc=74.020
[2022-05-04 11:00:11,239][cbp1.py][line:191][INFO] Best Test acc=74.520
[2022-05-04 11:07:34,848][cbp1.py][line:180][INFO] Epoch:[202/300]	 loss=41.42433	 acc=99.966
[2022-05-04 11:07:50,760][cbp1.py][line:185][INFO] Epoch:[202/300]	 Test acc=74.660
[2022-05-04 11:07:50,760][cbp1.py][line:191][INFO] Best Test acc=74.660
[2022-05-04 11:15:14,824][cbp1.py][line:180][INFO] Epoch:[203/300]	 loss=40.89382	 acc=99.968
[2022-05-04 11:15:30,816][cbp1.py][line:185][INFO] Epoch:[203/300]	 Test acc=74.760
[2022-05-04 11:15:30,816][cbp1.py][line:191][INFO] Best Test acc=74.760
[2022-05-04 11:22:52,852][cbp1.py][line:180][INFO] Epoch:[204/300]	 loss=40.65891	 acc=99.968
[2022-05-04 11:23:08,772][cbp1.py][line:185][INFO] Epoch:[204/300]	 Test acc=74.460
[2022-05-04 11:23:08,772][cbp1.py][line:191][INFO] Best Test acc=74.760
[2022-05-04 11:30:31,265][cbp1.py][line:180][INFO] Epoch:[205/300]	 loss=40.62528	 acc=99.974
[2022-05-04 11:30:47,162][cbp1.py][line:185][INFO] Epoch:[205/300]	 Test acc=74.580
[2022-05-04 11:30:47,162][cbp1.py][line:191][INFO] Best Test acc=74.760
[2022-05-04 11:38:11,440][cbp1.py][line:180][INFO] Epoch:[206/300]	 loss=40.35112	 acc=99.968
[2022-05-04 11:38:27,382][cbp1.py][line:185][INFO] Epoch:[206/300]	 Test acc=74.560
[2022-05-04 11:38:27,383][cbp1.py][line:191][INFO] Best Test acc=74.760
[2022-05-04 11:45:50,629][cbp1.py][line:180][INFO] Epoch:[207/300]	 loss=40.36663	 acc=99.968
[2022-05-04 11:46:06,600][cbp1.py][line:185][INFO] Epoch:[207/300]	 Test acc=74.400
[2022-05-04 11:46:06,600][cbp1.py][line:191][INFO] Best Test acc=74.760
[2022-05-04 11:53:32,241][cbp1.py][line:180][INFO] Epoch:[208/300]	 loss=39.87853	 acc=99.976
[2022-05-04 11:53:48,153][cbp1.py][line:185][INFO] Epoch:[208/300]	 Test acc=74.430
[2022-05-04 11:53:48,153][cbp1.py][line:191][INFO] Best Test acc=74.760
[2022-05-04 12:01:15,343][cbp1.py][line:180][INFO] Epoch:[209/300]	 loss=39.92108	 acc=99.972
[2022-05-04 12:01:31,407][cbp1.py][line:185][INFO] Epoch:[209/300]	 Test acc=74.530
[2022-05-04 12:01:31,407][cbp1.py][line:191][INFO] Best Test acc=74.760
[2022-05-04 12:08:59,596][cbp1.py][line:180][INFO] Epoch:[210/300]	 loss=39.49357	 acc=99.980
[2022-05-04 12:09:15,533][cbp1.py][line:185][INFO] Epoch:[210/300]	 Test acc=74.610
[2022-05-04 12:09:15,533][cbp1.py][line:191][INFO] Best Test acc=74.760
[2022-05-04 12:16:44,085][cbp1.py][line:180][INFO] Epoch:[211/300]	 loss=39.52334	 acc=99.970
[2022-05-04 12:17:00,080][cbp1.py][line:185][INFO] Epoch:[211/300]	 Test acc=73.950
[2022-05-04 12:17:00,080][cbp1.py][line:191][INFO] Best Test acc=74.760
[2022-05-04 12:24:26,178][cbp1.py][line:180][INFO] Epoch:[212/300]	 loss=39.47487	 acc=99.968
[2022-05-04 12:24:42,120][cbp1.py][line:185][INFO] Epoch:[212/300]	 Test acc=74.620
[2022-05-04 12:24:42,121][cbp1.py][line:191][INFO] Best Test acc=74.760
[2022-05-04 12:32:12,177][cbp1.py][line:180][INFO] Epoch:[213/300]	 loss=39.05600	 acc=99.968
[2022-05-04 12:32:28,132][cbp1.py][line:185][INFO] Epoch:[213/300]	 Test acc=74.420
[2022-05-04 12:32:28,133][cbp1.py][line:191][INFO] Best Test acc=74.760
[2022-05-04 12:39:59,002][cbp1.py][line:180][INFO] Epoch:[214/300]	 loss=38.77657	 acc=99.972
[2022-05-04 12:40:14,931][cbp1.py][line:185][INFO] Epoch:[214/300]	 Test acc=74.630
[2022-05-04 12:40:14,931][cbp1.py][line:191][INFO] Best Test acc=74.760
[2022-05-04 12:47:46,522][cbp1.py][line:180][INFO] Epoch:[215/300]	 loss=38.88926	 acc=99.972
[2022-05-04 12:48:02,534][cbp1.py][line:185][INFO] Epoch:[215/300]	 Test acc=74.900
[2022-05-04 12:48:02,535][cbp1.py][line:191][INFO] Best Test acc=74.900
[2022-05-04 12:55:34,781][cbp1.py][line:180][INFO] Epoch:[216/300]	 loss=38.86404	 acc=99.978
[2022-05-04 12:55:50,761][cbp1.py][line:185][INFO] Epoch:[216/300]	 Test acc=74.210
[2022-05-04 12:55:50,762][cbp1.py][line:191][INFO] Best Test acc=74.900
[2022-05-04 13:03:26,046][cbp1.py][line:180][INFO] Epoch:[217/300]	 loss=38.33300	 acc=99.986
[2022-05-04 13:03:42,041][cbp1.py][line:185][INFO] Epoch:[217/300]	 Test acc=74.460
[2022-05-04 13:03:42,041][cbp1.py][line:191][INFO] Best Test acc=74.900
[2022-05-04 13:11:19,503][cbp1.py][line:180][INFO] Epoch:[218/300]	 loss=38.24439	 acc=99.970
[2022-05-04 13:11:35,452][cbp1.py][line:185][INFO] Epoch:[218/300]	 Test acc=74.250
[2022-05-04 13:11:35,452][cbp1.py][line:191][INFO] Best Test acc=74.900
[2022-05-04 13:19:14,245][cbp1.py][line:180][INFO] Epoch:[219/300]	 loss=37.83017	 acc=99.978
[2022-05-04 13:19:30,183][cbp1.py][line:185][INFO] Epoch:[219/300]	 Test acc=74.210
[2022-05-04 13:19:30,184][cbp1.py][line:191][INFO] Best Test acc=74.900
[2022-05-04 13:27:06,125][cbp1.py][line:180][INFO] Epoch:[220/300]	 loss=37.99905	 acc=99.976
[2022-05-04 13:27:22,171][cbp1.py][line:185][INFO] Epoch:[220/300]	 Test acc=74.560
[2022-05-04 13:27:22,171][cbp1.py][line:191][INFO] Best Test acc=74.900
[2022-05-04 13:34:55,374][cbp1.py][line:180][INFO] Epoch:[221/300]	 loss=37.71798	 acc=99.974
[2022-05-04 13:35:11,282][cbp1.py][line:185][INFO] Epoch:[221/300]	 Test acc=74.830
[2022-05-04 13:35:11,282][cbp1.py][line:191][INFO] Best Test acc=74.900
[2022-05-04 13:42:47,447][cbp1.py][line:180][INFO] Epoch:[222/300]	 loss=37.76057	 acc=99.972
[2022-05-04 13:43:03,431][cbp1.py][line:185][INFO] Epoch:[222/300]	 Test acc=74.650
[2022-05-04 13:43:03,431][cbp1.py][line:191][INFO] Best Test acc=74.900
[2022-05-04 13:50:41,894][cbp1.py][line:180][INFO] Epoch:[223/300]	 loss=37.75111	 acc=99.972
[2022-05-04 13:50:57,913][cbp1.py][line:185][INFO] Epoch:[223/300]	 Test acc=74.570
[2022-05-04 13:50:57,913][cbp1.py][line:191][INFO] Best Test acc=74.900
[2022-05-04 13:58:39,819][cbp1.py][line:180][INFO] Epoch:[224/300]	 loss=37.42310	 acc=99.974
[2022-05-04 13:58:55,743][cbp1.py][line:185][INFO] Epoch:[224/300]	 Test acc=74.440
[2022-05-04 13:58:55,743][cbp1.py][line:191][INFO] Best Test acc=74.900
[2022-05-04 14:06:38,664][cbp1.py][line:180][INFO] Epoch:[225/300]	 loss=37.12626	 acc=99.968
[2022-05-04 14:06:54,637][cbp1.py][line:185][INFO] Epoch:[225/300]	 Test acc=74.520
[2022-05-04 14:06:54,637][cbp1.py][line:191][INFO] Best Test acc=74.900
[2022-05-04 14:14:38,053][cbp1.py][line:180][INFO] Epoch:[226/300]	 loss=36.92199	 acc=99.970
[2022-05-04 14:14:54,074][cbp1.py][line:185][INFO] Epoch:[226/300]	 Test acc=74.280
[2022-05-04 14:14:54,074][cbp1.py][line:191][INFO] Best Test acc=74.900
[2022-05-04 14:22:33,050][cbp1.py][line:180][INFO] Epoch:[227/300]	 loss=36.72456	 acc=99.980
[2022-05-04 14:22:48,986][cbp1.py][line:185][INFO] Epoch:[227/300]	 Test acc=74.300
[2022-05-04 14:22:48,986][cbp1.py][line:191][INFO] Best Test acc=74.900
[2022-05-04 14:30:30,443][cbp1.py][line:180][INFO] Epoch:[228/300]	 loss=36.38529	 acc=99.974
[2022-05-04 14:30:46,461][cbp1.py][line:185][INFO] Epoch:[228/300]	 Test acc=75.060
[2022-05-04 14:30:46,461][cbp1.py][line:191][INFO] Best Test acc=75.060
[2022-05-04 14:38:32,104][cbp1.py][line:180][INFO] Epoch:[229/300]	 loss=36.50002	 acc=99.968
[2022-05-04 14:38:48,185][cbp1.py][line:185][INFO] Epoch:[229/300]	 Test acc=74.280
[2022-05-04 14:38:48,185][cbp1.py][line:191][INFO] Best Test acc=75.060
[2022-05-04 14:46:35,176][cbp1.py][line:180][INFO] Epoch:[230/300]	 loss=36.54563	 acc=99.978
[2022-05-04 14:46:51,211][cbp1.py][line:185][INFO] Epoch:[230/300]	 Test acc=74.430
[2022-05-04 14:46:51,211][cbp1.py][line:191][INFO] Best Test acc=75.060
[2022-05-04 14:54:35,626][cbp1.py][line:180][INFO] Epoch:[231/300]	 loss=36.41260	 acc=99.976
[2022-05-04 14:54:51,618][cbp1.py][line:185][INFO] Epoch:[231/300]	 Test acc=74.860
[2022-05-04 14:54:51,619][cbp1.py][line:191][INFO] Best Test acc=75.060
[2022-05-04 15:02:37,442][cbp1.py][line:180][INFO] Epoch:[232/300]	 loss=36.39126	 acc=99.980
[2022-05-04 15:02:53,469][cbp1.py][line:185][INFO] Epoch:[232/300]	 Test acc=74.460
[2022-05-04 15:02:53,469][cbp1.py][line:191][INFO] Best Test acc=75.060
[2022-05-04 15:10:37,481][cbp1.py][line:180][INFO] Epoch:[233/300]	 loss=35.91822	 acc=99.982
[2022-05-04 15:10:53,939][cbp1.py][line:185][INFO] Epoch:[233/300]	 Test acc=74.650
[2022-05-04 15:10:53,939][cbp1.py][line:191][INFO] Best Test acc=75.060
[2022-05-04 15:18:39,730][cbp1.py][line:180][INFO] Epoch:[234/300]	 loss=35.99357	 acc=99.980
[2022-05-04 15:18:55,720][cbp1.py][line:185][INFO] Epoch:[234/300]	 Test acc=74.720
[2022-05-04 15:18:55,721][cbp1.py][line:191][INFO] Best Test acc=75.060
[2022-05-04 15:26:48,099][cbp1.py][line:180][INFO] Epoch:[235/300]	 loss=35.80070	 acc=99.978
[2022-05-04 15:27:04,100][cbp1.py][line:185][INFO] Epoch:[235/300]	 Test acc=74.690
[2022-05-04 15:27:04,100][cbp1.py][line:191][INFO] Best Test acc=75.060
[2022-05-04 15:34:53,306][cbp1.py][line:180][INFO] Epoch:[236/300]	 loss=35.76521	 acc=99.984
[2022-05-04 15:35:09,324][cbp1.py][line:185][INFO] Epoch:[236/300]	 Test acc=74.520
[2022-05-04 15:35:09,324][cbp1.py][line:191][INFO] Best Test acc=75.060
[2022-05-04 15:43:01,264][cbp1.py][line:180][INFO] Epoch:[237/300]	 loss=35.84912	 acc=99.978
[2022-05-04 15:43:17,582][cbp1.py][line:185][INFO] Epoch:[237/300]	 Test acc=74.960
[2022-05-04 15:43:17,582][cbp1.py][line:191][INFO] Best Test acc=75.060
[2022-05-04 15:51:07,573][cbp1.py][line:180][INFO] Epoch:[238/300]	 loss=35.61127	 acc=99.980
[2022-05-04 15:51:23,646][cbp1.py][line:185][INFO] Epoch:[238/300]	 Test acc=74.520
[2022-05-04 15:51:23,646][cbp1.py][line:191][INFO] Best Test acc=75.060
[2022-05-04 15:59:16,284][cbp1.py][line:180][INFO] Epoch:[239/300]	 loss=35.66726	 acc=99.974
[2022-05-04 15:59:32,360][cbp1.py][line:185][INFO] Epoch:[239/300]	 Test acc=74.570
[2022-05-04 15:59:32,360][cbp1.py][line:191][INFO] Best Test acc=75.060
[2022-05-04 16:07:24,543][cbp1.py][line:180][INFO] Epoch:[240/300]	 loss=35.59043	 acc=99.978
[2022-05-04 16:07:40,711][cbp1.py][line:185][INFO] Epoch:[240/300]	 Test acc=74.710
[2022-05-04 16:07:40,711][cbp1.py][line:191][INFO] Best Test acc=75.060
[2022-05-04 16:15:35,292][cbp1.py][line:180][INFO] Epoch:[241/300]	 loss=35.40885	 acc=99.974
[2022-05-04 16:15:51,534][cbp1.py][line:185][INFO] Epoch:[241/300]	 Test acc=74.350
[2022-05-04 16:15:51,534][cbp1.py][line:191][INFO] Best Test acc=75.060
[2022-05-04 16:23:44,978][cbp1.py][line:180][INFO] Epoch:[242/300]	 loss=35.20450	 acc=99.978
[2022-05-04 16:24:01,009][cbp1.py][line:185][INFO] Epoch:[242/300]	 Test acc=74.860
[2022-05-04 16:24:01,009][cbp1.py][line:191][INFO] Best Test acc=75.060
[2022-05-04 16:31:57,317][cbp1.py][line:180][INFO] Epoch:[243/300]	 loss=35.14537	 acc=99.982
[2022-05-04 16:32:13,358][cbp1.py][line:185][INFO] Epoch:[243/300]	 Test acc=74.540
[2022-05-04 16:32:13,358][cbp1.py][line:191][INFO] Best Test acc=75.060
[2022-05-04 16:40:08,219][cbp1.py][line:180][INFO] Epoch:[244/300]	 loss=34.97915	 acc=99.976
[2022-05-04 16:40:24,258][cbp1.py][line:185][INFO] Epoch:[244/300]	 Test acc=74.620
[2022-05-04 16:40:24,259][cbp1.py][line:191][INFO] Best Test acc=75.060
[2022-05-04 16:48:15,925][cbp1.py][line:180][INFO] Epoch:[245/300]	 loss=34.93754	 acc=99.976
[2022-05-04 16:48:31,946][cbp1.py][line:185][INFO] Epoch:[245/300]	 Test acc=74.780
[2022-05-04 16:48:31,946][cbp1.py][line:191][INFO] Best Test acc=75.060
[2022-05-04 16:56:26,930][cbp1.py][line:180][INFO] Epoch:[246/300]	 loss=34.49941	 acc=99.970
[2022-05-04 16:56:42,956][cbp1.py][line:185][INFO] Epoch:[246/300]	 Test acc=74.880
[2022-05-04 16:56:42,956][cbp1.py][line:191][INFO] Best Test acc=75.060
[2022-05-04 17:04:36,966][cbp1.py][line:180][INFO] Epoch:[247/300]	 loss=34.38698	 acc=99.978
[2022-05-04 17:04:52,966][cbp1.py][line:185][INFO] Epoch:[247/300]	 Test acc=74.690
[2022-05-04 17:04:52,966][cbp1.py][line:191][INFO] Best Test acc=75.060
[2022-05-04 17:12:51,121][cbp1.py][line:180][INFO] Epoch:[248/300]	 loss=34.69148	 acc=99.970
[2022-05-04 17:13:07,274][cbp1.py][line:185][INFO] Epoch:[248/300]	 Test acc=74.450
[2022-05-04 17:13:07,274][cbp1.py][line:191][INFO] Best Test acc=75.060
[2022-05-04 17:21:09,086][cbp1.py][line:180][INFO] Epoch:[249/300]	 loss=34.51165	 acc=99.980
[2022-05-04 17:21:25,072][cbp1.py][line:185][INFO] Epoch:[249/300]	 Test acc=75.020
[2022-05-04 17:21:25,072][cbp1.py][line:191][INFO] Best Test acc=75.060
[2022-05-04 17:29:25,263][cbp1.py][line:180][INFO] Epoch:[250/300]	 loss=34.40658	 acc=99.980
[2022-05-04 17:29:41,297][cbp1.py][line:185][INFO] Epoch:[250/300]	 Test acc=75.010
[2022-05-04 17:29:41,297][cbp1.py][line:191][INFO] Best Test acc=75.060
[2022-05-04 17:37:44,866][cbp1.py][line:180][INFO] Epoch:[251/300]	 loss=34.29383	 acc=99.976
[2022-05-04 17:38:00,869][cbp1.py][line:185][INFO] Epoch:[251/300]	 Test acc=75.120
[2022-05-04 17:38:00,869][cbp1.py][line:191][INFO] Best Test acc=75.120
[2022-05-04 17:46:00,685][cbp1.py][line:180][INFO] Epoch:[252/300]	 loss=34.28567	 acc=99.970
[2022-05-04 17:46:16,720][cbp1.py][line:185][INFO] Epoch:[252/300]	 Test acc=74.530
[2022-05-04 17:46:16,720][cbp1.py][line:191][INFO] Best Test acc=75.120
[2022-05-04 17:54:18,111][cbp1.py][line:180][INFO] Epoch:[253/300]	 loss=34.15229	 acc=99.972
[2022-05-04 17:54:34,083][cbp1.py][line:185][INFO] Epoch:[253/300]	 Test acc=74.920
[2022-05-04 17:54:34,083][cbp1.py][line:191][INFO] Best Test acc=75.120
[2022-05-04 18:02:37,767][cbp1.py][line:180][INFO] Epoch:[254/300]	 loss=34.15701	 acc=99.980
[2022-05-04 18:02:53,892][cbp1.py][line:185][INFO] Epoch:[254/300]	 Test acc=74.880
[2022-05-04 18:02:53,892][cbp1.py][line:191][INFO] Best Test acc=75.120
[2022-05-04 18:10:56,000][cbp1.py][line:180][INFO] Epoch:[255/300]	 loss=33.92583	 acc=99.970
[2022-05-04 18:11:12,097][cbp1.py][line:185][INFO] Epoch:[255/300]	 Test acc=74.710
[2022-05-04 18:11:12,097][cbp1.py][line:191][INFO] Best Test acc=75.120
[2022-05-04 18:19:12,827][cbp1.py][line:180][INFO] Epoch:[256/300]	 loss=34.09217	 acc=99.976
[2022-05-04 18:19:28,791][cbp1.py][line:185][INFO] Epoch:[256/300]	 Test acc=75.010
[2022-05-04 18:19:28,791][cbp1.py][line:191][INFO] Best Test acc=75.120
[2022-05-04 18:27:33,321][cbp1.py][line:180][INFO] Epoch:[257/300]	 loss=33.86135	 acc=99.986
[2022-05-04 18:27:49,346][cbp1.py][line:185][INFO] Epoch:[257/300]	 Test acc=74.890
[2022-05-04 18:27:49,346][cbp1.py][line:191][INFO] Best Test acc=75.120
[2022-05-04 18:35:55,272][cbp1.py][line:180][INFO] Epoch:[258/300]	 loss=33.80834	 acc=99.980
[2022-05-04 18:36:11,287][cbp1.py][line:185][INFO] Epoch:[258/300]	 Test acc=75.000
[2022-05-04 18:36:11,287][cbp1.py][line:191][INFO] Best Test acc=75.120
[2022-05-04 18:44:16,428][cbp1.py][line:180][INFO] Epoch:[259/300]	 loss=33.68223	 acc=99.982
[2022-05-04 18:44:32,465][cbp1.py][line:185][INFO] Epoch:[259/300]	 Test acc=74.610
[2022-05-04 18:44:32,465][cbp1.py][line:191][INFO] Best Test acc=75.120
[2022-05-04 18:52:39,611][cbp1.py][line:180][INFO] Epoch:[260/300]	 loss=33.73271	 acc=99.978
[2022-05-04 18:52:55,522][cbp1.py][line:185][INFO] Epoch:[260/300]	 Test acc=75.030
[2022-05-04 18:52:55,522][cbp1.py][line:191][INFO] Best Test acc=75.120
[2022-05-04 19:01:00,575][cbp1.py][line:180][INFO] Epoch:[261/300]	 loss=33.30213	 acc=99.980
[2022-05-04 19:01:16,567][cbp1.py][line:185][INFO] Epoch:[261/300]	 Test acc=74.920
[2022-05-04 19:01:16,567][cbp1.py][line:191][INFO] Best Test acc=75.120
[2022-05-04 19:09:25,903][cbp1.py][line:180][INFO] Epoch:[262/300]	 loss=33.72850	 acc=99.978
[2022-05-04 19:09:41,885][cbp1.py][line:185][INFO] Epoch:[262/300]	 Test acc=74.680
[2022-05-04 19:09:41,885][cbp1.py][line:191][INFO] Best Test acc=75.120
[2022-05-04 19:17:52,093][cbp1.py][line:180][INFO] Epoch:[263/300]	 loss=33.62347	 acc=99.978
[2022-05-04 19:18:08,306][cbp1.py][line:185][INFO] Epoch:[263/300]	 Test acc=74.820
[2022-05-04 19:18:08,306][cbp1.py][line:191][INFO] Best Test acc=75.120
[2022-05-04 19:26:19,903][cbp1.py][line:180][INFO] Epoch:[264/300]	 loss=33.46891	 acc=99.974
[2022-05-04 19:26:35,873][cbp1.py][line:185][INFO] Epoch:[264/300]	 Test acc=74.900
[2022-05-04 19:26:35,873][cbp1.py][line:191][INFO] Best Test acc=75.120
[2022-05-04 19:34:44,889][cbp1.py][line:180][INFO] Epoch:[265/300]	 loss=33.40879	 acc=99.980
[2022-05-04 19:35:00,978][cbp1.py][line:185][INFO] Epoch:[265/300]	 Test acc=74.720
[2022-05-04 19:35:00,979][cbp1.py][line:191][INFO] Best Test acc=75.120
[2022-05-04 19:43:13,999][cbp1.py][line:180][INFO] Epoch:[266/300]	 loss=33.52791	 acc=99.982
[2022-05-04 19:43:30,138][cbp1.py][line:185][INFO] Epoch:[266/300]	 Test acc=75.170
[2022-05-04 19:43:30,138][cbp1.py][line:191][INFO] Best Test acc=75.170
[2022-05-04 19:51:43,481][cbp1.py][line:180][INFO] Epoch:[267/300]	 loss=33.23668	 acc=99.976
[2022-05-04 19:51:59,497][cbp1.py][line:185][INFO] Epoch:[267/300]	 Test acc=74.920
[2022-05-04 19:51:59,497][cbp1.py][line:191][INFO] Best Test acc=75.170
[2022-05-04 20:00:15,626][cbp1.py][line:180][INFO] Epoch:[268/300]	 loss=33.28780	 acc=99.978
[2022-05-04 20:00:31,666][cbp1.py][line:185][INFO] Epoch:[268/300]	 Test acc=75.120
[2022-05-04 20:00:31,666][cbp1.py][line:191][INFO] Best Test acc=75.170
[2022-05-04 20:08:41,569][cbp1.py][line:180][INFO] Epoch:[269/300]	 loss=33.22929	 acc=99.984
[2022-05-04 20:08:57,553][cbp1.py][line:185][INFO] Epoch:[269/300]	 Test acc=74.640
[2022-05-04 20:08:57,553][cbp1.py][line:191][INFO] Best Test acc=75.170
[2022-05-04 20:17:15,509][cbp1.py][line:180][INFO] Epoch:[270/300]	 loss=33.47601	 acc=99.980
[2022-05-04 20:17:31,618][cbp1.py][line:185][INFO] Epoch:[270/300]	 Test acc=74.820
[2022-05-04 20:17:31,618][cbp1.py][line:191][INFO] Best Test acc=75.170
[2022-05-04 20:25:44,782][cbp1.py][line:180][INFO] Epoch:[271/300]	 loss=33.30791	 acc=99.980
[2022-05-04 20:26:00,778][cbp1.py][line:185][INFO] Epoch:[271/300]	 Test acc=75.020
[2022-05-04 20:26:00,778][cbp1.py][line:191][INFO] Best Test acc=75.170
[2022-05-04 20:34:12,468][cbp1.py][line:180][INFO] Epoch:[272/300]	 loss=33.19513	 acc=99.980
[2022-05-04 20:34:28,450][cbp1.py][line:185][INFO] Epoch:[272/300]	 Test acc=74.980
[2022-05-04 20:34:28,450][cbp1.py][line:191][INFO] Best Test acc=75.170
[2022-05-04 20:42:47,367][cbp1.py][line:180][INFO] Epoch:[273/300]	 loss=33.13883	 acc=99.980
[2022-05-04 20:43:03,377][cbp1.py][line:185][INFO] Epoch:[273/300]	 Test acc=74.790
[2022-05-04 20:43:03,377][cbp1.py][line:191][INFO] Best Test acc=75.170
[2022-05-04 20:51:20,786][cbp1.py][line:180][INFO] Epoch:[274/300]	 loss=33.03468	 acc=99.982
[2022-05-04 20:51:36,767][cbp1.py][line:185][INFO] Epoch:[274/300]	 Test acc=74.970
[2022-05-04 20:51:36,767][cbp1.py][line:191][INFO] Best Test acc=75.170
[2022-05-04 20:59:54,200][cbp1.py][line:180][INFO] Epoch:[275/300]	 loss=33.00683	 acc=99.978
[2022-05-04 21:00:10,217][cbp1.py][line:185][INFO] Epoch:[275/300]	 Test acc=75.140
[2022-05-04 21:00:10,217][cbp1.py][line:191][INFO] Best Test acc=75.170
[2022-05-04 21:08:31,587][cbp1.py][line:180][INFO] Epoch:[276/300]	 loss=33.06822	 acc=99.982
[2022-05-04 21:08:47,572][cbp1.py][line:185][INFO] Epoch:[276/300]	 Test acc=75.130
[2022-05-04 21:08:47,572][cbp1.py][line:191][INFO] Best Test acc=75.170
[2022-05-04 21:17:02,951][cbp1.py][line:180][INFO] Epoch:[277/300]	 loss=33.11980	 acc=99.982
[2022-05-04 21:17:19,094][cbp1.py][line:185][INFO] Epoch:[277/300]	 Test acc=74.940
[2022-05-04 21:17:19,095][cbp1.py][line:191][INFO] Best Test acc=75.170
[2022-05-04 21:25:42,228][cbp1.py][line:180][INFO] Epoch:[278/300]	 loss=32.98215	 acc=99.982
[2022-05-04 21:25:58,321][cbp1.py][line:185][INFO] Epoch:[278/300]	 Test acc=74.940
[2022-05-04 21:25:58,322][cbp1.py][line:191][INFO] Best Test acc=75.170
[2022-05-04 21:34:22,898][cbp1.py][line:180][INFO] Epoch:[279/300]	 loss=33.23263	 acc=99.976
[2022-05-04 21:34:38,869][cbp1.py][line:185][INFO] Epoch:[279/300]	 Test acc=74.590
[2022-05-04 21:34:38,869][cbp1.py][line:191][INFO] Best Test acc=75.170
[2022-05-04 21:43:04,122][cbp1.py][line:180][INFO] Epoch:[280/300]	 loss=33.04114	 acc=99.994
[2022-05-04 21:43:20,131][cbp1.py][line:185][INFO] Epoch:[280/300]	 Test acc=74.750
[2022-05-04 21:43:20,131][cbp1.py][line:191][INFO] Best Test acc=75.170
[2022-05-04 21:51:40,338][cbp1.py][line:180][INFO] Epoch:[281/300]	 loss=33.01133	 acc=99.980
[2022-05-04 21:51:56,365][cbp1.py][line:185][INFO] Epoch:[281/300]	 Test acc=74.640
[2022-05-04 21:51:56,365][cbp1.py][line:191][INFO] Best Test acc=75.170
[2022-05-04 22:00:21,004][cbp1.py][line:180][INFO] Epoch:[282/300]	 loss=32.83304	 acc=99.980
[2022-05-04 22:00:36,996][cbp1.py][line:185][INFO] Epoch:[282/300]	 Test acc=75.020
[2022-05-04 22:00:36,997][cbp1.py][line:191][INFO] Best Test acc=75.170
[2022-05-04 22:09:04,638][cbp1.py][line:180][INFO] Epoch:[283/300]	 loss=32.80233	 acc=99.978
[2022-05-04 22:09:20,651][cbp1.py][line:185][INFO] Epoch:[283/300]	 Test acc=74.990
[2022-05-04 22:09:20,651][cbp1.py][line:191][INFO] Best Test acc=75.170
[2022-05-04 22:17:47,790][cbp1.py][line:180][INFO] Epoch:[284/300]	 loss=32.76329	 acc=99.982
[2022-05-04 22:18:03,785][cbp1.py][line:185][INFO] Epoch:[284/300]	 Test acc=74.700
[2022-05-04 22:18:03,785][cbp1.py][line:191][INFO] Best Test acc=75.170
[2022-05-04 22:26:27,312][cbp1.py][line:180][INFO] Epoch:[285/300]	 loss=32.85936	 acc=99.982
[2022-05-04 22:26:43,375][cbp1.py][line:185][INFO] Epoch:[285/300]	 Test acc=74.860
[2022-05-04 22:26:43,375][cbp1.py][line:191][INFO] Best Test acc=75.170
[2022-05-04 22:35:08,718][cbp1.py][line:180][INFO] Epoch:[286/300]	 loss=32.80000	 acc=99.986
[2022-05-04 22:35:24,717][cbp1.py][line:185][INFO] Epoch:[286/300]	 Test acc=75.160
[2022-05-04 22:35:24,717][cbp1.py][line:191][INFO] Best Test acc=75.170
[2022-05-04 22:43:54,285][cbp1.py][line:180][INFO] Epoch:[287/300]	 loss=32.94292	 acc=99.982
[2022-05-04 22:44:10,485][cbp1.py][line:185][INFO] Epoch:[287/300]	 Test acc=75.000
[2022-05-04 22:44:10,485][cbp1.py][line:191][INFO] Best Test acc=75.170
[2022-05-04 22:52:41,182][cbp1.py][line:180][INFO] Epoch:[288/300]	 loss=32.82791	 acc=99.972
[2022-05-04 22:52:57,169][cbp1.py][line:185][INFO] Epoch:[288/300]	 Test acc=74.880
[2022-05-04 22:52:57,169][cbp1.py][line:191][INFO] Best Test acc=75.170
[2022-05-04 23:01:28,642][cbp1.py][line:180][INFO] Epoch:[289/300]	 loss=32.83184	 acc=99.978
[2022-05-04 23:01:44,652][cbp1.py][line:185][INFO] Epoch:[289/300]	 Test acc=74.790
[2022-05-04 23:01:44,652][cbp1.py][line:191][INFO] Best Test acc=75.170
[2022-05-04 23:10:11,260][cbp1.py][line:180][INFO] Epoch:[290/300]	 loss=32.67057	 acc=99.976
[2022-05-04 23:10:27,294][cbp1.py][line:185][INFO] Epoch:[290/300]	 Test acc=74.980
[2022-05-04 23:10:27,294][cbp1.py][line:191][INFO] Best Test acc=75.170
[2022-05-04 23:18:58,224][cbp1.py][line:180][INFO] Epoch:[291/300]	 loss=32.76225	 acc=99.980
[2022-05-04 23:19:14,368][cbp1.py][line:185][INFO] Epoch:[291/300]	 Test acc=75.140
[2022-05-04 23:19:14,368][cbp1.py][line:191][INFO] Best Test acc=75.170
[2022-05-04 23:27:44,524][cbp1.py][line:180][INFO] Epoch:[292/300]	 loss=32.73346	 acc=99.982
[2022-05-04 23:28:00,611][cbp1.py][line:185][INFO] Epoch:[292/300]	 Test acc=74.990
[2022-05-04 23:28:00,611][cbp1.py][line:191][INFO] Best Test acc=75.170
[2022-05-04 23:36:32,161][cbp1.py][line:180][INFO] Epoch:[293/300]	 loss=32.79828	 acc=99.980
[2022-05-04 23:36:48,359][cbp1.py][line:185][INFO] Epoch:[293/300]	 Test acc=75.220
[2022-05-04 23:36:48,359][cbp1.py][line:191][INFO] Best Test acc=75.220
[2022-05-04 23:45:24,228][cbp1.py][line:180][INFO] Epoch:[294/300]	 loss=32.88594	 acc=99.980
[2022-05-04 23:45:40,738][cbp1.py][line:185][INFO] Epoch:[294/300]	 Test acc=74.830
[2022-05-04 23:45:40,738][cbp1.py][line:191][INFO] Best Test acc=75.220
[2022-05-04 23:54:16,785][cbp1.py][line:180][INFO] Epoch:[295/300]	 loss=32.65646	 acc=99.982
[2022-05-04 23:54:32,941][cbp1.py][line:185][INFO] Epoch:[295/300]	 Test acc=75.400
[2022-05-04 23:54:32,941][cbp1.py][line:191][INFO] Best Test acc=75.400
[2022-05-05 00:03:02,419][cbp1.py][line:180][INFO] Epoch:[296/300]	 loss=32.91505	 acc=99.982
[2022-05-05 00:03:18,728][cbp1.py][line:185][INFO] Epoch:[296/300]	 Test acc=75.180
[2022-05-05 00:03:18,728][cbp1.py][line:191][INFO] Best Test acc=75.400
[2022-05-05 00:11:58,083][cbp1.py][line:180][INFO] Epoch:[297/300]	 loss=32.67149	 acc=99.974
[2022-05-05 00:12:14,645][cbp1.py][line:185][INFO] Epoch:[297/300]	 Test acc=74.870
[2022-05-05 00:12:14,646][cbp1.py][line:191][INFO] Best Test acc=75.400
[2022-05-05 00:20:53,511][cbp1.py][line:180][INFO] Epoch:[298/300]	 loss=32.88197	 acc=99.984
[2022-05-05 00:21:09,592][cbp1.py][line:185][INFO] Epoch:[298/300]	 Test acc=75.130
[2022-05-05 00:21:09,592][cbp1.py][line:191][INFO] Best Test acc=75.400
[2022-05-05 00:29:43,680][cbp1.py][line:180][INFO] Epoch:[299/300]	 loss=33.03470	 acc=99.978
[2022-05-05 00:29:59,925][cbp1.py][line:185][INFO] Epoch:[299/300]	 Test acc=74.870
[2022-05-05 00:29:59,925][cbp1.py][line:191][INFO] Best Test acc=75.400
