[2023-01-26 12:52:46,442][cbp1.py][line:166][INFO] start training!
[2023-01-26 12:55:53,800][cbp1.py][line:177][INFO] Epoch:[0/300]	 loss=1648.98411	 acc=3.638
[2023-01-26 12:56:05,232][cbp1.py][line:182][INFO] Epoch:[0/300]	 Test acc=5.950
[2023-01-26 12:56:05,469][cbp1.py][line:193][INFO] Best Test acc=5.950
[2023-01-26 12:59:10,882][cbp1.py][line:177][INFO] Epoch:[1/300]	 loss=1519.29288	 acc=7.974
[2023-01-26 12:59:22,131][cbp1.py][line:182][INFO] Epoch:[1/300]	 Test acc=10.790
[2023-01-26 12:59:22,312][cbp1.py][line:193][INFO] Best Test acc=10.790
[2023-01-26 13:02:28,158][cbp1.py][line:177][INFO] Epoch:[2/300]	 loss=1431.02505	 acc=13.522
[2023-01-26 13:02:39,447][cbp1.py][line:182][INFO] Epoch:[2/300]	 Test acc=15.430
[2023-01-26 13:02:39,618][cbp1.py][line:193][INFO] Best Test acc=15.430
[2023-01-26 13:05:45,906][cbp1.py][line:177][INFO] Epoch:[3/300]	 loss=1335.43301	 acc=19.696
[2023-01-26 13:05:57,191][cbp1.py][line:182][INFO] Epoch:[3/300]	 Test acc=21.700
[2023-01-26 13:05:57,352][cbp1.py][line:193][INFO] Best Test acc=21.700
[2023-01-26 13:09:03,963][cbp1.py][line:177][INFO] Epoch:[4/300]	 loss=1231.17289	 acc=26.064
[2023-01-26 13:09:15,219][cbp1.py][line:182][INFO] Epoch:[4/300]	 Test acc=30.070
[2023-01-26 13:09:15,378][cbp1.py][line:193][INFO] Best Test acc=30.070
[2023-01-26 13:12:21,627][cbp1.py][line:177][INFO] Epoch:[5/300]	 loss=1123.09169	 acc=33.050
[2023-01-26 13:12:32,882][cbp1.py][line:182][INFO] Epoch:[5/300]	 Test acc=33.530
[2023-01-26 13:12:33,041][cbp1.py][line:193][INFO] Best Test acc=33.530
[2023-01-26 13:15:40,158][cbp1.py][line:177][INFO] Epoch:[6/300]	 loss=1037.23429	 acc=38.864
[2023-01-26 13:15:51,485][cbp1.py][line:182][INFO] Epoch:[6/300]	 Test acc=38.780
[2023-01-26 13:15:51,650][cbp1.py][line:193][INFO] Best Test acc=38.780
[2023-01-26 13:18:58,889][cbp1.py][line:177][INFO] Epoch:[7/300]	 loss=965.46113	 acc=43.532
[2023-01-26 13:19:10,216][cbp1.py][line:182][INFO] Epoch:[7/300]	 Test acc=42.250
[2023-01-26 13:19:10,373][cbp1.py][line:193][INFO] Best Test acc=42.250
[2023-01-26 13:22:18,409][cbp1.py][line:177][INFO] Epoch:[8/300]	 loss=907.27011	 acc=47.174
[2023-01-26 13:22:29,734][cbp1.py][line:182][INFO] Epoch:[8/300]	 Test acc=45.510
[2023-01-26 13:22:29,892][cbp1.py][line:193][INFO] Best Test acc=45.510
[2023-01-26 13:25:39,745][cbp1.py][line:177][INFO] Epoch:[9/300]	 loss=860.12688	 acc=50.832
[2023-01-26 13:25:51,042][cbp1.py][line:182][INFO] Epoch:[9/300]	 Test acc=48.980
[2023-01-26 13:25:51,208][cbp1.py][line:193][INFO] Best Test acc=48.980
[2023-01-26 13:29:01,136][cbp1.py][line:177][INFO] Epoch:[10/300]	 loss=814.86190	 acc=53.834
[2023-01-26 13:29:12,473][cbp1.py][line:182][INFO] Epoch:[10/300]	 Test acc=52.940
[2023-01-26 13:29:12,631][cbp1.py][line:193][INFO] Best Test acc=52.940
[2023-01-26 13:32:22,743][cbp1.py][line:177][INFO] Epoch:[11/300]	 loss=776.35315	 acc=56.258
[2023-01-26 13:32:34,042][cbp1.py][line:182][INFO] Epoch:[11/300]	 Test acc=53.350
[2023-01-26 13:32:34,203][cbp1.py][line:193][INFO] Best Test acc=53.350
[2023-01-26 13:35:44,775][cbp1.py][line:177][INFO] Epoch:[12/300]	 loss=738.59778	 acc=58.798
[2023-01-26 13:35:56,072][cbp1.py][line:182][INFO] Epoch:[12/300]	 Test acc=56.030
[2023-01-26 13:35:56,231][cbp1.py][line:193][INFO] Best Test acc=56.030
[2023-01-26 13:39:08,841][cbp1.py][line:177][INFO] Epoch:[13/300]	 loss=707.40815	 acc=61.034
[2023-01-26 13:39:20,122][cbp1.py][line:182][INFO] Epoch:[13/300]	 Test acc=55.810
[2023-01-26 13:39:20,123][cbp1.py][line:193][INFO] Best Test acc=56.030
[2023-01-26 13:42:33,620][cbp1.py][line:177][INFO] Epoch:[14/300]	 loss=680.97453	 acc=62.930
[2023-01-26 13:42:44,881][cbp1.py][line:182][INFO] Epoch:[14/300]	 Test acc=55.190
[2023-01-26 13:42:44,882][cbp1.py][line:193][INFO] Best Test acc=56.030
[2023-01-26 13:45:58,923][cbp1.py][line:177][INFO] Epoch:[15/300]	 loss=653.67622	 acc=64.828
[2023-01-26 13:46:10,178][cbp1.py][line:182][INFO] Epoch:[15/300]	 Test acc=57.750
[2023-01-26 13:46:10,333][cbp1.py][line:193][INFO] Best Test acc=57.750
[2023-01-26 13:49:25,145][cbp1.py][line:177][INFO] Epoch:[16/300]	 loss=631.52861	 acc=66.600
[2023-01-26 13:49:36,455][cbp1.py][line:182][INFO] Epoch:[16/300]	 Test acc=59.140
[2023-01-26 13:49:36,613][cbp1.py][line:193][INFO] Best Test acc=59.140
[2023-01-26 13:52:52,730][cbp1.py][line:177][INFO] Epoch:[17/300]	 loss=608.21478	 acc=67.834
[2023-01-26 13:53:04,083][cbp1.py][line:182][INFO] Epoch:[17/300]	 Test acc=61.590
[2023-01-26 13:53:04,241][cbp1.py][line:193][INFO] Best Test acc=61.590
[2023-01-26 13:56:20,478][cbp1.py][line:177][INFO] Epoch:[18/300]	 loss=587.51172	 acc=69.450
[2023-01-26 13:56:31,945][cbp1.py][line:182][INFO] Epoch:[18/300]	 Test acc=61.460
[2023-01-26 13:56:31,945][cbp1.py][line:193][INFO] Best Test acc=61.590
[2023-01-26 13:59:48,848][cbp1.py][line:177][INFO] Epoch:[19/300]	 loss=568.66498	 acc=70.710
[2023-01-26 14:00:00,171][cbp1.py][line:182][INFO] Epoch:[19/300]	 Test acc=62.670
[2023-01-26 14:00:00,338][cbp1.py][line:193][INFO] Best Test acc=62.670
[2023-01-26 14:03:17,648][cbp1.py][line:177][INFO] Epoch:[20/300]	 loss=553.43885	 acc=71.916
[2023-01-26 14:03:28,911][cbp1.py][line:182][INFO] Epoch:[20/300]	 Test acc=61.720
[2023-01-26 14:03:28,911][cbp1.py][line:193][INFO] Best Test acc=62.670
[2023-01-26 14:06:46,360][cbp1.py][line:177][INFO] Epoch:[21/300]	 loss=536.18360	 acc=73.092
[2023-01-26 14:06:57,643][cbp1.py][line:182][INFO] Epoch:[21/300]	 Test acc=64.630
[2023-01-26 14:06:57,798][cbp1.py][line:193][INFO] Best Test acc=64.630
[2023-01-26 14:10:16,351][cbp1.py][line:177][INFO] Epoch:[22/300]	 loss=519.38423	 acc=74.008
[2023-01-26 14:10:27,646][cbp1.py][line:182][INFO] Epoch:[22/300]	 Test acc=64.740
[2023-01-26 14:10:27,799][cbp1.py][line:193][INFO] Best Test acc=64.740
[2023-01-26 14:13:47,192][cbp1.py][line:177][INFO] Epoch:[23/300]	 loss=506.36239	 acc=75.112
[2023-01-26 14:13:58,564][cbp1.py][line:182][INFO] Epoch:[23/300]	 Test acc=63.210
[2023-01-26 14:13:58,565][cbp1.py][line:193][INFO] Best Test acc=64.740
[2023-01-26 14:17:18,645][cbp1.py][line:177][INFO] Epoch:[24/300]	 loss=489.17240	 acc=76.230
[2023-01-26 14:17:29,950][cbp1.py][line:182][INFO] Epoch:[24/300]	 Test acc=66.240
[2023-01-26 14:17:30,113][cbp1.py][line:193][INFO] Best Test acc=66.240
[2023-01-26 14:20:50,410][cbp1.py][line:177][INFO] Epoch:[25/300]	 loss=478.20251	 acc=77.004
[2023-01-26 14:21:01,725][cbp1.py][line:182][INFO] Epoch:[25/300]	 Test acc=65.810
[2023-01-26 14:21:01,725][cbp1.py][line:193][INFO] Best Test acc=66.240
[2023-01-26 14:24:22,842][cbp1.py][line:177][INFO] Epoch:[26/300]	 loss=463.85533	 acc=78.160
[2023-01-26 14:24:34,060][cbp1.py][line:182][INFO] Epoch:[26/300]	 Test acc=66.330
[2023-01-26 14:24:34,219][cbp1.py][line:193][INFO] Best Test acc=66.330
[2023-01-26 14:27:56,674][cbp1.py][line:177][INFO] Epoch:[27/300]	 loss=452.97119	 acc=78.758
[2023-01-26 14:28:07,899][cbp1.py][line:182][INFO] Epoch:[27/300]	 Test acc=65.240
[2023-01-26 14:28:07,899][cbp1.py][line:193][INFO] Best Test acc=66.330
[2023-01-26 14:31:30,514][cbp1.py][line:177][INFO] Epoch:[28/300]	 loss=442.34892	 acc=79.332
[2023-01-26 14:31:41,763][cbp1.py][line:182][INFO] Epoch:[28/300]	 Test acc=66.900
[2023-01-26 14:31:41,963][cbp1.py][line:193][INFO] Best Test acc=66.900
[2023-01-26 14:35:04,648][cbp1.py][line:177][INFO] Epoch:[29/300]	 loss=426.60069	 acc=80.628
[2023-01-26 14:35:15,864][cbp1.py][line:182][INFO] Epoch:[29/300]	 Test acc=66.830
[2023-01-26 14:35:15,864][cbp1.py][line:193][INFO] Best Test acc=66.900
[2023-01-26 14:38:39,687][cbp1.py][line:177][INFO] Epoch:[30/300]	 loss=418.91588	 acc=81.200
[2023-01-26 14:38:51,018][cbp1.py][line:182][INFO] Epoch:[30/300]	 Test acc=67.870
[2023-01-26 14:38:51,176][cbp1.py][line:193][INFO] Best Test acc=67.870
[2023-01-26 14:42:15,921][cbp1.py][line:177][INFO] Epoch:[31/300]	 loss=407.08960	 acc=82.062
[2023-01-26 14:42:27,338][cbp1.py][line:182][INFO] Epoch:[31/300]	 Test acc=66.870
[2023-01-26 14:42:27,339][cbp1.py][line:193][INFO] Best Test acc=67.870
[2023-01-26 14:45:52,698][cbp1.py][line:177][INFO] Epoch:[32/300]	 loss=401.82782	 acc=82.212
[2023-01-26 14:46:04,029][cbp1.py][line:182][INFO] Epoch:[32/300]	 Test acc=66.840
[2023-01-26 14:46:04,030][cbp1.py][line:193][INFO] Best Test acc=67.870
[2023-01-26 14:49:30,907][cbp1.py][line:177][INFO] Epoch:[33/300]	 loss=391.55764	 acc=83.012
[2023-01-26 14:49:42,196][cbp1.py][line:182][INFO] Epoch:[33/300]	 Test acc=68.230
[2023-01-26 14:49:42,358][cbp1.py][line:193][INFO] Best Test acc=68.230
[2023-01-26 14:53:11,976][cbp1.py][line:177][INFO] Epoch:[34/300]	 loss=380.64068	 acc=83.926
[2023-01-26 14:53:23,272][cbp1.py][line:182][INFO] Epoch:[34/300]	 Test acc=67.860
[2023-01-26 14:53:23,272][cbp1.py][line:193][INFO] Best Test acc=68.230
[2023-01-26 14:56:53,020][cbp1.py][line:177][INFO] Epoch:[35/300]	 loss=373.59760	 acc=84.336
[2023-01-26 14:57:04,239][cbp1.py][line:182][INFO] Epoch:[35/300]	 Test acc=67.930
[2023-01-26 14:57:04,240][cbp1.py][line:193][INFO] Best Test acc=68.230
[2023-01-26 15:00:34,688][cbp1.py][line:177][INFO] Epoch:[36/300]	 loss=361.56035	 acc=85.196
[2023-01-26 15:00:45,959][cbp1.py][line:182][INFO] Epoch:[36/300]	 Test acc=67.740
[2023-01-26 15:00:45,960][cbp1.py][line:193][INFO] Best Test acc=68.230
[2023-01-26 15:04:16,888][cbp1.py][line:177][INFO] Epoch:[37/300]	 loss=357.01374	 acc=85.434
[2023-01-26 15:04:28,166][cbp1.py][line:182][INFO] Epoch:[37/300]	 Test acc=66.750
[2023-01-26 15:04:28,166][cbp1.py][line:193][INFO] Best Test acc=68.230
[2023-01-26 15:07:59,751][cbp1.py][line:177][INFO] Epoch:[38/300]	 loss=347.58175	 acc=86.092
[2023-01-26 15:08:11,041][cbp1.py][line:182][INFO] Epoch:[38/300]	 Test acc=68.300
[2023-01-26 15:08:11,200][cbp1.py][line:193][INFO] Best Test acc=68.300
[2023-01-26 15:11:43,520][cbp1.py][line:177][INFO] Epoch:[39/300]	 loss=340.93782	 acc=86.522
[2023-01-26 15:11:54,740][cbp1.py][line:182][INFO] Epoch:[39/300]	 Test acc=68.220
[2023-01-26 15:11:54,740][cbp1.py][line:193][INFO] Best Test acc=68.300
[2023-01-26 15:15:28,093][cbp1.py][line:177][INFO] Epoch:[40/300]	 loss=336.15696	 acc=86.800
[2023-01-26 15:15:39,353][cbp1.py][line:182][INFO] Epoch:[40/300]	 Test acc=68.980
[2023-01-26 15:15:39,512][cbp1.py][line:193][INFO] Best Test acc=68.980
[2023-01-26 15:19:13,516][cbp1.py][line:177][INFO] Epoch:[41/300]	 loss=325.93890	 acc=87.644
[2023-01-26 15:19:24,784][cbp1.py][line:182][INFO] Epoch:[41/300]	 Test acc=68.920
[2023-01-26 15:19:24,784][cbp1.py][line:193][INFO] Best Test acc=68.980
[2023-01-26 15:22:59,441][cbp1.py][line:177][INFO] Epoch:[42/300]	 loss=317.00521	 acc=88.148
[2023-01-26 15:23:10,769][cbp1.py][line:182][INFO] Epoch:[42/300]	 Test acc=69.920
[2023-01-26 15:23:10,924][cbp1.py][line:193][INFO] Best Test acc=69.920
[2023-01-26 15:26:46,413][cbp1.py][line:177][INFO] Epoch:[43/300]	 loss=317.17141	 acc=88.174
[2023-01-26 15:26:57,671][cbp1.py][line:182][INFO] Epoch:[43/300]	 Test acc=70.480
[2023-01-26 15:26:57,826][cbp1.py][line:193][INFO] Best Test acc=70.480
[2023-01-26 15:30:34,914][cbp1.py][line:177][INFO] Epoch:[44/300]	 loss=307.19965	 acc=88.686
[2023-01-26 15:30:46,162][cbp1.py][line:182][INFO] Epoch:[44/300]	 Test acc=68.890
[2023-01-26 15:30:46,162][cbp1.py][line:193][INFO] Best Test acc=70.480
[2023-01-26 15:34:23,782][cbp1.py][line:177][INFO] Epoch:[45/300]	 loss=300.87813	 acc=89.186
[2023-01-26 15:34:35,046][cbp1.py][line:182][INFO] Epoch:[45/300]	 Test acc=69.000
[2023-01-26 15:34:35,047][cbp1.py][line:193][INFO] Best Test acc=70.480
[2023-01-26 15:38:14,027][cbp1.py][line:177][INFO] Epoch:[46/300]	 loss=294.16334	 acc=89.632
[2023-01-26 15:38:25,273][cbp1.py][line:182][INFO] Epoch:[46/300]	 Test acc=70.000
[2023-01-26 15:38:25,273][cbp1.py][line:193][INFO] Best Test acc=70.480
[2023-01-26 15:42:04,565][cbp1.py][line:177][INFO] Epoch:[47/300]	 loss=291.98473	 acc=89.670
[2023-01-26 15:42:15,840][cbp1.py][line:182][INFO] Epoch:[47/300]	 Test acc=70.300
[2023-01-26 15:42:15,840][cbp1.py][line:193][INFO] Best Test acc=70.480
[2023-01-26 15:45:55,846][cbp1.py][line:177][INFO] Epoch:[48/300]	 loss=284.25483	 acc=90.100
[2023-01-26 15:46:07,077][cbp1.py][line:182][INFO] Epoch:[48/300]	 Test acc=67.400
[2023-01-26 15:46:07,077][cbp1.py][line:193][INFO] Best Test acc=70.480
[2023-01-26 15:49:48,034][cbp1.py][line:177][INFO] Epoch:[49/300]	 loss=277.52583	 acc=90.566
[2023-01-26 15:49:59,292][cbp1.py][line:182][INFO] Epoch:[49/300]	 Test acc=69.790
[2023-01-26 15:49:59,293][cbp1.py][line:193][INFO] Best Test acc=70.480
[2023-01-26 15:53:41,540][cbp1.py][line:177][INFO] Epoch:[50/300]	 loss=273.01973	 acc=91.004
[2023-01-26 15:53:52,813][cbp1.py][line:182][INFO] Epoch:[50/300]	 Test acc=69.830
[2023-01-26 15:53:52,813][cbp1.py][line:193][INFO] Best Test acc=70.480
[2023-01-26 15:57:35,212][cbp1.py][line:177][INFO] Epoch:[51/300]	 loss=269.98741	 acc=91.046
[2023-01-26 15:57:46,520][cbp1.py][line:182][INFO] Epoch:[51/300]	 Test acc=68.980
[2023-01-26 15:57:46,521][cbp1.py][line:193][INFO] Best Test acc=70.480
[2023-01-26 16:01:29,993][cbp1.py][line:177][INFO] Epoch:[52/300]	 loss=265.00543	 acc=91.592
[2023-01-26 16:01:41,284][cbp1.py][line:182][INFO] Epoch:[52/300]	 Test acc=70.050
[2023-01-26 16:01:41,284][cbp1.py][line:193][INFO] Best Test acc=70.480
[2023-01-26 16:05:25,647][cbp1.py][line:177][INFO] Epoch:[53/300]	 loss=257.62554	 acc=91.716
[2023-01-26 16:05:36,855][cbp1.py][line:182][INFO] Epoch:[53/300]	 Test acc=70.290
[2023-01-26 16:05:36,855][cbp1.py][line:193][INFO] Best Test acc=70.480
[2023-01-26 16:09:21,245][cbp1.py][line:177][INFO] Epoch:[54/300]	 loss=255.70666	 acc=92.122
[2023-01-26 16:09:32,528][cbp1.py][line:182][INFO] Epoch:[54/300]	 Test acc=70.420
[2023-01-26 16:09:32,529][cbp1.py][line:193][INFO] Best Test acc=70.480
[2023-01-26 16:13:17,286][cbp1.py][line:177][INFO] Epoch:[55/300]	 loss=250.63209	 acc=92.500
[2023-01-26 16:13:28,556][cbp1.py][line:182][INFO] Epoch:[55/300]	 Test acc=69.630
[2023-01-26 16:13:28,557][cbp1.py][line:193][INFO] Best Test acc=70.480
[2023-01-26 16:17:14,965][cbp1.py][line:177][INFO] Epoch:[56/300]	 loss=244.96376	 acc=92.804
[2023-01-26 16:17:26,251][cbp1.py][line:182][INFO] Epoch:[56/300]	 Test acc=71.230
[2023-01-26 16:17:26,412][cbp1.py][line:193][INFO] Best Test acc=71.230
[2023-01-26 16:21:13,952][cbp1.py][line:177][INFO] Epoch:[57/300]	 loss=240.89944	 acc=93.110
[2023-01-26 16:21:25,225][cbp1.py][line:182][INFO] Epoch:[57/300]	 Test acc=71.040
[2023-01-26 16:21:25,225][cbp1.py][line:193][INFO] Best Test acc=71.230
[2023-01-26 16:25:13,260][cbp1.py][line:177][INFO] Epoch:[58/300]	 loss=239.26593	 acc=93.092
[2023-01-26 16:25:24,538][cbp1.py][line:182][INFO] Epoch:[58/300]	 Test acc=70.180
[2023-01-26 16:25:24,538][cbp1.py][line:193][INFO] Best Test acc=71.230
[2023-01-26 16:29:13,149][cbp1.py][line:177][INFO] Epoch:[59/300]	 loss=232.58330	 acc=93.558
[2023-01-26 16:29:24,418][cbp1.py][line:182][INFO] Epoch:[59/300]	 Test acc=70.350
[2023-01-26 16:29:24,418][cbp1.py][line:193][INFO] Best Test acc=71.230
[2023-01-26 16:33:13,660][cbp1.py][line:177][INFO] Epoch:[60/300]	 loss=229.99651	 acc=93.704
[2023-01-26 16:33:24,998][cbp1.py][line:182][INFO] Epoch:[60/300]	 Test acc=70.560
[2023-01-26 16:33:24,998][cbp1.py][line:193][INFO] Best Test acc=71.230
[2023-01-26 16:37:14,679][cbp1.py][line:177][INFO] Epoch:[61/300]	 loss=225.25061	 acc=93.890
[2023-01-26 16:37:25,906][cbp1.py][line:182][INFO] Epoch:[61/300]	 Test acc=70.830
[2023-01-26 16:37:25,907][cbp1.py][line:193][INFO] Best Test acc=71.230
[2023-01-26 16:41:16,875][cbp1.py][line:177][INFO] Epoch:[62/300]	 loss=222.91786	 acc=94.158
[2023-01-26 16:41:28,132][cbp1.py][line:182][INFO] Epoch:[62/300]	 Test acc=70.830
[2023-01-26 16:41:28,132][cbp1.py][line:193][INFO] Best Test acc=71.230
[2023-01-26 16:45:18,889][cbp1.py][line:177][INFO] Epoch:[63/300]	 loss=221.47835	 acc=94.134
[2023-01-26 16:45:30,206][cbp1.py][line:182][INFO] Epoch:[63/300]	 Test acc=71.570
[2023-01-26 16:45:30,364][cbp1.py][line:193][INFO] Best Test acc=71.570
[2023-01-26 16:49:22,972][cbp1.py][line:177][INFO] Epoch:[64/300]	 loss=216.50390	 acc=94.418
[2023-01-26 16:49:34,316][cbp1.py][line:182][INFO] Epoch:[64/300]	 Test acc=70.710
[2023-01-26 16:49:34,316][cbp1.py][line:193][INFO] Best Test acc=71.570
[2023-01-26 16:53:28,000][cbp1.py][line:177][INFO] Epoch:[65/300]	 loss=209.45062	 acc=94.886
[2023-01-26 16:53:39,254][cbp1.py][line:182][INFO] Epoch:[65/300]	 Test acc=70.100
[2023-01-26 16:53:39,254][cbp1.py][line:193][INFO] Best Test acc=71.570
[2023-01-26 16:57:33,334][cbp1.py][line:177][INFO] Epoch:[66/300]	 loss=208.52852	 acc=94.906
[2023-01-26 16:57:44,608][cbp1.py][line:182][INFO] Epoch:[66/300]	 Test acc=70.000
[2023-01-26 16:57:44,609][cbp1.py][line:193][INFO] Best Test acc=71.570
[2023-01-26 17:01:39,324][cbp1.py][line:177][INFO] Epoch:[67/300]	 loss=203.79929	 acc=95.242
[2023-01-26 17:01:50,637][cbp1.py][line:182][INFO] Epoch:[67/300]	 Test acc=70.610
[2023-01-26 17:01:50,637][cbp1.py][line:193][INFO] Best Test acc=71.570
[2023-01-26 17:05:46,691][cbp1.py][line:177][INFO] Epoch:[68/300]	 loss=204.32374	 acc=95.138
[2023-01-26 17:05:58,027][cbp1.py][line:182][INFO] Epoch:[68/300]	 Test acc=70.840
[2023-01-26 17:05:58,027][cbp1.py][line:193][INFO] Best Test acc=71.570
[2023-01-26 17:09:55,008][cbp1.py][line:177][INFO] Epoch:[69/300]	 loss=199.90290	 acc=95.366
[2023-01-26 17:10:06,303][cbp1.py][line:182][INFO] Epoch:[69/300]	 Test acc=71.330
[2023-01-26 17:10:06,303][cbp1.py][line:193][INFO] Best Test acc=71.570
[2023-01-26 17:14:03,238][cbp1.py][line:177][INFO] Epoch:[70/300]	 loss=196.39948	 acc=95.686
[2023-01-26 17:14:14,535][cbp1.py][line:182][INFO] Epoch:[70/300]	 Test acc=70.620
[2023-01-26 17:14:14,536][cbp1.py][line:193][INFO] Best Test acc=71.570
[2023-01-26 17:18:12,412][cbp1.py][line:177][INFO] Epoch:[71/300]	 loss=192.76980	 acc=95.736
[2023-01-26 17:18:23,699][cbp1.py][line:182][INFO] Epoch:[71/300]	 Test acc=70.690
[2023-01-26 17:18:23,699][cbp1.py][line:193][INFO] Best Test acc=71.570
[2023-01-26 17:22:22,167][cbp1.py][line:177][INFO] Epoch:[72/300]	 loss=193.68195	 acc=95.684
[2023-01-26 17:22:33,416][cbp1.py][line:182][INFO] Epoch:[72/300]	 Test acc=71.330
[2023-01-26 17:22:33,417][cbp1.py][line:193][INFO] Best Test acc=71.570
[2023-01-26 17:26:32,556][cbp1.py][line:177][INFO] Epoch:[73/300]	 loss=187.28652	 acc=96.106
[2023-01-26 17:26:43,873][cbp1.py][line:182][INFO] Epoch:[73/300]	 Test acc=71.500
[2023-01-26 17:26:43,873][cbp1.py][line:193][INFO] Best Test acc=71.570
[2023-01-26 17:30:43,249][cbp1.py][line:177][INFO] Epoch:[74/300]	 loss=183.41643	 acc=96.314
[2023-01-26 17:30:54,566][cbp1.py][line:182][INFO] Epoch:[74/300]	 Test acc=71.380
[2023-01-26 17:30:54,567][cbp1.py][line:193][INFO] Best Test acc=71.570
[2023-01-26 17:34:54,697][cbp1.py][line:177][INFO] Epoch:[75/300]	 loss=186.71241	 acc=95.982
[2023-01-26 17:35:05,997][cbp1.py][line:182][INFO] Epoch:[75/300]	 Test acc=71.140
[2023-01-26 17:35:05,997][cbp1.py][line:193][INFO] Best Test acc=71.570
[2023-01-26 17:39:06,733][cbp1.py][line:177][INFO] Epoch:[76/300]	 loss=182.17940	 acc=96.274
[2023-01-26 17:39:18,007][cbp1.py][line:182][INFO] Epoch:[76/300]	 Test acc=71.070
[2023-01-26 17:39:18,008][cbp1.py][line:193][INFO] Best Test acc=71.570
[2023-01-26 17:43:20,413][cbp1.py][line:177][INFO] Epoch:[77/300]	 loss=178.50243	 acc=96.488
[2023-01-26 17:43:31,758][cbp1.py][line:182][INFO] Epoch:[77/300]	 Test acc=71.010
[2023-01-26 17:43:31,758][cbp1.py][line:193][INFO] Best Test acc=71.570
[2023-01-26 17:47:35,731][cbp1.py][line:177][INFO] Epoch:[78/300]	 loss=173.45799	 acc=96.656
[2023-01-26 17:47:47,085][cbp1.py][line:182][INFO] Epoch:[78/300]	 Test acc=71.640
[2023-01-26 17:47:47,240][cbp1.py][line:193][INFO] Best Test acc=71.640
[2023-01-26 17:51:50,928][cbp1.py][line:177][INFO] Epoch:[79/300]	 loss=174.20401	 acc=96.710
[2023-01-26 17:52:02,275][cbp1.py][line:182][INFO] Epoch:[79/300]	 Test acc=71.760
[2023-01-26 17:52:02,432][cbp1.py][line:193][INFO] Best Test acc=71.760
[2023-01-26 17:56:06,582][cbp1.py][line:177][INFO] Epoch:[80/300]	 loss=170.91654	 acc=96.858
[2023-01-26 17:56:17,886][cbp1.py][line:182][INFO] Epoch:[80/300]	 Test acc=70.990
[2023-01-26 17:56:17,886][cbp1.py][line:193][INFO] Best Test acc=71.760
[2023-01-26 18:00:23,748][cbp1.py][line:177][INFO] Epoch:[81/300]	 loss=168.99852	 acc=96.974
[2023-01-26 18:00:34,997][cbp1.py][line:182][INFO] Epoch:[81/300]	 Test acc=70.670
[2023-01-26 18:00:34,997][cbp1.py][line:193][INFO] Best Test acc=71.760
[2023-01-26 18:04:40,671][cbp1.py][line:177][INFO] Epoch:[82/300]	 loss=166.58957	 acc=97.010
[2023-01-26 18:04:51,977][cbp1.py][line:182][INFO] Epoch:[82/300]	 Test acc=71.990
[2023-01-26 18:04:52,135][cbp1.py][line:193][INFO] Best Test acc=71.990
[2023-01-26 18:08:58,565][cbp1.py][line:177][INFO] Epoch:[83/300]	 loss=164.11306	 acc=97.134
[2023-01-26 18:09:09,938][cbp1.py][line:182][INFO] Epoch:[83/300]	 Test acc=70.980
[2023-01-26 18:09:09,938][cbp1.py][line:193][INFO] Best Test acc=71.990
[2023-01-26 18:13:17,349][cbp1.py][line:177][INFO] Epoch:[84/300]	 loss=164.08863	 acc=97.148
[2023-01-26 18:13:28,612][cbp1.py][line:182][INFO] Epoch:[84/300]	 Test acc=71.960
[2023-01-26 18:13:28,612][cbp1.py][line:193][INFO] Best Test acc=71.990
[2023-01-26 18:17:36,119][cbp1.py][line:177][INFO] Epoch:[85/300]	 loss=159.49914	 acc=97.388
[2023-01-26 18:17:47,419][cbp1.py][line:182][INFO] Epoch:[85/300]	 Test acc=71.090
[2023-01-26 18:17:47,420][cbp1.py][line:193][INFO] Best Test acc=71.990
[2023-01-26 18:21:55,841][cbp1.py][line:177][INFO] Epoch:[86/300]	 loss=160.38309	 acc=97.426
[2023-01-26 18:22:07,144][cbp1.py][line:182][INFO] Epoch:[86/300]	 Test acc=71.240
[2023-01-26 18:22:07,144][cbp1.py][line:193][INFO] Best Test acc=71.990
[2023-01-26 18:26:16,391][cbp1.py][line:177][INFO] Epoch:[87/300]	 loss=155.96959	 acc=97.594
[2023-01-26 18:26:27,643][cbp1.py][line:182][INFO] Epoch:[87/300]	 Test acc=71.470
[2023-01-26 18:26:27,644][cbp1.py][line:193][INFO] Best Test acc=71.990
[2023-01-26 18:30:37,750][cbp1.py][line:177][INFO] Epoch:[88/300]	 loss=154.40048	 acc=97.596
[2023-01-26 18:30:49,065][cbp1.py][line:182][INFO] Epoch:[88/300]	 Test acc=71.230
[2023-01-26 18:30:49,065][cbp1.py][line:193][INFO] Best Test acc=71.990
[2023-01-26 18:35:00,293][cbp1.py][line:177][INFO] Epoch:[89/300]	 loss=153.00604	 acc=97.708
[2023-01-26 18:35:11,598][cbp1.py][line:182][INFO] Epoch:[89/300]	 Test acc=71.600
[2023-01-26 18:35:11,598][cbp1.py][line:193][INFO] Best Test acc=71.990
[2023-01-26 18:39:23,237][cbp1.py][line:177][INFO] Epoch:[90/300]	 loss=148.59501	 acc=97.858
[2023-01-26 18:39:34,470][cbp1.py][line:182][INFO] Epoch:[90/300]	 Test acc=71.460
[2023-01-26 18:39:34,470][cbp1.py][line:193][INFO] Best Test acc=71.990
[2023-01-26 18:43:47,124][cbp1.py][line:177][INFO] Epoch:[91/300]	 loss=147.56432	 acc=97.914
[2023-01-26 18:43:58,478][cbp1.py][line:182][INFO] Epoch:[91/300]	 Test acc=71.440
[2023-01-26 18:43:58,479][cbp1.py][line:193][INFO] Best Test acc=71.990
[2023-01-26 18:48:11,753][cbp1.py][line:177][INFO] Epoch:[92/300]	 loss=147.44521	 acc=97.856
[2023-01-26 18:48:23,193][cbp1.py][line:182][INFO] Epoch:[92/300]	 Test acc=71.630
[2023-01-26 18:48:23,193][cbp1.py][line:193][INFO] Best Test acc=71.990
[2023-01-26 18:52:38,045][cbp1.py][line:177][INFO] Epoch:[93/300]	 loss=142.80007	 acc=98.116
[2023-01-26 18:52:49,413][cbp1.py][line:182][INFO] Epoch:[93/300]	 Test acc=71.700
[2023-01-26 18:52:49,414][cbp1.py][line:193][INFO] Best Test acc=71.990
[2023-01-26 18:57:04,268][cbp1.py][line:177][INFO] Epoch:[94/300]	 loss=142.08554	 acc=98.072
[2023-01-26 18:57:15,549][cbp1.py][line:182][INFO] Epoch:[94/300]	 Test acc=71.960
[2023-01-26 18:57:15,549][cbp1.py][line:193][INFO] Best Test acc=71.990
[2023-01-26 19:01:30,586][cbp1.py][line:177][INFO] Epoch:[95/300]	 loss=142.44044	 acc=98.148
[2023-01-26 19:01:41,897][cbp1.py][line:182][INFO] Epoch:[95/300]	 Test acc=72.280
[2023-01-26 19:01:42,057][cbp1.py][line:193][INFO] Best Test acc=72.280
[2023-01-26 19:05:58,511][cbp1.py][line:177][INFO] Epoch:[96/300]	 loss=142.09623	 acc=98.040
[2023-01-26 19:06:09,786][cbp1.py][line:182][INFO] Epoch:[96/300]	 Test acc=71.550
[2023-01-26 19:06:09,786][cbp1.py][line:193][INFO] Best Test acc=72.280
[2023-01-26 19:10:27,439][cbp1.py][line:177][INFO] Epoch:[97/300]	 loss=138.61965	 acc=98.330
[2023-01-26 19:10:38,737][cbp1.py][line:182][INFO] Epoch:[97/300]	 Test acc=72.000
[2023-01-26 19:10:38,737][cbp1.py][line:193][INFO] Best Test acc=72.280
[2023-01-26 19:14:56,885][cbp1.py][line:177][INFO] Epoch:[98/300]	 loss=138.33773	 acc=98.156
[2023-01-26 19:15:08,290][cbp1.py][line:182][INFO] Epoch:[98/300]	 Test acc=71.850
[2023-01-26 19:15:08,290][cbp1.py][line:193][INFO] Best Test acc=72.280
[2023-01-26 19:19:27,679][cbp1.py][line:177][INFO] Epoch:[99/300]	 loss=135.82785	 acc=98.316
[2023-01-26 19:19:38,962][cbp1.py][line:182][INFO] Epoch:[99/300]	 Test acc=71.770
[2023-01-26 19:19:38,962][cbp1.py][line:193][INFO] Best Test acc=72.280
[2023-01-26 19:23:57,158][cbp1.py][line:177][INFO] Epoch:[100/300]	 loss=135.36134	 acc=98.274
[2023-01-26 19:24:08,478][cbp1.py][line:182][INFO] Epoch:[100/300]	 Test acc=72.040
[2023-01-26 19:24:08,478][cbp1.py][line:193][INFO] Best Test acc=72.280
[2023-01-26 19:28:28,429][cbp1.py][line:177][INFO] Epoch:[101/300]	 loss=130.49754	 acc=98.476
[2023-01-26 19:28:39,730][cbp1.py][line:182][INFO] Epoch:[101/300]	 Test acc=72.190
[2023-01-26 19:28:39,730][cbp1.py][line:193][INFO] Best Test acc=72.280
[2023-01-26 19:33:00,816][cbp1.py][line:177][INFO] Epoch:[102/300]	 loss=130.47770	 acc=98.512
[2023-01-26 19:33:12,113][cbp1.py][line:182][INFO] Epoch:[102/300]	 Test acc=72.180
[2023-01-26 19:33:12,113][cbp1.py][line:193][INFO] Best Test acc=72.280
[2023-01-26 19:37:33,563][cbp1.py][line:177][INFO] Epoch:[103/300]	 loss=128.27659	 acc=98.592
[2023-01-26 19:37:44,931][cbp1.py][line:182][INFO] Epoch:[103/300]	 Test acc=71.890
[2023-01-26 19:37:44,931][cbp1.py][line:193][INFO] Best Test acc=72.280
[2023-01-26 19:42:06,911][cbp1.py][line:177][INFO] Epoch:[104/300]	 loss=130.62839	 acc=98.432
[2023-01-26 19:42:18,156][cbp1.py][line:182][INFO] Epoch:[104/300]	 Test acc=71.760
[2023-01-26 19:42:18,156][cbp1.py][line:193][INFO] Best Test acc=72.280
[2023-01-26 19:46:43,180][cbp1.py][line:177][INFO] Epoch:[105/300]	 loss=128.07414	 acc=98.492
[2023-01-26 19:46:54,528][cbp1.py][line:182][INFO] Epoch:[105/300]	 Test acc=72.540
[2023-01-26 19:46:54,686][cbp1.py][line:193][INFO] Best Test acc=72.540
[2023-01-26 19:51:19,805][cbp1.py][line:177][INFO] Epoch:[106/300]	 loss=122.45092	 acc=98.772
[2023-01-26 19:51:31,189][cbp1.py][line:182][INFO] Epoch:[106/300]	 Test acc=72.220
[2023-01-26 19:51:31,189][cbp1.py][line:193][INFO] Best Test acc=72.540
[2023-01-26 19:55:58,148][cbp1.py][line:177][INFO] Epoch:[107/300]	 loss=122.89581	 acc=98.714
[2023-01-26 19:56:09,435][cbp1.py][line:182][INFO] Epoch:[107/300]	 Test acc=72.050
[2023-01-26 19:56:09,435][cbp1.py][line:193][INFO] Best Test acc=72.540
[2023-01-26 20:00:36,581][cbp1.py][line:177][INFO] Epoch:[108/300]	 loss=122.63737	 acc=98.782
[2023-01-26 20:00:47,852][cbp1.py][line:182][INFO] Epoch:[108/300]	 Test acc=72.400
[2023-01-26 20:00:47,852][cbp1.py][line:193][INFO] Best Test acc=72.540
[2023-01-26 20:05:15,637][cbp1.py][line:177][INFO] Epoch:[109/300]	 loss=119.20894	 acc=98.864
[2023-01-26 20:05:26,916][cbp1.py][line:182][INFO] Epoch:[109/300]	 Test acc=71.670
[2023-01-26 20:05:26,916][cbp1.py][line:193][INFO] Best Test acc=72.540
[2023-01-26 20:09:55,839][cbp1.py][line:177][INFO] Epoch:[110/300]	 loss=120.44889	 acc=98.854
[2023-01-26 20:10:07,146][cbp1.py][line:182][INFO] Epoch:[110/300]	 Test acc=72.180
[2023-01-26 20:10:07,146][cbp1.py][line:193][INFO] Best Test acc=72.540
[2023-01-26 20:14:37,115][cbp1.py][line:177][INFO] Epoch:[111/300]	 loss=117.28924	 acc=98.924
[2023-01-26 20:14:48,394][cbp1.py][line:182][INFO] Epoch:[111/300]	 Test acc=71.810
[2023-01-26 20:14:48,394][cbp1.py][line:193][INFO] Best Test acc=72.540
[2023-01-26 20:19:19,371][cbp1.py][line:177][INFO] Epoch:[112/300]	 loss=116.54061	 acc=98.918
[2023-01-26 20:19:30,642][cbp1.py][line:182][INFO] Epoch:[112/300]	 Test acc=72.420
[2023-01-26 20:19:30,643][cbp1.py][line:193][INFO] Best Test acc=72.540
[2023-01-26 20:24:01,254][cbp1.py][line:177][INFO] Epoch:[113/300]	 loss=117.65507	 acc=98.854
[2023-01-26 20:24:12,555][cbp1.py][line:182][INFO] Epoch:[113/300]	 Test acc=72.310
[2023-01-26 20:24:12,555][cbp1.py][line:193][INFO] Best Test acc=72.540
[2023-01-26 20:28:43,586][cbp1.py][line:177][INFO] Epoch:[114/300]	 loss=116.90063	 acc=98.854
[2023-01-26 20:28:54,848][cbp1.py][line:182][INFO] Epoch:[114/300]	 Test acc=71.660
[2023-01-26 20:28:54,849][cbp1.py][line:193][INFO] Best Test acc=72.540
[2023-01-26 20:33:28,721][cbp1.py][line:177][INFO] Epoch:[115/300]	 loss=114.35569	 acc=99.010
[2023-01-26 20:33:40,021][cbp1.py][line:182][INFO] Epoch:[115/300]	 Test acc=72.460
[2023-01-26 20:33:40,021][cbp1.py][line:193][INFO] Best Test acc=72.540
[2023-01-26 20:38:13,907][cbp1.py][line:177][INFO] Epoch:[116/300]	 loss=111.98112	 acc=99.048
[2023-01-26 20:38:25,201][cbp1.py][line:182][INFO] Epoch:[116/300]	 Test acc=72.130
[2023-01-26 20:38:25,201][cbp1.py][line:193][INFO] Best Test acc=72.540
[2023-01-26 20:43:00,050][cbp1.py][line:177][INFO] Epoch:[117/300]	 loss=111.64382	 acc=99.078
[2023-01-26 20:43:11,409][cbp1.py][line:182][INFO] Epoch:[117/300]	 Test acc=72.560
[2023-01-26 20:43:11,584][cbp1.py][line:193][INFO] Best Test acc=72.560
[2023-01-26 20:47:47,293][cbp1.py][line:177][INFO] Epoch:[118/300]	 loss=111.23488	 acc=99.056
[2023-01-26 20:47:58,600][cbp1.py][line:182][INFO] Epoch:[118/300]	 Test acc=72.330
[2023-01-26 20:47:58,601][cbp1.py][line:193][INFO] Best Test acc=72.560
[2023-01-26 20:52:35,030][cbp1.py][line:177][INFO] Epoch:[119/300]	 loss=107.46686	 acc=99.206
[2023-01-26 20:52:46,401][cbp1.py][line:182][INFO] Epoch:[119/300]	 Test acc=72.700
[2023-01-26 20:52:46,554][cbp1.py][line:193][INFO] Best Test acc=72.700
[2023-01-26 20:57:24,402][cbp1.py][line:177][INFO] Epoch:[120/300]	 loss=108.43350	 acc=99.178
[2023-01-26 20:57:35,773][cbp1.py][line:182][INFO] Epoch:[120/300]	 Test acc=72.420
[2023-01-26 20:57:35,773][cbp1.py][line:193][INFO] Best Test acc=72.700
[2023-01-26 21:02:12,163][cbp1.py][line:177][INFO] Epoch:[121/300]	 loss=106.21091	 acc=99.170
[2023-01-26 21:02:23,583][cbp1.py][line:182][INFO] Epoch:[121/300]	 Test acc=72.510
[2023-01-26 21:02:23,583][cbp1.py][line:193][INFO] Best Test acc=72.700
[2023-01-26 21:07:01,433][cbp1.py][line:177][INFO] Epoch:[122/300]	 loss=106.54131	 acc=99.228
[2023-01-26 21:07:12,683][cbp1.py][line:182][INFO] Epoch:[122/300]	 Test acc=72.060
[2023-01-26 21:07:12,683][cbp1.py][line:193][INFO] Best Test acc=72.700
[2023-01-26 21:11:51,597][cbp1.py][line:177][INFO] Epoch:[123/300]	 loss=105.58361	 acc=99.282
[2023-01-26 21:12:02,916][cbp1.py][line:182][INFO] Epoch:[123/300]	 Test acc=72.780
[2023-01-26 21:12:03,073][cbp1.py][line:193][INFO] Best Test acc=72.780
[2023-01-26 21:16:42,026][cbp1.py][line:177][INFO] Epoch:[124/300]	 loss=103.19951	 acc=99.278
[2023-01-26 21:16:53,339][cbp1.py][line:182][INFO] Epoch:[124/300]	 Test acc=72.820
[2023-01-26 21:16:53,491][cbp1.py][line:193][INFO] Best Test acc=72.820
[2023-01-26 21:21:32,729][cbp1.py][line:177][INFO] Epoch:[125/300]	 loss=101.95573	 acc=99.338
[2023-01-26 21:21:44,028][cbp1.py][line:182][INFO] Epoch:[125/300]	 Test acc=72.830
[2023-01-26 21:21:44,188][cbp1.py][line:193][INFO] Best Test acc=72.830
[2023-01-26 21:26:25,623][cbp1.py][line:177][INFO] Epoch:[126/300]	 loss=100.44950	 acc=99.322
[2023-01-26 21:26:36,898][cbp1.py][line:182][INFO] Epoch:[126/300]	 Test acc=72.320
[2023-01-26 21:26:36,899][cbp1.py][line:193][INFO] Best Test acc=72.830
[2023-01-26 21:31:18,869][cbp1.py][line:177][INFO] Epoch:[127/300]	 loss=100.62664	 acc=99.336
[2023-01-26 21:31:30,222][cbp1.py][line:182][INFO] Epoch:[127/300]	 Test acc=72.740
[2023-01-26 21:31:30,222][cbp1.py][line:193][INFO] Best Test acc=72.830
[2023-01-26 21:36:11,253][cbp1.py][line:177][INFO] Epoch:[128/300]	 loss=99.89699	 acc=99.356
[2023-01-26 21:36:22,494][cbp1.py][line:182][INFO] Epoch:[128/300]	 Test acc=72.780
[2023-01-26 21:36:22,494][cbp1.py][line:193][INFO] Best Test acc=72.830
[2023-01-26 21:41:06,260][cbp1.py][line:177][INFO] Epoch:[129/300]	 loss=97.65987	 acc=99.382
[2023-01-26 21:41:17,565][cbp1.py][line:182][INFO] Epoch:[129/300]	 Test acc=72.700
[2023-01-26 21:41:17,565][cbp1.py][line:193][INFO] Best Test acc=72.830
[2023-01-26 21:46:01,335][cbp1.py][line:177][INFO] Epoch:[130/300]	 loss=97.36477	 acc=99.408
[2023-01-26 21:46:12,620][cbp1.py][line:182][INFO] Epoch:[130/300]	 Test acc=73.130
[2023-01-26 21:46:12,777][cbp1.py][line:193][INFO] Best Test acc=73.130
[2023-01-26 21:50:59,015][cbp1.py][line:177][INFO] Epoch:[131/300]	 loss=97.21826	 acc=99.404
[2023-01-26 21:51:10,308][cbp1.py][line:182][INFO] Epoch:[131/300]	 Test acc=73.040
[2023-01-26 21:51:10,308][cbp1.py][line:193][INFO] Best Test acc=73.130
[2023-01-26 21:55:56,379][cbp1.py][line:177][INFO] Epoch:[132/300]	 loss=95.61269	 acc=99.424
[2023-01-26 21:56:07,638][cbp1.py][line:182][INFO] Epoch:[132/300]	 Test acc=72.830
[2023-01-26 21:56:07,638][cbp1.py][line:193][INFO] Best Test acc=73.130
[2023-01-26 22:00:54,565][cbp1.py][line:177][INFO] Epoch:[133/300]	 loss=94.35314	 acc=99.456
[2023-01-26 22:01:05,951][cbp1.py][line:182][INFO] Epoch:[133/300]	 Test acc=73.360
[2023-01-26 22:01:06,106][cbp1.py][line:193][INFO] Best Test acc=73.360
[2023-01-26 22:05:55,014][cbp1.py][line:177][INFO] Epoch:[134/300]	 loss=95.63964	 acc=99.412
[2023-01-26 22:06:06,325][cbp1.py][line:182][INFO] Epoch:[134/300]	 Test acc=72.860
[2023-01-26 22:06:06,325][cbp1.py][line:193][INFO] Best Test acc=73.360
[2023-01-26 22:10:53,661][cbp1.py][line:177][INFO] Epoch:[135/300]	 loss=95.23642	 acc=99.430
[2023-01-26 22:11:04,908][cbp1.py][line:182][INFO] Epoch:[135/300]	 Test acc=72.440
[2023-01-26 22:11:04,909][cbp1.py][line:193][INFO] Best Test acc=73.360
[2023-01-26 22:15:54,121][cbp1.py][line:177][INFO] Epoch:[136/300]	 loss=92.27030	 acc=99.516
[2023-01-26 22:16:05,481][cbp1.py][line:182][INFO] Epoch:[136/300]	 Test acc=73.090
[2023-01-26 22:16:05,482][cbp1.py][line:193][INFO] Best Test acc=73.360
[2023-01-26 22:20:54,912][cbp1.py][line:177][INFO] Epoch:[137/300]	 loss=92.43636	 acc=99.446
[2023-01-26 22:21:06,193][cbp1.py][line:182][INFO] Epoch:[137/300]	 Test acc=73.040
[2023-01-26 22:21:06,193][cbp1.py][line:193][INFO] Best Test acc=73.360
[2023-01-26 22:25:56,139][cbp1.py][line:177][INFO] Epoch:[138/300]	 loss=89.89512	 acc=99.540
[2023-01-26 22:26:07,391][cbp1.py][line:182][INFO] Epoch:[138/300]	 Test acc=72.740
[2023-01-26 22:26:07,391][cbp1.py][line:193][INFO] Best Test acc=73.360
[2023-01-26 22:30:59,462][cbp1.py][line:177][INFO] Epoch:[139/300]	 loss=87.76900	 acc=99.626
[2023-01-26 22:31:10,834][cbp1.py][line:182][INFO] Epoch:[139/300]	 Test acc=72.090
[2023-01-26 22:31:10,834][cbp1.py][line:193][INFO] Best Test acc=73.360
[2023-01-26 22:36:01,494][cbp1.py][line:177][INFO] Epoch:[140/300]	 loss=87.66772	 acc=99.638
[2023-01-26 22:36:12,914][cbp1.py][line:182][INFO] Epoch:[140/300]	 Test acc=73.050
[2023-01-26 22:36:12,914][cbp1.py][line:193][INFO] Best Test acc=73.360
[2023-01-26 22:41:06,796][cbp1.py][line:177][INFO] Epoch:[141/300]	 loss=89.71292	 acc=99.608
[2023-01-26 22:41:18,132][cbp1.py][line:182][INFO] Epoch:[141/300]	 Test acc=72.890
[2023-01-26 22:41:18,132][cbp1.py][line:193][INFO] Best Test acc=73.360
[2023-01-26 22:46:11,898][cbp1.py][line:177][INFO] Epoch:[142/300]	 loss=86.13466	 acc=99.614
[2023-01-26 22:46:23,248][cbp1.py][line:182][INFO] Epoch:[142/300]	 Test acc=72.820
[2023-01-26 22:46:23,248][cbp1.py][line:193][INFO] Best Test acc=73.360
[2023-01-26 22:51:18,903][cbp1.py][line:177][INFO] Epoch:[143/300]	 loss=86.24927	 acc=99.602
[2023-01-26 22:51:30,143][cbp1.py][line:182][INFO] Epoch:[143/300]	 Test acc=73.330
[2023-01-26 22:51:30,144][cbp1.py][line:193][INFO] Best Test acc=73.360
[2023-01-26 22:56:25,988][cbp1.py][line:177][INFO] Epoch:[144/300]	 loss=86.28138	 acc=99.612
[2023-01-26 22:56:37,299][cbp1.py][line:182][INFO] Epoch:[144/300]	 Test acc=73.230
[2023-01-26 22:56:37,299][cbp1.py][line:193][INFO] Best Test acc=73.360
[2023-01-26 23:01:34,014][cbp1.py][line:177][INFO] Epoch:[145/300]	 loss=84.86005	 acc=99.604
[2023-01-26 23:01:45,382][cbp1.py][line:182][INFO] Epoch:[145/300]	 Test acc=72.720
[2023-01-26 23:01:45,382][cbp1.py][line:193][INFO] Best Test acc=73.360
[2023-01-26 23:06:43,300][cbp1.py][line:177][INFO] Epoch:[146/300]	 loss=84.03280	 acc=99.650
[2023-01-26 23:06:54,728][cbp1.py][line:182][INFO] Epoch:[146/300]	 Test acc=73.050
[2023-01-26 23:06:54,728][cbp1.py][line:193][INFO] Best Test acc=73.360
[2023-01-26 23:11:51,348][cbp1.py][line:177][INFO] Epoch:[147/300]	 loss=82.61925	 acc=99.702
[2023-01-26 23:12:02,601][cbp1.py][line:182][INFO] Epoch:[147/300]	 Test acc=72.870
[2023-01-26 23:12:02,601][cbp1.py][line:193][INFO] Best Test acc=73.360
[2023-01-26 23:17:01,638][cbp1.py][line:177][INFO] Epoch:[148/300]	 loss=82.66708	 acc=99.694
[2023-01-26 23:17:12,953][cbp1.py][line:182][INFO] Epoch:[148/300]	 Test acc=73.320
[2023-01-26 23:17:12,953][cbp1.py][line:193][INFO] Best Test acc=73.360
[2023-01-26 23:22:13,893][cbp1.py][line:177][INFO] Epoch:[149/300]	 loss=82.84226	 acc=99.608
[2023-01-26 23:22:25,293][cbp1.py][line:182][INFO] Epoch:[149/300]	 Test acc=72.890
[2023-01-26 23:22:25,293][cbp1.py][line:193][INFO] Best Test acc=73.360
[2023-01-26 23:27:26,949][cbp1.py][line:177][INFO] Epoch:[150/300]	 loss=81.94753	 acc=99.642
[2023-01-26 23:27:38,227][cbp1.py][line:182][INFO] Epoch:[150/300]	 Test acc=73.370
[2023-01-26 23:27:38,380][cbp1.py][line:193][INFO] Best Test acc=73.370
[2023-01-26 23:32:40,800][cbp1.py][line:177][INFO] Epoch:[151/300]	 loss=80.45256	 acc=99.666
[2023-01-26 23:32:52,199][cbp1.py][line:182][INFO] Epoch:[151/300]	 Test acc=73.800
[2023-01-26 23:32:52,357][cbp1.py][line:193][INFO] Best Test acc=73.800
[2023-01-26 23:37:54,544][cbp1.py][line:177][INFO] Epoch:[152/300]	 loss=79.04256	 acc=99.724
[2023-01-26 23:38:05,873][cbp1.py][line:182][INFO] Epoch:[152/300]	 Test acc=72.930
[2023-01-26 23:38:05,873][cbp1.py][line:193][INFO] Best Test acc=73.800
[2023-01-26 23:43:08,025][cbp1.py][line:177][INFO] Epoch:[153/300]	 loss=78.07587	 acc=99.736
[2023-01-26 23:43:19,680][cbp1.py][line:182][INFO] Epoch:[153/300]	 Test acc=73.260
[2023-01-26 23:43:19,680][cbp1.py][line:193][INFO] Best Test acc=73.800
[2023-01-26 23:48:24,108][cbp1.py][line:177][INFO] Epoch:[154/300]	 loss=77.99268	 acc=99.712
[2023-01-26 23:48:35,583][cbp1.py][line:182][INFO] Epoch:[154/300]	 Test acc=73.350
[2023-01-26 23:48:35,584][cbp1.py][line:193][INFO] Best Test acc=73.800
[2023-01-26 23:53:39,166][cbp1.py][line:177][INFO] Epoch:[155/300]	 loss=78.50769	 acc=99.710
[2023-01-26 23:53:50,433][cbp1.py][line:182][INFO] Epoch:[155/300]	 Test acc=73.390
[2023-01-26 23:53:50,433][cbp1.py][line:193][INFO] Best Test acc=73.800
[2023-01-26 23:58:55,619][cbp1.py][line:177][INFO] Epoch:[156/300]	 loss=76.57512	 acc=99.762
[2023-01-26 23:59:06,927][cbp1.py][line:182][INFO] Epoch:[156/300]	 Test acc=73.230
[2023-01-26 23:59:06,927][cbp1.py][line:193][INFO] Best Test acc=73.800
[2023-01-27 00:04:11,971][cbp1.py][line:177][INFO] Epoch:[157/300]	 loss=76.56558	 acc=99.726
[2023-01-27 00:04:23,275][cbp1.py][line:182][INFO] Epoch:[157/300]	 Test acc=73.420
[2023-01-27 00:04:23,275][cbp1.py][line:193][INFO] Best Test acc=73.800
[2023-01-27 00:09:28,219][cbp1.py][line:177][INFO] Epoch:[158/300]	 loss=76.73399	 acc=99.730
[2023-01-27 00:09:39,533][cbp1.py][line:182][INFO] Epoch:[158/300]	 Test acc=73.390
[2023-01-27 00:09:39,533][cbp1.py][line:193][INFO] Best Test acc=73.800
[2023-01-27 00:14:45,801][cbp1.py][line:177][INFO] Epoch:[159/300]	 loss=74.64976	 acc=99.784
[2023-01-27 00:14:57,071][cbp1.py][line:182][INFO] Epoch:[159/300]	 Test acc=73.310
[2023-01-27 00:14:57,071][cbp1.py][line:193][INFO] Best Test acc=73.800
[2023-01-27 00:20:04,582][cbp1.py][line:177][INFO] Epoch:[160/300]	 loss=73.49021	 acc=99.770
[2023-01-27 00:20:15,884][cbp1.py][line:182][INFO] Epoch:[160/300]	 Test acc=73.480
[2023-01-27 00:20:15,884][cbp1.py][line:193][INFO] Best Test acc=73.800
[2023-01-27 00:25:25,256][cbp1.py][line:177][INFO] Epoch:[161/300]	 loss=73.37396	 acc=99.788
[2023-01-27 00:25:36,591][cbp1.py][line:182][INFO] Epoch:[161/300]	 Test acc=73.590
[2023-01-27 00:25:36,591][cbp1.py][line:193][INFO] Best Test acc=73.800
[2023-01-27 00:30:45,858][cbp1.py][line:177][INFO] Epoch:[162/300]	 loss=73.65207	 acc=99.798
[2023-01-27 00:30:57,119][cbp1.py][line:182][INFO] Epoch:[162/300]	 Test acc=73.280
[2023-01-27 00:30:57,120][cbp1.py][line:193][INFO] Best Test acc=73.800
[2023-01-27 00:36:06,115][cbp1.py][line:177][INFO] Epoch:[163/300]	 loss=72.58711	 acc=99.818
[2023-01-27 00:36:17,463][cbp1.py][line:182][INFO] Epoch:[163/300]	 Test acc=73.150
[2023-01-27 00:36:17,463][cbp1.py][line:193][INFO] Best Test acc=73.800
[2023-01-27 00:41:29,157][cbp1.py][line:177][INFO] Epoch:[164/300]	 loss=71.19984	 acc=99.806
[2023-01-27 00:41:40,455][cbp1.py][line:182][INFO] Epoch:[164/300]	 Test acc=73.570
[2023-01-27 00:41:40,455][cbp1.py][line:193][INFO] Best Test acc=73.800
[2023-01-27 00:46:53,749][cbp1.py][line:177][INFO] Epoch:[165/300]	 loss=71.74942	 acc=99.816
[2023-01-27 00:47:05,134][cbp1.py][line:182][INFO] Epoch:[165/300]	 Test acc=73.430
[2023-01-27 00:47:05,134][cbp1.py][line:193][INFO] Best Test acc=73.800
[2023-01-27 00:52:18,305][cbp1.py][line:177][INFO] Epoch:[166/300]	 loss=70.63978	 acc=99.810
[2023-01-27 00:52:29,737][cbp1.py][line:182][INFO] Epoch:[166/300]	 Test acc=73.330
[2023-01-27 00:52:29,737][cbp1.py][line:193][INFO] Best Test acc=73.800
[2023-01-27 00:57:44,037][cbp1.py][line:177][INFO] Epoch:[167/300]	 loss=71.30913	 acc=99.784
[2023-01-27 00:57:55,359][cbp1.py][line:182][INFO] Epoch:[167/300]	 Test acc=73.480
[2023-01-27 00:57:55,359][cbp1.py][line:193][INFO] Best Test acc=73.800
[2023-01-27 01:03:10,343][cbp1.py][line:177][INFO] Epoch:[168/300]	 loss=68.38874	 acc=99.828
[2023-01-27 01:03:21,647][cbp1.py][line:182][INFO] Epoch:[168/300]	 Test acc=73.720
[2023-01-27 01:03:21,647][cbp1.py][line:193][INFO] Best Test acc=73.800
[2023-01-27 01:08:36,020][cbp1.py][line:177][INFO] Epoch:[169/300]	 loss=68.53753	 acc=99.830
[2023-01-27 01:08:47,315][cbp1.py][line:182][INFO] Epoch:[169/300]	 Test acc=73.550
[2023-01-27 01:08:47,315][cbp1.py][line:193][INFO] Best Test acc=73.800
[2023-01-27 01:14:03,839][cbp1.py][line:177][INFO] Epoch:[170/300]	 loss=68.19782	 acc=99.852
[2023-01-27 01:14:15,185][cbp1.py][line:182][INFO] Epoch:[170/300]	 Test acc=73.830
[2023-01-27 01:14:15,351][cbp1.py][line:193][INFO] Best Test acc=73.830
[2023-01-27 01:19:32,250][cbp1.py][line:177][INFO] Epoch:[171/300]	 loss=66.80577	 acc=99.860
[2023-01-27 01:19:43,506][cbp1.py][line:182][INFO] Epoch:[171/300]	 Test acc=73.710
[2023-01-27 01:19:43,506][cbp1.py][line:193][INFO] Best Test acc=73.830
[2023-01-27 01:25:00,815][cbp1.py][line:177][INFO] Epoch:[172/300]	 loss=65.93594	 acc=99.858
[2023-01-27 01:25:12,084][cbp1.py][line:182][INFO] Epoch:[172/300]	 Test acc=73.780
[2023-01-27 01:25:12,084][cbp1.py][line:193][INFO] Best Test acc=73.830
[2023-01-27 01:30:29,870][cbp1.py][line:177][INFO] Epoch:[173/300]	 loss=66.48555	 acc=99.838
[2023-01-27 01:30:41,195][cbp1.py][line:182][INFO] Epoch:[173/300]	 Test acc=73.930
[2023-01-27 01:30:41,353][cbp1.py][line:193][INFO] Best Test acc=73.930
[2023-01-27 01:36:00,141][cbp1.py][line:177][INFO] Epoch:[174/300]	 loss=67.41139	 acc=99.876
[2023-01-27 01:36:11,431][cbp1.py][line:182][INFO] Epoch:[174/300]	 Test acc=73.850
[2023-01-27 01:36:11,432][cbp1.py][line:193][INFO] Best Test acc=73.930
[2023-01-27 01:41:30,481][cbp1.py][line:177][INFO] Epoch:[175/300]	 loss=65.71106	 acc=99.852
[2023-01-27 01:41:41,793][cbp1.py][line:182][INFO] Epoch:[175/300]	 Test acc=73.690
[2023-01-27 01:41:41,793][cbp1.py][line:193][INFO] Best Test acc=73.930
[2023-01-27 01:47:03,708][cbp1.py][line:177][INFO] Epoch:[176/300]	 loss=64.20488	 acc=99.860
[2023-01-27 01:47:15,004][cbp1.py][line:182][INFO] Epoch:[176/300]	 Test acc=73.930
[2023-01-27 01:47:15,004][cbp1.py][line:193][INFO] Best Test acc=73.930
[2023-01-27 01:52:33,583][cbp1.py][line:177][INFO] Epoch:[177/300]	 loss=63.53009	 acc=99.856
[2023-01-27 01:52:44,923][cbp1.py][line:182][INFO] Epoch:[177/300]	 Test acc=73.560
[2023-01-27 01:52:44,923][cbp1.py][line:193][INFO] Best Test acc=73.930
[2023-01-27 01:58:05,582][cbp1.py][line:177][INFO] Epoch:[178/300]	 loss=63.64418	 acc=99.858
[2023-01-27 01:58:16,863][cbp1.py][line:182][INFO] Epoch:[178/300]	 Test acc=73.740
[2023-01-27 01:58:16,863][cbp1.py][line:193][INFO] Best Test acc=73.930
[2023-01-27 02:03:38,870][cbp1.py][line:177][INFO] Epoch:[179/300]	 loss=63.31162	 acc=99.868
[2023-01-27 02:03:50,151][cbp1.py][line:182][INFO] Epoch:[179/300]	 Test acc=73.900
[2023-01-27 02:03:50,152][cbp1.py][line:193][INFO] Best Test acc=73.930
[2023-01-27 02:09:15,185][cbp1.py][line:177][INFO] Epoch:[180/300]	 loss=62.01282	 acc=99.872
[2023-01-27 02:09:26,478][cbp1.py][line:182][INFO] Epoch:[180/300]	 Test acc=73.640
[2023-01-27 02:09:26,479][cbp1.py][line:193][INFO] Best Test acc=73.930
[2023-01-27 02:14:51,770][cbp1.py][line:177][INFO] Epoch:[181/300]	 loss=62.36133	 acc=99.874
[2023-01-27 02:15:03,073][cbp1.py][line:182][INFO] Epoch:[181/300]	 Test acc=73.850
[2023-01-27 02:15:03,073][cbp1.py][line:193][INFO] Best Test acc=73.930
[2023-01-27 02:20:26,546][cbp1.py][line:177][INFO] Epoch:[182/300]	 loss=61.99279	 acc=99.888
[2023-01-27 02:20:37,939][cbp1.py][line:182][INFO] Epoch:[182/300]	 Test acc=74.350
[2023-01-27 02:20:38,154][cbp1.py][line:193][INFO] Best Test acc=74.350
[2023-01-27 02:26:02,543][cbp1.py][line:177][INFO] Epoch:[183/300]	 loss=60.97670	 acc=99.880
[2023-01-27 02:26:13,895][cbp1.py][line:182][INFO] Epoch:[183/300]	 Test acc=73.940
[2023-01-27 02:26:13,895][cbp1.py][line:193][INFO] Best Test acc=74.350
[2023-01-27 02:31:39,170][cbp1.py][line:177][INFO] Epoch:[184/300]	 loss=60.84083	 acc=99.902
[2023-01-27 02:31:50,461][cbp1.py][line:182][INFO] Epoch:[184/300]	 Test acc=73.750
[2023-01-27 02:31:50,461][cbp1.py][line:193][INFO] Best Test acc=74.350
[2023-01-27 02:37:17,982][cbp1.py][line:177][INFO] Epoch:[185/300]	 loss=62.22905	 acc=99.864
[2023-01-27 02:37:29,243][cbp1.py][line:182][INFO] Epoch:[185/300]	 Test acc=73.980
[2023-01-27 02:37:29,243][cbp1.py][line:193][INFO] Best Test acc=74.350
[2023-01-27 02:42:58,444][cbp1.py][line:177][INFO] Epoch:[186/300]	 loss=60.29061	 acc=99.878
[2023-01-27 02:43:09,806][cbp1.py][line:182][INFO] Epoch:[186/300]	 Test acc=74.080
[2023-01-27 02:43:09,806][cbp1.py][line:193][INFO] Best Test acc=74.350
[2023-01-27 02:48:38,926][cbp1.py][line:177][INFO] Epoch:[187/300]	 loss=58.78038	 acc=99.904
[2023-01-27 02:48:50,154][cbp1.py][line:182][INFO] Epoch:[187/300]	 Test acc=74.050
[2023-01-27 02:48:50,154][cbp1.py][line:193][INFO] Best Test acc=74.350
[2023-01-27 02:54:17,656][cbp1.py][line:177][INFO] Epoch:[188/300]	 loss=60.04188	 acc=99.890
[2023-01-27 02:54:28,965][cbp1.py][line:182][INFO] Epoch:[188/300]	 Test acc=73.830
[2023-01-27 02:54:28,965][cbp1.py][line:193][INFO] Best Test acc=74.350
[2023-01-27 02:59:57,641][cbp1.py][line:177][INFO] Epoch:[189/300]	 loss=57.67167	 acc=99.922
[2023-01-27 03:00:08,978][cbp1.py][line:182][INFO] Epoch:[189/300]	 Test acc=73.860
[2023-01-27 03:00:08,978][cbp1.py][line:193][INFO] Best Test acc=74.350
[2023-01-27 03:05:38,322][cbp1.py][line:177][INFO] Epoch:[190/300]	 loss=57.71752	 acc=99.906
[2023-01-27 03:05:49,635][cbp1.py][line:182][INFO] Epoch:[190/300]	 Test acc=73.750
[2023-01-27 03:05:49,635][cbp1.py][line:193][INFO] Best Test acc=74.350
[2023-01-27 03:11:21,873][cbp1.py][line:177][INFO] Epoch:[191/300]	 loss=58.21814	 acc=99.884
[2023-01-27 03:11:33,154][cbp1.py][line:182][INFO] Epoch:[191/300]	 Test acc=73.880
[2023-01-27 03:11:33,154][cbp1.py][line:193][INFO] Best Test acc=74.350
[2023-01-27 03:17:07,178][cbp1.py][line:177][INFO] Epoch:[192/300]	 loss=57.71876	 acc=99.900
[2023-01-27 03:17:18,458][cbp1.py][line:182][INFO] Epoch:[192/300]	 Test acc=73.690
[2023-01-27 03:17:18,458][cbp1.py][line:193][INFO] Best Test acc=74.350
[2023-01-27 03:22:51,415][cbp1.py][line:177][INFO] Epoch:[193/300]	 loss=56.92899	 acc=99.914
[2023-01-27 03:23:02,695][cbp1.py][line:182][INFO] Epoch:[193/300]	 Test acc=73.610
[2023-01-27 03:23:02,695][cbp1.py][line:193][INFO] Best Test acc=74.350
[2023-01-27 03:28:34,780][cbp1.py][line:177][INFO] Epoch:[194/300]	 loss=56.56291	 acc=99.906
[2023-01-27 03:28:46,108][cbp1.py][line:182][INFO] Epoch:[194/300]	 Test acc=74.480
[2023-01-27 03:28:46,321][cbp1.py][line:193][INFO] Best Test acc=74.480
[2023-01-27 03:34:20,537][cbp1.py][line:177][INFO] Epoch:[195/300]	 loss=55.85416	 acc=99.934
[2023-01-27 03:34:31,820][cbp1.py][line:182][INFO] Epoch:[195/300]	 Test acc=74.140
[2023-01-27 03:34:31,820][cbp1.py][line:193][INFO] Best Test acc=74.480
[2023-01-27 03:40:05,391][cbp1.py][line:177][INFO] Epoch:[196/300]	 loss=55.36993	 acc=99.922
[2023-01-27 03:40:16,780][cbp1.py][line:182][INFO] Epoch:[196/300]	 Test acc=74.090
[2023-01-27 03:40:16,780][cbp1.py][line:193][INFO] Best Test acc=74.480
[2023-01-27 03:45:52,559][cbp1.py][line:177][INFO] Epoch:[197/300]	 loss=55.04151	 acc=99.930
[2023-01-27 03:46:03,836][cbp1.py][line:182][INFO] Epoch:[197/300]	 Test acc=74.480
[2023-01-27 03:46:03,837][cbp1.py][line:193][INFO] Best Test acc=74.480
[2023-01-27 03:51:40,960][cbp1.py][line:177][INFO] Epoch:[198/300]	 loss=54.98269	 acc=99.936
[2023-01-27 03:51:52,334][cbp1.py][line:182][INFO] Epoch:[198/300]	 Test acc=74.020
[2023-01-27 03:51:52,334][cbp1.py][line:193][INFO] Best Test acc=74.480
[2023-01-27 03:57:31,226][cbp1.py][line:177][INFO] Epoch:[199/300]	 loss=54.02213	 acc=99.930
[2023-01-27 03:57:42,536][cbp1.py][line:182][INFO] Epoch:[199/300]	 Test acc=73.730
[2023-01-27 03:57:42,536][cbp1.py][line:193][INFO] Best Test acc=74.480
[2023-01-27 04:03:21,388][cbp1.py][line:177][INFO] Epoch:[200/300]	 loss=54.15846	 acc=99.926
[2023-01-27 04:03:32,729][cbp1.py][line:182][INFO] Epoch:[200/300]	 Test acc=73.830
[2023-01-27 04:03:32,729][cbp1.py][line:193][INFO] Best Test acc=74.480
[2023-01-27 04:09:12,302][cbp1.py][line:177][INFO] Epoch:[201/300]	 loss=54.57141	 acc=99.940
[2023-01-27 04:09:23,617][cbp1.py][line:182][INFO] Epoch:[201/300]	 Test acc=73.980
[2023-01-27 04:09:23,617][cbp1.py][line:193][INFO] Best Test acc=74.480
[2023-01-27 04:15:02,593][cbp1.py][line:177][INFO] Epoch:[202/300]	 loss=53.61480	 acc=99.954
[2023-01-27 04:15:13,922][cbp1.py][line:182][INFO] Epoch:[202/300]	 Test acc=74.200
[2023-01-27 04:15:13,922][cbp1.py][line:193][INFO] Best Test acc=74.480
[2023-01-27 04:20:56,456][cbp1.py][line:177][INFO] Epoch:[203/300]	 loss=53.19232	 acc=99.932
[2023-01-27 04:21:07,768][cbp1.py][line:182][INFO] Epoch:[203/300]	 Test acc=74.130
[2023-01-27 04:21:07,769][cbp1.py][line:193][INFO] Best Test acc=74.480
[2023-01-27 04:26:48,051][cbp1.py][line:177][INFO] Epoch:[204/300]	 loss=53.02148	 acc=99.940
[2023-01-27 04:26:59,346][cbp1.py][line:182][INFO] Epoch:[204/300]	 Test acc=73.940
[2023-01-27 04:26:59,346][cbp1.py][line:193][INFO] Best Test acc=74.480
[2023-01-27 04:32:41,642][cbp1.py][line:177][INFO] Epoch:[205/300]	 loss=51.68131	 acc=99.926
[2023-01-27 04:32:52,926][cbp1.py][line:182][INFO] Epoch:[205/300]	 Test acc=73.890
[2023-01-27 04:32:52,926][cbp1.py][line:193][INFO] Best Test acc=74.480
[2023-01-27 04:38:37,212][cbp1.py][line:177][INFO] Epoch:[206/300]	 loss=51.61131	 acc=99.946
[2023-01-27 04:38:48,573][cbp1.py][line:182][INFO] Epoch:[206/300]	 Test acc=74.280
[2023-01-27 04:38:48,573][cbp1.py][line:193][INFO] Best Test acc=74.480
[2023-01-27 04:44:32,546][cbp1.py][line:177][INFO] Epoch:[207/300]	 loss=52.01902	 acc=99.920
[2023-01-27 04:44:43,866][cbp1.py][line:182][INFO] Epoch:[207/300]	 Test acc=74.160
[2023-01-27 04:44:43,867][cbp1.py][line:193][INFO] Best Test acc=74.480
[2023-01-27 04:50:28,483][cbp1.py][line:177][INFO] Epoch:[208/300]	 loss=51.80810	 acc=99.960
[2023-01-27 04:50:39,908][cbp1.py][line:182][INFO] Epoch:[208/300]	 Test acc=74.170
[2023-01-27 04:50:39,909][cbp1.py][line:193][INFO] Best Test acc=74.480
[2023-01-27 04:56:23,271][cbp1.py][line:177][INFO] Epoch:[209/300]	 loss=51.52270	 acc=99.934
[2023-01-27 04:56:34,531][cbp1.py][line:182][INFO] Epoch:[209/300]	 Test acc=74.080
[2023-01-27 04:56:34,531][cbp1.py][line:193][INFO] Best Test acc=74.480
[2023-01-27 05:02:17,715][cbp1.py][line:177][INFO] Epoch:[210/300]	 loss=50.54669	 acc=99.962
[2023-01-27 05:02:29,020][cbp1.py][line:182][INFO] Epoch:[210/300]	 Test acc=74.710
[2023-01-27 05:02:29,232][cbp1.py][line:193][INFO] Best Test acc=74.710
[2023-01-27 05:08:15,032][cbp1.py][line:177][INFO] Epoch:[211/300]	 loss=50.05391	 acc=99.952
[2023-01-27 05:08:26,300][cbp1.py][line:182][INFO] Epoch:[211/300]	 Test acc=74.320
[2023-01-27 05:08:26,301][cbp1.py][line:193][INFO] Best Test acc=74.710
[2023-01-27 05:14:13,843][cbp1.py][line:177][INFO] Epoch:[212/300]	 loss=49.97014	 acc=99.932
[2023-01-27 05:14:25,167][cbp1.py][line:182][INFO] Epoch:[212/300]	 Test acc=74.360
[2023-01-27 05:14:25,167][cbp1.py][line:193][INFO] Best Test acc=74.710
[2023-01-27 05:20:12,926][cbp1.py][line:177][INFO] Epoch:[213/300]	 loss=49.77220	 acc=99.940
[2023-01-27 05:20:24,235][cbp1.py][line:182][INFO] Epoch:[213/300]	 Test acc=74.660
[2023-01-27 05:20:24,235][cbp1.py][line:193][INFO] Best Test acc=74.710
[2023-01-27 05:26:13,052][cbp1.py][line:177][INFO] Epoch:[214/300]	 loss=49.69778	 acc=99.934
[2023-01-27 05:26:24,402][cbp1.py][line:182][INFO] Epoch:[214/300]	 Test acc=74.190
[2023-01-27 05:26:24,402][cbp1.py][line:193][INFO] Best Test acc=74.710
[2023-01-27 05:32:15,338][cbp1.py][line:177][INFO] Epoch:[215/300]	 loss=48.85709	 acc=99.938
[2023-01-27 05:32:26,638][cbp1.py][line:182][INFO] Epoch:[215/300]	 Test acc=74.620
[2023-01-27 05:32:26,639][cbp1.py][line:193][INFO] Best Test acc=74.710
[2023-01-27 05:38:16,554][cbp1.py][line:177][INFO] Epoch:[216/300]	 loss=48.53677	 acc=99.946
[2023-01-27 05:38:27,864][cbp1.py][line:182][INFO] Epoch:[216/300]	 Test acc=74.560
[2023-01-27 05:38:27,864][cbp1.py][line:193][INFO] Best Test acc=74.710
[2023-01-27 05:44:20,707][cbp1.py][line:177][INFO] Epoch:[217/300]	 loss=48.12814	 acc=99.962
[2023-01-27 05:44:32,130][cbp1.py][line:182][INFO] Epoch:[217/300]	 Test acc=74.530
[2023-01-27 05:44:32,130][cbp1.py][line:193][INFO] Best Test acc=74.710
[2023-01-27 05:50:24,437][cbp1.py][line:177][INFO] Epoch:[218/300]	 loss=48.13143	 acc=99.956
[2023-01-27 05:50:35,671][cbp1.py][line:182][INFO] Epoch:[218/300]	 Test acc=74.190
[2023-01-27 05:50:35,671][cbp1.py][line:193][INFO] Best Test acc=74.710
[2023-01-27 05:56:27,477][cbp1.py][line:177][INFO] Epoch:[219/300]	 loss=48.05395	 acc=99.954
[2023-01-27 05:56:38,778][cbp1.py][line:182][INFO] Epoch:[219/300]	 Test acc=74.140
[2023-01-27 05:56:38,779][cbp1.py][line:193][INFO] Best Test acc=74.710
[2023-01-27 06:02:30,414][cbp1.py][line:177][INFO] Epoch:[220/300]	 loss=48.08829	 acc=99.960
[2023-01-27 06:02:41,722][cbp1.py][line:182][INFO] Epoch:[220/300]	 Test acc=74.540
[2023-01-27 06:02:41,722][cbp1.py][line:193][INFO] Best Test acc=74.710
[2023-01-27 06:08:36,249][cbp1.py][line:177][INFO] Epoch:[221/300]	 loss=47.69122	 acc=99.950
[2023-01-27 06:08:47,586][cbp1.py][line:182][INFO] Epoch:[221/300]	 Test acc=74.190
[2023-01-27 06:08:47,586][cbp1.py][line:193][INFO] Best Test acc=74.710
[2023-01-27 06:14:42,905][cbp1.py][line:177][INFO] Epoch:[222/300]	 loss=47.23861	 acc=99.950
[2023-01-27 06:14:54,235][cbp1.py][line:182][INFO] Epoch:[222/300]	 Test acc=74.370
[2023-01-27 06:14:54,235][cbp1.py][line:193][INFO] Best Test acc=74.710
[2023-01-27 06:20:51,850][cbp1.py][line:177][INFO] Epoch:[223/300]	 loss=46.77572	 acc=99.956
[2023-01-27 06:21:03,097][cbp1.py][line:182][INFO] Epoch:[223/300]	 Test acc=74.610
[2023-01-27 06:21:03,098][cbp1.py][line:193][INFO] Best Test acc=74.710
[2023-01-27 06:26:59,281][cbp1.py][line:177][INFO] Epoch:[224/300]	 loss=47.06579	 acc=99.964
[2023-01-27 06:27:10,608][cbp1.py][line:182][INFO] Epoch:[224/300]	 Test acc=74.090
[2023-01-27 06:27:10,609][cbp1.py][line:193][INFO] Best Test acc=74.710
[2023-01-27 06:33:06,691][cbp1.py][line:177][INFO] Epoch:[225/300]	 loss=46.19311	 acc=99.968
[2023-01-27 06:33:17,972][cbp1.py][line:182][INFO] Epoch:[225/300]	 Test acc=74.250
[2023-01-27 06:33:17,973][cbp1.py][line:193][INFO] Best Test acc=74.710
[2023-01-27 06:39:18,279][cbp1.py][line:177][INFO] Epoch:[226/300]	 loss=46.32959	 acc=99.968
[2023-01-27 06:39:29,625][cbp1.py][line:182][INFO] Epoch:[226/300]	 Test acc=74.240
[2023-01-27 06:39:29,625][cbp1.py][line:193][INFO] Best Test acc=74.710
[2023-01-27 06:45:27,451][cbp1.py][line:177][INFO] Epoch:[227/300]	 loss=45.98636	 acc=99.958
[2023-01-27 06:45:38,741][cbp1.py][line:182][INFO] Epoch:[227/300]	 Test acc=74.420
[2023-01-27 06:45:38,742][cbp1.py][line:193][INFO] Best Test acc=74.710
[2023-01-27 06:51:41,344][cbp1.py][line:177][INFO] Epoch:[228/300]	 loss=45.42985	 acc=99.964
[2023-01-27 06:51:52,687][cbp1.py][line:182][INFO] Epoch:[228/300]	 Test acc=74.800
[2023-01-27 06:51:52,894][cbp1.py][line:193][INFO] Best Test acc=74.800
[2023-01-27 06:57:54,893][cbp1.py][line:177][INFO] Epoch:[229/300]	 loss=45.53794	 acc=99.954
[2023-01-27 06:58:06,241][cbp1.py][line:182][INFO] Epoch:[229/300]	 Test acc=74.320
[2023-01-27 06:58:06,241][cbp1.py][line:193][INFO] Best Test acc=74.800
[2023-01-27 07:04:09,483][cbp1.py][line:177][INFO] Epoch:[230/300]	 loss=45.31503	 acc=99.968
[2023-01-27 07:04:20,747][cbp1.py][line:182][INFO] Epoch:[230/300]	 Test acc=74.500
[2023-01-27 07:04:20,747][cbp1.py][line:193][INFO] Best Test acc=74.800
[2023-01-27 07:10:24,042][cbp1.py][line:177][INFO] Epoch:[231/300]	 loss=44.51899	 acc=99.962
[2023-01-27 07:10:35,341][cbp1.py][line:182][INFO] Epoch:[231/300]	 Test acc=74.540
[2023-01-27 07:10:35,341][cbp1.py][line:193][INFO] Best Test acc=74.800
[2023-01-27 07:16:38,440][cbp1.py][line:177][INFO] Epoch:[232/300]	 loss=44.84147	 acc=99.964
[2023-01-27 07:16:49,800][cbp1.py][line:182][INFO] Epoch:[232/300]	 Test acc=74.590
[2023-01-27 07:16:49,800][cbp1.py][line:193][INFO] Best Test acc=74.800
[2023-01-27 07:22:53,388][cbp1.py][line:177][INFO] Epoch:[233/300]	 loss=44.93386	 acc=99.966
[2023-01-27 07:23:04,709][cbp1.py][line:182][INFO] Epoch:[233/300]	 Test acc=74.570
[2023-01-27 07:23:04,709][cbp1.py][line:193][INFO] Best Test acc=74.800
[2023-01-27 07:29:09,807][cbp1.py][line:177][INFO] Epoch:[234/300]	 loss=44.86512	 acc=99.964
[2023-01-27 07:29:21,127][cbp1.py][line:182][INFO] Epoch:[234/300]	 Test acc=74.820
[2023-01-27 07:29:21,687][cbp1.py][line:193][INFO] Best Test acc=74.820
[2023-01-27 07:35:26,054][cbp1.py][line:177][INFO] Epoch:[235/300]	 loss=44.32498	 acc=99.954
[2023-01-27 07:35:37,343][cbp1.py][line:182][INFO] Epoch:[235/300]	 Test acc=74.690
[2023-01-27 07:35:37,343][cbp1.py][line:193][INFO] Best Test acc=74.820
[2023-01-27 07:41:44,314][cbp1.py][line:177][INFO] Epoch:[236/300]	 loss=43.98233	 acc=99.968
[2023-01-27 07:41:55,621][cbp1.py][line:182][INFO] Epoch:[236/300]	 Test acc=75.040
[2023-01-27 07:41:55,871][cbp1.py][line:193][INFO] Best Test acc=75.040
[2023-01-27 07:48:01,725][cbp1.py][line:177][INFO] Epoch:[237/300]	 loss=43.54095	 acc=99.964
[2023-01-27 07:48:13,110][cbp1.py][line:182][INFO] Epoch:[237/300]	 Test acc=74.880
[2023-01-27 07:48:13,110][cbp1.py][line:193][INFO] Best Test acc=75.040
[2023-01-27 07:54:22,980][cbp1.py][line:177][INFO] Epoch:[238/300]	 loss=43.37249	 acc=99.972
[2023-01-27 07:54:34,252][cbp1.py][line:182][INFO] Epoch:[238/300]	 Test acc=74.680
[2023-01-27 07:54:34,252][cbp1.py][line:193][INFO] Best Test acc=75.040
[2023-01-27 08:00:40,014][cbp1.py][line:177][INFO] Epoch:[239/300]	 loss=43.76018	 acc=99.970
[2023-01-27 08:00:51,314][cbp1.py][line:182][INFO] Epoch:[239/300]	 Test acc=74.460
[2023-01-27 08:00:51,314][cbp1.py][line:193][INFO] Best Test acc=75.040
[2023-01-27 08:07:01,605][cbp1.py][line:177][INFO] Epoch:[240/300]	 loss=43.17440	 acc=99.972
[2023-01-27 08:07:12,900][cbp1.py][line:182][INFO] Epoch:[240/300]	 Test acc=74.810
[2023-01-27 08:07:12,900][cbp1.py][line:193][INFO] Best Test acc=75.040
[2023-01-27 08:13:25,137][cbp1.py][line:177][INFO] Epoch:[241/300]	 loss=43.60469	 acc=99.968
[2023-01-27 08:13:36,501][cbp1.py][line:182][INFO] Epoch:[241/300]	 Test acc=74.520
[2023-01-27 08:13:36,501][cbp1.py][line:193][INFO] Best Test acc=75.040
[2023-01-27 08:19:46,396][cbp1.py][line:177][INFO] Epoch:[242/300]	 loss=42.50444	 acc=99.978
[2023-01-27 08:19:57,705][cbp1.py][line:182][INFO] Epoch:[242/300]	 Test acc=75.040
[2023-01-27 08:19:57,705][cbp1.py][line:193][INFO] Best Test acc=75.040
[2023-01-27 08:26:04,698][cbp1.py][line:177][INFO] Epoch:[243/300]	 loss=42.31441	 acc=99.978
[2023-01-27 08:26:16,022][cbp1.py][line:182][INFO] Epoch:[243/300]	 Test acc=74.620
[2023-01-27 08:26:16,022][cbp1.py][line:193][INFO] Best Test acc=75.040
[2023-01-27 08:32:28,718][cbp1.py][line:177][INFO] Epoch:[244/300]	 loss=42.09557	 acc=99.978
[2023-01-27 08:32:40,027][cbp1.py][line:182][INFO] Epoch:[244/300]	 Test acc=74.690
[2023-01-27 08:32:40,028][cbp1.py][line:193][INFO] Best Test acc=75.040
[2023-01-27 08:38:54,440][cbp1.py][line:177][INFO] Epoch:[245/300]	 loss=42.26680	 acc=99.960
[2023-01-27 08:39:05,763][cbp1.py][line:182][INFO] Epoch:[245/300]	 Test acc=74.490
[2023-01-27 08:39:05,763][cbp1.py][line:193][INFO] Best Test acc=75.040
[2023-01-27 08:45:18,593][cbp1.py][line:177][INFO] Epoch:[246/300]	 loss=42.21735	 acc=99.964
[2023-01-27 08:45:30,556][cbp1.py][line:182][INFO] Epoch:[246/300]	 Test acc=74.850
[2023-01-27 08:45:30,556][cbp1.py][line:193][INFO] Best Test acc=75.040
[2023-01-27 08:51:47,097][cbp1.py][line:177][INFO] Epoch:[247/300]	 loss=41.78439	 acc=99.976
[2023-01-27 08:51:58,477][cbp1.py][line:182][INFO] Epoch:[247/300]	 Test acc=74.920
[2023-01-27 08:51:58,478][cbp1.py][line:193][INFO] Best Test acc=75.040
[2023-01-27 08:58:14,349][cbp1.py][line:177][INFO] Epoch:[248/300]	 loss=41.83575	 acc=99.966
[2023-01-27 08:58:25,765][cbp1.py][line:182][INFO] Epoch:[248/300]	 Test acc=74.850
[2023-01-27 08:58:25,765][cbp1.py][line:193][INFO] Best Test acc=75.040
[2023-01-27 09:04:41,084][cbp1.py][line:177][INFO] Epoch:[249/300]	 loss=41.95024	 acc=99.964
[2023-01-27 09:04:52,427][cbp1.py][line:182][INFO] Epoch:[249/300]	 Test acc=74.630
[2023-01-27 09:04:52,427][cbp1.py][line:193][INFO] Best Test acc=75.040
[2023-01-27 09:11:09,251][cbp1.py][line:177][INFO] Epoch:[250/300]	 loss=41.87203	 acc=99.968
[2023-01-27 09:11:20,518][cbp1.py][line:182][INFO] Epoch:[250/300]	 Test acc=74.870
[2023-01-27 09:11:20,518][cbp1.py][line:193][INFO] Best Test acc=75.040
[2023-01-27 09:17:37,940][cbp1.py][line:177][INFO] Epoch:[251/300]	 loss=41.52455	 acc=99.974
[2023-01-27 09:17:49,387][cbp1.py][line:182][INFO] Epoch:[251/300]	 Test acc=74.950
[2023-01-27 09:17:49,387][cbp1.py][line:193][INFO] Best Test acc=75.040
[2023-01-27 09:24:05,887][cbp1.py][line:177][INFO] Epoch:[252/300]	 loss=41.30926	 acc=99.974
[2023-01-27 09:24:17,237][cbp1.py][line:182][INFO] Epoch:[252/300]	 Test acc=74.630
[2023-01-27 09:24:17,238][cbp1.py][line:193][INFO] Best Test acc=75.040
[2023-01-27 09:30:39,080][cbp1.py][line:177][INFO] Epoch:[253/300]	 loss=41.34034	 acc=99.976
[2023-01-27 09:30:50,431][cbp1.py][line:182][INFO] Epoch:[253/300]	 Test acc=74.870
[2023-01-27 09:30:50,432][cbp1.py][line:193][INFO] Best Test acc=75.040
[2023-01-27 09:37:13,453][cbp1.py][line:177][INFO] Epoch:[254/300]	 loss=41.41739	 acc=99.964
[2023-01-27 09:37:24,762][cbp1.py][line:182][INFO] Epoch:[254/300]	 Test acc=74.740
[2023-01-27 09:37:24,762][cbp1.py][line:193][INFO] Best Test acc=75.040
[2023-01-27 09:43:44,694][cbp1.py][line:177][INFO] Epoch:[255/300]	 loss=41.15036	 acc=99.970
[2023-01-27 09:43:56,535][cbp1.py][line:182][INFO] Epoch:[255/300]	 Test acc=74.640
[2023-01-27 09:43:56,535][cbp1.py][line:193][INFO] Best Test acc=75.040
[2023-01-27 09:50:16,303][cbp1.py][line:177][INFO] Epoch:[256/300]	 loss=40.77785	 acc=99.972
[2023-01-27 09:50:27,607][cbp1.py][line:182][INFO] Epoch:[256/300]	 Test acc=74.680
[2023-01-27 09:50:27,607][cbp1.py][line:193][INFO] Best Test acc=75.040
[2023-01-27 09:56:49,125][cbp1.py][line:177][INFO] Epoch:[257/300]	 loss=40.89944	 acc=99.960
[2023-01-27 09:57:00,445][cbp1.py][line:182][INFO] Epoch:[257/300]	 Test acc=74.940
[2023-01-27 09:57:00,445][cbp1.py][line:193][INFO] Best Test acc=75.040
[2023-01-27 10:03:21,939][cbp1.py][line:177][INFO] Epoch:[258/300]	 loss=40.68647	 acc=99.974
[2023-01-27 10:03:33,251][cbp1.py][line:182][INFO] Epoch:[258/300]	 Test acc=74.890
[2023-01-27 10:03:33,251][cbp1.py][line:193][INFO] Best Test acc=75.040
[2023-01-27 10:09:56,346][cbp1.py][line:177][INFO] Epoch:[259/300]	 loss=40.66427	 acc=99.968
[2023-01-27 10:10:07,645][cbp1.py][line:182][INFO] Epoch:[259/300]	 Test acc=74.460
[2023-01-27 10:10:07,645][cbp1.py][line:193][INFO] Best Test acc=75.040
[2023-01-27 10:16:36,337][cbp1.py][line:177][INFO] Epoch:[260/300]	 loss=40.31405	 acc=99.980
[2023-01-27 10:16:47,690][cbp1.py][line:182][INFO] Epoch:[260/300]	 Test acc=74.480
[2023-01-27 10:16:47,690][cbp1.py][line:193][INFO] Best Test acc=75.040
[2023-01-27 10:23:13,963][cbp1.py][line:177][INFO] Epoch:[261/300]	 loss=40.71091	 acc=99.982
[2023-01-27 10:23:25,242][cbp1.py][line:182][INFO] Epoch:[261/300]	 Test acc=74.620
[2023-01-27 10:23:25,242][cbp1.py][line:193][INFO] Best Test acc=75.040
[2023-01-27 10:29:51,200][cbp1.py][line:177][INFO] Epoch:[262/300]	 loss=40.16823	 acc=99.980
[2023-01-27 10:30:02,523][cbp1.py][line:182][INFO] Epoch:[262/300]	 Test acc=74.820
[2023-01-27 10:30:02,523][cbp1.py][line:193][INFO] Best Test acc=75.040
[2023-01-27 10:36:32,856][cbp1.py][line:177][INFO] Epoch:[263/300]	 loss=40.25016	 acc=99.966
[2023-01-27 10:36:44,174][cbp1.py][line:182][INFO] Epoch:[263/300]	 Test acc=74.800
[2023-01-27 10:36:44,174][cbp1.py][line:193][INFO] Best Test acc=75.040
[2023-01-27 10:43:14,293][cbp1.py][line:177][INFO] Epoch:[264/300]	 loss=39.96150	 acc=99.984
[2023-01-27 10:43:25,661][cbp1.py][line:182][INFO] Epoch:[264/300]	 Test acc=74.840
[2023-01-27 10:43:25,661][cbp1.py][line:193][INFO] Best Test acc=75.040
[2023-01-27 10:49:51,763][cbp1.py][line:177][INFO] Epoch:[265/300]	 loss=39.91698	 acc=99.982
[2023-01-27 10:50:03,015][cbp1.py][line:182][INFO] Epoch:[265/300]	 Test acc=74.890
[2023-01-27 10:50:03,016][cbp1.py][line:193][INFO] Best Test acc=75.040
[2023-01-27 10:56:28,211][cbp1.py][line:177][INFO] Epoch:[266/300]	 loss=39.89018	 acc=99.980
[2023-01-27 10:56:39,552][cbp1.py][line:182][INFO] Epoch:[266/300]	 Test acc=74.920
[2023-01-27 10:56:39,552][cbp1.py][line:193][INFO] Best Test acc=75.040
[2023-01-27 11:03:11,937][cbp1.py][line:177][INFO] Epoch:[267/300]	 loss=39.95999	 acc=99.970
[2023-01-27 11:03:23,236][cbp1.py][line:182][INFO] Epoch:[267/300]	 Test acc=75.020
[2023-01-27 11:03:23,236][cbp1.py][line:193][INFO] Best Test acc=75.040
[2023-01-27 11:09:51,584][cbp1.py][line:177][INFO] Epoch:[268/300]	 loss=40.19889	 acc=99.976
[2023-01-27 11:10:02,927][cbp1.py][line:182][INFO] Epoch:[268/300]	 Test acc=74.880
[2023-01-27 11:10:02,927][cbp1.py][line:193][INFO] Best Test acc=75.040
[2023-01-27 11:16:36,029][cbp1.py][line:177][INFO] Epoch:[269/300]	 loss=39.50131	 acc=99.982
[2023-01-27 11:16:47,386][cbp1.py][line:182][INFO] Epoch:[269/300]	 Test acc=74.750
[2023-01-27 11:16:47,386][cbp1.py][line:193][INFO] Best Test acc=75.040
[2023-01-27 11:23:21,339][cbp1.py][line:177][INFO] Epoch:[270/300]	 loss=39.36135	 acc=99.972
[2023-01-27 11:23:32,624][cbp1.py][line:182][INFO] Epoch:[270/300]	 Test acc=75.110
[2023-01-27 11:23:32,813][cbp1.py][line:193][INFO] Best Test acc=75.110
[2023-01-27 11:30:02,998][cbp1.py][line:177][INFO] Epoch:[271/300]	 loss=39.47379	 acc=99.972
[2023-01-27 11:30:14,275][cbp1.py][line:182][INFO] Epoch:[271/300]	 Test acc=75.080
[2023-01-27 11:30:14,275][cbp1.py][line:193][INFO] Best Test acc=75.110
[2023-01-27 11:36:46,371][cbp1.py][line:177][INFO] Epoch:[272/300]	 loss=39.32773	 acc=99.972
[2023-01-27 11:36:57,693][cbp1.py][line:182][INFO] Epoch:[272/300]	 Test acc=75.030
[2023-01-27 11:36:57,693][cbp1.py][line:193][INFO] Best Test acc=75.110
[2023-01-27 11:43:31,486][cbp1.py][line:177][INFO] Epoch:[273/300]	 loss=39.48316	 acc=99.974
[2023-01-27 11:43:42,861][cbp1.py][line:182][INFO] Epoch:[273/300]	 Test acc=74.800
[2023-01-27 11:43:42,861][cbp1.py][line:193][INFO] Best Test acc=75.110
[2023-01-27 11:50:15,966][cbp1.py][line:177][INFO] Epoch:[274/300]	 loss=40.01871	 acc=99.970
[2023-01-27 11:50:27,283][cbp1.py][line:182][INFO] Epoch:[274/300]	 Test acc=74.540
[2023-01-27 11:50:27,284][cbp1.py][line:193][INFO] Best Test acc=75.110
[2023-01-27 11:57:02,333][cbp1.py][line:177][INFO] Epoch:[275/300]	 loss=39.86924	 acc=99.974
[2023-01-27 11:57:13,632][cbp1.py][line:182][INFO] Epoch:[275/300]	 Test acc=74.750
[2023-01-27 11:57:13,632][cbp1.py][line:193][INFO] Best Test acc=75.110
[2023-01-27 12:03:50,608][cbp1.py][line:177][INFO] Epoch:[276/300]	 loss=39.56230	 acc=99.974
[2023-01-27 12:04:01,866][cbp1.py][line:182][INFO] Epoch:[276/300]	 Test acc=75.000
[2023-01-27 12:04:01,867][cbp1.py][line:193][INFO] Best Test acc=75.110
[2023-01-27 12:10:41,148][cbp1.py][line:177][INFO] Epoch:[277/300]	 loss=39.63476	 acc=99.966
[2023-01-27 12:10:52,524][cbp1.py][line:182][INFO] Epoch:[277/300]	 Test acc=74.920
[2023-01-27 12:10:52,524][cbp1.py][line:193][INFO] Best Test acc=75.110
[2023-01-27 12:17:31,787][cbp1.py][line:177][INFO] Epoch:[278/300]	 loss=39.14667	 acc=99.976
[2023-01-27 12:17:43,171][cbp1.py][line:182][INFO] Epoch:[278/300]	 Test acc=74.730
[2023-01-27 12:17:43,171][cbp1.py][line:193][INFO] Best Test acc=75.110
[2023-01-27 12:24:20,547][cbp1.py][line:177][INFO] Epoch:[279/300]	 loss=38.93209	 acc=99.978
[2023-01-27 12:24:31,818][cbp1.py][line:182][INFO] Epoch:[279/300]	 Test acc=74.820
[2023-01-27 12:24:31,818][cbp1.py][line:193][INFO] Best Test acc=75.110
[2023-01-27 12:31:10,591][cbp1.py][line:177][INFO] Epoch:[280/300]	 loss=39.45262	 acc=99.980
[2023-01-27 12:31:21,896][cbp1.py][line:182][INFO] Epoch:[280/300]	 Test acc=74.930
[2023-01-27 12:31:21,896][cbp1.py][line:193][INFO] Best Test acc=75.110
[2023-01-27 12:37:59,382][cbp1.py][line:177][INFO] Epoch:[281/300]	 loss=39.19508	 acc=99.980
[2023-01-27 12:38:10,627][cbp1.py][line:182][INFO] Epoch:[281/300]	 Test acc=75.020
[2023-01-27 12:38:10,628][cbp1.py][line:193][INFO] Best Test acc=75.110
[2023-01-27 12:44:53,773][cbp1.py][line:177][INFO] Epoch:[282/300]	 loss=39.10008	 acc=99.982
[2023-01-27 12:45:05,080][cbp1.py][line:182][INFO] Epoch:[282/300]	 Test acc=74.580
[2023-01-27 12:45:05,081][cbp1.py][line:193][INFO] Best Test acc=75.110
[2023-01-27 12:51:46,549][cbp1.py][line:177][INFO] Epoch:[283/300]	 loss=39.04459	 acc=99.970
[2023-01-27 12:51:57,866][cbp1.py][line:182][INFO] Epoch:[283/300]	 Test acc=74.750
[2023-01-27 12:51:57,866][cbp1.py][line:193][INFO] Best Test acc=75.110
[2023-01-27 12:58:41,879][cbp1.py][line:177][INFO] Epoch:[284/300]	 loss=39.47870	 acc=99.986
[2023-01-27 12:58:53,228][cbp1.py][line:182][INFO] Epoch:[284/300]	 Test acc=74.740
[2023-01-27 12:58:53,229][cbp1.py][line:193][INFO] Best Test acc=75.110
[2023-01-27 13:05:37,140][cbp1.py][line:177][INFO] Epoch:[285/300]	 loss=38.88909	 acc=99.974
[2023-01-27 13:05:48,468][cbp1.py][line:182][INFO] Epoch:[285/300]	 Test acc=74.920
[2023-01-27 13:05:48,468][cbp1.py][line:193][INFO] Best Test acc=75.110
[2023-01-27 13:12:28,768][cbp1.py][line:177][INFO] Epoch:[286/300]	 loss=39.05603	 acc=99.972
[2023-01-27 13:12:40,057][cbp1.py][line:182][INFO] Epoch:[286/300]	 Test acc=74.570
[2023-01-27 13:12:40,057][cbp1.py][line:193][INFO] Best Test acc=75.110
[2023-01-27 13:19:24,548][cbp1.py][line:177][INFO] Epoch:[287/300]	 loss=38.75323	 acc=99.982
[2023-01-27 13:19:35,808][cbp1.py][line:182][INFO] Epoch:[287/300]	 Test acc=74.510
[2023-01-27 13:19:35,808][cbp1.py][line:193][INFO] Best Test acc=75.110
[2023-01-27 13:26:20,916][cbp1.py][line:177][INFO] Epoch:[288/300]	 loss=38.88438	 acc=99.978
[2023-01-27 13:26:32,294][cbp1.py][line:182][INFO] Epoch:[288/300]	 Test acc=74.950
[2023-01-27 13:26:32,294][cbp1.py][line:193][INFO] Best Test acc=75.110
[2023-01-27 13:33:18,273][cbp1.py][line:177][INFO] Epoch:[289/300]	 loss=38.61094	 acc=99.984
[2023-01-27 13:33:29,575][cbp1.py][line:182][INFO] Epoch:[289/300]	 Test acc=74.780
[2023-01-27 13:33:29,575][cbp1.py][line:193][INFO] Best Test acc=75.110
[2023-01-27 13:40:15,743][cbp1.py][line:177][INFO] Epoch:[290/300]	 loss=38.43696	 acc=99.980
[2023-01-27 13:40:27,073][cbp1.py][line:182][INFO] Epoch:[290/300]	 Test acc=74.650
[2023-01-27 13:40:27,073][cbp1.py][line:193][INFO] Best Test acc=75.110
[2023-01-27 13:47:16,900][cbp1.py][line:177][INFO] Epoch:[291/300]	 loss=39.08168	 acc=99.972
[2023-01-27 13:47:28,267][cbp1.py][line:182][INFO] Epoch:[291/300]	 Test acc=75.090
[2023-01-27 13:47:28,267][cbp1.py][line:193][INFO] Best Test acc=75.110
[2023-01-27 13:54:13,784][cbp1.py][line:177][INFO] Epoch:[292/300]	 loss=38.93804	 acc=99.974
[2023-01-27 13:54:25,051][cbp1.py][line:182][INFO] Epoch:[292/300]	 Test acc=74.630
[2023-01-27 13:54:25,051][cbp1.py][line:193][INFO] Best Test acc=75.110
[2023-01-27 14:01:14,803][cbp1.py][line:177][INFO] Epoch:[293/300]	 loss=38.68097	 acc=99.986
[2023-01-27 14:01:26,182][cbp1.py][line:182][INFO] Epoch:[293/300]	 Test acc=74.650
[2023-01-27 14:01:26,182][cbp1.py][line:193][INFO] Best Test acc=75.110
[2023-01-27 14:08:17,247][cbp1.py][line:177][INFO] Epoch:[294/300]	 loss=38.73755	 acc=99.984
[2023-01-27 14:08:28,657][cbp1.py][line:182][INFO] Epoch:[294/300]	 Test acc=74.590
[2023-01-27 14:08:28,657][cbp1.py][line:193][INFO] Best Test acc=75.110
[2023-01-27 14:15:18,228][cbp1.py][line:177][INFO] Epoch:[295/300]	 loss=38.58339	 acc=99.978
[2023-01-27 14:15:29,501][cbp1.py][line:182][INFO] Epoch:[295/300]	 Test acc=74.900
[2023-01-27 14:15:29,501][cbp1.py][line:193][INFO] Best Test acc=75.110
[2023-01-27 14:22:21,189][cbp1.py][line:177][INFO] Epoch:[296/300]	 loss=38.91308	 acc=99.980
[2023-01-27 14:22:32,521][cbp1.py][line:182][INFO] Epoch:[296/300]	 Test acc=75.050
[2023-01-27 14:22:32,521][cbp1.py][line:193][INFO] Best Test acc=75.110
[2023-01-27 14:29:26,733][cbp1.py][line:177][INFO] Epoch:[297/300]	 loss=38.53297	 acc=99.978
[2023-01-27 14:29:38,040][cbp1.py][line:182][INFO] Epoch:[297/300]	 Test acc=74.760
[2023-01-27 14:29:38,040][cbp1.py][line:193][INFO] Best Test acc=75.110
[2023-01-27 14:36:31,225][cbp1.py][line:177][INFO] Epoch:[298/300]	 loss=38.33631	 acc=99.988
[2023-01-27 14:36:42,535][cbp1.py][line:182][INFO] Epoch:[298/300]	 Test acc=74.690
[2023-01-27 14:36:42,535][cbp1.py][line:193][INFO] Best Test acc=75.110
[2023-01-27 14:43:34,682][cbp1.py][line:177][INFO] Epoch:[299/300]	 loss=38.65260	 acc=99.972
[2023-01-27 14:43:45,968][cbp1.py][line:182][INFO] Epoch:[299/300]	 Test acc=75.220
[2023-01-27 14:43:46,180][cbp1.py][line:193][INFO] Best Test acc=75.220
