[2023-01-27 13:46:16,446][cbp1.py][line:166][INFO] start training!
[2023-01-27 13:49:14,044][cbp1.py][line:177][INFO] Epoch:[0/300]	 loss=1651.56446	 acc=3.408
[2023-01-27 13:49:24,753][cbp1.py][line:182][INFO] Epoch:[0/300]	 Test acc=4.710
[2023-01-27 13:49:24,881][cbp1.py][line:193][INFO] Best Test acc=4.710
[2023-01-27 13:52:19,602][cbp1.py][line:177][INFO] Epoch:[1/300]	 loss=1517.55045	 acc=7.970
[2023-01-27 13:52:30,202][cbp1.py][line:182][INFO] Epoch:[1/300]	 Test acc=9.030
[2023-01-27 13:52:30,357][cbp1.py][line:193][INFO] Best Test acc=9.030
[2023-01-27 13:55:25,672][cbp1.py][line:177][INFO] Epoch:[2/300]	 loss=1436.33585	 acc=13.236
[2023-01-27 13:55:36,368][cbp1.py][line:182][INFO] Epoch:[2/300]	 Test acc=17.330
[2023-01-27 13:55:36,517][cbp1.py][line:193][INFO] Best Test acc=17.330
[2023-01-27 13:58:32,208][cbp1.py][line:177][INFO] Epoch:[3/300]	 loss=1327.22053	 acc=20.088
[2023-01-27 13:58:42,881][cbp1.py][line:182][INFO] Epoch:[3/300]	 Test acc=21.590
[2023-01-27 13:58:43,032][cbp1.py][line:193][INFO] Best Test acc=21.590
[2023-01-27 14:01:39,266][cbp1.py][line:177][INFO] Epoch:[4/300]	 loss=1196.28183	 acc=28.336
[2023-01-27 14:01:49,858][cbp1.py][line:182][INFO] Epoch:[4/300]	 Test acc=33.070
[2023-01-27 14:01:50,038][cbp1.py][line:193][INFO] Best Test acc=33.070
[2023-01-27 14:04:46,728][cbp1.py][line:177][INFO] Epoch:[5/300]	 loss=1072.96193	 acc=35.958
[2023-01-27 14:04:57,318][cbp1.py][line:182][INFO] Epoch:[5/300]	 Test acc=36.950
[2023-01-27 14:04:57,466][cbp1.py][line:193][INFO] Best Test acc=36.950
[2023-01-27 14:07:54,623][cbp1.py][line:177][INFO] Epoch:[6/300]	 loss=978.52358	 acc=42.506
[2023-01-27 14:08:05,253][cbp1.py][line:182][INFO] Epoch:[6/300]	 Test acc=38.070
[2023-01-27 14:08:05,403][cbp1.py][line:193][INFO] Best Test acc=38.070
[2023-01-27 14:11:02,964][cbp1.py][line:177][INFO] Epoch:[7/300]	 loss=905.43166	 acc=47.678
[2023-01-27 14:11:13,611][cbp1.py][line:182][INFO] Epoch:[7/300]	 Test acc=43.610
[2023-01-27 14:11:13,747][cbp1.py][line:193][INFO] Best Test acc=43.610
[2023-01-27 14:14:11,666][cbp1.py][line:177][INFO] Epoch:[8/300]	 loss=843.09471	 acc=51.842
[2023-01-27 14:14:22,332][cbp1.py][line:182][INFO] Epoch:[8/300]	 Test acc=50.740
[2023-01-27 14:14:22,485][cbp1.py][line:193][INFO] Best Test acc=50.740
[2023-01-27 14:17:21,873][cbp1.py][line:177][INFO] Epoch:[9/300]	 loss=786.90787	 acc=55.444
[2023-01-27 14:17:32,503][cbp1.py][line:182][INFO] Epoch:[9/300]	 Test acc=50.880
[2023-01-27 14:17:32,658][cbp1.py][line:193][INFO] Best Test acc=50.880
[2023-01-27 14:20:32,779][cbp1.py][line:177][INFO] Epoch:[10/300]	 loss=739.59518	 acc=58.758
[2023-01-27 14:20:43,465][cbp1.py][line:182][INFO] Epoch:[10/300]	 Test acc=56.190
[2023-01-27 14:20:43,669][cbp1.py][line:193][INFO] Best Test acc=56.190
[2023-01-27 14:23:45,827][cbp1.py][line:177][INFO] Epoch:[11/300]	 loss=697.92826	 acc=61.774
[2023-01-27 14:23:56,482][cbp1.py][line:182][INFO] Epoch:[11/300]	 Test acc=57.490
[2023-01-27 14:23:56,641][cbp1.py][line:193][INFO] Best Test acc=57.490
[2023-01-27 14:26:59,414][cbp1.py][line:177][INFO] Epoch:[12/300]	 loss=664.21728	 acc=64.238
[2023-01-27 14:27:10,067][cbp1.py][line:182][INFO] Epoch:[12/300]	 Test acc=58.140
[2023-01-27 14:27:10,221][cbp1.py][line:193][INFO] Best Test acc=58.140
[2023-01-27 14:30:13,761][cbp1.py][line:177][INFO] Epoch:[13/300]	 loss=629.83929	 acc=66.498
[2023-01-27 14:30:24,452][cbp1.py][line:182][INFO] Epoch:[13/300]	 Test acc=60.150
[2023-01-27 14:30:24,629][cbp1.py][line:193][INFO] Best Test acc=60.150
[2023-01-27 14:33:29,134][cbp1.py][line:177][INFO] Epoch:[14/300]	 loss=598.27100	 acc=68.648
[2023-01-27 14:33:39,840][cbp1.py][line:182][INFO] Epoch:[14/300]	 Test acc=60.370
[2023-01-27 14:33:39,995][cbp1.py][line:193][INFO] Best Test acc=60.370
[2023-01-27 14:36:44,830][cbp1.py][line:177][INFO] Epoch:[15/300]	 loss=571.63172	 acc=70.506
[2023-01-27 14:36:55,532][cbp1.py][line:182][INFO] Epoch:[15/300]	 Test acc=62.970
[2023-01-27 14:36:55,681][cbp1.py][line:193][INFO] Best Test acc=62.970
[2023-01-27 14:40:01,232][cbp1.py][line:177][INFO] Epoch:[16/300]	 loss=545.51475	 acc=72.144
[2023-01-27 14:40:11,935][cbp1.py][line:182][INFO] Epoch:[16/300]	 Test acc=63.980
[2023-01-27 14:40:12,085][cbp1.py][line:193][INFO] Best Test acc=63.980
[2023-01-27 14:43:18,550][cbp1.py][line:177][INFO] Epoch:[17/300]	 loss=521.02304	 acc=74.036
[2023-01-27 14:43:29,154][cbp1.py][line:182][INFO] Epoch:[17/300]	 Test acc=62.300
[2023-01-27 14:43:29,154][cbp1.py][line:193][INFO] Best Test acc=63.980
[2023-01-27 14:46:36,304][cbp1.py][line:177][INFO] Epoch:[18/300]	 loss=504.55277	 acc=75.276
[2023-01-27 14:46:46,955][cbp1.py][line:182][INFO] Epoch:[18/300]	 Test acc=65.270
[2023-01-27 14:46:47,106][cbp1.py][line:193][INFO] Best Test acc=65.270
[2023-01-27 14:49:54,795][cbp1.py][line:177][INFO] Epoch:[19/300]	 loss=481.67584	 acc=76.864
[2023-01-27 14:50:05,458][cbp1.py][line:182][INFO] Epoch:[19/300]	 Test acc=67.170
[2023-01-27 14:50:05,612][cbp1.py][line:193][INFO] Best Test acc=67.170
[2023-01-27 14:53:14,035][cbp1.py][line:177][INFO] Epoch:[20/300]	 loss=461.29604	 acc=78.382
[2023-01-27 14:53:24,717][cbp1.py][line:182][INFO] Epoch:[20/300]	 Test acc=65.820
[2023-01-27 14:53:24,717][cbp1.py][line:193][INFO] Best Test acc=67.170
[2023-01-27 14:56:33,912][cbp1.py][line:177][INFO] Epoch:[21/300]	 loss=444.89290	 acc=79.560
[2023-01-27 14:56:44,656][cbp1.py][line:182][INFO] Epoch:[21/300]	 Test acc=66.660
[2023-01-27 14:56:44,656][cbp1.py][line:193][INFO] Best Test acc=67.170
[2023-01-27 14:59:54,501][cbp1.py][line:177][INFO] Epoch:[22/300]	 loss=426.87254	 acc=80.790
[2023-01-27 15:00:05,182][cbp1.py][line:182][INFO] Epoch:[22/300]	 Test acc=67.670
[2023-01-27 15:00:05,330][cbp1.py][line:193][INFO] Best Test acc=67.670
[2023-01-27 15:03:15,865][cbp1.py][line:177][INFO] Epoch:[23/300]	 loss=408.10309	 acc=81.970
[2023-01-27 15:03:26,623][cbp1.py][line:182][INFO] Epoch:[23/300]	 Test acc=66.960
[2023-01-27 15:03:26,624][cbp1.py][line:193][INFO] Best Test acc=67.670
[2023-01-27 15:06:37,885][cbp1.py][line:177][INFO] Epoch:[24/300]	 loss=392.97607	 acc=83.162
[2023-01-27 15:06:48,540][cbp1.py][line:182][INFO] Epoch:[24/300]	 Test acc=67.460
[2023-01-27 15:06:48,540][cbp1.py][line:193][INFO] Best Test acc=67.670
[2023-01-27 15:10:00,348][cbp1.py][line:177][INFO] Epoch:[25/300]	 loss=382.33347	 acc=83.978
[2023-01-27 15:10:11,058][cbp1.py][line:182][INFO] Epoch:[25/300]	 Test acc=68.080
[2023-01-27 15:10:11,211][cbp1.py][line:193][INFO] Best Test acc=68.080
[2023-01-27 15:13:23,875][cbp1.py][line:177][INFO] Epoch:[26/300]	 loss=366.79121	 acc=84.976
[2023-01-27 15:13:34,595][cbp1.py][line:182][INFO] Epoch:[26/300]	 Test acc=67.580
[2023-01-27 15:13:34,596][cbp1.py][line:193][INFO] Best Test acc=68.080
[2023-01-27 15:16:47,924][cbp1.py][line:177][INFO] Epoch:[27/300]	 loss=355.70574	 acc=86.006
[2023-01-27 15:16:58,793][cbp1.py][line:182][INFO] Epoch:[27/300]	 Test acc=68.700
[2023-01-27 15:16:58,965][cbp1.py][line:193][INFO] Best Test acc=68.700
[2023-01-27 15:20:13,366][cbp1.py][line:177][INFO] Epoch:[28/300]	 loss=341.78183	 acc=86.778
[2023-01-27 15:20:24,109][cbp1.py][line:182][INFO] Epoch:[28/300]	 Test acc=68.640
[2023-01-27 15:20:24,110][cbp1.py][line:193][INFO] Best Test acc=68.700
[2023-01-27 15:23:38,722][cbp1.py][line:177][INFO] Epoch:[29/300]	 loss=330.83812	 acc=87.558
[2023-01-27 15:23:49,447][cbp1.py][line:182][INFO] Epoch:[29/300]	 Test acc=69.280
[2023-01-27 15:23:49,593][cbp1.py][line:193][INFO] Best Test acc=69.280
[2023-01-27 15:27:04,825][cbp1.py][line:177][INFO] Epoch:[30/300]	 loss=317.36464	 acc=88.276
[2023-01-27 15:27:15,539][cbp1.py][line:182][INFO] Epoch:[30/300]	 Test acc=69.250
[2023-01-27 15:27:15,539][cbp1.py][line:193][INFO] Best Test acc=69.280
[2023-01-27 15:30:31,451][cbp1.py][line:177][INFO] Epoch:[31/300]	 loss=309.95029	 acc=88.852
[2023-01-27 15:30:42,166][cbp1.py][line:182][INFO] Epoch:[31/300]	 Test acc=68.210
[2023-01-27 15:30:42,166][cbp1.py][line:193][INFO] Best Test acc=69.280
[2023-01-27 15:33:58,862][cbp1.py][line:177][INFO] Epoch:[32/300]	 loss=298.41588	 acc=89.598
[2023-01-27 15:34:09,602][cbp1.py][line:182][INFO] Epoch:[32/300]	 Test acc=69.780
[2023-01-27 15:34:09,748][cbp1.py][line:193][INFO] Best Test acc=69.780
[2023-01-27 15:37:28,818][cbp1.py][line:177][INFO] Epoch:[33/300]	 loss=288.69717	 acc=90.312
[2023-01-27 15:37:39,510][cbp1.py][line:182][INFO] Epoch:[33/300]	 Test acc=69.870
[2023-01-27 15:37:39,667][cbp1.py][line:193][INFO] Best Test acc=69.870
[2023-01-27 15:41:00,647][cbp1.py][line:177][INFO] Epoch:[34/300]	 loss=280.89145	 acc=90.904
[2023-01-27 15:41:11,348][cbp1.py][line:182][INFO] Epoch:[34/300]	 Test acc=69.700
[2023-01-27 15:41:11,349][cbp1.py][line:193][INFO] Best Test acc=69.870
[2023-01-27 15:44:33,157][cbp1.py][line:177][INFO] Epoch:[35/300]	 loss=270.14532	 acc=91.464
[2023-01-27 15:44:43,831][cbp1.py][line:182][INFO] Epoch:[35/300]	 Test acc=69.840
[2023-01-27 15:44:43,832][cbp1.py][line:193][INFO] Best Test acc=69.870
[2023-01-27 15:48:06,281][cbp1.py][line:177][INFO] Epoch:[36/300]	 loss=263.43350	 acc=91.844
[2023-01-27 15:48:17,024][cbp1.py][line:182][INFO] Epoch:[36/300]	 Test acc=69.990
[2023-01-27 15:48:17,172][cbp1.py][line:193][INFO] Best Test acc=69.990
[2023-01-27 15:51:40,680][cbp1.py][line:177][INFO] Epoch:[37/300]	 loss=256.97106	 acc=92.346
[2023-01-27 15:51:51,418][cbp1.py][line:182][INFO] Epoch:[37/300]	 Test acc=69.750
[2023-01-27 15:51:51,419][cbp1.py][line:193][INFO] Best Test acc=69.990
[2023-01-27 15:55:15,376][cbp1.py][line:177][INFO] Epoch:[38/300]	 loss=253.04752	 acc=92.496
[2023-01-27 15:55:26,050][cbp1.py][line:182][INFO] Epoch:[38/300]	 Test acc=69.590
[2023-01-27 15:55:26,050][cbp1.py][line:193][INFO] Best Test acc=69.990
[2023-01-27 15:58:51,126][cbp1.py][line:177][INFO] Epoch:[39/300]	 loss=241.38435	 acc=93.318
[2023-01-27 15:59:01,756][cbp1.py][line:182][INFO] Epoch:[39/300]	 Test acc=70.730
[2023-01-27 15:59:01,930][cbp1.py][line:193][INFO] Best Test acc=70.730
[2023-01-27 16:02:27,233][cbp1.py][line:177][INFO] Epoch:[40/300]	 loss=239.05924	 acc=93.624
[2023-01-27 16:02:37,955][cbp1.py][line:182][INFO] Epoch:[40/300]	 Test acc=70.450
[2023-01-27 16:02:37,955][cbp1.py][line:193][INFO] Best Test acc=70.730
[2023-01-27 16:06:04,412][cbp1.py][line:177][INFO] Epoch:[41/300]	 loss=229.50321	 acc=94.004
[2023-01-27 16:06:15,091][cbp1.py][line:182][INFO] Epoch:[41/300]	 Test acc=69.400
[2023-01-27 16:06:15,091][cbp1.py][line:193][INFO] Best Test acc=70.730
[2023-01-27 16:09:41,944][cbp1.py][line:177][INFO] Epoch:[42/300]	 loss=225.07830	 acc=94.176
[2023-01-27 16:09:52,593][cbp1.py][line:182][INFO] Epoch:[42/300]	 Test acc=70.880
[2023-01-27 16:09:52,747][cbp1.py][line:193][INFO] Best Test acc=70.880
[2023-01-27 16:13:21,114][cbp1.py][line:177][INFO] Epoch:[43/300]	 loss=220.40878	 acc=94.514
[2023-01-27 16:13:31,863][cbp1.py][line:182][INFO] Epoch:[43/300]	 Test acc=70.000
[2023-01-27 16:13:31,863][cbp1.py][line:193][INFO] Best Test acc=70.880
[2023-01-27 16:17:00,924][cbp1.py][line:177][INFO] Epoch:[44/300]	 loss=212.41257	 acc=95.142
[2023-01-27 16:17:11,653][cbp1.py][line:182][INFO] Epoch:[44/300]	 Test acc=70.920
[2023-01-27 16:17:11,809][cbp1.py][line:193][INFO] Best Test acc=70.920
[2023-01-27 16:20:41,815][cbp1.py][line:177][INFO] Epoch:[45/300]	 loss=209.40627	 acc=95.072
[2023-01-27 16:20:52,549][cbp1.py][line:182][INFO] Epoch:[45/300]	 Test acc=70.810
[2023-01-27 16:20:52,549][cbp1.py][line:193][INFO] Best Test acc=70.920
[2023-01-27 16:24:23,221][cbp1.py][line:177][INFO] Epoch:[46/300]	 loss=204.15939	 acc=95.478
[2023-01-27 16:24:34,011][cbp1.py][line:182][INFO] Epoch:[46/300]	 Test acc=70.050
[2023-01-27 16:24:34,011][cbp1.py][line:193][INFO] Best Test acc=70.920
[2023-01-27 16:28:05,543][cbp1.py][line:177][INFO] Epoch:[47/300]	 loss=200.12392	 acc=95.662
[2023-01-27 16:28:16,263][cbp1.py][line:182][INFO] Epoch:[47/300]	 Test acc=70.500
[2023-01-27 16:28:16,263][cbp1.py][line:193][INFO] Best Test acc=70.920
[2023-01-27 16:31:49,292][cbp1.py][line:177][INFO] Epoch:[48/300]	 loss=192.90879	 acc=96.162
[2023-01-27 16:31:59,999][cbp1.py][line:182][INFO] Epoch:[48/300]	 Test acc=70.310
[2023-01-27 16:32:00,000][cbp1.py][line:193][INFO] Best Test acc=70.920
[2023-01-27 16:35:33,362][cbp1.py][line:177][INFO] Epoch:[49/300]	 loss=189.17461	 acc=96.278
[2023-01-27 16:35:44,123][cbp1.py][line:182][INFO] Epoch:[49/300]	 Test acc=70.740
[2023-01-27 16:35:44,124][cbp1.py][line:193][INFO] Best Test acc=70.920
[2023-01-27 16:39:18,082][cbp1.py][line:177][INFO] Epoch:[50/300]	 loss=186.15945	 acc=96.426
[2023-01-27 16:39:28,840][cbp1.py][line:182][INFO] Epoch:[50/300]	 Test acc=70.720
[2023-01-27 16:39:28,841][cbp1.py][line:193][INFO] Best Test acc=70.920
[2023-01-27 16:43:03,929][cbp1.py][line:177][INFO] Epoch:[51/300]	 loss=181.87826	 acc=96.630
[2023-01-27 16:43:14,693][cbp1.py][line:182][INFO] Epoch:[51/300]	 Test acc=70.130
[2023-01-27 16:43:14,694][cbp1.py][line:193][INFO] Best Test acc=70.920
[2023-01-27 16:46:50,655][cbp1.py][line:177][INFO] Epoch:[52/300]	 loss=181.52165	 acc=96.572
[2023-01-27 16:47:01,374][cbp1.py][line:182][INFO] Epoch:[52/300]	 Test acc=71.070
[2023-01-27 16:47:01,524][cbp1.py][line:193][INFO] Best Test acc=71.070
[2023-01-27 16:50:38,133][cbp1.py][line:177][INFO] Epoch:[53/300]	 loss=177.52041	 acc=96.928
[2023-01-27 16:50:48,880][cbp1.py][line:182][INFO] Epoch:[53/300]	 Test acc=70.270
[2023-01-27 16:50:48,881][cbp1.py][line:193][INFO] Best Test acc=71.070
[2023-01-27 16:54:25,985][cbp1.py][line:177][INFO] Epoch:[54/300]	 loss=171.40681	 acc=97.130
[2023-01-27 16:54:36,744][cbp1.py][line:182][INFO] Epoch:[54/300]	 Test acc=71.170
[2023-01-27 16:54:36,893][cbp1.py][line:193][INFO] Best Test acc=71.170
[2023-01-27 16:58:15,406][cbp1.py][line:177][INFO] Epoch:[55/300]	 loss=170.63561	 acc=97.062
[2023-01-27 16:58:26,158][cbp1.py][line:182][INFO] Epoch:[55/300]	 Test acc=71.300
[2023-01-27 16:58:26,310][cbp1.py][line:193][INFO] Best Test acc=71.300
[2023-01-27 17:02:05,492][cbp1.py][line:177][INFO] Epoch:[56/300]	 loss=167.58007	 acc=97.276
[2023-01-27 17:02:16,186][cbp1.py][line:182][INFO] Epoch:[56/300]	 Test acc=71.170
[2023-01-27 17:02:16,186][cbp1.py][line:193][INFO] Best Test acc=71.300
[2023-01-27 17:05:55,779][cbp1.py][line:177][INFO] Epoch:[57/300]	 loss=164.89193	 acc=97.372
[2023-01-27 17:06:06,467][cbp1.py][line:182][INFO] Epoch:[57/300]	 Test acc=70.690
[2023-01-27 17:06:06,467][cbp1.py][line:193][INFO] Best Test acc=71.300
[2023-01-27 17:09:46,336][cbp1.py][line:177][INFO] Epoch:[58/300]	 loss=160.91402	 acc=97.616
[2023-01-27 17:09:56,973][cbp1.py][line:182][INFO] Epoch:[58/300]	 Test acc=71.400
[2023-01-27 17:09:57,123][cbp1.py][line:193][INFO] Best Test acc=71.400
[2023-01-27 17:13:38,479][cbp1.py][line:177][INFO] Epoch:[59/300]	 loss=155.72547	 acc=97.884
[2023-01-27 17:13:49,193][cbp1.py][line:182][INFO] Epoch:[59/300]	 Test acc=70.940
[2023-01-27 17:13:49,193][cbp1.py][line:193][INFO] Best Test acc=71.400
[2023-01-27 17:17:31,285][cbp1.py][line:177][INFO] Epoch:[60/300]	 loss=155.84643	 acc=97.744
[2023-01-27 17:17:42,012][cbp1.py][line:182][INFO] Epoch:[60/300]	 Test acc=71.110
[2023-01-27 17:17:42,012][cbp1.py][line:193][INFO] Best Test acc=71.400
[2023-01-27 17:21:24,861][cbp1.py][line:177][INFO] Epoch:[61/300]	 loss=152.14058	 acc=97.978
[2023-01-27 17:21:35,527][cbp1.py][line:182][INFO] Epoch:[61/300]	 Test acc=71.120
[2023-01-27 17:21:35,527][cbp1.py][line:193][INFO] Best Test acc=71.400
[2023-01-27 17:25:19,043][cbp1.py][line:177][INFO] Epoch:[62/300]	 loss=148.83344	 acc=98.096
[2023-01-27 17:25:29,817][cbp1.py][line:182][INFO] Epoch:[62/300]	 Test acc=71.470
[2023-01-27 17:25:29,968][cbp1.py][line:193][INFO] Best Test acc=71.470
[2023-01-27 17:29:14,212][cbp1.py][line:177][INFO] Epoch:[63/300]	 loss=146.25000	 acc=98.226
[2023-01-27 17:29:25,000][cbp1.py][line:182][INFO] Epoch:[63/300]	 Test acc=72.080
[2023-01-27 17:29:25,146][cbp1.py][line:193][INFO] Best Test acc=72.080
[2023-01-27 17:33:10,380][cbp1.py][line:177][INFO] Epoch:[64/300]	 loss=147.07755	 acc=98.092
[2023-01-27 17:33:21,125][cbp1.py][line:182][INFO] Epoch:[64/300]	 Test acc=70.900
[2023-01-27 17:33:21,125][cbp1.py][line:193][INFO] Best Test acc=72.080
[2023-01-27 17:37:07,106][cbp1.py][line:177][INFO] Epoch:[65/300]	 loss=145.66228	 acc=98.184
[2023-01-27 17:37:17,867][cbp1.py][line:182][INFO] Epoch:[65/300]	 Test acc=71.620
[2023-01-27 17:37:17,867][cbp1.py][line:193][INFO] Best Test acc=72.080
[2023-01-27 17:41:04,675][cbp1.py][line:177][INFO] Epoch:[66/300]	 loss=141.62605	 acc=98.364
[2023-01-27 17:41:15,459][cbp1.py][line:182][INFO] Epoch:[66/300]	 Test acc=70.860
[2023-01-27 17:41:15,459][cbp1.py][line:193][INFO] Best Test acc=72.080
[2023-01-27 17:45:03,174][cbp1.py][line:177][INFO] Epoch:[67/300]	 loss=141.22392	 acc=98.364
[2023-01-27 17:45:13,903][cbp1.py][line:182][INFO] Epoch:[67/300]	 Test acc=71.450
[2023-01-27 17:45:13,903][cbp1.py][line:193][INFO] Best Test acc=72.080
[2023-01-27 17:49:02,382][cbp1.py][line:177][INFO] Epoch:[68/300]	 loss=139.30464	 acc=98.448
[2023-01-27 17:49:13,159][cbp1.py][line:182][INFO] Epoch:[68/300]	 Test acc=71.410
[2023-01-27 17:49:13,160][cbp1.py][line:193][INFO] Best Test acc=72.080
[2023-01-27 17:53:02,623][cbp1.py][line:177][INFO] Epoch:[69/300]	 loss=136.46595	 acc=98.486
[2023-01-27 17:53:13,300][cbp1.py][line:182][INFO] Epoch:[69/300]	 Test acc=71.470
[2023-01-27 17:53:13,300][cbp1.py][line:193][INFO] Best Test acc=72.080
[2023-01-27 17:57:03,234][cbp1.py][line:177][INFO] Epoch:[70/300]	 loss=133.42528	 acc=98.604
[2023-01-27 17:57:13,921][cbp1.py][line:182][INFO] Epoch:[70/300]	 Test acc=71.750
[2023-01-27 17:57:13,921][cbp1.py][line:193][INFO] Best Test acc=72.080
[2023-01-27 18:01:05,179][cbp1.py][line:177][INFO] Epoch:[71/300]	 loss=129.70152	 acc=98.792
[2023-01-27 18:01:15,908][cbp1.py][line:182][INFO] Epoch:[71/300]	 Test acc=72.150
[2023-01-27 18:01:16,057][cbp1.py][line:193][INFO] Best Test acc=72.150
[2023-01-27 18:05:07,596][cbp1.py][line:177][INFO] Epoch:[72/300]	 loss=129.85260	 acc=98.676
[2023-01-27 18:05:18,365][cbp1.py][line:182][INFO] Epoch:[72/300]	 Test acc=71.280
[2023-01-27 18:05:18,366][cbp1.py][line:193][INFO] Best Test acc=72.150
[2023-01-27 18:09:11,179][cbp1.py][line:177][INFO] Epoch:[73/300]	 loss=127.90074	 acc=98.788
[2023-01-27 18:09:21,936][cbp1.py][line:182][INFO] Epoch:[73/300]	 Test acc=71.040
[2023-01-27 18:09:21,936][cbp1.py][line:193][INFO] Best Test acc=72.150
[2023-01-27 18:13:15,158][cbp1.py][line:177][INFO] Epoch:[74/300]	 loss=129.16375	 acc=98.646
[2023-01-27 18:13:25,950][cbp1.py][line:182][INFO] Epoch:[74/300]	 Test acc=71.380
[2023-01-27 18:13:25,950][cbp1.py][line:193][INFO] Best Test acc=72.150
[2023-01-27 18:17:19,983][cbp1.py][line:177][INFO] Epoch:[75/300]	 loss=125.76955	 acc=98.774
[2023-01-27 18:17:30,715][cbp1.py][line:182][INFO] Epoch:[75/300]	 Test acc=71.450
[2023-01-27 18:17:30,716][cbp1.py][line:193][INFO] Best Test acc=72.150
[2023-01-27 18:21:25,624][cbp1.py][line:177][INFO] Epoch:[76/300]	 loss=121.78630	 acc=98.956
[2023-01-27 18:21:36,352][cbp1.py][line:182][INFO] Epoch:[76/300]	 Test acc=71.430
[2023-01-27 18:21:36,352][cbp1.py][line:193][INFO] Best Test acc=72.150
[2023-01-27 18:25:32,036][cbp1.py][line:177][INFO] Epoch:[77/300]	 loss=122.51047	 acc=98.904
[2023-01-27 18:25:42,770][cbp1.py][line:182][INFO] Epoch:[77/300]	 Test acc=71.640
[2023-01-27 18:25:42,771][cbp1.py][line:193][INFO] Best Test acc=72.150
[2023-01-27 18:29:38,958][cbp1.py][line:177][INFO] Epoch:[78/300]	 loss=119.14487	 acc=99.050
[2023-01-27 18:29:49,680][cbp1.py][line:182][INFO] Epoch:[78/300]	 Test acc=71.300
[2023-01-27 18:29:49,680][cbp1.py][line:193][INFO] Best Test acc=72.150
[2023-01-27 18:33:46,516][cbp1.py][line:177][INFO] Epoch:[79/300]	 loss=118.92455	 acc=98.968
[2023-01-27 18:33:57,216][cbp1.py][line:182][INFO] Epoch:[79/300]	 Test acc=71.470
[2023-01-27 18:33:57,216][cbp1.py][line:193][INFO] Best Test acc=72.150
[2023-01-27 18:37:55,167][cbp1.py][line:177][INFO] Epoch:[80/300]	 loss=115.84360	 acc=99.074
[2023-01-27 18:38:05,881][cbp1.py][line:182][INFO] Epoch:[80/300]	 Test acc=71.410
[2023-01-27 18:38:05,881][cbp1.py][line:193][INFO] Best Test acc=72.150
[2023-01-27 18:42:04,606][cbp1.py][line:177][INFO] Epoch:[81/300]	 loss=115.82450	 acc=99.088
[2023-01-27 18:42:15,309][cbp1.py][line:182][INFO] Epoch:[81/300]	 Test acc=71.420
[2023-01-27 18:42:15,309][cbp1.py][line:193][INFO] Best Test acc=72.150
[2023-01-27 18:46:14,381][cbp1.py][line:177][INFO] Epoch:[82/300]	 loss=114.90980	 acc=99.118
[2023-01-27 18:46:25,054][cbp1.py][line:182][INFO] Epoch:[82/300]	 Test acc=71.910
[2023-01-27 18:46:25,054][cbp1.py][line:193][INFO] Best Test acc=72.150
[2023-01-27 18:50:25,744][cbp1.py][line:177][INFO] Epoch:[83/300]	 loss=113.69599	 acc=99.136
[2023-01-27 18:50:36,497][cbp1.py][line:182][INFO] Epoch:[83/300]	 Test acc=72.470
[2023-01-27 18:50:36,656][cbp1.py][line:193][INFO] Best Test acc=72.470
[2023-01-27 18:54:37,750][cbp1.py][line:177][INFO] Epoch:[84/300]	 loss=110.32429	 acc=99.236
[2023-01-27 18:54:48,512][cbp1.py][line:182][INFO] Epoch:[84/300]	 Test acc=71.760
[2023-01-27 18:54:48,512][cbp1.py][line:193][INFO] Best Test acc=72.470
[2023-01-27 18:58:50,221][cbp1.py][line:177][INFO] Epoch:[85/300]	 loss=113.00347	 acc=99.106
[2023-01-27 18:59:00,929][cbp1.py][line:182][INFO] Epoch:[85/300]	 Test acc=71.920
[2023-01-27 18:59:00,930][cbp1.py][line:193][INFO] Best Test acc=72.470
[2023-01-27 19:03:03,718][cbp1.py][line:177][INFO] Epoch:[86/300]	 loss=107.16682	 acc=99.326
[2023-01-27 19:03:14,484][cbp1.py][line:182][INFO] Epoch:[86/300]	 Test acc=72.380
[2023-01-27 19:03:14,485][cbp1.py][line:193][INFO] Best Test acc=72.470
[2023-01-27 19:07:18,210][cbp1.py][line:177][INFO] Epoch:[87/300]	 loss=106.06897	 acc=99.324
[2023-01-27 19:07:28,967][cbp1.py][line:182][INFO] Epoch:[87/300]	 Test acc=72.040
[2023-01-27 19:07:28,968][cbp1.py][line:193][INFO] Best Test acc=72.470
[2023-01-27 19:11:33,582][cbp1.py][line:177][INFO] Epoch:[88/300]	 loss=105.79754	 acc=99.314
[2023-01-27 19:11:44,386][cbp1.py][line:182][INFO] Epoch:[88/300]	 Test acc=71.790
[2023-01-27 19:11:44,386][cbp1.py][line:193][INFO] Best Test acc=72.470
[2023-01-27 19:15:49,564][cbp1.py][line:177][INFO] Epoch:[89/300]	 loss=102.04644	 acc=99.446
[2023-01-27 19:16:00,343][cbp1.py][line:182][INFO] Epoch:[89/300]	 Test acc=72.270
[2023-01-27 19:16:00,343][cbp1.py][line:193][INFO] Best Test acc=72.470
[2023-01-27 19:20:06,158][cbp1.py][line:177][INFO] Epoch:[90/300]	 loss=104.37904	 acc=99.322
[2023-01-27 19:20:16,931][cbp1.py][line:182][INFO] Epoch:[90/300]	 Test acc=71.700
[2023-01-27 19:20:16,931][cbp1.py][line:193][INFO] Best Test acc=72.470
[2023-01-27 19:24:23,878][cbp1.py][line:177][INFO] Epoch:[91/300]	 loss=103.39501	 acc=99.296
[2023-01-27 19:24:34,644][cbp1.py][line:182][INFO] Epoch:[91/300]	 Test acc=72.460
[2023-01-27 19:24:34,644][cbp1.py][line:193][INFO] Best Test acc=72.470
[2023-01-27 19:28:42,265][cbp1.py][line:177][INFO] Epoch:[92/300]	 loss=101.86093	 acc=99.324
[2023-01-27 19:28:52,999][cbp1.py][line:182][INFO] Epoch:[92/300]	 Test acc=72.020
[2023-01-27 19:28:52,999][cbp1.py][line:193][INFO] Best Test acc=72.470
[2023-01-27 19:33:01,098][cbp1.py][line:177][INFO] Epoch:[93/300]	 loss=99.53827	 acc=99.398
[2023-01-27 19:33:11,851][cbp1.py][line:182][INFO] Epoch:[93/300]	 Test acc=72.700
[2023-01-27 19:33:12,014][cbp1.py][line:193][INFO] Best Test acc=72.700
[2023-01-27 19:37:21,694][cbp1.py][line:177][INFO] Epoch:[94/300]	 loss=96.86246	 acc=99.516
[2023-01-27 19:37:32,413][cbp1.py][line:182][INFO] Epoch:[94/300]	 Test acc=72.370
[2023-01-27 19:37:32,413][cbp1.py][line:193][INFO] Best Test acc=72.700
[2023-01-27 19:41:42,948][cbp1.py][line:177][INFO] Epoch:[95/300]	 loss=96.51118	 acc=99.514
[2023-01-27 19:41:53,644][cbp1.py][line:182][INFO] Epoch:[95/300]	 Test acc=72.410
[2023-01-27 19:41:53,644][cbp1.py][line:193][INFO] Best Test acc=72.700
[2023-01-27 19:46:04,397][cbp1.py][line:177][INFO] Epoch:[96/300]	 loss=95.69049	 acc=99.468
[2023-01-27 19:46:15,089][cbp1.py][line:182][INFO] Epoch:[96/300]	 Test acc=72.190
[2023-01-27 19:46:15,089][cbp1.py][line:193][INFO] Best Test acc=72.700
[2023-01-27 19:50:26,005][cbp1.py][line:177][INFO] Epoch:[97/300]	 loss=95.61596	 acc=99.476
[2023-01-27 19:50:36,759][cbp1.py][line:182][INFO] Epoch:[97/300]	 Test acc=72.210
[2023-01-27 19:50:36,759][cbp1.py][line:193][INFO] Best Test acc=72.700
[2023-01-27 19:54:49,057][cbp1.py][line:177][INFO] Epoch:[98/300]	 loss=93.24502	 acc=99.516
[2023-01-27 19:54:59,813][cbp1.py][line:182][INFO] Epoch:[98/300]	 Test acc=72.580
[2023-01-27 19:54:59,814][cbp1.py][line:193][INFO] Best Test acc=72.700
[2023-01-27 19:59:12,641][cbp1.py][line:177][INFO] Epoch:[99/300]	 loss=92.10100	 acc=99.516
[2023-01-27 19:59:23,338][cbp1.py][line:182][INFO] Epoch:[99/300]	 Test acc=72.010
[2023-01-27 19:59:23,338][cbp1.py][line:193][INFO] Best Test acc=72.700
[2023-01-27 20:03:36,829][cbp1.py][line:177][INFO] Epoch:[100/300]	 loss=92.86969	 acc=99.476
[2023-01-27 20:03:47,530][cbp1.py][line:182][INFO] Epoch:[100/300]	 Test acc=72.350
[2023-01-27 20:03:47,530][cbp1.py][line:193][INFO] Best Test acc=72.700
[2023-01-27 20:08:02,040][cbp1.py][line:177][INFO] Epoch:[101/300]	 loss=91.38641	 acc=99.554
[2023-01-27 20:08:12,748][cbp1.py][line:182][INFO] Epoch:[101/300]	 Test acc=72.980
[2023-01-27 20:08:12,894][cbp1.py][line:193][INFO] Best Test acc=72.980
[2023-01-27 20:12:27,205][cbp1.py][line:177][INFO] Epoch:[102/300]	 loss=90.14995	 acc=99.558
[2023-01-27 20:12:37,908][cbp1.py][line:182][INFO] Epoch:[102/300]	 Test acc=72.530
[2023-01-27 20:12:37,908][cbp1.py][line:193][INFO] Best Test acc=72.980
[2023-01-27 20:16:54,264][cbp1.py][line:177][INFO] Epoch:[103/300]	 loss=87.26640	 acc=99.612
[2023-01-27 20:17:05,021][cbp1.py][line:182][INFO] Epoch:[103/300]	 Test acc=73.030
[2023-01-27 20:17:05,167][cbp1.py][line:193][INFO] Best Test acc=73.030
[2023-01-27 20:21:21,827][cbp1.py][line:177][INFO] Epoch:[104/300]	 loss=85.91401	 acc=99.642
[2023-01-27 20:21:32,580][cbp1.py][line:182][INFO] Epoch:[104/300]	 Test acc=72.980
[2023-01-27 20:21:32,580][cbp1.py][line:193][INFO] Best Test acc=73.030
[2023-01-27 20:25:50,645][cbp1.py][line:177][INFO] Epoch:[105/300]	 loss=86.77964	 acc=99.580
[2023-01-27 20:26:01,372][cbp1.py][line:182][INFO] Epoch:[105/300]	 Test acc=72.470
[2023-01-27 20:26:01,372][cbp1.py][line:193][INFO] Best Test acc=73.030
[2023-01-27 20:30:19,594][cbp1.py][line:177][INFO] Epoch:[106/300]	 loss=85.09326	 acc=99.642
[2023-01-27 20:30:30,308][cbp1.py][line:182][INFO] Epoch:[106/300]	 Test acc=71.880
[2023-01-27 20:30:30,308][cbp1.py][line:193][INFO] Best Test acc=73.030
[2023-01-27 20:34:51,004][cbp1.py][line:177][INFO] Epoch:[107/300]	 loss=84.54736	 acc=99.642
[2023-01-27 20:35:01,720][cbp1.py][line:182][INFO] Epoch:[107/300]	 Test acc=72.510
[2023-01-27 20:35:01,720][cbp1.py][line:193][INFO] Best Test acc=73.030
[2023-01-27 20:39:24,072][cbp1.py][line:177][INFO] Epoch:[108/300]	 loss=84.48872	 acc=99.588
[2023-01-27 20:39:34,813][cbp1.py][line:182][INFO] Epoch:[108/300]	 Test acc=72.590
[2023-01-27 20:39:34,813][cbp1.py][line:193][INFO] Best Test acc=73.030
[2023-01-27 20:43:57,048][cbp1.py][line:177][INFO] Epoch:[109/300]	 loss=81.32900	 acc=99.720
[2023-01-27 20:44:07,742][cbp1.py][line:182][INFO] Epoch:[109/300]	 Test acc=72.350
[2023-01-27 20:44:07,742][cbp1.py][line:193][INFO] Best Test acc=73.030
[2023-01-27 20:48:31,587][cbp1.py][line:177][INFO] Epoch:[110/300]	 loss=81.24910	 acc=99.684
[2023-01-27 20:48:42,337][cbp1.py][line:182][INFO] Epoch:[110/300]	 Test acc=73.140
[2023-01-27 20:48:42,516][cbp1.py][line:193][INFO] Best Test acc=73.140
[2023-01-27 20:53:07,310][cbp1.py][line:177][INFO] Epoch:[111/300]	 loss=79.45706	 acc=99.736
[2023-01-27 20:53:18,131][cbp1.py][line:182][INFO] Epoch:[111/300]	 Test acc=72.810
[2023-01-27 20:53:18,131][cbp1.py][line:193][INFO] Best Test acc=73.140
[2023-01-27 20:57:42,843][cbp1.py][line:177][INFO] Epoch:[112/300]	 loss=78.12815	 acc=99.710
[2023-01-27 20:57:53,474][cbp1.py][line:182][INFO] Epoch:[112/300]	 Test acc=72.820
[2023-01-27 20:57:53,474][cbp1.py][line:193][INFO] Best Test acc=73.140
[2023-01-27 21:02:19,517][cbp1.py][line:177][INFO] Epoch:[113/300]	 loss=78.52384	 acc=99.682
[2023-01-27 21:02:30,258][cbp1.py][line:182][INFO] Epoch:[113/300]	 Test acc=72.610
[2023-01-27 21:02:30,259][cbp1.py][line:193][INFO] Best Test acc=73.140
[2023-01-27 21:06:57,130][cbp1.py][line:177][INFO] Epoch:[114/300]	 loss=78.84843	 acc=99.672
[2023-01-27 21:07:07,829][cbp1.py][line:182][INFO] Epoch:[114/300]	 Test acc=73.240
[2023-01-27 21:07:07,981][cbp1.py][line:193][INFO] Best Test acc=73.240
[2023-01-27 21:11:35,574][cbp1.py][line:177][INFO] Epoch:[115/300]	 loss=78.36836	 acc=99.690
[2023-01-27 21:11:46,314][cbp1.py][line:182][INFO] Epoch:[115/300]	 Test acc=72.810
[2023-01-27 21:11:46,314][cbp1.py][line:193][INFO] Best Test acc=73.240
[2023-01-27 21:16:15,351][cbp1.py][line:177][INFO] Epoch:[116/300]	 loss=75.09142	 acc=99.748
[2023-01-27 21:16:26,087][cbp1.py][line:182][INFO] Epoch:[116/300]	 Test acc=72.870
[2023-01-27 21:16:26,087][cbp1.py][line:193][INFO] Best Test acc=73.240
[2023-01-27 21:20:55,742][cbp1.py][line:177][INFO] Epoch:[117/300]	 loss=74.40843	 acc=99.766
[2023-01-27 21:21:06,478][cbp1.py][line:182][INFO] Epoch:[117/300]	 Test acc=72.360
[2023-01-27 21:21:06,478][cbp1.py][line:193][INFO] Best Test acc=73.240
[2023-01-27 21:25:36,229][cbp1.py][line:177][INFO] Epoch:[118/300]	 loss=74.51887	 acc=99.694
[2023-01-27 21:25:46,969][cbp1.py][line:182][INFO] Epoch:[118/300]	 Test acc=72.200
[2023-01-27 21:25:46,969][cbp1.py][line:193][INFO] Best Test acc=73.240
[2023-01-27 21:30:17,636][cbp1.py][line:177][INFO] Epoch:[119/300]	 loss=73.18549	 acc=99.730
[2023-01-27 21:30:28,380][cbp1.py][line:182][INFO] Epoch:[119/300]	 Test acc=72.890
[2023-01-27 21:30:28,380][cbp1.py][line:193][INFO] Best Test acc=73.240
[2023-01-27 21:35:00,116][cbp1.py][line:177][INFO] Epoch:[120/300]	 loss=73.69094	 acc=99.730
[2023-01-27 21:35:10,865][cbp1.py][line:182][INFO] Epoch:[120/300]	 Test acc=72.690
[2023-01-27 21:35:10,865][cbp1.py][line:193][INFO] Best Test acc=73.240
[2023-01-27 21:39:43,223][cbp1.py][line:177][INFO] Epoch:[121/300]	 loss=71.51051	 acc=99.806
[2023-01-27 21:39:53,975][cbp1.py][line:182][INFO] Epoch:[121/300]	 Test acc=72.590
[2023-01-27 21:39:53,975][cbp1.py][line:193][INFO] Best Test acc=73.240
[2023-01-27 21:44:27,720][cbp1.py][line:177][INFO] Epoch:[122/300]	 loss=71.76824	 acc=99.744
[2023-01-27 21:44:38,551][cbp1.py][line:182][INFO] Epoch:[122/300]	 Test acc=73.070
[2023-01-27 21:44:38,551][cbp1.py][line:193][INFO] Best Test acc=73.240
[2023-01-27 21:49:12,404][cbp1.py][line:177][INFO] Epoch:[123/300]	 loss=70.74714	 acc=99.768
[2023-01-27 21:49:23,107][cbp1.py][line:182][INFO] Epoch:[123/300]	 Test acc=73.060
[2023-01-27 21:49:23,107][cbp1.py][line:193][INFO] Best Test acc=73.240
[2023-01-27 21:53:57,963][cbp1.py][line:177][INFO] Epoch:[124/300]	 loss=69.92727	 acc=99.790
[2023-01-27 21:54:09,032][cbp1.py][line:182][INFO] Epoch:[124/300]	 Test acc=72.410
[2023-01-27 21:54:09,032][cbp1.py][line:193][INFO] Best Test acc=73.240
[2023-01-27 21:58:44,533][cbp1.py][line:177][INFO] Epoch:[125/300]	 loss=69.72480	 acc=99.794
[2023-01-27 21:58:55,238][cbp1.py][line:182][INFO] Epoch:[125/300]	 Test acc=72.700
[2023-01-27 21:58:55,238][cbp1.py][line:193][INFO] Best Test acc=73.240
[2023-01-27 22:03:31,725][cbp1.py][line:177][INFO] Epoch:[126/300]	 loss=68.57546	 acc=99.812
[2023-01-27 22:03:42,439][cbp1.py][line:182][INFO] Epoch:[126/300]	 Test acc=72.650
[2023-01-27 22:03:42,439][cbp1.py][line:193][INFO] Best Test acc=73.240
[2023-01-27 22:08:19,221][cbp1.py][line:177][INFO] Epoch:[127/300]	 loss=67.26984	 acc=99.822
[2023-01-27 22:08:29,937][cbp1.py][line:182][INFO] Epoch:[127/300]	 Test acc=72.710
[2023-01-27 22:08:29,938][cbp1.py][line:193][INFO] Best Test acc=73.240
[2023-01-27 22:13:08,429][cbp1.py][line:177][INFO] Epoch:[128/300]	 loss=68.27097	 acc=99.752
[2023-01-27 22:13:19,180][cbp1.py][line:182][INFO] Epoch:[128/300]	 Test acc=73.280
[2023-01-27 22:13:19,311][cbp1.py][line:193][INFO] Best Test acc=73.280
[2023-01-27 22:17:58,398][cbp1.py][line:177][INFO] Epoch:[129/300]	 loss=66.27326	 acc=99.822
[2023-01-27 22:18:09,124][cbp1.py][line:182][INFO] Epoch:[129/300]	 Test acc=73.330
[2023-01-27 22:18:09,271][cbp1.py][line:193][INFO] Best Test acc=73.330
[2023-01-27 22:22:48,525][cbp1.py][line:177][INFO] Epoch:[130/300]	 loss=66.23537	 acc=99.826
[2023-01-27 22:22:59,248][cbp1.py][line:182][INFO] Epoch:[130/300]	 Test acc=73.280
[2023-01-27 22:22:59,248][cbp1.py][line:193][INFO] Best Test acc=73.330
[2023-01-27 22:27:39,740][cbp1.py][line:177][INFO] Epoch:[131/300]	 loss=65.08453	 acc=99.834
[2023-01-27 22:27:50,513][cbp1.py][line:182][INFO] Epoch:[131/300]	 Test acc=72.900
[2023-01-27 22:27:50,513][cbp1.py][line:193][INFO] Best Test acc=73.330
[2023-01-27 22:32:31,625][cbp1.py][line:177][INFO] Epoch:[132/300]	 loss=65.76090	 acc=99.794
[2023-01-27 22:32:42,363][cbp1.py][line:182][INFO] Epoch:[132/300]	 Test acc=72.740
[2023-01-27 22:32:42,363][cbp1.py][line:193][INFO] Best Test acc=73.330
[2023-01-27 22:37:24,221][cbp1.py][line:177][INFO] Epoch:[133/300]	 loss=65.48935	 acc=99.814
[2023-01-27 22:37:34,933][cbp1.py][line:182][INFO] Epoch:[133/300]	 Test acc=71.980
[2023-01-27 22:37:34,933][cbp1.py][line:193][INFO] Best Test acc=73.330
[2023-01-27 22:42:17,627][cbp1.py][line:177][INFO] Epoch:[134/300]	 loss=65.25958	 acc=99.782
[2023-01-27 22:42:28,412][cbp1.py][line:182][INFO] Epoch:[134/300]	 Test acc=73.250
[2023-01-27 22:42:28,412][cbp1.py][line:193][INFO] Best Test acc=73.330
[2023-01-27 22:47:11,449][cbp1.py][line:177][INFO] Epoch:[135/300]	 loss=62.92490	 acc=99.848
[2023-01-27 22:47:22,210][cbp1.py][line:182][INFO] Epoch:[135/300]	 Test acc=72.780
[2023-01-27 22:47:22,210][cbp1.py][line:193][INFO] Best Test acc=73.330
[2023-01-27 22:52:06,937][cbp1.py][line:177][INFO] Epoch:[136/300]	 loss=62.84761	 acc=99.800
[2023-01-27 22:52:17,631][cbp1.py][line:182][INFO] Epoch:[136/300]	 Test acc=73.060
[2023-01-27 22:52:17,631][cbp1.py][line:193][INFO] Best Test acc=73.330
[2023-01-27 22:57:02,506][cbp1.py][line:177][INFO] Epoch:[137/300]	 loss=60.81113	 acc=99.874
[2023-01-27 22:57:13,226][cbp1.py][line:182][INFO] Epoch:[137/300]	 Test acc=73.380
[2023-01-27 22:57:13,372][cbp1.py][line:193][INFO] Best Test acc=73.380
[2023-01-27 23:01:59,648][cbp1.py][line:177][INFO] Epoch:[138/300]	 loss=61.68150	 acc=99.852
[2023-01-27 23:02:10,391][cbp1.py][line:182][INFO] Epoch:[138/300]	 Test acc=72.850
[2023-01-27 23:02:10,391][cbp1.py][line:193][INFO] Best Test acc=73.380
[2023-01-27 23:06:58,520][cbp1.py][line:177][INFO] Epoch:[139/300]	 loss=60.36781	 acc=99.868
[2023-01-27 23:07:09,263][cbp1.py][line:182][INFO] Epoch:[139/300]	 Test acc=72.900
[2023-01-27 23:07:09,263][cbp1.py][line:193][INFO] Best Test acc=73.380
[2023-01-27 23:11:56,619][cbp1.py][line:177][INFO] Epoch:[140/300]	 loss=60.22240	 acc=99.850
[2023-01-27 23:12:07,355][cbp1.py][line:182][INFO] Epoch:[140/300]	 Test acc=73.490
[2023-01-27 23:12:07,513][cbp1.py][line:193][INFO] Best Test acc=73.490
[2023-01-27 23:16:55,795][cbp1.py][line:177][INFO] Epoch:[141/300]	 loss=60.25822	 acc=99.844
[2023-01-27 23:17:06,541][cbp1.py][line:182][INFO] Epoch:[141/300]	 Test acc=73.200
[2023-01-27 23:17:06,542][cbp1.py][line:193][INFO] Best Test acc=73.490
[2023-01-27 23:21:55,754][cbp1.py][line:177][INFO] Epoch:[142/300]	 loss=60.12690	 acc=99.838
[2023-01-27 23:22:06,481][cbp1.py][line:182][INFO] Epoch:[142/300]	 Test acc=73.480
[2023-01-27 23:22:06,481][cbp1.py][line:193][INFO] Best Test acc=73.490
[2023-01-27 23:26:55,678][cbp1.py][line:177][INFO] Epoch:[143/300]	 loss=59.42800	 acc=99.854
[2023-01-27 23:27:06,389][cbp1.py][line:182][INFO] Epoch:[143/300]	 Test acc=73.380
[2023-01-27 23:27:06,390][cbp1.py][line:193][INFO] Best Test acc=73.490
[2023-01-27 23:31:56,887][cbp1.py][line:177][INFO] Epoch:[144/300]	 loss=57.97929	 acc=99.884
[2023-01-27 23:32:07,612][cbp1.py][line:182][INFO] Epoch:[144/300]	 Test acc=72.890
[2023-01-27 23:32:07,612][cbp1.py][line:193][INFO] Best Test acc=73.490
[2023-01-27 23:36:59,665][cbp1.py][line:177][INFO] Epoch:[145/300]	 loss=57.50377	 acc=99.876
[2023-01-27 23:37:10,353][cbp1.py][line:182][INFO] Epoch:[145/300]	 Test acc=73.890
[2023-01-27 23:37:10,504][cbp1.py][line:193][INFO] Best Test acc=73.890
[2023-01-27 23:42:03,239][cbp1.py][line:177][INFO] Epoch:[146/300]	 loss=57.24012	 acc=99.894
[2023-01-27 23:42:13,952][cbp1.py][line:182][INFO] Epoch:[146/300]	 Test acc=73.590
[2023-01-27 23:42:13,953][cbp1.py][line:193][INFO] Best Test acc=73.890
[2023-01-27 23:47:06,421][cbp1.py][line:177][INFO] Epoch:[147/300]	 loss=57.81989	 acc=99.872
[2023-01-27 23:47:17,116][cbp1.py][line:182][INFO] Epoch:[147/300]	 Test acc=73.440
[2023-01-27 23:47:17,116][cbp1.py][line:193][INFO] Best Test acc=73.890
[2023-01-27 23:52:11,162][cbp1.py][line:177][INFO] Epoch:[148/300]	 loss=56.13095	 acc=99.892
[2023-01-27 23:52:21,833][cbp1.py][line:182][INFO] Epoch:[148/300]	 Test acc=73.170
[2023-01-27 23:52:21,833][cbp1.py][line:193][INFO] Best Test acc=73.890
[2023-01-27 23:57:16,467][cbp1.py][line:177][INFO] Epoch:[149/300]	 loss=55.42707	 acc=99.878
[2023-01-27 23:57:27,193][cbp1.py][line:182][INFO] Epoch:[149/300]	 Test acc=73.180
[2023-01-27 23:57:27,193][cbp1.py][line:193][INFO] Best Test acc=73.890
[2023-01-28 00:02:22,369][cbp1.py][line:177][INFO] Epoch:[150/300]	 loss=55.10139	 acc=99.900
[2023-01-28 00:02:33,078][cbp1.py][line:182][INFO] Epoch:[150/300]	 Test acc=73.430
[2023-01-28 00:02:33,079][cbp1.py][line:193][INFO] Best Test acc=73.890
[2023-01-28 00:07:29,800][cbp1.py][line:177][INFO] Epoch:[151/300]	 loss=54.88086	 acc=99.902
[2023-01-28 00:07:40,538][cbp1.py][line:182][INFO] Epoch:[151/300]	 Test acc=73.140
[2023-01-28 00:07:40,538][cbp1.py][line:193][INFO] Best Test acc=73.890
[2023-01-28 00:12:37,366][cbp1.py][line:177][INFO] Epoch:[152/300]	 loss=54.71543	 acc=99.862
[2023-01-28 00:12:48,139][cbp1.py][line:182][INFO] Epoch:[152/300]	 Test acc=73.910
[2023-01-28 00:12:48,287][cbp1.py][line:193][INFO] Best Test acc=73.910
[2023-01-28 00:17:46,747][cbp1.py][line:177][INFO] Epoch:[153/300]	 loss=54.21709	 acc=99.906
[2023-01-28 00:17:57,508][cbp1.py][line:182][INFO] Epoch:[153/300]	 Test acc=73.530
[2023-01-28 00:17:57,508][cbp1.py][line:193][INFO] Best Test acc=73.910
[2023-01-28 00:22:57,260][cbp1.py][line:177][INFO] Epoch:[154/300]	 loss=55.26178	 acc=99.868
[2023-01-28 00:23:08,030][cbp1.py][line:182][INFO] Epoch:[154/300]	 Test acc=73.760
[2023-01-28 00:23:08,031][cbp1.py][line:193][INFO] Best Test acc=73.910
[2023-01-28 00:28:06,927][cbp1.py][line:177][INFO] Epoch:[155/300]	 loss=53.92568	 acc=99.906
[2023-01-28 00:28:17,645][cbp1.py][line:182][INFO] Epoch:[155/300]	 Test acc=73.230
[2023-01-28 00:28:17,646][cbp1.py][line:193][INFO] Best Test acc=73.910
[2023-01-28 00:33:18,499][cbp1.py][line:177][INFO] Epoch:[156/300]	 loss=52.60470	 acc=99.926
[2023-01-28 00:33:29,160][cbp1.py][line:182][INFO] Epoch:[156/300]	 Test acc=73.720
[2023-01-28 00:33:29,160][cbp1.py][line:193][INFO] Best Test acc=73.910
[2023-01-28 00:38:30,529][cbp1.py][line:177][INFO] Epoch:[157/300]	 loss=53.05565	 acc=99.886
[2023-01-28 00:38:41,279][cbp1.py][line:182][INFO] Epoch:[157/300]	 Test acc=73.500
[2023-01-28 00:38:41,279][cbp1.py][line:193][INFO] Best Test acc=73.910
[2023-01-28 00:43:42,814][cbp1.py][line:177][INFO] Epoch:[158/300]	 loss=51.96134	 acc=99.900
[2023-01-28 00:43:53,550][cbp1.py][line:182][INFO] Epoch:[158/300]	 Test acc=73.540
[2023-01-28 00:43:53,551][cbp1.py][line:193][INFO] Best Test acc=73.910
[2023-01-28 00:48:56,132][cbp1.py][line:177][INFO] Epoch:[159/300]	 loss=51.81819	 acc=99.894
[2023-01-28 00:49:06,847][cbp1.py][line:182][INFO] Epoch:[159/300]	 Test acc=73.540
[2023-01-28 00:49:06,848][cbp1.py][line:193][INFO] Best Test acc=73.910
[2023-01-28 00:54:10,546][cbp1.py][line:177][INFO] Epoch:[160/300]	 loss=51.43590	 acc=99.936
[2023-01-28 00:54:21,239][cbp1.py][line:182][INFO] Epoch:[160/300]	 Test acc=73.440
[2023-01-28 00:54:21,239][cbp1.py][line:193][INFO] Best Test acc=73.910
[2023-01-28 00:59:25,888][cbp1.py][line:177][INFO] Epoch:[161/300]	 loss=50.88902	 acc=99.920
[2023-01-28 00:59:36,586][cbp1.py][line:182][INFO] Epoch:[161/300]	 Test acc=73.750
[2023-01-28 00:59:36,586][cbp1.py][line:193][INFO] Best Test acc=73.910
[2023-01-28 01:04:41,560][cbp1.py][line:177][INFO] Epoch:[162/300]	 loss=50.27189	 acc=99.912
[2023-01-28 01:04:52,293][cbp1.py][line:182][INFO] Epoch:[162/300]	 Test acc=73.700
[2023-01-28 01:04:52,293][cbp1.py][line:193][INFO] Best Test acc=73.910
[2023-01-28 01:09:59,736][cbp1.py][line:177][INFO] Epoch:[163/300]	 loss=49.94383	 acc=99.920
[2023-01-28 01:10:10,462][cbp1.py][line:182][INFO] Epoch:[163/300]	 Test acc=73.800
[2023-01-28 01:10:10,462][cbp1.py][line:193][INFO] Best Test acc=73.910
[2023-01-28 01:15:17,190][cbp1.py][line:177][INFO] Epoch:[164/300]	 loss=49.46109	 acc=99.938
[2023-01-28 01:15:27,925][cbp1.py][line:182][INFO] Epoch:[164/300]	 Test acc=73.290
[2023-01-28 01:15:27,925][cbp1.py][line:193][INFO] Best Test acc=73.910
[2023-01-28 01:20:35,718][cbp1.py][line:177][INFO] Epoch:[165/300]	 loss=49.05356	 acc=99.922
[2023-01-28 01:20:46,457][cbp1.py][line:182][INFO] Epoch:[165/300]	 Test acc=73.250
[2023-01-28 01:20:46,457][cbp1.py][line:193][INFO] Best Test acc=73.910
[2023-01-28 01:25:54,830][cbp1.py][line:177][INFO] Epoch:[166/300]	 loss=49.87318	 acc=99.912
[2023-01-28 01:26:05,587][cbp1.py][line:182][INFO] Epoch:[166/300]	 Test acc=73.450
[2023-01-28 01:26:05,587][cbp1.py][line:193][INFO] Best Test acc=73.910
[2023-01-28 01:31:14,771][cbp1.py][line:177][INFO] Epoch:[167/300]	 loss=49.36816	 acc=99.916
[2023-01-28 01:31:25,512][cbp1.py][line:182][INFO] Epoch:[167/300]	 Test acc=73.710
[2023-01-28 01:31:25,513][cbp1.py][line:193][INFO] Best Test acc=73.910
[2023-01-28 01:36:36,898][cbp1.py][line:177][INFO] Epoch:[168/300]	 loss=48.03163	 acc=99.928
[2023-01-28 01:36:47,715][cbp1.py][line:182][INFO] Epoch:[168/300]	 Test acc=74.030
[2023-01-28 01:36:47,861][cbp1.py][line:193][INFO] Best Test acc=74.030
[2023-01-28 01:41:59,450][cbp1.py][line:177][INFO] Epoch:[169/300]	 loss=48.12063	 acc=99.936
[2023-01-28 01:42:10,142][cbp1.py][line:182][INFO] Epoch:[169/300]	 Test acc=73.670
[2023-01-28 01:42:10,142][cbp1.py][line:193][INFO] Best Test acc=74.030
[2023-01-28 01:47:21,631][cbp1.py][line:177][INFO] Epoch:[170/300]	 loss=47.47915	 acc=99.934
[2023-01-28 01:47:32,427][cbp1.py][line:182][INFO] Epoch:[170/300]	 Test acc=73.570
[2023-01-28 01:47:32,428][cbp1.py][line:193][INFO] Best Test acc=74.030
[2023-01-28 01:52:45,793][cbp1.py][line:177][INFO] Epoch:[171/300]	 loss=47.02499	 acc=99.920
[2023-01-28 01:52:56,496][cbp1.py][line:182][INFO] Epoch:[171/300]	 Test acc=74.210
[2023-01-28 01:52:56,649][cbp1.py][line:193][INFO] Best Test acc=74.210
[2023-01-28 01:58:10,304][cbp1.py][line:177][INFO] Epoch:[172/300]	 loss=47.89582	 acc=99.922
[2023-01-28 01:58:20,995][cbp1.py][line:182][INFO] Epoch:[172/300]	 Test acc=73.580
[2023-01-28 01:58:20,995][cbp1.py][line:193][INFO] Best Test acc=74.210
[2023-01-28 02:03:35,604][cbp1.py][line:177][INFO] Epoch:[173/300]	 loss=47.10558	 acc=99.924
[2023-01-28 02:03:46,280][cbp1.py][line:182][INFO] Epoch:[173/300]	 Test acc=74.050
[2023-01-28 02:03:46,281][cbp1.py][line:193][INFO] Best Test acc=74.210
[2023-01-28 02:09:01,264][cbp1.py][line:177][INFO] Epoch:[174/300]	 loss=45.64716	 acc=99.954
[2023-01-28 02:09:11,990][cbp1.py][line:182][INFO] Epoch:[174/300]	 Test acc=74.220
[2023-01-28 02:09:12,137][cbp1.py][line:193][INFO] Best Test acc=74.220
[2023-01-28 02:14:27,616][cbp1.py][line:177][INFO] Epoch:[175/300]	 loss=45.84623	 acc=99.948
[2023-01-28 02:14:38,310][cbp1.py][line:182][INFO] Epoch:[175/300]	 Test acc=73.450
[2023-01-28 02:14:38,310][cbp1.py][line:193][INFO] Best Test acc=74.220
[2023-01-28 02:19:56,079][cbp1.py][line:177][INFO] Epoch:[176/300]	 loss=45.53474	 acc=99.950
[2023-01-28 02:20:06,815][cbp1.py][line:182][INFO] Epoch:[176/300]	 Test acc=74.150
[2023-01-28 02:20:06,816][cbp1.py][line:193][INFO] Best Test acc=74.220
[2023-01-28 02:25:24,184][cbp1.py][line:177][INFO] Epoch:[177/300]	 loss=44.70447	 acc=99.958
[2023-01-28 02:25:34,882][cbp1.py][line:182][INFO] Epoch:[177/300]	 Test acc=73.670
[2023-01-28 02:25:34,882][cbp1.py][line:193][INFO] Best Test acc=74.220
[2023-01-28 02:30:53,538][cbp1.py][line:177][INFO] Epoch:[178/300]	 loss=45.55005	 acc=99.942
[2023-01-28 02:31:04,201][cbp1.py][line:182][INFO] Epoch:[178/300]	 Test acc=74.050
[2023-01-28 02:31:04,202][cbp1.py][line:193][INFO] Best Test acc=74.220
[2023-01-28 02:36:23,069][cbp1.py][line:177][INFO] Epoch:[179/300]	 loss=44.57742	 acc=99.952
[2023-01-28 02:36:33,770][cbp1.py][line:182][INFO] Epoch:[179/300]	 Test acc=74.210
[2023-01-28 02:36:33,770][cbp1.py][line:193][INFO] Best Test acc=74.220
[2023-01-28 02:41:53,431][cbp1.py][line:177][INFO] Epoch:[180/300]	 loss=44.88833	 acc=99.948
[2023-01-28 02:42:04,152][cbp1.py][line:182][INFO] Epoch:[180/300]	 Test acc=74.050
[2023-01-28 02:42:04,152][cbp1.py][line:193][INFO] Best Test acc=74.220
[2023-01-28 02:47:24,246][cbp1.py][line:177][INFO] Epoch:[181/300]	 loss=43.93475	 acc=99.966
[2023-01-28 02:47:34,931][cbp1.py][line:182][INFO] Epoch:[181/300]	 Test acc=74.130
[2023-01-28 02:47:34,931][cbp1.py][line:193][INFO] Best Test acc=74.220
[2023-01-28 02:52:56,593][cbp1.py][line:177][INFO] Epoch:[182/300]	 loss=43.75211	 acc=99.944
[2023-01-28 02:53:07,315][cbp1.py][line:182][INFO] Epoch:[182/300]	 Test acc=74.360
[2023-01-28 02:53:07,477][cbp1.py][line:193][INFO] Best Test acc=74.360
[2023-01-28 02:58:30,259][cbp1.py][line:177][INFO] Epoch:[183/300]	 loss=43.59950	 acc=99.964
[2023-01-28 02:58:40,965][cbp1.py][line:182][INFO] Epoch:[183/300]	 Test acc=73.900
[2023-01-28 02:58:40,965][cbp1.py][line:193][INFO] Best Test acc=74.360
[2023-01-28 03:04:03,805][cbp1.py][line:177][INFO] Epoch:[184/300]	 loss=43.01976	 acc=99.956
[2023-01-28 03:04:14,473][cbp1.py][line:182][INFO] Epoch:[184/300]	 Test acc=74.550
[2023-01-28 03:04:14,635][cbp1.py][line:193][INFO] Best Test acc=74.550
[2023-01-28 03:09:37,738][cbp1.py][line:177][INFO] Epoch:[185/300]	 loss=42.73239	 acc=99.962
[2023-01-28 03:09:48,465][cbp1.py][line:182][INFO] Epoch:[185/300]	 Test acc=74.230
[2023-01-28 03:09:48,465][cbp1.py][line:193][INFO] Best Test acc=74.550
[2023-01-28 03:15:12,934][cbp1.py][line:177][INFO] Epoch:[186/300]	 loss=41.47550	 acc=99.970
[2023-01-28 03:15:23,647][cbp1.py][line:182][INFO] Epoch:[186/300]	 Test acc=73.760
[2023-01-28 03:15:23,647][cbp1.py][line:193][INFO] Best Test acc=74.550
[2023-01-28 03:20:48,447][cbp1.py][line:177][INFO] Epoch:[187/300]	 loss=42.53566	 acc=99.948
[2023-01-28 03:20:59,190][cbp1.py][line:182][INFO] Epoch:[187/300]	 Test acc=74.050
[2023-01-28 03:20:59,190][cbp1.py][line:193][INFO] Best Test acc=74.550
[2023-01-28 03:26:26,214][cbp1.py][line:177][INFO] Epoch:[188/300]	 loss=42.37784	 acc=99.956
[2023-01-28 03:26:36,942][cbp1.py][line:182][INFO] Epoch:[188/300]	 Test acc=74.390
[2023-01-28 03:26:36,942][cbp1.py][line:193][INFO] Best Test acc=74.550
[2023-01-28 03:32:03,790][cbp1.py][line:177][INFO] Epoch:[189/300]	 loss=41.60724	 acc=99.940
[2023-01-28 03:32:14,528][cbp1.py][line:182][INFO] Epoch:[189/300]	 Test acc=73.620
[2023-01-28 03:32:14,528][cbp1.py][line:193][INFO] Best Test acc=74.550
[2023-01-28 03:37:41,707][cbp1.py][line:177][INFO] Epoch:[190/300]	 loss=41.17170	 acc=99.966
[2023-01-28 03:37:52,446][cbp1.py][line:182][INFO] Epoch:[190/300]	 Test acc=74.550
[2023-01-28 03:37:52,446][cbp1.py][line:193][INFO] Best Test acc=74.550
[2023-01-28 03:43:21,262][cbp1.py][line:177][INFO] Epoch:[191/300]	 loss=41.07903	 acc=99.956
[2023-01-28 03:43:32,016][cbp1.py][line:182][INFO] Epoch:[191/300]	 Test acc=74.410
[2023-01-28 03:43:32,016][cbp1.py][line:193][INFO] Best Test acc=74.550
[2023-01-28 03:49:01,801][cbp1.py][line:177][INFO] Epoch:[192/300]	 loss=40.81930	 acc=99.956
[2023-01-28 03:49:12,590][cbp1.py][line:182][INFO] Epoch:[192/300]	 Test acc=74.350
[2023-01-28 03:49:12,591][cbp1.py][line:193][INFO] Best Test acc=74.550
[2023-01-28 03:54:42,142][cbp1.py][line:177][INFO] Epoch:[193/300]	 loss=41.18289	 acc=99.952
[2023-01-28 03:54:52,906][cbp1.py][line:182][INFO] Epoch:[193/300]	 Test acc=74.170
[2023-01-28 03:54:52,906][cbp1.py][line:193][INFO] Best Test acc=74.550
[2023-01-28 04:00:24,744][cbp1.py][line:177][INFO] Epoch:[194/300]	 loss=39.75715	 acc=99.962
[2023-01-28 04:00:35,490][cbp1.py][line:182][INFO] Epoch:[194/300]	 Test acc=74.420
[2023-01-28 04:00:35,490][cbp1.py][line:193][INFO] Best Test acc=74.550
[2023-01-28 04:06:06,427][cbp1.py][line:177][INFO] Epoch:[195/300]	 loss=39.75271	 acc=99.960
[2023-01-28 04:06:17,599][cbp1.py][line:182][INFO] Epoch:[195/300]	 Test acc=73.480
[2023-01-28 04:06:17,599][cbp1.py][line:193][INFO] Best Test acc=74.550
[2023-01-28 04:11:50,032][cbp1.py][line:177][INFO] Epoch:[196/300]	 loss=39.82327	 acc=99.968
[2023-01-28 04:12:00,811][cbp1.py][line:182][INFO] Epoch:[196/300]	 Test acc=74.000
[2023-01-28 04:12:00,812][cbp1.py][line:193][INFO] Best Test acc=74.550
[2023-01-28 04:17:35,463][cbp1.py][line:177][INFO] Epoch:[197/300]	 loss=39.86979	 acc=99.954
[2023-01-28 04:17:46,164][cbp1.py][line:182][INFO] Epoch:[197/300]	 Test acc=73.970
[2023-01-28 04:17:46,164][cbp1.py][line:193][INFO] Best Test acc=74.550
[2023-01-28 04:23:20,776][cbp1.py][line:177][INFO] Epoch:[198/300]	 loss=38.79984	 acc=99.978
[2023-01-28 04:23:31,472][cbp1.py][line:182][INFO] Epoch:[198/300]	 Test acc=74.340
[2023-01-28 04:23:31,472][cbp1.py][line:193][INFO] Best Test acc=74.550
[2023-01-28 04:29:06,969][cbp1.py][line:177][INFO] Epoch:[199/300]	 loss=38.93450	 acc=99.960
[2023-01-28 04:29:17,698][cbp1.py][line:182][INFO] Epoch:[199/300]	 Test acc=74.330
[2023-01-28 04:29:17,698][cbp1.py][line:193][INFO] Best Test acc=74.550
[2023-01-28 04:34:54,325][cbp1.py][line:177][INFO] Epoch:[200/300]	 loss=38.27920	 acc=99.968
[2023-01-28 04:35:05,002][cbp1.py][line:182][INFO] Epoch:[200/300]	 Test acc=74.450
[2023-01-28 04:35:05,002][cbp1.py][line:193][INFO] Best Test acc=74.550
[2023-01-28 04:40:40,782][cbp1.py][line:177][INFO] Epoch:[201/300]	 loss=38.69320	 acc=99.976
[2023-01-28 04:40:51,623][cbp1.py][line:182][INFO] Epoch:[201/300]	 Test acc=74.220
[2023-01-28 04:40:51,624][cbp1.py][line:193][INFO] Best Test acc=74.550
[2023-01-28 04:46:28,455][cbp1.py][line:177][INFO] Epoch:[202/300]	 loss=38.18283	 acc=99.980
[2023-01-28 04:46:39,266][cbp1.py][line:182][INFO] Epoch:[202/300]	 Test acc=74.230
[2023-01-28 04:46:39,266][cbp1.py][line:193][INFO] Best Test acc=74.550
[2023-01-28 04:52:17,263][cbp1.py][line:177][INFO] Epoch:[203/300]	 loss=38.03048	 acc=99.960
[2023-01-28 04:52:28,000][cbp1.py][line:182][INFO] Epoch:[203/300]	 Test acc=74.750
[2023-01-28 04:52:28,157][cbp1.py][line:193][INFO] Best Test acc=74.750
[2023-01-28 04:58:08,384][cbp1.py][line:177][INFO] Epoch:[204/300]	 loss=37.93404	 acc=99.964
[2023-01-28 04:58:19,132][cbp1.py][line:182][INFO] Epoch:[204/300]	 Test acc=74.520
[2023-01-28 04:58:19,132][cbp1.py][line:193][INFO] Best Test acc=74.750
[2023-01-28 05:03:58,375][cbp1.py][line:177][INFO] Epoch:[205/300]	 loss=37.25615	 acc=99.978
[2023-01-28 05:04:09,105][cbp1.py][line:182][INFO] Epoch:[205/300]	 Test acc=74.240
[2023-01-28 05:04:09,105][cbp1.py][line:193][INFO] Best Test acc=74.750
[2023-01-28 05:09:50,111][cbp1.py][line:177][INFO] Epoch:[206/300]	 loss=37.69673	 acc=99.956
[2023-01-28 05:10:00,864][cbp1.py][line:182][INFO] Epoch:[206/300]	 Test acc=74.420
[2023-01-28 05:10:00,864][cbp1.py][line:193][INFO] Best Test acc=74.750
[2023-01-28 05:15:42,904][cbp1.py][line:177][INFO] Epoch:[207/300]	 loss=37.58774	 acc=99.970
[2023-01-28 05:15:53,675][cbp1.py][line:182][INFO] Epoch:[207/300]	 Test acc=74.670
[2023-01-28 05:15:53,675][cbp1.py][line:193][INFO] Best Test acc=74.750
[2023-01-28 05:21:36,392][cbp1.py][line:177][INFO] Epoch:[208/300]	 loss=36.78665	 acc=99.974
[2023-01-28 05:21:47,190][cbp1.py][line:182][INFO] Epoch:[208/300]	 Test acc=74.610
[2023-01-28 05:21:47,190][cbp1.py][line:193][INFO] Best Test acc=74.750
[2023-01-28 05:27:31,214][cbp1.py][line:177][INFO] Epoch:[209/300]	 loss=36.54430	 acc=99.966
[2023-01-28 05:27:41,917][cbp1.py][line:182][INFO] Epoch:[209/300]	 Test acc=74.470
[2023-01-28 05:27:41,917][cbp1.py][line:193][INFO] Best Test acc=74.750
[2023-01-28 05:33:27,178][cbp1.py][line:177][INFO] Epoch:[210/300]	 loss=35.77912	 acc=99.972
[2023-01-28 05:33:37,926][cbp1.py][line:182][INFO] Epoch:[210/300]	 Test acc=74.570
[2023-01-28 05:33:37,927][cbp1.py][line:193][INFO] Best Test acc=74.750
[2023-01-28 05:39:24,475][cbp1.py][line:177][INFO] Epoch:[211/300]	 loss=36.53960	 acc=99.970
[2023-01-28 05:39:35,216][cbp1.py][line:182][INFO] Epoch:[211/300]	 Test acc=74.290
[2023-01-28 05:39:35,216][cbp1.py][line:193][INFO] Best Test acc=74.750
[2023-01-28 05:45:20,620][cbp1.py][line:177][INFO] Epoch:[212/300]	 loss=36.15712	 acc=99.966
[2023-01-28 05:45:31,408][cbp1.py][line:182][INFO] Epoch:[212/300]	 Test acc=74.600
[2023-01-28 05:45:31,408][cbp1.py][line:193][INFO] Best Test acc=74.750
[2023-01-28 05:51:18,620][cbp1.py][line:177][INFO] Epoch:[213/300]	 loss=35.99073	 acc=99.974
[2023-01-28 05:51:29,358][cbp1.py][line:182][INFO] Epoch:[213/300]	 Test acc=74.160
[2023-01-28 05:51:29,359][cbp1.py][line:193][INFO] Best Test acc=74.750
[2023-01-28 05:57:18,022][cbp1.py][line:177][INFO] Epoch:[214/300]	 loss=35.63101	 acc=99.970
[2023-01-28 05:57:28,767][cbp1.py][line:182][INFO] Epoch:[214/300]	 Test acc=74.640
[2023-01-28 05:57:28,768][cbp1.py][line:193][INFO] Best Test acc=74.750
[2023-01-28 06:03:17,630][cbp1.py][line:177][INFO] Epoch:[215/300]	 loss=35.35751	 acc=99.972
[2023-01-28 06:03:28,365][cbp1.py][line:182][INFO] Epoch:[215/300]	 Test acc=74.570
[2023-01-28 06:03:28,365][cbp1.py][line:193][INFO] Best Test acc=74.750
[2023-01-28 06:09:16,890][cbp1.py][line:177][INFO] Epoch:[216/300]	 loss=35.38036	 acc=99.974
[2023-01-28 06:09:27,604][cbp1.py][line:182][INFO] Epoch:[216/300]	 Test acc=74.680
[2023-01-28 06:09:27,604][cbp1.py][line:193][INFO] Best Test acc=74.750
[2023-01-28 06:15:17,834][cbp1.py][line:177][INFO] Epoch:[217/300]	 loss=35.23353	 acc=99.960
[2023-01-28 06:15:28,555][cbp1.py][line:182][INFO] Epoch:[217/300]	 Test acc=74.350
[2023-01-28 06:15:28,555][cbp1.py][line:193][INFO] Best Test acc=74.750
[2023-01-28 06:21:19,374][cbp1.py][line:177][INFO] Epoch:[218/300]	 loss=34.51534	 acc=99.970
[2023-01-28 06:21:30,081][cbp1.py][line:182][INFO] Epoch:[218/300]	 Test acc=74.660
[2023-01-28 06:21:30,081][cbp1.py][line:193][INFO] Best Test acc=74.750
[2023-01-28 06:27:22,018][cbp1.py][line:177][INFO] Epoch:[219/300]	 loss=35.08048	 acc=99.972
[2023-01-28 06:27:32,729][cbp1.py][line:182][INFO] Epoch:[219/300]	 Test acc=74.880
[2023-01-28 06:27:32,878][cbp1.py][line:193][INFO] Best Test acc=74.880
[2023-01-28 06:33:26,145][cbp1.py][line:177][INFO] Epoch:[220/300]	 loss=34.45776	 acc=99.976
[2023-01-28 06:33:36,957][cbp1.py][line:182][INFO] Epoch:[220/300]	 Test acc=74.530
[2023-01-28 06:33:36,957][cbp1.py][line:193][INFO] Best Test acc=74.880
[2023-01-28 06:39:29,233][cbp1.py][line:177][INFO] Epoch:[221/300]	 loss=34.47413	 acc=99.966
[2023-01-28 06:39:39,961][cbp1.py][line:182][INFO] Epoch:[221/300]	 Test acc=74.260
[2023-01-28 06:39:39,961][cbp1.py][line:193][INFO] Best Test acc=74.880
[2023-01-28 06:45:34,748][cbp1.py][line:177][INFO] Epoch:[222/300]	 loss=34.04226	 acc=99.976
[2023-01-28 06:45:45,393][cbp1.py][line:182][INFO] Epoch:[222/300]	 Test acc=74.570
[2023-01-28 06:45:45,393][cbp1.py][line:193][INFO] Best Test acc=74.880
[2023-01-28 06:51:40,438][cbp1.py][line:177][INFO] Epoch:[223/300]	 loss=34.13089	 acc=99.966
[2023-01-28 06:51:51,174][cbp1.py][line:182][INFO] Epoch:[223/300]	 Test acc=74.620
[2023-01-28 06:51:51,175][cbp1.py][line:193][INFO] Best Test acc=74.880
[2023-01-28 06:57:45,788][cbp1.py][line:177][INFO] Epoch:[224/300]	 loss=34.19155	 acc=99.972
[2023-01-28 06:57:56,495][cbp1.py][line:182][INFO] Epoch:[224/300]	 Test acc=74.820
[2023-01-28 06:57:56,496][cbp1.py][line:193][INFO] Best Test acc=74.880
[2023-01-28 07:03:52,918][cbp1.py][line:177][INFO] Epoch:[225/300]	 loss=33.65490	 acc=99.968
[2023-01-28 07:04:03,706][cbp1.py][line:182][INFO] Epoch:[225/300]	 Test acc=74.880
[2023-01-28 07:04:03,707][cbp1.py][line:193][INFO] Best Test acc=74.880
[2023-01-28 07:10:02,097][cbp1.py][line:177][INFO] Epoch:[226/300]	 loss=33.60380	 acc=99.968
[2023-01-28 07:10:12,783][cbp1.py][line:182][INFO] Epoch:[226/300]	 Test acc=74.550
[2023-01-28 07:10:12,783][cbp1.py][line:193][INFO] Best Test acc=74.880
[2023-01-28 07:16:12,139][cbp1.py][line:177][INFO] Epoch:[227/300]	 loss=33.46199	 acc=99.966
[2023-01-28 07:16:22,812][cbp1.py][line:182][INFO] Epoch:[227/300]	 Test acc=74.770
[2023-01-28 07:16:22,812][cbp1.py][line:193][INFO] Best Test acc=74.880
[2023-01-28 07:22:23,139][cbp1.py][line:177][INFO] Epoch:[228/300]	 loss=33.10661	 acc=99.976
[2023-01-28 07:22:33,779][cbp1.py][line:182][INFO] Epoch:[228/300]	 Test acc=75.030
[2023-01-28 07:22:33,980][cbp1.py][line:193][INFO] Best Test acc=75.030
[2023-01-28 07:28:35,197][cbp1.py][line:177][INFO] Epoch:[229/300]	 loss=33.12142	 acc=99.972
[2023-01-28 07:28:45,900][cbp1.py][line:182][INFO] Epoch:[229/300]	 Test acc=74.780
[2023-01-28 07:28:45,901][cbp1.py][line:193][INFO] Best Test acc=75.030
[2023-01-28 07:34:47,812][cbp1.py][line:177][INFO] Epoch:[230/300]	 loss=33.15089	 acc=99.976
[2023-01-28 07:34:58,550][cbp1.py][line:182][INFO] Epoch:[230/300]	 Test acc=74.910
[2023-01-28 07:34:58,550][cbp1.py][line:193][INFO] Best Test acc=75.030
[2023-01-28 07:41:01,346][cbp1.py][line:177][INFO] Epoch:[231/300]	 loss=32.68583	 acc=99.978
[2023-01-28 07:41:12,079][cbp1.py][line:182][INFO] Epoch:[231/300]	 Test acc=74.840
[2023-01-28 07:41:12,079][cbp1.py][line:193][INFO] Best Test acc=75.030
[2023-01-28 07:47:14,233][cbp1.py][line:177][INFO] Epoch:[232/300]	 loss=32.59363	 acc=99.982
[2023-01-28 07:47:24,948][cbp1.py][line:182][INFO] Epoch:[232/300]	 Test acc=74.960
[2023-01-28 07:47:24,949][cbp1.py][line:193][INFO] Best Test acc=75.030
[2023-01-28 07:53:28,446][cbp1.py][line:177][INFO] Epoch:[233/300]	 loss=32.31032	 acc=99.980
[2023-01-28 07:53:39,203][cbp1.py][line:182][INFO] Epoch:[233/300]	 Test acc=74.540
[2023-01-28 07:53:39,203][cbp1.py][line:193][INFO] Best Test acc=75.030
[2023-01-28 07:59:45,890][cbp1.py][line:177][INFO] Epoch:[234/300]	 loss=32.34348	 acc=99.990
[2023-01-28 07:59:56,550][cbp1.py][line:182][INFO] Epoch:[234/300]	 Test acc=74.860
[2023-01-28 07:59:56,550][cbp1.py][line:193][INFO] Best Test acc=75.030
[2023-01-28 08:06:01,328][cbp1.py][line:177][INFO] Epoch:[235/300]	 loss=32.41867	 acc=99.978
[2023-01-28 08:06:12,065][cbp1.py][line:182][INFO] Epoch:[235/300]	 Test acc=74.730
[2023-01-28 08:06:12,065][cbp1.py][line:193][INFO] Best Test acc=75.030
[2023-01-28 08:12:18,933][cbp1.py][line:177][INFO] Epoch:[236/300]	 loss=32.03008	 acc=99.982
[2023-01-28 08:12:29,647][cbp1.py][line:182][INFO] Epoch:[236/300]	 Test acc=74.870
[2023-01-28 08:12:29,647][cbp1.py][line:193][INFO] Best Test acc=75.030
[2023-01-28 08:18:36,336][cbp1.py][line:177][INFO] Epoch:[237/300]	 loss=31.62364	 acc=99.980
[2023-01-28 08:18:47,031][cbp1.py][line:182][INFO] Epoch:[237/300]	 Test acc=74.860
[2023-01-28 08:18:47,031][cbp1.py][line:193][INFO] Best Test acc=75.030
[2023-01-28 08:24:53,859][cbp1.py][line:177][INFO] Epoch:[238/300]	 loss=31.87969	 acc=99.978
[2023-01-28 08:25:04,541][cbp1.py][line:182][INFO] Epoch:[238/300]	 Test acc=74.710
[2023-01-28 08:25:04,542][cbp1.py][line:193][INFO] Best Test acc=75.030
[2023-01-28 08:31:12,147][cbp1.py][line:177][INFO] Epoch:[239/300]	 loss=31.99343	 acc=99.984
[2023-01-28 08:31:22,881][cbp1.py][line:182][INFO] Epoch:[239/300]	 Test acc=74.990
[2023-01-28 08:31:22,881][cbp1.py][line:193][INFO] Best Test acc=75.030
[2023-01-28 08:37:31,320][cbp1.py][line:177][INFO] Epoch:[240/300]	 loss=31.96996	 acc=99.972
[2023-01-28 08:37:42,031][cbp1.py][line:182][INFO] Epoch:[240/300]	 Test acc=74.800
[2023-01-28 08:37:42,031][cbp1.py][line:193][INFO] Best Test acc=75.030
[2023-01-28 08:43:52,517][cbp1.py][line:177][INFO] Epoch:[241/300]	 loss=31.39215	 acc=99.980
[2023-01-28 08:44:03,298][cbp1.py][line:182][INFO] Epoch:[241/300]	 Test acc=74.810
[2023-01-28 08:44:03,298][cbp1.py][line:193][INFO] Best Test acc=75.030
[2023-01-28 08:50:13,828][cbp1.py][line:177][INFO] Epoch:[242/300]	 loss=31.52161	 acc=99.974
[2023-01-28 08:50:24,549][cbp1.py][line:182][INFO] Epoch:[242/300]	 Test acc=74.950
[2023-01-28 08:50:24,549][cbp1.py][line:193][INFO] Best Test acc=75.030
[2023-01-28 08:56:36,231][cbp1.py][line:177][INFO] Epoch:[243/300]	 loss=31.16773	 acc=99.982
[2023-01-28 08:56:46,975][cbp1.py][line:182][INFO] Epoch:[243/300]	 Test acc=74.720
[2023-01-28 08:56:46,975][cbp1.py][line:193][INFO] Best Test acc=75.030
[2023-01-28 09:02:58,066][cbp1.py][line:177][INFO] Epoch:[244/300]	 loss=31.04872	 acc=99.984
[2023-01-28 09:03:08,763][cbp1.py][line:182][INFO] Epoch:[244/300]	 Test acc=74.620
[2023-01-28 09:03:08,763][cbp1.py][line:193][INFO] Best Test acc=75.030
[2023-01-28 09:09:21,837][cbp1.py][line:177][INFO] Epoch:[245/300]	 loss=31.16558	 acc=99.970
[2023-01-28 09:09:32,545][cbp1.py][line:182][INFO] Epoch:[245/300]	 Test acc=74.480
[2023-01-28 09:09:32,545][cbp1.py][line:193][INFO] Best Test acc=75.030
[2023-01-28 09:15:45,452][cbp1.py][line:177][INFO] Epoch:[246/300]	 loss=31.10920	 acc=99.980
[2023-01-28 09:15:56,173][cbp1.py][line:182][INFO] Epoch:[246/300]	 Test acc=75.170
[2023-01-28 09:15:56,327][cbp1.py][line:193][INFO] Best Test acc=75.170
[2023-01-28 09:22:10,658][cbp1.py][line:177][INFO] Epoch:[247/300]	 loss=30.77648	 acc=99.972
[2023-01-28 09:22:21,390][cbp1.py][line:182][INFO] Epoch:[247/300]	 Test acc=74.870
[2023-01-28 09:22:21,390][cbp1.py][line:193][INFO] Best Test acc=75.170
[2023-01-28 09:28:34,946][cbp1.py][line:177][INFO] Epoch:[248/300]	 loss=30.91222	 acc=99.980
[2023-01-28 09:28:45,757][cbp1.py][line:182][INFO] Epoch:[248/300]	 Test acc=74.930
[2023-01-28 09:28:45,757][cbp1.py][line:193][INFO] Best Test acc=75.170
[2023-01-28 09:35:00,720][cbp1.py][line:177][INFO] Epoch:[249/300]	 loss=30.78517	 acc=99.982
[2023-01-28 09:35:11,457][cbp1.py][line:182][INFO] Epoch:[249/300]	 Test acc=75.190
[2023-01-28 09:35:11,608][cbp1.py][line:193][INFO] Best Test acc=75.190
[2023-01-28 09:41:26,575][cbp1.py][line:177][INFO] Epoch:[250/300]	 loss=30.52817	 acc=99.974
[2023-01-28 09:41:37,344][cbp1.py][line:182][INFO] Epoch:[250/300]	 Test acc=75.300
[2023-01-28 09:41:37,499][cbp1.py][line:193][INFO] Best Test acc=75.300
[2023-01-28 09:47:54,925][cbp1.py][line:177][INFO] Epoch:[251/300]	 loss=30.35901	 acc=99.976
[2023-01-28 09:48:05,680][cbp1.py][line:182][INFO] Epoch:[251/300]	 Test acc=75.010
[2023-01-28 09:48:05,680][cbp1.py][line:193][INFO] Best Test acc=75.300
[2023-01-28 09:54:25,450][cbp1.py][line:177][INFO] Epoch:[252/300]	 loss=30.53529	 acc=99.970
[2023-01-28 09:54:36,166][cbp1.py][line:182][INFO] Epoch:[252/300]	 Test acc=74.910
[2023-01-28 09:54:36,167][cbp1.py][line:193][INFO] Best Test acc=75.300
[2023-01-28 10:00:56,422][cbp1.py][line:177][INFO] Epoch:[253/300]	 loss=30.29620	 acc=99.980
[2023-01-28 10:01:07,150][cbp1.py][line:182][INFO] Epoch:[253/300]	 Test acc=75.010
[2023-01-28 10:01:07,150][cbp1.py][line:193][INFO] Best Test acc=75.300
[2023-01-28 10:07:27,122][cbp1.py][line:177][INFO] Epoch:[254/300]	 loss=30.59192	 acc=99.976
[2023-01-28 10:07:37,854][cbp1.py][line:182][INFO] Epoch:[254/300]	 Test acc=74.830
[2023-01-28 10:07:37,854][cbp1.py][line:193][INFO] Best Test acc=75.300
[2023-01-28 10:14:00,122][cbp1.py][line:177][INFO] Epoch:[255/300]	 loss=29.95673	 acc=99.978
[2023-01-28 10:14:10,893][cbp1.py][line:182][INFO] Epoch:[255/300]	 Test acc=74.920
[2023-01-28 10:14:10,893][cbp1.py][line:193][INFO] Best Test acc=75.300
[2023-01-28 10:20:32,183][cbp1.py][line:177][INFO] Epoch:[256/300]	 loss=30.04665	 acc=99.978
[2023-01-28 10:20:42,931][cbp1.py][line:182][INFO] Epoch:[256/300]	 Test acc=74.900
[2023-01-28 10:20:42,931][cbp1.py][line:193][INFO] Best Test acc=75.300
[2023-01-28 10:27:06,070][cbp1.py][line:177][INFO] Epoch:[257/300]	 loss=29.69529	 acc=99.980
[2023-01-28 10:27:16,848][cbp1.py][line:182][INFO] Epoch:[257/300]	 Test acc=75.200
[2023-01-28 10:27:16,849][cbp1.py][line:193][INFO] Best Test acc=75.300
[2023-01-28 10:33:40,537][cbp1.py][line:177][INFO] Epoch:[258/300]	 loss=30.12263	 acc=99.982
[2023-01-28 10:33:51,290][cbp1.py][line:182][INFO] Epoch:[258/300]	 Test acc=74.850
[2023-01-28 10:33:51,291][cbp1.py][line:193][INFO] Best Test acc=75.300
[2023-01-28 10:40:14,441][cbp1.py][line:177][INFO] Epoch:[259/300]	 loss=29.86861	 acc=99.978
[2023-01-28 10:40:25,190][cbp1.py][line:182][INFO] Epoch:[259/300]	 Test acc=74.890
[2023-01-28 10:40:25,190][cbp1.py][line:193][INFO] Best Test acc=75.300
[2023-01-28 10:46:49,699][cbp1.py][line:177][INFO] Epoch:[260/300]	 loss=29.59010	 acc=99.976
[2023-01-28 10:47:00,460][cbp1.py][line:182][INFO] Epoch:[260/300]	 Test acc=75.120
[2023-01-28 10:47:00,460][cbp1.py][line:193][INFO] Best Test acc=75.300
[2023-01-28 10:53:24,755][cbp1.py][line:177][INFO] Epoch:[261/300]	 loss=29.66721	 acc=99.982
[2023-01-28 10:53:35,447][cbp1.py][line:182][INFO] Epoch:[261/300]	 Test acc=75.250
[2023-01-28 10:53:35,447][cbp1.py][line:193][INFO] Best Test acc=75.300
[2023-01-28 11:00:01,493][cbp1.py][line:177][INFO] Epoch:[262/300]	 loss=29.60922	 acc=99.978
[2023-01-28 11:00:12,295][cbp1.py][line:182][INFO] Epoch:[262/300]	 Test acc=74.990
[2023-01-28 11:00:12,295][cbp1.py][line:193][INFO] Best Test acc=75.300
[2023-01-28 11:06:38,058][cbp1.py][line:177][INFO] Epoch:[263/300]	 loss=29.46254	 acc=99.976
[2023-01-28 11:06:48,806][cbp1.py][line:182][INFO] Epoch:[263/300]	 Test acc=74.770
[2023-01-28 11:06:48,806][cbp1.py][line:193][INFO] Best Test acc=75.300
[2023-01-28 11:13:16,567][cbp1.py][line:177][INFO] Epoch:[264/300]	 loss=29.34964	 acc=99.982
[2023-01-28 11:13:27,261][cbp1.py][line:182][INFO] Epoch:[264/300]	 Test acc=75.030
[2023-01-28 11:13:27,261][cbp1.py][line:193][INFO] Best Test acc=75.300
[2023-01-28 11:19:55,727][cbp1.py][line:177][INFO] Epoch:[265/300]	 loss=29.67848	 acc=99.974
[2023-01-28 11:20:06,463][cbp1.py][line:182][INFO] Epoch:[265/300]	 Test acc=74.780
[2023-01-28 11:20:06,463][cbp1.py][line:193][INFO] Best Test acc=75.300
[2023-01-28 11:26:35,882][cbp1.py][line:177][INFO] Epoch:[266/300]	 loss=29.74506	 acc=99.976
[2023-01-28 11:26:46,589][cbp1.py][line:182][INFO] Epoch:[266/300]	 Test acc=75.080
[2023-01-28 11:26:46,589][cbp1.py][line:193][INFO] Best Test acc=75.300
[2023-01-28 11:33:16,457][cbp1.py][line:177][INFO] Epoch:[267/300]	 loss=29.34407	 acc=99.984
[2023-01-28 11:33:27,193][cbp1.py][line:182][INFO] Epoch:[267/300]	 Test acc=75.550
[2023-01-28 11:33:27,340][cbp1.py][line:193][INFO] Best Test acc=75.550
[2023-01-28 11:39:59,165][cbp1.py][line:177][INFO] Epoch:[268/300]	 loss=29.47166	 acc=99.978
[2023-01-28 11:40:09,910][cbp1.py][line:182][INFO] Epoch:[268/300]	 Test acc=74.960
[2023-01-28 11:40:09,910][cbp1.py][line:193][INFO] Best Test acc=75.550
[2023-01-28 11:46:45,867][cbp1.py][line:177][INFO] Epoch:[269/300]	 loss=29.16444	 acc=99.976
[2023-01-28 11:46:56,563][cbp1.py][line:182][INFO] Epoch:[269/300]	 Test acc=75.080
[2023-01-28 11:46:56,563][cbp1.py][line:193][INFO] Best Test acc=75.550
[2023-01-28 11:53:29,467][cbp1.py][line:177][INFO] Epoch:[270/300]	 loss=29.15992	 acc=99.986
[2023-01-28 11:53:40,190][cbp1.py][line:182][INFO] Epoch:[270/300]	 Test acc=75.230
[2023-01-28 11:53:40,190][cbp1.py][line:193][INFO] Best Test acc=75.550
[2023-01-28 12:00:15,852][cbp1.py][line:177][INFO] Epoch:[271/300]	 loss=29.41913	 acc=99.984
[2023-01-28 12:00:26,590][cbp1.py][line:182][INFO] Epoch:[271/300]	 Test acc=74.950
[2023-01-28 12:00:26,590][cbp1.py][line:193][INFO] Best Test acc=75.550
[2023-01-28 12:07:01,172][cbp1.py][line:177][INFO] Epoch:[272/300]	 loss=29.46867	 acc=99.974
[2023-01-28 12:07:11,911][cbp1.py][line:182][INFO] Epoch:[272/300]	 Test acc=75.180
[2023-01-28 12:07:11,911][cbp1.py][line:193][INFO] Best Test acc=75.550
[2023-01-28 12:13:49,010][cbp1.py][line:177][INFO] Epoch:[273/300]	 loss=29.25948	 acc=99.980
[2023-01-28 12:13:59,766][cbp1.py][line:182][INFO] Epoch:[273/300]	 Test acc=75.250
[2023-01-28 12:13:59,767][cbp1.py][line:193][INFO] Best Test acc=75.550
[2023-01-28 12:20:34,898][cbp1.py][line:177][INFO] Epoch:[274/300]	 loss=29.28877	 acc=99.984
[2023-01-28 12:20:45,641][cbp1.py][line:182][INFO] Epoch:[274/300]	 Test acc=74.840
[2023-01-28 12:20:45,641][cbp1.py][line:193][INFO] Best Test acc=75.550
[2023-01-28 12:27:23,088][cbp1.py][line:177][INFO] Epoch:[275/300]	 loss=29.29873	 acc=99.982
[2023-01-28 12:27:34,081][cbp1.py][line:182][INFO] Epoch:[275/300]	 Test acc=74.770
[2023-01-28 12:27:34,081][cbp1.py][line:193][INFO] Best Test acc=75.550
[2023-01-28 12:34:13,029][cbp1.py][line:177][INFO] Epoch:[276/300]	 loss=28.98501	 acc=99.982
[2023-01-28 12:34:23,788][cbp1.py][line:182][INFO] Epoch:[276/300]	 Test acc=75.030
[2023-01-28 12:34:23,789][cbp1.py][line:193][INFO] Best Test acc=75.550
[2023-01-28 12:41:03,433][cbp1.py][line:177][INFO] Epoch:[277/300]	 loss=29.21221	 acc=99.984
[2023-01-28 12:41:14,218][cbp1.py][line:182][INFO] Epoch:[277/300]	 Test acc=74.790
[2023-01-28 12:41:14,218][cbp1.py][line:193][INFO] Best Test acc=75.550
[2023-01-28 12:47:54,086][cbp1.py][line:177][INFO] Epoch:[278/300]	 loss=29.02896	 acc=99.984
[2023-01-28 12:48:04,763][cbp1.py][line:182][INFO] Epoch:[278/300]	 Test acc=74.830
[2023-01-28 12:48:04,763][cbp1.py][line:193][INFO] Best Test acc=75.550
[2023-01-28 12:54:45,564][cbp1.py][line:177][INFO] Epoch:[279/300]	 loss=29.18700	 acc=99.974
[2023-01-28 12:54:56,337][cbp1.py][line:182][INFO] Epoch:[279/300]	 Test acc=75.240
[2023-01-28 12:54:56,337][cbp1.py][line:193][INFO] Best Test acc=75.550
[2023-01-28 13:01:38,169][cbp1.py][line:177][INFO] Epoch:[280/300]	 loss=28.76594	 acc=99.988
[2023-01-28 13:01:48,843][cbp1.py][line:182][INFO] Epoch:[280/300]	 Test acc=74.880
[2023-01-28 13:01:48,843][cbp1.py][line:193][INFO] Best Test acc=75.550
[2023-01-28 13:08:30,689][cbp1.py][line:177][INFO] Epoch:[281/300]	 loss=28.95737	 acc=99.984
[2023-01-28 13:08:41,405][cbp1.py][line:182][INFO] Epoch:[281/300]	 Test acc=74.980
[2023-01-28 13:08:41,405][cbp1.py][line:193][INFO] Best Test acc=75.550
[2023-01-28 13:15:24,175][cbp1.py][line:177][INFO] Epoch:[282/300]	 loss=28.86804	 acc=99.982
[2023-01-28 13:15:34,942][cbp1.py][line:182][INFO] Epoch:[282/300]	 Test acc=75.100
[2023-01-28 13:15:34,942][cbp1.py][line:193][INFO] Best Test acc=75.550
[2023-01-28 13:22:18,817][cbp1.py][line:177][INFO] Epoch:[283/300]	 loss=28.70025	 acc=99.982
[2023-01-28 13:22:29,933][cbp1.py][line:182][INFO] Epoch:[283/300]	 Test acc=75.120
[2023-01-28 13:22:29,933][cbp1.py][line:193][INFO] Best Test acc=75.550
[2023-01-28 13:29:14,514][cbp1.py][line:177][INFO] Epoch:[284/300]	 loss=29.00188	 acc=99.978
[2023-01-28 13:29:25,231][cbp1.py][line:182][INFO] Epoch:[284/300]	 Test acc=75.220
[2023-01-28 13:29:25,231][cbp1.py][line:193][INFO] Best Test acc=75.550
[2023-01-28 13:36:11,222][cbp1.py][line:177][INFO] Epoch:[285/300]	 loss=28.84979	 acc=99.986
[2023-01-28 13:36:22,000][cbp1.py][line:182][INFO] Epoch:[285/300]	 Test acc=75.470
[2023-01-28 13:36:22,000][cbp1.py][line:193][INFO] Best Test acc=75.550
[2023-01-28 13:43:08,062][cbp1.py][line:177][INFO] Epoch:[286/300]	 loss=28.77494	 acc=99.982
[2023-01-28 13:43:18,848][cbp1.py][line:182][INFO] Epoch:[286/300]	 Test acc=75.170
[2023-01-28 13:43:18,848][cbp1.py][line:193][INFO] Best Test acc=75.550
[2023-01-28 13:50:05,768][cbp1.py][line:177][INFO] Epoch:[287/300]	 loss=28.96359	 acc=99.990
[2023-01-28 13:50:16,430][cbp1.py][line:182][INFO] Epoch:[287/300]	 Test acc=74.860
[2023-01-28 13:50:16,431][cbp1.py][line:193][INFO] Best Test acc=75.550
[2023-01-28 13:57:03,959][cbp1.py][line:177][INFO] Epoch:[288/300]	 loss=28.56427	 acc=99.984
[2023-01-28 13:57:14,683][cbp1.py][line:182][INFO] Epoch:[288/300]	 Test acc=74.980
[2023-01-28 13:57:14,684][cbp1.py][line:193][INFO] Best Test acc=75.550
[2023-01-28 14:04:04,375][cbp1.py][line:177][INFO] Epoch:[289/300]	 loss=28.60630	 acc=99.984
[2023-01-28 14:04:15,152][cbp1.py][line:182][INFO] Epoch:[289/300]	 Test acc=75.160
[2023-01-28 14:04:15,152][cbp1.py][line:193][INFO] Best Test acc=75.550
[2023-01-28 14:11:05,379][cbp1.py][line:177][INFO] Epoch:[290/300]	 loss=28.53278	 acc=99.992
[2023-01-28 14:11:16,089][cbp1.py][line:182][INFO] Epoch:[290/300]	 Test acc=74.800
[2023-01-28 14:11:16,090][cbp1.py][line:193][INFO] Best Test acc=75.550
[2023-01-28 14:18:05,761][cbp1.py][line:177][INFO] Epoch:[291/300]	 loss=28.57342	 acc=99.984
[2023-01-28 14:18:16,515][cbp1.py][line:182][INFO] Epoch:[291/300]	 Test acc=75.180
[2023-01-28 14:18:16,515][cbp1.py][line:193][INFO] Best Test acc=75.550
[2023-01-28 14:25:07,470][cbp1.py][line:177][INFO] Epoch:[292/300]	 loss=28.92812	 acc=99.976
[2023-01-28 14:25:18,211][cbp1.py][line:182][INFO] Epoch:[292/300]	 Test acc=74.840
[2023-01-28 14:25:18,211][cbp1.py][line:193][INFO] Best Test acc=75.550
[2023-01-28 14:32:09,078][cbp1.py][line:177][INFO] Epoch:[293/300]	 loss=28.93545	 acc=99.982
[2023-01-28 14:32:19,800][cbp1.py][line:182][INFO] Epoch:[293/300]	 Test acc=74.690
[2023-01-28 14:32:19,800][cbp1.py][line:193][INFO] Best Test acc=75.550
[2023-01-28 14:39:12,185][cbp1.py][line:177][INFO] Epoch:[294/300]	 loss=28.50961	 acc=99.982
[2023-01-28 14:39:22,943][cbp1.py][line:182][INFO] Epoch:[294/300]	 Test acc=75.140
[2023-01-28 14:39:22,943][cbp1.py][line:193][INFO] Best Test acc=75.550
[2023-01-28 14:46:17,384][cbp1.py][line:177][INFO] Epoch:[295/300]	 loss=28.82754	 acc=99.982
[2023-01-28 14:46:28,157][cbp1.py][line:182][INFO] Epoch:[295/300]	 Test acc=75.350
[2023-01-28 14:46:28,157][cbp1.py][line:193][INFO] Best Test acc=75.550
[2023-01-28 14:53:21,622][cbp1.py][line:177][INFO] Epoch:[296/300]	 loss=28.49737	 acc=99.980
[2023-01-28 14:53:32,327][cbp1.py][line:182][INFO] Epoch:[296/300]	 Test acc=75.380
[2023-01-28 14:53:32,327][cbp1.py][line:193][INFO] Best Test acc=75.550
[2023-01-28 15:00:28,663][cbp1.py][line:177][INFO] Epoch:[297/300]	 loss=28.87967	 acc=99.986
[2023-01-28 15:00:39,396][cbp1.py][line:182][INFO] Epoch:[297/300]	 Test acc=74.910
[2023-01-28 15:00:39,396][cbp1.py][line:193][INFO] Best Test acc=75.550
[2023-01-28 15:07:34,231][cbp1.py][line:177][INFO] Epoch:[298/300]	 loss=28.66610	 acc=99.990
[2023-01-28 15:07:44,976][cbp1.py][line:182][INFO] Epoch:[298/300]	 Test acc=74.930
[2023-01-28 15:07:44,976][cbp1.py][line:193][INFO] Best Test acc=75.550
[2023-01-28 15:14:40,208][cbp1.py][line:177][INFO] Epoch:[299/300]	 loss=28.78570	 acc=99.984
[2023-01-28 15:14:50,824][cbp1.py][line:182][INFO] Epoch:[299/300]	 Test acc=74.870
[2023-01-28 15:14:50,824][cbp1.py][line:193][INFO] Best Test acc=75.550
