[2023-02-01 22:39:00,752][cbp1.py][line:166][INFO] start training!
[2023-02-01 22:42:00,012][cbp1.py][line:177][INFO] Epoch:[0/300]	 loss=1642.97931	 acc=3.674
[2023-02-01 22:42:11,128][cbp1.py][line:182][INFO] Epoch:[0/300]	 Test acc=6.620
[2023-02-01 22:42:11,275][cbp1.py][line:193][INFO] Best Test acc=6.620
[2023-02-01 22:45:06,913][cbp1.py][line:177][INFO] Epoch:[1/300]	 loss=1508.96672	 acc=8.600
[2023-02-01 22:45:18,000][cbp1.py][line:182][INFO] Epoch:[1/300]	 Test acc=10.770
[2023-02-01 22:45:18,150][cbp1.py][line:193][INFO] Best Test acc=10.770
[2023-02-01 22:48:13,985][cbp1.py][line:177][INFO] Epoch:[2/300]	 loss=1417.76020	 acc=14.444
[2023-02-01 22:48:25,005][cbp1.py][line:182][INFO] Epoch:[2/300]	 Test acc=18.480
[2023-02-01 22:48:25,163][cbp1.py][line:193][INFO] Best Test acc=18.480
[2023-02-01 22:51:21,801][cbp1.py][line:177][INFO] Epoch:[3/300]	 loss=1314.81937	 acc=21.392
[2023-02-01 22:51:32,838][cbp1.py][line:182][INFO] Epoch:[3/300]	 Test acc=25.280
[2023-02-01 22:51:33,003][cbp1.py][line:193][INFO] Best Test acc=25.280
[2023-02-01 22:54:30,196][cbp1.py][line:177][INFO] Epoch:[4/300]	 loss=1196.26275	 acc=29.000
[2023-02-01 22:54:41,337][cbp1.py][line:182][INFO] Epoch:[4/300]	 Test acc=30.990
[2023-02-01 22:54:41,541][cbp1.py][line:193][INFO] Best Test acc=30.990
[2023-02-01 22:57:39,019][cbp1.py][line:177][INFO] Epoch:[5/300]	 loss=1081.30966	 acc=35.836
[2023-02-01 22:57:50,202][cbp1.py][line:182][INFO] Epoch:[5/300]	 Test acc=37.420
[2023-02-01 22:57:50,365][cbp1.py][line:193][INFO] Best Test acc=37.420
[2023-02-01 23:00:48,585][cbp1.py][line:177][INFO] Epoch:[6/300]	 loss=983.57445	 acc=42.574
[2023-02-01 23:00:59,484][cbp1.py][line:182][INFO] Epoch:[6/300]	 Test acc=44.150
[2023-02-01 23:00:59,665][cbp1.py][line:193][INFO] Best Test acc=44.150
[2023-02-01 23:03:58,083][cbp1.py][line:177][INFO] Epoch:[7/300]	 loss=903.69011	 acc=47.806
[2023-02-01 23:04:09,171][cbp1.py][line:182][INFO] Epoch:[7/300]	 Test acc=46.700
[2023-02-01 23:04:09,346][cbp1.py][line:193][INFO] Best Test acc=46.700
[2023-02-01 23:07:09,234][cbp1.py][line:177][INFO] Epoch:[8/300]	 loss=840.86787	 acc=52.074
[2023-02-01 23:07:20,298][cbp1.py][line:182][INFO] Epoch:[8/300]	 Test acc=48.370
[2023-02-01 23:07:20,476][cbp1.py][line:193][INFO] Best Test acc=48.370
[2023-02-01 23:10:22,713][cbp1.py][line:177][INFO] Epoch:[9/300]	 loss=784.69525	 acc=55.920
[2023-02-01 23:10:34,072][cbp1.py][line:182][INFO] Epoch:[9/300]	 Test acc=53.290
[2023-02-01 23:10:34,231][cbp1.py][line:193][INFO] Best Test acc=53.290
[2023-02-01 23:13:36,875][cbp1.py][line:177][INFO] Epoch:[10/300]	 loss=744.70881	 acc=58.542
[2023-02-01 23:13:48,168][cbp1.py][line:182][INFO] Epoch:[10/300]	 Test acc=53.790
[2023-02-01 23:13:48,338][cbp1.py][line:193][INFO] Best Test acc=53.790
[2023-02-01 23:16:50,472][cbp1.py][line:177][INFO] Epoch:[11/300]	 loss=705.59772	 acc=61.562
[2023-02-01 23:17:01,683][cbp1.py][line:182][INFO] Epoch:[11/300]	 Test acc=56.930
[2023-02-01 23:17:01,859][cbp1.py][line:193][INFO] Best Test acc=56.930
[2023-02-01 23:20:07,425][cbp1.py][line:177][INFO] Epoch:[12/300]	 loss=670.16511	 acc=63.846
[2023-02-01 23:20:18,422][cbp1.py][line:182][INFO] Epoch:[12/300]	 Test acc=55.990
[2023-02-01 23:20:18,422][cbp1.py][line:193][INFO] Best Test acc=56.930
[2023-02-01 23:23:27,824][cbp1.py][line:177][INFO] Epoch:[13/300]	 loss=641.56163	 acc=65.678
[2023-02-01 23:23:39,086][cbp1.py][line:182][INFO] Epoch:[13/300]	 Test acc=59.810
[2023-02-01 23:23:39,254][cbp1.py][line:193][INFO] Best Test acc=59.810
[2023-02-01 23:26:47,063][cbp1.py][line:177][INFO] Epoch:[14/300]	 loss=610.76334	 acc=67.922
[2023-02-01 23:26:58,047][cbp1.py][line:182][INFO] Epoch:[14/300]	 Test acc=60.350
[2023-02-01 23:26:58,219][cbp1.py][line:193][INFO] Best Test acc=60.350
[2023-02-01 23:30:07,740][cbp1.py][line:177][INFO] Epoch:[15/300]	 loss=586.72424	 acc=69.858
[2023-02-01 23:30:18,727][cbp1.py][line:182][INFO] Epoch:[15/300]	 Test acc=61.430
[2023-02-01 23:30:18,914][cbp1.py][line:193][INFO] Best Test acc=61.430
[2023-02-01 23:33:30,146][cbp1.py][line:177][INFO] Epoch:[16/300]	 loss=565.20651	 acc=71.228
[2023-02-01 23:33:41,271][cbp1.py][line:182][INFO] Epoch:[16/300]	 Test acc=63.150
[2023-02-01 23:33:41,434][cbp1.py][line:193][INFO] Best Test acc=63.150
[2023-02-01 23:36:56,543][cbp1.py][line:177][INFO] Epoch:[17/300]	 loss=544.05231	 acc=72.788
[2023-02-01 23:37:07,792][cbp1.py][line:182][INFO] Epoch:[17/300]	 Test acc=62.890
[2023-02-01 23:37:07,792][cbp1.py][line:193][INFO] Best Test acc=63.150
[2023-02-01 23:40:15,433][cbp1.py][line:177][INFO] Epoch:[18/300]	 loss=523.83221	 acc=74.314
[2023-02-01 23:40:26,409][cbp1.py][line:182][INFO] Epoch:[18/300]	 Test acc=63.080
[2023-02-01 23:40:26,409][cbp1.py][line:193][INFO] Best Test acc=63.150
[2023-02-01 23:43:43,175][cbp1.py][line:177][INFO] Epoch:[19/300]	 loss=501.79436	 acc=75.884
[2023-02-01 23:43:54,544][cbp1.py][line:182][INFO] Epoch:[19/300]	 Test acc=64.940
[2023-02-01 23:43:54,722][cbp1.py][line:193][INFO] Best Test acc=64.940
[2023-02-01 23:47:09,639][cbp1.py][line:177][INFO] Epoch:[20/300]	 loss=486.65025	 acc=76.766
[2023-02-01 23:47:20,674][cbp1.py][line:182][INFO] Epoch:[20/300]	 Test acc=65.590
[2023-02-01 23:47:20,867][cbp1.py][line:193][INFO] Best Test acc=65.590
[2023-02-01 23:50:30,448][cbp1.py][line:177][INFO] Epoch:[21/300]	 loss=467.84032	 acc=78.134
[2023-02-01 23:50:41,538][cbp1.py][line:182][INFO] Epoch:[21/300]	 Test acc=64.360
[2023-02-01 23:50:41,538][cbp1.py][line:193][INFO] Best Test acc=65.590
[2023-02-01 23:54:00,322][cbp1.py][line:177][INFO] Epoch:[22/300]	 loss=455.06870	 acc=78.960
[2023-02-01 23:54:11,280][cbp1.py][line:182][INFO] Epoch:[22/300]	 Test acc=66.240
[2023-02-01 23:54:11,466][cbp1.py][line:193][INFO] Best Test acc=66.240
[2023-02-01 23:57:28,252][cbp1.py][line:177][INFO] Epoch:[23/300]	 loss=438.53587	 acc=80.198
[2023-02-01 23:57:39,465][cbp1.py][line:182][INFO] Epoch:[23/300]	 Test acc=65.650
[2023-02-01 23:57:39,465][cbp1.py][line:193][INFO] Best Test acc=66.240
[2023-02-02 00:00:54,404][cbp1.py][line:177][INFO] Epoch:[24/300]	 loss=424.25644	 acc=81.266
[2023-02-02 00:01:05,621][cbp1.py][line:182][INFO] Epoch:[24/300]	 Test acc=66.970
[2023-02-02 00:01:05,783][cbp1.py][line:193][INFO] Best Test acc=66.970
[2023-02-02 00:04:21,244][cbp1.py][line:177][INFO] Epoch:[25/300]	 loss=411.56674	 acc=82.146
[2023-02-02 00:04:32,499][cbp1.py][line:182][INFO] Epoch:[25/300]	 Test acc=67.330
[2023-02-02 00:04:32,673][cbp1.py][line:193][INFO] Best Test acc=67.330
[2023-02-02 00:07:45,597][cbp1.py][line:177][INFO] Epoch:[26/300]	 loss=400.19696	 acc=82.918
[2023-02-02 00:07:56,812][cbp1.py][line:182][INFO] Epoch:[26/300]	 Test acc=66.550
[2023-02-02 00:07:56,812][cbp1.py][line:193][INFO] Best Test acc=67.330
[2023-02-02 00:11:09,921][cbp1.py][line:177][INFO] Epoch:[27/300]	 loss=388.81486	 acc=83.700
[2023-02-02 00:11:21,159][cbp1.py][line:182][INFO] Epoch:[27/300]	 Test acc=67.480
[2023-02-02 00:11:21,323][cbp1.py][line:193][INFO] Best Test acc=67.480
[2023-02-02 00:14:35,112][cbp1.py][line:177][INFO] Epoch:[28/300]	 loss=376.46597	 acc=84.544
[2023-02-02 00:14:46,302][cbp1.py][line:182][INFO] Epoch:[28/300]	 Test acc=67.400
[2023-02-02 00:14:46,303][cbp1.py][line:193][INFO] Best Test acc=67.480
[2023-02-02 00:18:05,137][cbp1.py][line:177][INFO] Epoch:[29/300]	 loss=364.76391	 acc=85.398
[2023-02-02 00:18:16,160][cbp1.py][line:182][INFO] Epoch:[29/300]	 Test acc=67.370
[2023-02-02 00:18:16,160][cbp1.py][line:193][INFO] Best Test acc=67.480
[2023-02-02 00:21:31,924][cbp1.py][line:177][INFO] Epoch:[30/300]	 loss=355.10986	 acc=86.146
[2023-02-02 00:21:43,028][cbp1.py][line:182][INFO] Epoch:[30/300]	 Test acc=67.870
[2023-02-02 00:21:43,188][cbp1.py][line:193][INFO] Best Test acc=67.870
[2023-02-02 00:25:00,566][cbp1.py][line:177][INFO] Epoch:[31/300]	 loss=345.96183	 acc=86.738
[2023-02-02 00:25:11,849][cbp1.py][line:182][INFO] Epoch:[31/300]	 Test acc=67.620
[2023-02-02 00:25:11,849][cbp1.py][line:193][INFO] Best Test acc=67.870
[2023-02-02 00:28:36,234][cbp1.py][line:177][INFO] Epoch:[32/300]	 loss=332.99566	 acc=87.646
[2023-02-02 00:28:47,457][cbp1.py][line:182][INFO] Epoch:[32/300]	 Test acc=68.710
[2023-02-02 00:28:47,618][cbp1.py][line:193][INFO] Best Test acc=68.710
[2023-02-02 00:32:14,690][cbp1.py][line:177][INFO] Epoch:[33/300]	 loss=327.44744	 acc=87.850
[2023-02-02 00:32:25,753][cbp1.py][line:182][INFO] Epoch:[33/300]	 Test acc=69.070
[2023-02-02 00:32:25,927][cbp1.py][line:193][INFO] Best Test acc=69.070
[2023-02-02 00:35:47,343][cbp1.py][line:177][INFO] Epoch:[34/300]	 loss=318.42936	 acc=88.638
[2023-02-02 00:35:58,419][cbp1.py][line:182][INFO] Epoch:[34/300]	 Test acc=68.470
[2023-02-02 00:35:58,419][cbp1.py][line:193][INFO] Best Test acc=69.070
[2023-02-02 00:39:17,846][cbp1.py][line:177][INFO] Epoch:[35/300]	 loss=312.67484	 acc=88.832
[2023-02-02 00:39:29,162][cbp1.py][line:182][INFO] Epoch:[35/300]	 Test acc=69.340
[2023-02-02 00:39:29,325][cbp1.py][line:193][INFO] Best Test acc=69.340
[2023-02-02 00:42:49,535][cbp1.py][line:177][INFO] Epoch:[36/300]	 loss=303.60702	 acc=89.526
[2023-02-02 00:43:00,779][cbp1.py][line:182][INFO] Epoch:[36/300]	 Test acc=69.610
[2023-02-02 00:43:00,987][cbp1.py][line:193][INFO] Best Test acc=69.610
[2023-02-02 00:46:25,816][cbp1.py][line:177][INFO] Epoch:[37/300]	 loss=293.74586	 acc=90.234
[2023-02-02 00:46:36,979][cbp1.py][line:182][INFO] Epoch:[37/300]	 Test acc=68.930
[2023-02-02 00:46:36,979][cbp1.py][line:193][INFO] Best Test acc=69.610
[2023-02-02 00:49:56,356][cbp1.py][line:177][INFO] Epoch:[38/300]	 loss=288.66093	 acc=90.710
[2023-02-02 00:50:07,576][cbp1.py][line:182][INFO] Epoch:[38/300]	 Test acc=69.310
[2023-02-02 00:50:07,576][cbp1.py][line:193][INFO] Best Test acc=69.610
[2023-02-02 00:53:31,150][cbp1.py][line:177][INFO] Epoch:[39/300]	 loss=279.65567	 acc=91.256
[2023-02-02 00:53:42,237][cbp1.py][line:182][INFO] Epoch:[39/300]	 Test acc=68.740
[2023-02-02 00:53:42,238][cbp1.py][line:193][INFO] Best Test acc=69.610
[2023-02-02 00:57:10,569][cbp1.py][line:177][INFO] Epoch:[40/300]	 loss=275.33916	 acc=91.414
[2023-02-02 00:57:21,711][cbp1.py][line:182][INFO] Epoch:[40/300]	 Test acc=70.210
[2023-02-02 00:57:21,932][cbp1.py][line:193][INFO] Best Test acc=70.210
[2023-02-02 01:00:52,436][cbp1.py][line:177][INFO] Epoch:[41/300]	 loss=267.23398	 acc=91.968
[2023-02-02 01:01:03,622][cbp1.py][line:182][INFO] Epoch:[41/300]	 Test acc=69.450
[2023-02-02 01:01:03,623][cbp1.py][line:193][INFO] Best Test acc=70.210
[2023-02-02 01:04:32,207][cbp1.py][line:177][INFO] Epoch:[42/300]	 loss=259.19244	 acc=92.376
[2023-02-02 01:04:43,268][cbp1.py][line:182][INFO] Epoch:[42/300]	 Test acc=69.990
[2023-02-02 01:04:43,268][cbp1.py][line:193][INFO] Best Test acc=70.210
[2023-02-02 01:08:18,913][cbp1.py][line:177][INFO] Epoch:[43/300]	 loss=253.22447	 acc=92.898
[2023-02-02 01:08:30,276][cbp1.py][line:182][INFO] Epoch:[43/300]	 Test acc=69.620
[2023-02-02 01:08:30,276][cbp1.py][line:193][INFO] Best Test acc=70.210
[2023-02-02 01:12:19,144][cbp1.py][line:177][INFO] Epoch:[44/300]	 loss=250.35991	 acc=93.040
[2023-02-02 01:12:30,310][cbp1.py][line:182][INFO] Epoch:[44/300]	 Test acc=69.440
[2023-02-02 01:12:30,310][cbp1.py][line:193][INFO] Best Test acc=70.210
[2023-02-02 01:16:32,800][cbp1.py][line:177][INFO] Epoch:[45/300]	 loss=243.16762	 acc=93.496
[2023-02-02 01:16:44,062][cbp1.py][line:182][INFO] Epoch:[45/300]	 Test acc=69.770
[2023-02-02 01:16:44,062][cbp1.py][line:193][INFO] Best Test acc=70.210
[2023-02-02 01:20:46,785][cbp1.py][line:177][INFO] Epoch:[46/300]	 loss=239.36314	 acc=93.654
[2023-02-02 01:20:57,948][cbp1.py][line:182][INFO] Epoch:[46/300]	 Test acc=70.620
[2023-02-02 01:20:58,114][cbp1.py][line:193][INFO] Best Test acc=70.620
[2023-02-02 01:25:07,996][cbp1.py][line:177][INFO] Epoch:[47/300]	 loss=235.43222	 acc=93.932
[2023-02-02 01:25:19,311][cbp1.py][line:182][INFO] Epoch:[47/300]	 Test acc=69.870
[2023-02-02 01:25:19,311][cbp1.py][line:193][INFO] Best Test acc=70.620
[2023-02-02 01:29:25,121][cbp1.py][line:177][INFO] Epoch:[48/300]	 loss=229.91767	 acc=94.226
[2023-02-02 01:29:36,449][cbp1.py][line:182][INFO] Epoch:[48/300]	 Test acc=69.700
[2023-02-02 01:29:36,449][cbp1.py][line:193][INFO] Best Test acc=70.620
[2023-02-02 01:33:36,472][cbp1.py][line:177][INFO] Epoch:[49/300]	 loss=226.00126	 acc=94.418
[2023-02-02 01:33:47,820][cbp1.py][line:182][INFO] Epoch:[49/300]	 Test acc=70.120
[2023-02-02 01:33:47,820][cbp1.py][line:193][INFO] Best Test acc=70.620
[2023-02-02 01:37:46,390][cbp1.py][line:177][INFO] Epoch:[50/300]	 loss=220.18291	 acc=94.782
[2023-02-02 01:37:57,547][cbp1.py][line:182][INFO] Epoch:[50/300]	 Test acc=69.710
[2023-02-02 01:37:57,547][cbp1.py][line:193][INFO] Best Test acc=70.620
[2023-02-02 01:41:51,365][cbp1.py][line:177][INFO] Epoch:[51/300]	 loss=217.34026	 acc=94.960
[2023-02-02 01:42:02,568][cbp1.py][line:182][INFO] Epoch:[51/300]	 Test acc=70.730
[2023-02-02 01:42:02,755][cbp1.py][line:193][INFO] Best Test acc=70.730
[2023-02-02 01:45:49,418][cbp1.py][line:177][INFO] Epoch:[52/300]	 loss=212.97230	 acc=95.156
[2023-02-02 01:46:00,626][cbp1.py][line:182][INFO] Epoch:[52/300]	 Test acc=69.870
[2023-02-02 01:46:00,627][cbp1.py][line:193][INFO] Best Test acc=70.730
[2023-02-02 01:50:11,813][cbp1.py][line:177][INFO] Epoch:[53/300]	 loss=212.93016	 acc=95.204
[2023-02-02 01:50:23,112][cbp1.py][line:182][INFO] Epoch:[53/300]	 Test acc=69.920
[2023-02-02 01:50:23,112][cbp1.py][line:193][INFO] Best Test acc=70.730
[2023-02-02 01:54:41,829][cbp1.py][line:177][INFO] Epoch:[54/300]	 loss=204.93496	 acc=95.650
[2023-02-02 01:54:53,136][cbp1.py][line:182][INFO] Epoch:[54/300]	 Test acc=69.590
[2023-02-02 01:54:53,137][cbp1.py][line:193][INFO] Best Test acc=70.730
[2023-02-02 01:59:12,564][cbp1.py][line:177][INFO] Epoch:[55/300]	 loss=204.46536	 acc=95.620
[2023-02-02 01:59:23,784][cbp1.py][line:182][INFO] Epoch:[55/300]	 Test acc=69.860
[2023-02-02 01:59:23,784][cbp1.py][line:193][INFO] Best Test acc=70.730
[2023-02-02 02:03:15,102][cbp1.py][line:177][INFO] Epoch:[56/300]	 loss=197.21405	 acc=95.998
[2023-02-02 02:03:26,338][cbp1.py][line:182][INFO] Epoch:[56/300]	 Test acc=70.280
[2023-02-02 02:03:26,338][cbp1.py][line:193][INFO] Best Test acc=70.730
[2023-02-02 02:07:36,279][cbp1.py][line:177][INFO] Epoch:[57/300]	 loss=195.25346	 acc=96.086
[2023-02-02 02:07:47,516][cbp1.py][line:182][INFO] Epoch:[57/300]	 Test acc=70.460
[2023-02-02 02:07:47,516][cbp1.py][line:193][INFO] Best Test acc=70.730
[2023-02-02 02:11:58,973][cbp1.py][line:177][INFO] Epoch:[58/300]	 loss=190.72986	 acc=96.314
[2023-02-02 02:12:10,287][cbp1.py][line:182][INFO] Epoch:[58/300]	 Test acc=70.500
[2023-02-02 02:12:10,287][cbp1.py][line:193][INFO] Best Test acc=70.730
[2023-02-02 02:16:34,612][cbp1.py][line:177][INFO] Epoch:[59/300]	 loss=189.41054	 acc=96.380
[2023-02-02 02:16:45,786][cbp1.py][line:182][INFO] Epoch:[59/300]	 Test acc=69.990
[2023-02-02 02:16:45,786][cbp1.py][line:193][INFO] Best Test acc=70.730
[2023-02-02 02:20:55,730][cbp1.py][line:177][INFO] Epoch:[60/300]	 loss=184.38529	 acc=96.698
[2023-02-02 02:21:07,173][cbp1.py][line:182][INFO] Epoch:[60/300]	 Test acc=70.140
[2023-02-02 02:21:07,173][cbp1.py][line:193][INFO] Best Test acc=70.730
[2023-02-02 02:25:14,770][cbp1.py][line:177][INFO] Epoch:[61/300]	 loss=183.02245	 acc=96.826
[2023-02-02 02:25:25,787][cbp1.py][line:182][INFO] Epoch:[61/300]	 Test acc=70.330
[2023-02-02 02:25:25,787][cbp1.py][line:193][INFO] Best Test acc=70.730
[2023-02-02 02:29:25,259][cbp1.py][line:177][INFO] Epoch:[62/300]	 loss=178.00595	 acc=97.006
[2023-02-02 02:29:36,576][cbp1.py][line:182][INFO] Epoch:[62/300]	 Test acc=70.420
[2023-02-02 02:29:36,576][cbp1.py][line:193][INFO] Best Test acc=70.730
[2023-02-02 02:33:56,668][cbp1.py][line:177][INFO] Epoch:[63/300]	 loss=176.55669	 acc=96.950
[2023-02-02 02:34:07,816][cbp1.py][line:182][INFO] Epoch:[63/300]	 Test acc=70.980
[2023-02-02 02:34:07,987][cbp1.py][line:193][INFO] Best Test acc=70.980
[2023-02-02 02:38:01,833][cbp1.py][line:177][INFO] Epoch:[64/300]	 loss=173.11586	 acc=97.262
[2023-02-02 02:38:13,044][cbp1.py][line:182][INFO] Epoch:[64/300]	 Test acc=71.330
[2023-02-02 02:38:13,206][cbp1.py][line:193][INFO] Best Test acc=71.330
[2023-02-02 02:42:34,812][cbp1.py][line:177][INFO] Epoch:[65/300]	 loss=170.20770	 acc=97.482
[2023-02-02 02:42:46,247][cbp1.py][line:182][INFO] Epoch:[65/300]	 Test acc=71.590
[2023-02-02 02:42:46,443][cbp1.py][line:193][INFO] Best Test acc=71.590
[2023-02-02 02:47:08,971][cbp1.py][line:177][INFO] Epoch:[66/300]	 loss=168.95960	 acc=97.504
[2023-02-02 02:47:20,296][cbp1.py][line:182][INFO] Epoch:[66/300]	 Test acc=71.060
[2023-02-02 02:47:20,297][cbp1.py][line:193][INFO] Best Test acc=71.590
[2023-02-02 02:51:23,510][cbp1.py][line:177][INFO] Epoch:[67/300]	 loss=166.33191	 acc=97.546
[2023-02-02 02:51:34,683][cbp1.py][line:182][INFO] Epoch:[67/300]	 Test acc=71.150
[2023-02-02 02:51:34,683][cbp1.py][line:193][INFO] Best Test acc=71.590
[2023-02-02 02:56:17,654][cbp1.py][line:177][INFO] Epoch:[68/300]	 loss=166.01494	 acc=97.536
[2023-02-02 02:56:28,916][cbp1.py][line:182][INFO] Epoch:[68/300]	 Test acc=70.750
[2023-02-02 02:56:28,917][cbp1.py][line:193][INFO] Best Test acc=71.590
[2023-02-02 03:00:36,956][cbp1.py][line:177][INFO] Epoch:[69/300]	 loss=160.24922	 acc=97.808
[2023-02-02 03:00:48,156][cbp1.py][line:182][INFO] Epoch:[69/300]	 Test acc=71.050
[2023-02-02 03:00:48,156][cbp1.py][line:193][INFO] Best Test acc=71.590
[2023-02-02 03:05:05,638][cbp1.py][line:177][INFO] Epoch:[70/300]	 loss=158.89026	 acc=97.812
[2023-02-02 03:05:16,769][cbp1.py][line:182][INFO] Epoch:[70/300]	 Test acc=70.620
[2023-02-02 03:05:16,769][cbp1.py][line:193][INFO] Best Test acc=71.590
[2023-02-02 03:10:01,974][cbp1.py][line:177][INFO] Epoch:[71/300]	 loss=158.03327	 acc=97.812
[2023-02-02 03:10:13,149][cbp1.py][line:182][INFO] Epoch:[71/300]	 Test acc=70.590
[2023-02-02 03:10:13,150][cbp1.py][line:193][INFO] Best Test acc=71.590
[2023-02-02 03:14:35,659][cbp1.py][line:177][INFO] Epoch:[72/300]	 loss=155.17615	 acc=98.020
[2023-02-02 03:14:46,966][cbp1.py][line:182][INFO] Epoch:[72/300]	 Test acc=71.750
[2023-02-02 03:14:47,159][cbp1.py][line:193][INFO] Best Test acc=71.750
[2023-02-02 03:19:25,038][cbp1.py][line:177][INFO] Epoch:[73/300]	 loss=151.89316	 acc=98.124
[2023-02-02 03:19:36,465][cbp1.py][line:182][INFO] Epoch:[73/300]	 Test acc=70.810
[2023-02-02 03:19:36,466][cbp1.py][line:193][INFO] Best Test acc=71.750
[2023-02-02 03:24:19,206][cbp1.py][line:177][INFO] Epoch:[74/300]	 loss=152.60091	 acc=98.056
[2023-02-02 03:24:30,549][cbp1.py][line:182][INFO] Epoch:[74/300]	 Test acc=70.890
[2023-02-02 03:24:30,549][cbp1.py][line:193][INFO] Best Test acc=71.750
[2023-02-02 03:29:05,539][cbp1.py][line:177][INFO] Epoch:[75/300]	 loss=150.27475	 acc=98.134
[2023-02-02 03:29:16,874][cbp1.py][line:182][INFO] Epoch:[75/300]	 Test acc=70.990
[2023-02-02 03:29:16,874][cbp1.py][line:193][INFO] Best Test acc=71.750
[2023-02-02 03:33:42,512][cbp1.py][line:177][INFO] Epoch:[76/300]	 loss=147.73110	 acc=98.260
[2023-02-02 03:33:53,748][cbp1.py][line:182][INFO] Epoch:[76/300]	 Test acc=70.830
[2023-02-02 03:33:53,749][cbp1.py][line:193][INFO] Best Test acc=71.750
[2023-02-02 03:38:19,621][cbp1.py][line:177][INFO] Epoch:[77/300]	 loss=144.80710	 acc=98.392
[2023-02-02 03:38:30,882][cbp1.py][line:182][INFO] Epoch:[77/300]	 Test acc=71.140
[2023-02-02 03:38:30,882][cbp1.py][line:193][INFO] Best Test acc=71.750
[2023-02-02 03:42:53,469][cbp1.py][line:177][INFO] Epoch:[78/300]	 loss=141.52431	 acc=98.350
[2023-02-02 03:43:04,801][cbp1.py][line:182][INFO] Epoch:[78/300]	 Test acc=70.750
[2023-02-02 03:43:04,801][cbp1.py][line:193][INFO] Best Test acc=71.750
[2023-02-02 03:47:49,281][cbp1.py][line:177][INFO] Epoch:[79/300]	 loss=141.37684	 acc=98.436
[2023-02-02 03:48:00,476][cbp1.py][line:182][INFO] Epoch:[79/300]	 Test acc=70.930
[2023-02-02 03:48:00,476][cbp1.py][line:193][INFO] Best Test acc=71.750
[2023-02-02 03:52:41,816][cbp1.py][line:177][INFO] Epoch:[80/300]	 loss=141.27288	 acc=98.472
[2023-02-02 03:52:52,880][cbp1.py][line:182][INFO] Epoch:[80/300]	 Test acc=70.660
[2023-02-02 03:52:52,881][cbp1.py][line:193][INFO] Best Test acc=71.750
[2023-02-02 03:58:01,988][cbp1.py][line:177][INFO] Epoch:[81/300]	 loss=136.80548	 acc=98.618
[2023-02-02 03:58:13,197][cbp1.py][line:182][INFO] Epoch:[81/300]	 Test acc=70.700
[2023-02-02 03:58:13,198][cbp1.py][line:193][INFO] Best Test acc=71.750
[2023-02-02 04:02:53,406][cbp1.py][line:177][INFO] Epoch:[82/300]	 loss=135.11234	 acc=98.662
[2023-02-02 04:03:04,726][cbp1.py][line:182][INFO] Epoch:[82/300]	 Test acc=70.660
[2023-02-02 04:03:04,726][cbp1.py][line:193][INFO] Best Test acc=71.750
[2023-02-02 04:08:23,097][cbp1.py][line:177][INFO] Epoch:[83/300]	 loss=134.96094	 acc=98.598
[2023-02-02 04:08:34,369][cbp1.py][line:182][INFO] Epoch:[83/300]	 Test acc=71.320
[2023-02-02 04:08:34,369][cbp1.py][line:193][INFO] Best Test acc=71.750
[2023-02-02 04:13:39,176][cbp1.py][line:177][INFO] Epoch:[84/300]	 loss=132.52702	 acc=98.768
[2023-02-02 04:13:50,475][cbp1.py][line:182][INFO] Epoch:[84/300]	 Test acc=71.700
[2023-02-02 04:13:50,475][cbp1.py][line:193][INFO] Best Test acc=71.750
[2023-02-02 04:18:48,045][cbp1.py][line:177][INFO] Epoch:[85/300]	 loss=133.41724	 acc=98.664
[2023-02-02 04:18:59,341][cbp1.py][line:182][INFO] Epoch:[85/300]	 Test acc=71.660
[2023-02-02 04:18:59,341][cbp1.py][line:193][INFO] Best Test acc=71.750
[2023-02-02 04:24:05,343][cbp1.py][line:177][INFO] Epoch:[86/300]	 loss=128.38444	 acc=98.880
[2023-02-02 04:24:16,693][cbp1.py][line:182][INFO] Epoch:[86/300]	 Test acc=71.190
[2023-02-02 04:24:16,693][cbp1.py][line:193][INFO] Best Test acc=71.750
[2023-02-02 04:29:25,093][cbp1.py][line:177][INFO] Epoch:[87/300]	 loss=131.24497	 acc=98.738
[2023-02-02 04:29:36,495][cbp1.py][line:182][INFO] Epoch:[87/300]	 Test acc=71.600
[2023-02-02 04:29:36,495][cbp1.py][line:193][INFO] Best Test acc=71.750
[2023-02-02 04:34:35,397][cbp1.py][line:177][INFO] Epoch:[88/300]	 loss=126.70534	 acc=98.854
[2023-02-02 04:34:46,491][cbp1.py][line:182][INFO] Epoch:[88/300]	 Test acc=71.390
[2023-02-02 04:34:46,491][cbp1.py][line:193][INFO] Best Test acc=71.750
[2023-02-02 04:40:08,050][cbp1.py][line:177][INFO] Epoch:[89/300]	 loss=124.55806	 acc=98.928
[2023-02-02 04:40:19,355][cbp1.py][line:182][INFO] Epoch:[89/300]	 Test acc=71.760
[2023-02-02 04:40:19,542][cbp1.py][line:193][INFO] Best Test acc=71.760
[2023-02-02 04:45:23,310][cbp1.py][line:177][INFO] Epoch:[90/300]	 loss=125.34539	 acc=98.860
[2023-02-02 04:45:34,816][cbp1.py][line:182][INFO] Epoch:[90/300]	 Test acc=71.370
[2023-02-02 04:45:34,817][cbp1.py][line:193][INFO] Best Test acc=71.760
[2023-02-02 04:50:09,636][cbp1.py][line:177][INFO] Epoch:[91/300]	 loss=122.13284	 acc=99.084
[2023-02-02 04:50:20,756][cbp1.py][line:182][INFO] Epoch:[91/300]	 Test acc=71.920
[2023-02-02 04:50:20,918][cbp1.py][line:193][INFO] Best Test acc=71.920
[2023-02-02 04:55:10,270][cbp1.py][line:177][INFO] Epoch:[92/300]	 loss=122.01824	 acc=99.038
[2023-02-02 04:55:21,389][cbp1.py][line:182][INFO] Epoch:[92/300]	 Test acc=71.630
[2023-02-02 04:55:21,390][cbp1.py][line:193][INFO] Best Test acc=71.920
[2023-02-02 05:00:12,784][cbp1.py][line:177][INFO] Epoch:[93/300]	 loss=118.57146	 acc=99.112
[2023-02-02 05:00:23,901][cbp1.py][line:182][INFO] Epoch:[93/300]	 Test acc=71.170
[2023-02-02 05:00:23,901][cbp1.py][line:193][INFO] Best Test acc=71.920
[2023-02-02 05:05:23,751][cbp1.py][line:177][INFO] Epoch:[94/300]	 loss=118.59823	 acc=99.104
[2023-02-02 05:05:34,762][cbp1.py][line:182][INFO] Epoch:[94/300]	 Test acc=71.770
[2023-02-02 05:05:34,762][cbp1.py][line:193][INFO] Best Test acc=71.920
[2023-02-02 05:11:01,134][cbp1.py][line:177][INFO] Epoch:[95/300]	 loss=117.97230	 acc=99.140
[2023-02-02 05:11:12,415][cbp1.py][line:182][INFO] Epoch:[95/300]	 Test acc=71.940
[2023-02-02 05:11:12,585][cbp1.py][line:193][INFO] Best Test acc=71.940
[2023-02-02 05:16:05,425][cbp1.py][line:177][INFO] Epoch:[96/300]	 loss=115.07489	 acc=99.216
[2023-02-02 05:16:16,705][cbp1.py][line:182][INFO] Epoch:[96/300]	 Test acc=71.260
[2023-02-02 05:16:16,705][cbp1.py][line:193][INFO] Best Test acc=71.940
[2023-02-02 05:21:04,888][cbp1.py][line:177][INFO] Epoch:[97/300]	 loss=114.95351	 acc=99.198
[2023-02-02 05:21:16,356][cbp1.py][line:182][INFO] Epoch:[97/300]	 Test acc=71.980
[2023-02-02 05:21:16,522][cbp1.py][line:193][INFO] Best Test acc=71.980
[2023-02-02 05:25:56,784][cbp1.py][line:177][INFO] Epoch:[98/300]	 loss=114.22479	 acc=99.140
[2023-02-02 05:26:08,124][cbp1.py][line:182][INFO] Epoch:[98/300]	 Test acc=71.870
[2023-02-02 05:26:08,124][cbp1.py][line:193][INFO] Best Test acc=71.980
[2023-02-02 05:31:24,074][cbp1.py][line:177][INFO] Epoch:[99/300]	 loss=113.45400	 acc=99.124
[2023-02-02 05:31:35,286][cbp1.py][line:182][INFO] Epoch:[99/300]	 Test acc=71.770
[2023-02-02 05:31:35,286][cbp1.py][line:193][INFO] Best Test acc=71.980
[2023-02-02 05:37:12,786][cbp1.py][line:177][INFO] Epoch:[100/300]	 loss=109.47316	 acc=99.318
[2023-02-02 05:37:24,169][cbp1.py][line:182][INFO] Epoch:[100/300]	 Test acc=72.150
[2023-02-02 05:37:24,337][cbp1.py][line:193][INFO] Best Test acc=72.150
[2023-02-02 05:42:55,730][cbp1.py][line:177][INFO] Epoch:[101/300]	 loss=110.99522	 acc=99.266
[2023-02-02 05:43:07,149][cbp1.py][line:182][INFO] Epoch:[101/300]	 Test acc=71.890
[2023-02-02 05:43:07,149][cbp1.py][line:193][INFO] Best Test acc=72.150
[2023-02-02 05:47:48,157][cbp1.py][line:177][INFO] Epoch:[102/300]	 loss=109.19212	 acc=99.330
[2023-02-02 05:47:59,281][cbp1.py][line:182][INFO] Epoch:[102/300]	 Test acc=71.640
[2023-02-02 05:47:59,281][cbp1.py][line:193][INFO] Best Test acc=72.150
[2023-02-02 05:53:36,515][cbp1.py][line:177][INFO] Epoch:[103/300]	 loss=106.17317	 acc=99.378
[2023-02-02 05:53:47,934][cbp1.py][line:182][INFO] Epoch:[103/300]	 Test acc=72.150
[2023-02-02 05:53:47,934][cbp1.py][line:193][INFO] Best Test acc=72.150
[2023-02-02 05:59:04,786][cbp1.py][line:177][INFO] Epoch:[104/300]	 loss=106.54806	 acc=99.300
[2023-02-02 05:59:16,023][cbp1.py][line:182][INFO] Epoch:[104/300]	 Test acc=71.830
[2023-02-02 05:59:16,023][cbp1.py][line:193][INFO] Best Test acc=72.150
[2023-02-02 06:04:14,900][cbp1.py][line:177][INFO] Epoch:[105/300]	 loss=104.62652	 acc=99.364
[2023-02-02 06:04:25,950][cbp1.py][line:182][INFO] Epoch:[105/300]	 Test acc=71.480
[2023-02-02 06:04:25,950][cbp1.py][line:193][INFO] Best Test acc=72.150
[2023-02-02 06:10:09,486][cbp1.py][line:177][INFO] Epoch:[106/300]	 loss=104.23667	 acc=99.376
[2023-02-02 06:10:20,794][cbp1.py][line:182][INFO] Epoch:[106/300]	 Test acc=71.850
[2023-02-02 06:10:20,794][cbp1.py][line:193][INFO] Best Test acc=72.150
[2023-02-02 06:15:24,601][cbp1.py][line:177][INFO] Epoch:[107/300]	 loss=104.33232	 acc=99.354
[2023-02-02 06:15:35,741][cbp1.py][line:182][INFO] Epoch:[107/300]	 Test acc=71.990
[2023-02-02 06:15:35,741][cbp1.py][line:193][INFO] Best Test acc=72.150
[2023-02-02 06:20:37,684][cbp1.py][line:177][INFO] Epoch:[108/300]	 loss=100.51006	 acc=99.460
[2023-02-02 06:20:48,922][cbp1.py][line:182][INFO] Epoch:[108/300]	 Test acc=71.650
[2023-02-02 06:20:48,922][cbp1.py][line:193][INFO] Best Test acc=72.150
[2023-02-02 06:26:43,581][cbp1.py][line:177][INFO] Epoch:[109/300]	 loss=101.97717	 acc=99.400
[2023-02-02 06:26:54,877][cbp1.py][line:182][INFO] Epoch:[109/300]	 Test acc=71.730
[2023-02-02 06:26:54,877][cbp1.py][line:193][INFO] Best Test acc=72.150
[2023-02-02 06:32:06,104][cbp1.py][line:177][INFO] Epoch:[110/300]	 loss=99.96411	 acc=99.476
[2023-02-02 06:32:17,596][cbp1.py][line:182][INFO] Epoch:[110/300]	 Test acc=72.310
[2023-02-02 06:32:17,797][cbp1.py][line:193][INFO] Best Test acc=72.310
[2023-02-02 06:38:21,382][cbp1.py][line:177][INFO] Epoch:[111/300]	 loss=99.01673	 acc=99.454
[2023-02-02 06:38:32,695][cbp1.py][line:182][INFO] Epoch:[111/300]	 Test acc=71.790
[2023-02-02 06:38:32,696][cbp1.py][line:193][INFO] Best Test acc=72.310
[2023-02-02 06:44:07,237][cbp1.py][line:177][INFO] Epoch:[112/300]	 loss=98.61626	 acc=99.500
[2023-02-02 06:44:18,469][cbp1.py][line:182][INFO] Epoch:[112/300]	 Test acc=72.400
[2023-02-02 06:44:18,631][cbp1.py][line:193][INFO] Best Test acc=72.400
[2023-02-02 06:50:23,763][cbp1.py][line:177][INFO] Epoch:[113/300]	 loss=94.72367	 acc=99.624
[2023-02-02 06:50:35,199][cbp1.py][line:182][INFO] Epoch:[113/300]	 Test acc=72.000
[2023-02-02 06:50:35,200][cbp1.py][line:193][INFO] Best Test acc=72.400
[2023-02-02 06:55:34,939][cbp1.py][line:177][INFO] Epoch:[114/300]	 loss=95.15759	 acc=99.538
[2023-02-02 06:55:46,031][cbp1.py][line:182][INFO] Epoch:[114/300]	 Test acc=71.900
[2023-02-02 06:55:46,031][cbp1.py][line:193][INFO] Best Test acc=72.400
[2023-02-02 07:01:28,025][cbp1.py][line:177][INFO] Epoch:[115/300]	 loss=94.57791	 acc=99.582
[2023-02-02 07:01:39,127][cbp1.py][line:182][INFO] Epoch:[115/300]	 Test acc=71.770
[2023-02-02 07:01:39,127][cbp1.py][line:193][INFO] Best Test acc=72.400
[2023-02-02 07:07:43,021][cbp1.py][line:177][INFO] Epoch:[116/300]	 loss=93.72963	 acc=99.562
[2023-02-02 07:07:54,303][cbp1.py][line:182][INFO] Epoch:[116/300]	 Test acc=71.560
[2023-02-02 07:07:54,303][cbp1.py][line:193][INFO] Best Test acc=72.400
[2023-02-02 07:13:43,718][cbp1.py][line:177][INFO] Epoch:[117/300]	 loss=92.84959	 acc=99.556
[2023-02-02 07:13:54,841][cbp1.py][line:182][INFO] Epoch:[117/300]	 Test acc=71.910
[2023-02-02 07:13:54,841][cbp1.py][line:193][INFO] Best Test acc=72.400
[2023-02-02 07:18:28,317][cbp1.py][line:177][INFO] Epoch:[118/300]	 loss=91.98535	 acc=99.570
[2023-02-02 07:18:39,189][cbp1.py][line:182][INFO] Epoch:[118/300]	 Test acc=72.060
[2023-02-02 07:18:39,189][cbp1.py][line:193][INFO] Best Test acc=72.400
[2023-02-02 07:24:06,556][cbp1.py][line:177][INFO] Epoch:[119/300]	 loss=91.23427	 acc=99.584
[2023-02-02 07:24:17,892][cbp1.py][line:182][INFO] Epoch:[119/300]	 Test acc=71.540
[2023-02-02 07:24:17,892][cbp1.py][line:193][INFO] Best Test acc=72.400
[2023-02-02 07:29:19,377][cbp1.py][line:177][INFO] Epoch:[120/300]	 loss=89.94340	 acc=99.578
[2023-02-02 07:29:30,374][cbp1.py][line:182][INFO] Epoch:[120/300]	 Test acc=72.100
[2023-02-02 07:29:30,374][cbp1.py][line:193][INFO] Best Test acc=72.400
[2023-02-02 07:34:27,563][cbp1.py][line:177][INFO] Epoch:[121/300]	 loss=88.30521	 acc=99.660
[2023-02-02 07:34:38,516][cbp1.py][line:182][INFO] Epoch:[121/300]	 Test acc=72.140
[2023-02-02 07:34:38,516][cbp1.py][line:193][INFO] Best Test acc=72.400
[2023-02-02 07:40:36,384][cbp1.py][line:177][INFO] Epoch:[122/300]	 loss=87.56909	 acc=99.640
[2023-02-02 07:40:47,732][cbp1.py][line:182][INFO] Epoch:[122/300]	 Test acc=71.670
[2023-02-02 07:40:47,733][cbp1.py][line:193][INFO] Best Test acc=72.400
[2023-02-02 07:45:52,095][cbp1.py][line:177][INFO] Epoch:[123/300]	 loss=86.46046	 acc=99.654
[2023-02-02 07:46:03,396][cbp1.py][line:182][INFO] Epoch:[123/300]	 Test acc=72.340
[2023-02-02 07:46:03,397][cbp1.py][line:193][INFO] Best Test acc=72.400
[2023-02-02 07:50:46,026][cbp1.py][line:177][INFO] Epoch:[124/300]	 loss=87.57448	 acc=99.634
[2023-02-02 07:50:56,881][cbp1.py][line:182][INFO] Epoch:[124/300]	 Test acc=71.740
[2023-02-02 07:50:56,881][cbp1.py][line:193][INFO] Best Test acc=72.400
[2023-02-02 07:56:15,033][cbp1.py][line:177][INFO] Epoch:[125/300]	 loss=85.39831	 acc=99.656
[2023-02-02 07:56:26,031][cbp1.py][line:182][INFO] Epoch:[125/300]	 Test acc=72.130
[2023-02-02 07:56:26,031][cbp1.py][line:193][INFO] Best Test acc=72.400
[2023-02-02 08:02:04,174][cbp1.py][line:177][INFO] Epoch:[126/300]	 loss=84.54230	 acc=99.660
[2023-02-02 08:02:15,060][cbp1.py][line:182][INFO] Epoch:[126/300]	 Test acc=72.390
[2023-02-02 08:02:15,060][cbp1.py][line:193][INFO] Best Test acc=72.400
[2023-02-02 08:08:16,659][cbp1.py][line:177][INFO] Epoch:[127/300]	 loss=84.67931	 acc=99.634
[2023-02-02 08:08:27,677][cbp1.py][line:182][INFO] Epoch:[127/300]	 Test acc=72.830
[2023-02-02 08:08:27,847][cbp1.py][line:193][INFO] Best Test acc=72.830
[2023-02-02 08:14:08,110][cbp1.py][line:177][INFO] Epoch:[128/300]	 loss=82.08355	 acc=99.720
[2023-02-02 08:14:19,051][cbp1.py][line:182][INFO] Epoch:[128/300]	 Test acc=72.790
[2023-02-02 08:14:19,052][cbp1.py][line:193][INFO] Best Test acc=72.830
[2023-02-02 08:20:04,481][cbp1.py][line:177][INFO] Epoch:[129/300]	 loss=81.90353	 acc=99.690
[2023-02-02 08:20:15,675][cbp1.py][line:182][INFO] Epoch:[129/300]	 Test acc=72.780
[2023-02-02 08:20:15,675][cbp1.py][line:193][INFO] Best Test acc=72.830
[2023-02-02 08:25:35,771][cbp1.py][line:177][INFO] Epoch:[130/300]	 loss=80.33665	 acc=99.718
[2023-02-02 08:25:46,796][cbp1.py][line:182][INFO] Epoch:[130/300]	 Test acc=72.670
[2023-02-02 08:25:46,797][cbp1.py][line:193][INFO] Best Test acc=72.830
[2023-02-02 08:31:47,489][cbp1.py][line:177][INFO] Epoch:[131/300]	 loss=80.14883	 acc=99.734
[2023-02-02 08:31:58,652][cbp1.py][line:182][INFO] Epoch:[131/300]	 Test acc=71.810
[2023-02-02 08:31:58,653][cbp1.py][line:193][INFO] Best Test acc=72.830
[2023-02-02 08:37:34,656][cbp1.py][line:177][INFO] Epoch:[132/300]	 loss=79.29574	 acc=99.708
[2023-02-02 08:37:45,736][cbp1.py][line:182][INFO] Epoch:[132/300]	 Test acc=72.920
[2023-02-02 08:37:45,909][cbp1.py][line:193][INFO] Best Test acc=72.920
[2023-02-02 08:43:58,949][cbp1.py][line:177][INFO] Epoch:[133/300]	 loss=78.03366	 acc=99.736
[2023-02-02 08:44:09,946][cbp1.py][line:182][INFO] Epoch:[133/300]	 Test acc=71.940
[2023-02-02 08:44:09,947][cbp1.py][line:193][INFO] Best Test acc=72.920
[2023-02-02 08:49:05,085][cbp1.py][line:177][INFO] Epoch:[134/300]	 loss=78.56835	 acc=99.708
[2023-02-02 08:49:15,985][cbp1.py][line:182][INFO] Epoch:[134/300]	 Test acc=72.350
[2023-02-02 08:49:15,985][cbp1.py][line:193][INFO] Best Test acc=72.920
[2023-02-02 08:53:55,840][cbp1.py][line:177][INFO] Epoch:[135/300]	 loss=76.57677	 acc=99.756
[2023-02-02 08:54:06,806][cbp1.py][line:182][INFO] Epoch:[135/300]	 Test acc=72.560
[2023-02-02 08:54:06,806][cbp1.py][line:193][INFO] Best Test acc=72.920
[2023-02-02 08:58:52,801][cbp1.py][line:177][INFO] Epoch:[136/300]	 loss=76.80917	 acc=99.778
[2023-02-02 08:59:03,752][cbp1.py][line:182][INFO] Epoch:[136/300]	 Test acc=72.480
[2023-02-02 08:59:03,752][cbp1.py][line:193][INFO] Best Test acc=72.920
[2023-02-02 09:03:52,512][cbp1.py][line:177][INFO] Epoch:[137/300]	 loss=76.47312	 acc=99.760
[2023-02-02 09:04:03,520][cbp1.py][line:182][INFO] Epoch:[137/300]	 Test acc=72.040
[2023-02-02 09:04:03,520][cbp1.py][line:193][INFO] Best Test acc=72.920
[2023-02-02 09:08:53,367][cbp1.py][line:177][INFO] Epoch:[138/300]	 loss=75.10138	 acc=99.774
[2023-02-02 09:09:04,399][cbp1.py][line:182][INFO] Epoch:[138/300]	 Test acc=72.600
[2023-02-02 09:09:04,399][cbp1.py][line:193][INFO] Best Test acc=72.920
[2023-02-02 09:13:53,503][cbp1.py][line:177][INFO] Epoch:[139/300]	 loss=74.14424	 acc=99.778
[2023-02-02 09:14:04,718][cbp1.py][line:182][INFO] Epoch:[139/300]	 Test acc=72.970
[2023-02-02 09:14:04,926][cbp1.py][line:193][INFO] Best Test acc=72.970
[2023-02-02 09:18:50,404][cbp1.py][line:177][INFO] Epoch:[140/300]	 loss=74.40987	 acc=99.758
[2023-02-02 09:19:01,331][cbp1.py][line:182][INFO] Epoch:[140/300]	 Test acc=72.670
[2023-02-02 09:19:01,332][cbp1.py][line:193][INFO] Best Test acc=72.970
[2023-02-02 09:23:50,727][cbp1.py][line:177][INFO] Epoch:[141/300]	 loss=73.00134	 acc=99.822
[2023-02-02 09:24:01,668][cbp1.py][line:182][INFO] Epoch:[141/300]	 Test acc=72.660
[2023-02-02 09:24:01,668][cbp1.py][line:193][INFO] Best Test acc=72.970
[2023-02-02 09:29:08,894][cbp1.py][line:177][INFO] Epoch:[142/300]	 loss=72.91352	 acc=99.806
[2023-02-02 09:29:20,005][cbp1.py][line:182][INFO] Epoch:[142/300]	 Test acc=72.720
[2023-02-02 09:29:20,006][cbp1.py][line:193][INFO] Best Test acc=72.970
[2023-02-02 09:35:45,588][cbp1.py][line:177][INFO] Epoch:[143/300]	 loss=72.20203	 acc=99.770
[2023-02-02 09:35:56,705][cbp1.py][line:182][INFO] Epoch:[143/300]	 Test acc=73.060
[2023-02-02 09:35:56,863][cbp1.py][line:193][INFO] Best Test acc=73.060
[2023-02-02 09:41:04,481][cbp1.py][line:177][INFO] Epoch:[144/300]	 loss=70.91642	 acc=99.800
[2023-02-02 09:41:15,588][cbp1.py][line:182][INFO] Epoch:[144/300]	 Test acc=73.120
[2023-02-02 09:41:15,744][cbp1.py][line:193][INFO] Best Test acc=73.120
[2023-02-02 09:46:17,783][cbp1.py][line:177][INFO] Epoch:[145/300]	 loss=70.73833	 acc=99.806
[2023-02-02 09:46:28,706][cbp1.py][line:182][INFO] Epoch:[145/300]	 Test acc=73.170
[2023-02-02 09:46:28,864][cbp1.py][line:193][INFO] Best Test acc=73.170
[2023-02-02 09:53:21,596][cbp1.py][line:177][INFO] Epoch:[146/300]	 loss=70.51217	 acc=99.814
[2023-02-02 09:53:32,724][cbp1.py][line:182][INFO] Epoch:[146/300]	 Test acc=72.820
[2023-02-02 09:53:32,725][cbp1.py][line:193][INFO] Best Test acc=73.170
[2023-02-02 10:00:05,969][cbp1.py][line:177][INFO] Epoch:[147/300]	 loss=68.82210	 acc=99.824
[2023-02-02 10:00:17,334][cbp1.py][line:182][INFO] Epoch:[147/300]	 Test acc=72.910
[2023-02-02 10:00:17,334][cbp1.py][line:193][INFO] Best Test acc=73.170
[2023-02-02 10:07:12,326][cbp1.py][line:177][INFO] Epoch:[148/300]	 loss=69.07749	 acc=99.834
[2023-02-02 10:07:23,616][cbp1.py][line:182][INFO] Epoch:[148/300]	 Test acc=72.350
[2023-02-02 10:07:23,617][cbp1.py][line:193][INFO] Best Test acc=73.170
[2023-02-02 10:14:30,092][cbp1.py][line:177][INFO] Epoch:[149/300]	 loss=68.75285	 acc=99.830
[2023-02-02 10:14:41,278][cbp1.py][line:182][INFO] Epoch:[149/300]	 Test acc=72.860
[2023-02-02 10:14:41,278][cbp1.py][line:193][INFO] Best Test acc=73.170
[2023-02-02 10:22:02,185][cbp1.py][line:177][INFO] Epoch:[150/300]	 loss=68.27779	 acc=99.860
[2023-02-02 10:22:13,462][cbp1.py][line:182][INFO] Epoch:[150/300]	 Test acc=73.000
[2023-02-02 10:22:13,462][cbp1.py][line:193][INFO] Best Test acc=73.170
[2023-02-02 10:29:32,477][cbp1.py][line:177][INFO] Epoch:[151/300]	 loss=67.23726	 acc=99.816
[2023-02-02 10:29:43,809][cbp1.py][line:182][INFO] Epoch:[151/300]	 Test acc=73.540
[2023-02-02 10:29:44,030][cbp1.py][line:193][INFO] Best Test acc=73.540
[2023-02-02 10:36:59,795][cbp1.py][line:177][INFO] Epoch:[152/300]	 loss=66.26027	 acc=99.878
[2023-02-02 10:37:11,203][cbp1.py][line:182][INFO] Epoch:[152/300]	 Test acc=73.130
[2023-02-02 10:37:11,203][cbp1.py][line:193][INFO] Best Test acc=73.540
[2023-02-02 10:44:39,264][cbp1.py][line:177][INFO] Epoch:[153/300]	 loss=66.36351	 acc=99.844
[2023-02-02 10:44:50,441][cbp1.py][line:182][INFO] Epoch:[153/300]	 Test acc=73.110
[2023-02-02 10:44:50,442][cbp1.py][line:193][INFO] Best Test acc=73.540
[2023-02-02 10:52:03,220][cbp1.py][line:177][INFO] Epoch:[154/300]	 loss=66.18767	 acc=99.834
[2023-02-02 10:52:14,604][cbp1.py][line:182][INFO] Epoch:[154/300]	 Test acc=72.710
[2023-02-02 10:52:14,605][cbp1.py][line:193][INFO] Best Test acc=73.540
[2023-02-02 10:59:32,253][cbp1.py][line:177][INFO] Epoch:[155/300]	 loss=64.68058	 acc=99.866
[2023-02-02 10:59:43,601][cbp1.py][line:182][INFO] Epoch:[155/300]	 Test acc=73.300
[2023-02-02 10:59:43,601][cbp1.py][line:193][INFO] Best Test acc=73.540
[2023-02-02 11:06:53,120][cbp1.py][line:177][INFO] Epoch:[156/300]	 loss=64.13396	 acc=99.874
[2023-02-02 11:07:04,508][cbp1.py][line:182][INFO] Epoch:[156/300]	 Test acc=72.660
[2023-02-02 11:07:04,508][cbp1.py][line:193][INFO] Best Test acc=73.540
[2023-02-02 11:14:25,240][cbp1.py][line:177][INFO] Epoch:[157/300]	 loss=63.49181	 acc=99.886
[2023-02-02 11:14:36,533][cbp1.py][line:182][INFO] Epoch:[157/300]	 Test acc=72.800
[2023-02-02 11:14:36,533][cbp1.py][line:193][INFO] Best Test acc=73.540
[2023-02-02 11:22:04,846][cbp1.py][line:177][INFO] Epoch:[158/300]	 loss=63.68930	 acc=99.856
[2023-02-02 11:22:16,202][cbp1.py][line:182][INFO] Epoch:[158/300]	 Test acc=73.430
[2023-02-02 11:22:16,203][cbp1.py][line:193][INFO] Best Test acc=73.540
[2023-02-02 11:29:40,187][cbp1.py][line:177][INFO] Epoch:[159/300]	 loss=63.84000	 acc=99.830
[2023-02-02 11:29:51,489][cbp1.py][line:182][INFO] Epoch:[159/300]	 Test acc=72.960
[2023-02-02 11:29:51,490][cbp1.py][line:193][INFO] Best Test acc=73.540
[2023-02-02 11:37:16,734][cbp1.py][line:177][INFO] Epoch:[160/300]	 loss=62.43001	 acc=99.846
[2023-02-02 11:37:28,033][cbp1.py][line:182][INFO] Epoch:[160/300]	 Test acc=73.520
[2023-02-02 11:37:28,033][cbp1.py][line:193][INFO] Best Test acc=73.540
[2023-02-02 11:44:58,503][cbp1.py][line:177][INFO] Epoch:[161/300]	 loss=61.38305	 acc=99.896
[2023-02-02 11:45:09,930][cbp1.py][line:182][INFO] Epoch:[161/300]	 Test acc=73.310
[2023-02-02 11:45:09,930][cbp1.py][line:193][INFO] Best Test acc=73.540
[2023-02-02 11:52:38,875][cbp1.py][line:177][INFO] Epoch:[162/300]	 loss=60.50907	 acc=99.892
[2023-02-02 11:52:50,191][cbp1.py][line:182][INFO] Epoch:[162/300]	 Test acc=73.160
[2023-02-02 11:52:50,192][cbp1.py][line:193][INFO] Best Test acc=73.540
[2023-02-02 12:00:26,031][cbp1.py][line:177][INFO] Epoch:[163/300]	 loss=61.00906	 acc=99.894
[2023-02-02 12:00:37,453][cbp1.py][line:182][INFO] Epoch:[163/300]	 Test acc=73.020
[2023-02-02 12:00:37,453][cbp1.py][line:193][INFO] Best Test acc=73.540
[2023-02-02 12:08:32,821][cbp1.py][line:177][INFO] Epoch:[164/300]	 loss=60.46794	 acc=99.886
[2023-02-02 12:08:44,225][cbp1.py][line:182][INFO] Epoch:[164/300]	 Test acc=72.980
[2023-02-02 12:08:44,225][cbp1.py][line:193][INFO] Best Test acc=73.540
[2023-02-02 12:16:27,474][cbp1.py][line:177][INFO] Epoch:[165/300]	 loss=59.68840	 acc=99.906
[2023-02-02 12:16:38,796][cbp1.py][line:182][INFO] Epoch:[165/300]	 Test acc=73.220
[2023-02-02 12:16:38,797][cbp1.py][line:193][INFO] Best Test acc=73.540
[2023-02-02 12:24:21,991][cbp1.py][line:177][INFO] Epoch:[166/300]	 loss=58.49731	 acc=99.916
[2023-02-02 12:24:33,409][cbp1.py][line:182][INFO] Epoch:[166/300]	 Test acc=73.400
[2023-02-02 12:24:33,410][cbp1.py][line:193][INFO] Best Test acc=73.540
[2023-02-02 12:32:39,683][cbp1.py][line:177][INFO] Epoch:[167/300]	 loss=58.87117	 acc=99.912
[2023-02-02 12:32:51,106][cbp1.py][line:182][INFO] Epoch:[167/300]	 Test acc=73.500
[2023-02-02 12:32:51,106][cbp1.py][line:193][INFO] Best Test acc=73.540
[2023-02-02 12:40:43,435][cbp1.py][line:177][INFO] Epoch:[168/300]	 loss=58.53740	 acc=99.890
[2023-02-02 12:40:54,751][cbp1.py][line:182][INFO] Epoch:[168/300]	 Test acc=72.760
[2023-02-02 12:40:54,751][cbp1.py][line:193][INFO] Best Test acc=73.540
[2023-02-02 12:48:47,424][cbp1.py][line:177][INFO] Epoch:[169/300]	 loss=58.43308	 acc=99.926
[2023-02-02 12:48:58,688][cbp1.py][line:182][INFO] Epoch:[169/300]	 Test acc=73.440
[2023-02-02 12:48:58,688][cbp1.py][line:193][INFO] Best Test acc=73.540
[2023-02-02 12:54:47,815][cbp1.py][line:177][INFO] Epoch:[170/300]	 loss=57.70764	 acc=99.894
[2023-02-02 12:54:58,817][cbp1.py][line:182][INFO] Epoch:[170/300]	 Test acc=73.420
[2023-02-02 12:54:58,817][cbp1.py][line:193][INFO] Best Test acc=73.540
[2023-02-02 13:01:52,275][cbp1.py][line:177][INFO] Epoch:[171/300]	 loss=57.94559	 acc=99.886
[2023-02-02 13:02:03,600][cbp1.py][line:182][INFO] Epoch:[171/300]	 Test acc=72.980
[2023-02-02 13:02:03,600][cbp1.py][line:193][INFO] Best Test acc=73.540
[2023-02-02 13:07:57,426][cbp1.py][line:177][INFO] Epoch:[172/300]	 loss=56.99343	 acc=99.914
[2023-02-02 13:08:08,414][cbp1.py][line:182][INFO] Epoch:[172/300]	 Test acc=73.320
[2023-02-02 13:08:08,414][cbp1.py][line:193][INFO] Best Test acc=73.540
[2023-02-02 13:15:06,238][cbp1.py][line:177][INFO] Epoch:[173/300]	 loss=55.98041	 acc=99.912
[2023-02-02 13:15:17,521][cbp1.py][line:182][INFO] Epoch:[173/300]	 Test acc=73.300
[2023-02-02 13:15:17,523][cbp1.py][line:193][INFO] Best Test acc=73.540
[2023-02-02 13:20:30,111][cbp1.py][line:177][INFO] Epoch:[174/300]	 loss=55.63574	 acc=99.920
[2023-02-02 13:20:41,070][cbp1.py][line:182][INFO] Epoch:[174/300]	 Test acc=73.210
[2023-02-02 13:20:41,070][cbp1.py][line:193][INFO] Best Test acc=73.540
[2023-02-02 13:27:12,119][cbp1.py][line:177][INFO] Epoch:[175/300]	 loss=55.30738	 acc=99.912
[2023-02-02 13:27:23,079][cbp1.py][line:182][INFO] Epoch:[175/300]	 Test acc=72.970
[2023-02-02 13:27:23,080][cbp1.py][line:193][INFO] Best Test acc=73.540
[2023-02-02 13:32:36,269][cbp1.py][line:177][INFO] Epoch:[176/300]	 loss=55.01221	 acc=99.902
[2023-02-02 13:32:47,382][cbp1.py][line:182][INFO] Epoch:[176/300]	 Test acc=73.180
[2023-02-02 13:32:47,383][cbp1.py][line:193][INFO] Best Test acc=73.540
[2023-02-02 13:38:51,038][cbp1.py][line:177][INFO] Epoch:[177/300]	 loss=54.32154	 acc=99.918
[2023-02-02 13:39:02,094][cbp1.py][line:182][INFO] Epoch:[177/300]	 Test acc=73.410
[2023-02-02 13:39:02,094][cbp1.py][line:193][INFO] Best Test acc=73.540
[2023-02-02 13:45:29,734][cbp1.py][line:177][INFO] Epoch:[178/300]	 loss=54.94408	 acc=99.926
[2023-02-02 13:45:40,682][cbp1.py][line:182][INFO] Epoch:[178/300]	 Test acc=73.670
[2023-02-02 13:45:40,888][cbp1.py][line:193][INFO] Best Test acc=73.670
[2023-02-02 13:50:55,561][cbp1.py][line:177][INFO] Epoch:[179/300]	 loss=54.19605	 acc=99.916
[2023-02-02 13:51:06,555][cbp1.py][line:182][INFO] Epoch:[179/300]	 Test acc=73.440
[2023-02-02 13:51:06,555][cbp1.py][line:193][INFO] Best Test acc=73.670
[2023-02-02 13:57:50,110][cbp1.py][line:177][INFO] Epoch:[180/300]	 loss=53.35274	 acc=99.928
[2023-02-02 13:58:01,071][cbp1.py][line:182][INFO] Epoch:[180/300]	 Test acc=73.830
[2023-02-02 13:58:01,228][cbp1.py][line:193][INFO] Best Test acc=73.830
[2023-02-02 14:03:23,108][cbp1.py][line:177][INFO] Epoch:[181/300]	 loss=53.46214	 acc=99.934
[2023-02-02 14:03:34,120][cbp1.py][line:182][INFO] Epoch:[181/300]	 Test acc=73.060
[2023-02-02 14:03:34,120][cbp1.py][line:193][INFO] Best Test acc=73.830
[2023-02-02 14:09:44,957][cbp1.py][line:177][INFO] Epoch:[182/300]	 loss=52.42864	 acc=99.918
[2023-02-02 14:09:55,996][cbp1.py][line:182][INFO] Epoch:[182/300]	 Test acc=73.270
[2023-02-02 14:09:55,996][cbp1.py][line:193][INFO] Best Test acc=73.830
[2023-02-02 14:15:25,084][cbp1.py][line:177][INFO] Epoch:[183/300]	 loss=52.72223	 acc=99.936
[2023-02-02 14:15:36,127][cbp1.py][line:182][INFO] Epoch:[183/300]	 Test acc=73.620
[2023-02-02 14:15:36,128][cbp1.py][line:193][INFO] Best Test acc=73.830
[2023-02-02 14:21:17,860][cbp1.py][line:177][INFO] Epoch:[184/300]	 loss=52.41364	 acc=99.928
[2023-02-02 14:21:28,863][cbp1.py][line:182][INFO] Epoch:[184/300]	 Test acc=73.310
[2023-02-02 14:21:28,863][cbp1.py][line:193][INFO] Best Test acc=73.830
[2023-02-02 14:26:48,486][cbp1.py][line:177][INFO] Epoch:[185/300]	 loss=51.20978	 acc=99.940
[2023-02-02 14:26:59,531][cbp1.py][line:182][INFO] Epoch:[185/300]	 Test acc=73.240
[2023-02-02 14:26:59,531][cbp1.py][line:193][INFO] Best Test acc=73.830
[2023-02-02 14:33:00,853][cbp1.py][line:177][INFO] Epoch:[186/300]	 loss=51.93233	 acc=99.932
[2023-02-02 14:33:11,921][cbp1.py][line:182][INFO] Epoch:[186/300]	 Test acc=73.960
[2023-02-02 14:33:12,083][cbp1.py][line:193][INFO] Best Test acc=73.960
[2023-02-02 14:40:29,254][cbp1.py][line:177][INFO] Epoch:[187/300]	 loss=50.74144	 acc=99.938
[2023-02-02 14:40:40,402][cbp1.py][line:182][INFO] Epoch:[187/300]	 Test acc=73.520
[2023-02-02 14:40:40,402][cbp1.py][line:193][INFO] Best Test acc=73.960
[2023-02-02 14:46:06,138][cbp1.py][line:177][INFO] Epoch:[188/300]	 loss=51.35130	 acc=99.928
[2023-02-02 14:46:17,216][cbp1.py][line:182][INFO] Epoch:[188/300]	 Test acc=74.180
[2023-02-02 14:46:17,374][cbp1.py][line:193][INFO] Best Test acc=74.180
[2023-02-02 14:53:33,907][cbp1.py][line:177][INFO] Epoch:[189/300]	 loss=50.36484	 acc=99.932
[2023-02-02 14:53:44,959][cbp1.py][line:182][INFO] Epoch:[189/300]	 Test acc=73.660
[2023-02-02 14:53:44,959][cbp1.py][line:193][INFO] Best Test acc=74.180
[2023-02-02 15:00:46,775][cbp1.py][line:177][INFO] Epoch:[190/300]	 loss=49.42378	 acc=99.940
[2023-02-02 15:00:58,092][cbp1.py][line:182][INFO] Epoch:[190/300]	 Test acc=73.740
[2023-02-02 15:00:58,092][cbp1.py][line:193][INFO] Best Test acc=74.180
[2023-02-02 15:07:15,752][cbp1.py][line:177][INFO] Epoch:[191/300]	 loss=49.36274	 acc=99.944
[2023-02-02 15:07:26,764][cbp1.py][line:182][INFO] Epoch:[191/300]	 Test acc=73.250
[2023-02-02 15:07:26,764][cbp1.py][line:193][INFO] Best Test acc=74.180
[2023-02-02 15:13:16,817][cbp1.py][line:177][INFO] Epoch:[192/300]	 loss=49.02400	 acc=99.944
[2023-02-02 15:13:27,943][cbp1.py][line:182][INFO] Epoch:[192/300]	 Test acc=73.510
[2023-02-02 15:13:27,943][cbp1.py][line:193][INFO] Best Test acc=74.180
[2023-02-02 15:19:25,891][cbp1.py][line:177][INFO] Epoch:[193/300]	 loss=48.78566	 acc=99.954
[2023-02-02 15:19:37,145][cbp1.py][line:182][INFO] Epoch:[193/300]	 Test acc=73.450
[2023-02-02 15:19:37,146][cbp1.py][line:193][INFO] Best Test acc=74.180
[2023-02-02 15:26:08,213][cbp1.py][line:177][INFO] Epoch:[194/300]	 loss=48.93257	 acc=99.952
[2023-02-02 15:26:19,517][cbp1.py][line:182][INFO] Epoch:[194/300]	 Test acc=74.180
[2023-02-02 15:26:19,518][cbp1.py][line:193][INFO] Best Test acc=74.180
[2023-02-02 15:34:13,870][cbp1.py][line:177][INFO] Epoch:[195/300]	 loss=48.43151	 acc=99.958
[2023-02-02 15:34:25,174][cbp1.py][line:182][INFO] Epoch:[195/300]	 Test acc=73.760
[2023-02-02 15:34:25,174][cbp1.py][line:193][INFO] Best Test acc=74.180
[2023-02-02 15:41:38,410][cbp1.py][line:177][INFO] Epoch:[196/300]	 loss=47.77708	 acc=99.954
[2023-02-02 15:41:49,500][cbp1.py][line:182][INFO] Epoch:[196/300]	 Test acc=73.700
[2023-02-02 15:41:49,500][cbp1.py][line:193][INFO] Best Test acc=74.180
[2023-02-02 15:49:11,206][cbp1.py][line:177][INFO] Epoch:[197/300]	 loss=47.40919	 acc=99.938
[2023-02-02 15:49:22,176][cbp1.py][line:182][INFO] Epoch:[197/300]	 Test acc=73.670
[2023-02-02 15:49:22,176][cbp1.py][line:193][INFO] Best Test acc=74.180
[2023-02-02 15:55:49,999][cbp1.py][line:177][INFO] Epoch:[198/300]	 loss=47.07339	 acc=99.956
[2023-02-02 15:56:01,087][cbp1.py][line:182][INFO] Epoch:[198/300]	 Test acc=73.650
[2023-02-02 15:56:01,087][cbp1.py][line:193][INFO] Best Test acc=74.180
[2023-02-02 16:02:32,743][cbp1.py][line:177][INFO] Epoch:[199/300]	 loss=46.92467	 acc=99.956
[2023-02-02 16:02:43,736][cbp1.py][line:182][INFO] Epoch:[199/300]	 Test acc=73.690
[2023-02-02 16:02:43,736][cbp1.py][line:193][INFO] Best Test acc=74.180
[2023-02-02 16:10:37,757][cbp1.py][line:177][INFO] Epoch:[200/300]	 loss=47.33846	 acc=99.942
[2023-02-02 16:10:48,767][cbp1.py][line:182][INFO] Epoch:[200/300]	 Test acc=73.900
[2023-02-02 16:10:48,767][cbp1.py][line:193][INFO] Best Test acc=74.180
[2023-02-02 16:18:24,172][cbp1.py][line:177][INFO] Epoch:[201/300]	 loss=46.87543	 acc=99.956
[2023-02-02 16:18:35,458][cbp1.py][line:182][INFO] Epoch:[201/300]	 Test acc=73.800
[2023-02-02 16:18:35,458][cbp1.py][line:193][INFO] Best Test acc=74.180
[2023-02-02 16:24:59,351][cbp1.py][line:177][INFO] Epoch:[202/300]	 loss=46.24203	 acc=99.962
[2023-02-02 16:25:10,544][cbp1.py][line:182][INFO] Epoch:[202/300]	 Test acc=73.930
[2023-02-02 16:25:10,544][cbp1.py][line:193][INFO] Best Test acc=74.180
[2023-02-02 16:32:56,284][cbp1.py][line:177][INFO] Epoch:[203/300]	 loss=45.82754	 acc=99.950
[2023-02-02 16:33:07,604][cbp1.py][line:182][INFO] Epoch:[203/300]	 Test acc=73.980
[2023-02-02 16:33:07,605][cbp1.py][line:193][INFO] Best Test acc=74.180
[2023-02-02 16:40:12,465][cbp1.py][line:177][INFO] Epoch:[204/300]	 loss=45.20819	 acc=99.946
[2023-02-02 16:40:23,834][cbp1.py][line:182][INFO] Epoch:[204/300]	 Test acc=73.880
[2023-02-02 16:40:23,834][cbp1.py][line:193][INFO] Best Test acc=74.180
[2023-02-02 16:46:44,312][cbp1.py][line:177][INFO] Epoch:[205/300]	 loss=45.07486	 acc=99.948
[2023-02-02 16:46:55,305][cbp1.py][line:182][INFO] Epoch:[205/300]	 Test acc=73.860
[2023-02-02 16:46:55,305][cbp1.py][line:193][INFO] Best Test acc=74.180
[2023-02-02 16:54:53,975][cbp1.py][line:177][INFO] Epoch:[206/300]	 loss=45.12088	 acc=99.954
[2023-02-02 16:55:05,116][cbp1.py][line:182][INFO] Epoch:[206/300]	 Test acc=73.720
[2023-02-02 16:55:05,116][cbp1.py][line:193][INFO] Best Test acc=74.180
[2023-02-02 17:02:37,215][cbp1.py][line:177][INFO] Epoch:[207/300]	 loss=45.51078	 acc=99.952
[2023-02-02 17:02:48,449][cbp1.py][line:182][INFO] Epoch:[207/300]	 Test acc=73.570
[2023-02-02 17:02:48,449][cbp1.py][line:193][INFO] Best Test acc=74.180
[2023-02-02 17:09:36,788][cbp1.py][line:177][INFO] Epoch:[208/300]	 loss=44.48970	 acc=99.950
[2023-02-02 17:09:47,836][cbp1.py][line:182][INFO] Epoch:[208/300]	 Test acc=73.660
[2023-02-02 17:09:47,836][cbp1.py][line:193][INFO] Best Test acc=74.180
[2023-02-02 17:17:11,053][cbp1.py][line:177][INFO] Epoch:[209/300]	 loss=44.44922	 acc=99.960
[2023-02-02 17:17:22,348][cbp1.py][line:182][INFO] Epoch:[209/300]	 Test acc=73.920
[2023-02-02 17:17:22,348][cbp1.py][line:193][INFO] Best Test acc=74.180
[2023-02-02 17:23:13,368][cbp1.py][line:177][INFO] Epoch:[210/300]	 loss=43.85264	 acc=99.958
[2023-02-02 17:23:24,436][cbp1.py][line:182][INFO] Epoch:[210/300]	 Test acc=73.670
[2023-02-02 17:23:24,436][cbp1.py][line:193][INFO] Best Test acc=74.180
[2023-02-02 17:30:55,766][cbp1.py][line:177][INFO] Epoch:[211/300]	 loss=43.62901	 acc=99.966
[2023-02-02 17:31:06,911][cbp1.py][line:182][INFO] Epoch:[211/300]	 Test acc=73.760
[2023-02-02 17:31:06,911][cbp1.py][line:193][INFO] Best Test acc=74.180
[2023-02-02 17:39:00,744][cbp1.py][line:177][INFO] Epoch:[212/300]	 loss=43.48195	 acc=99.954
[2023-02-02 17:39:11,815][cbp1.py][line:182][INFO] Epoch:[212/300]	 Test acc=73.920
[2023-02-02 17:39:11,815][cbp1.py][line:193][INFO] Best Test acc=74.180
[2023-02-02 17:47:22,372][cbp1.py][line:177][INFO] Epoch:[213/300]	 loss=43.59179	 acc=99.976
[2023-02-02 17:47:33,556][cbp1.py][line:182][INFO] Epoch:[213/300]	 Test acc=73.730
[2023-02-02 17:47:33,556][cbp1.py][line:193][INFO] Best Test acc=74.180
[2023-02-02 17:56:27,608][cbp1.py][line:177][INFO] Epoch:[214/300]	 loss=43.73199	 acc=99.960
[2023-02-02 17:56:38,677][cbp1.py][line:182][INFO] Epoch:[214/300]	 Test acc=74.050
[2023-02-02 17:56:38,677][cbp1.py][line:193][INFO] Best Test acc=74.180
[2023-02-02 18:03:24,542][cbp1.py][line:177][INFO] Epoch:[215/300]	 loss=43.05877	 acc=99.956
[2023-02-02 18:03:35,556][cbp1.py][line:182][INFO] Epoch:[215/300]	 Test acc=74.070
[2023-02-02 18:03:35,556][cbp1.py][line:193][INFO] Best Test acc=74.180
[2023-02-02 18:12:13,198][cbp1.py][line:177][INFO] Epoch:[216/300]	 loss=42.89645	 acc=99.968
[2023-02-02 18:12:24,520][cbp1.py][line:182][INFO] Epoch:[216/300]	 Test acc=73.970
[2023-02-02 18:12:24,520][cbp1.py][line:193][INFO] Best Test acc=74.180
[2023-02-02 18:18:44,404][cbp1.py][line:177][INFO] Epoch:[217/300]	 loss=42.67865	 acc=99.974
[2023-02-02 18:18:55,468][cbp1.py][line:182][INFO] Epoch:[217/300]	 Test acc=74.180
[2023-02-02 18:18:55,468][cbp1.py][line:193][INFO] Best Test acc=74.180
[2023-02-02 18:25:46,539][cbp1.py][line:177][INFO] Epoch:[218/300]	 loss=42.25779	 acc=99.970
[2023-02-02 18:25:57,465][cbp1.py][line:182][INFO] Epoch:[218/300]	 Test acc=73.740
[2023-02-02 18:25:57,465][cbp1.py][line:193][INFO] Best Test acc=74.180
[2023-02-02 18:31:49,361][cbp1.py][line:177][INFO] Epoch:[219/300]	 loss=42.39476	 acc=99.974
[2023-02-02 18:32:00,362][cbp1.py][line:182][INFO] Epoch:[219/300]	 Test acc=73.970
[2023-02-02 18:32:00,362][cbp1.py][line:193][INFO] Best Test acc=74.180
[2023-02-02 18:38:30,153][cbp1.py][line:177][INFO] Epoch:[220/300]	 loss=41.59190	 acc=99.962
[2023-02-02 18:38:41,054][cbp1.py][line:182][INFO] Epoch:[220/300]	 Test acc=73.910
[2023-02-02 18:38:41,054][cbp1.py][line:193][INFO] Best Test acc=74.180
[2023-02-02 18:44:42,105][cbp1.py][line:177][INFO] Epoch:[221/300]	 loss=41.73635	 acc=99.978
[2023-02-02 18:44:53,062][cbp1.py][line:182][INFO] Epoch:[221/300]	 Test acc=73.930
[2023-02-02 18:44:53,062][cbp1.py][line:193][INFO] Best Test acc=74.180
[2023-02-02 18:50:43,799][cbp1.py][line:177][INFO] Epoch:[222/300]	 loss=41.75934	 acc=99.966
[2023-02-02 18:50:54,837][cbp1.py][line:182][INFO] Epoch:[222/300]	 Test acc=73.970
[2023-02-02 18:50:54,837][cbp1.py][line:193][INFO] Best Test acc=74.180
[2023-02-02 18:57:05,560][cbp1.py][line:177][INFO] Epoch:[223/300]	 loss=41.09213	 acc=99.966
[2023-02-02 18:57:16,644][cbp1.py][line:182][INFO] Epoch:[223/300]	 Test acc=74.250
[2023-02-02 18:57:16,821][cbp1.py][line:193][INFO] Best Test acc=74.250
[2023-02-02 19:03:20,490][cbp1.py][line:177][INFO] Epoch:[224/300]	 loss=40.82298	 acc=99.972
[2023-02-02 19:03:31,541][cbp1.py][line:182][INFO] Epoch:[224/300]	 Test acc=74.020
[2023-02-02 19:03:31,542][cbp1.py][line:193][INFO] Best Test acc=74.250
[2023-02-02 19:09:38,731][cbp1.py][line:177][INFO] Epoch:[225/300]	 loss=40.81760	 acc=99.962
[2023-02-02 19:09:49,737][cbp1.py][line:182][INFO] Epoch:[225/300]	 Test acc=73.980
[2023-02-02 19:09:49,738][cbp1.py][line:193][INFO] Best Test acc=74.250
[2023-02-02 19:15:49,966][cbp1.py][line:177][INFO] Epoch:[226/300]	 loss=40.32163	 acc=99.970
[2023-02-02 19:16:01,071][cbp1.py][line:182][INFO] Epoch:[226/300]	 Test acc=73.970
[2023-02-02 19:16:01,072][cbp1.py][line:193][INFO] Best Test acc=74.250
[2023-02-02 19:22:05,893][cbp1.py][line:177][INFO] Epoch:[227/300]	 loss=40.42030	 acc=99.976
[2023-02-02 19:22:16,900][cbp1.py][line:182][INFO] Epoch:[227/300]	 Test acc=74.550
[2023-02-02 19:22:17,066][cbp1.py][line:193][INFO] Best Test acc=74.550
[2023-02-02 19:28:21,688][cbp1.py][line:177][INFO] Epoch:[228/300]	 loss=40.39683	 acc=99.978
[2023-02-02 19:28:32,536][cbp1.py][line:182][INFO] Epoch:[228/300]	 Test acc=73.800
[2023-02-02 19:28:32,536][cbp1.py][line:193][INFO] Best Test acc=74.550
[2023-02-02 19:34:28,659][cbp1.py][line:177][INFO] Epoch:[229/300]	 loss=40.24478	 acc=99.970
[2023-02-02 19:34:39,665][cbp1.py][line:182][INFO] Epoch:[229/300]	 Test acc=74.210
[2023-02-02 19:34:39,666][cbp1.py][line:193][INFO] Best Test acc=74.550
[2023-02-02 19:41:23,941][cbp1.py][line:177][INFO] Epoch:[230/300]	 loss=40.07960	 acc=99.974
[2023-02-02 19:41:35,099][cbp1.py][line:182][INFO] Epoch:[230/300]	 Test acc=74.070
[2023-02-02 19:41:35,099][cbp1.py][line:193][INFO] Best Test acc=74.550
[2023-02-02 19:47:42,590][cbp1.py][line:177][INFO] Epoch:[231/300]	 loss=39.62461	 acc=99.976
[2023-02-02 19:47:53,575][cbp1.py][line:182][INFO] Epoch:[231/300]	 Test acc=73.850
[2023-02-02 19:47:53,575][cbp1.py][line:193][INFO] Best Test acc=74.550
[2023-02-02 19:54:37,077][cbp1.py][line:177][INFO] Epoch:[232/300]	 loss=39.62129	 acc=99.968
[2023-02-02 19:54:48,078][cbp1.py][line:182][INFO] Epoch:[232/300]	 Test acc=73.950
[2023-02-02 19:54:48,079][cbp1.py][line:193][INFO] Best Test acc=74.550
[2023-02-02 20:00:50,968][cbp1.py][line:177][INFO] Epoch:[233/300]	 loss=39.09131	 acc=99.974
[2023-02-02 20:01:02,037][cbp1.py][line:182][INFO] Epoch:[233/300]	 Test acc=74.140
[2023-02-02 20:01:02,037][cbp1.py][line:193][INFO] Best Test acc=74.550
[2023-02-02 20:07:53,735][cbp1.py][line:177][INFO] Epoch:[234/300]	 loss=39.21309	 acc=99.974
[2023-02-02 20:08:04,868][cbp1.py][line:182][INFO] Epoch:[234/300]	 Test acc=74.310
[2023-02-02 20:08:04,868][cbp1.py][line:193][INFO] Best Test acc=74.550
[2023-02-02 20:14:13,589][cbp1.py][line:177][INFO] Epoch:[235/300]	 loss=38.89694	 acc=99.976
[2023-02-02 20:14:24,618][cbp1.py][line:182][INFO] Epoch:[235/300]	 Test acc=74.240
[2023-02-02 20:14:24,618][cbp1.py][line:193][INFO] Best Test acc=74.550
[2023-02-02 20:20:35,443][cbp1.py][line:177][INFO] Epoch:[236/300]	 loss=38.99877	 acc=99.978
[2023-02-02 20:20:46,523][cbp1.py][line:182][INFO] Epoch:[236/300]	 Test acc=74.150
[2023-02-02 20:20:46,523][cbp1.py][line:193][INFO] Best Test acc=74.550
[2023-02-02 20:26:59,494][cbp1.py][line:177][INFO] Epoch:[237/300]	 loss=38.77567	 acc=99.972
[2023-02-02 20:27:10,444][cbp1.py][line:182][INFO] Epoch:[237/300]	 Test acc=74.580
[2023-02-02 20:27:10,630][cbp1.py][line:193][INFO] Best Test acc=74.580
[2023-02-02 20:33:26,920][cbp1.py][line:177][INFO] Epoch:[238/300]	 loss=38.80564	 acc=99.974
[2023-02-02 20:33:37,776][cbp1.py][line:182][INFO] Epoch:[238/300]	 Test acc=74.230
[2023-02-02 20:33:37,777][cbp1.py][line:193][INFO] Best Test acc=74.580
[2023-02-02 20:39:49,143][cbp1.py][line:177][INFO] Epoch:[239/300]	 loss=38.41509	 acc=99.972
[2023-02-02 20:40:00,167][cbp1.py][line:182][INFO] Epoch:[239/300]	 Test acc=74.200
[2023-02-02 20:40:00,168][cbp1.py][line:193][INFO] Best Test acc=74.580
[2023-02-02 20:46:11,302][cbp1.py][line:177][INFO] Epoch:[240/300]	 loss=38.17900	 acc=99.980
[2023-02-02 20:46:22,363][cbp1.py][line:182][INFO] Epoch:[240/300]	 Test acc=74.390
[2023-02-02 20:46:22,363][cbp1.py][line:193][INFO] Best Test acc=74.580
[2023-02-02 20:52:35,960][cbp1.py][line:177][INFO] Epoch:[241/300]	 loss=38.27254	 acc=99.972
[2023-02-02 20:52:46,998][cbp1.py][line:182][INFO] Epoch:[241/300]	 Test acc=74.420
[2023-02-02 20:52:46,998][cbp1.py][line:193][INFO] Best Test acc=74.580
[2023-02-02 20:59:33,122][cbp1.py][line:177][INFO] Epoch:[242/300]	 loss=38.12351	 acc=99.974
[2023-02-02 20:59:44,291][cbp1.py][line:182][INFO] Epoch:[242/300]	 Test acc=74.220
[2023-02-02 20:59:44,293][cbp1.py][line:193][INFO] Best Test acc=74.580
[2023-02-02 21:06:07,775][cbp1.py][line:177][INFO] Epoch:[243/300]	 loss=38.30597	 acc=99.974
[2023-02-02 21:06:18,839][cbp1.py][line:182][INFO] Epoch:[243/300]	 Test acc=74.470
[2023-02-02 21:06:18,839][cbp1.py][line:193][INFO] Best Test acc=74.580
[2023-02-02 21:12:37,267][cbp1.py][line:177][INFO] Epoch:[244/300]	 loss=37.54629	 acc=99.982
[2023-02-02 21:12:48,396][cbp1.py][line:182][INFO] Epoch:[244/300]	 Test acc=74.530
[2023-02-02 21:12:48,396][cbp1.py][line:193][INFO] Best Test acc=74.580
[2023-02-02 21:19:03,387][cbp1.py][line:177][INFO] Epoch:[245/300]	 loss=37.46032	 acc=99.974
[2023-02-02 21:19:14,425][cbp1.py][line:182][INFO] Epoch:[245/300]	 Test acc=74.440
[2023-02-02 21:19:14,425][cbp1.py][line:193][INFO] Best Test acc=74.580
[2023-02-02 21:26:22,900][cbp1.py][line:177][INFO] Epoch:[246/300]	 loss=37.45510	 acc=99.974
[2023-02-02 21:26:34,005][cbp1.py][line:182][INFO] Epoch:[246/300]	 Test acc=73.980
[2023-02-02 21:26:34,005][cbp1.py][line:193][INFO] Best Test acc=74.580
[2023-02-02 21:32:58,465][cbp1.py][line:177][INFO] Epoch:[247/300]	 loss=37.21648	 acc=99.982
[2023-02-02 21:33:09,609][cbp1.py][line:182][INFO] Epoch:[247/300]	 Test acc=74.320
[2023-02-02 21:33:09,609][cbp1.py][line:193][INFO] Best Test acc=74.580
[2023-02-02 21:40:38,025][cbp1.py][line:177][INFO] Epoch:[248/300]	 loss=37.22363	 acc=99.972
[2023-02-02 21:40:49,530][cbp1.py][line:182][INFO] Epoch:[248/300]	 Test acc=74.600
[2023-02-02 21:40:49,711][cbp1.py][line:193][INFO] Best Test acc=74.600
[2023-02-02 21:47:33,668][cbp1.py][line:177][INFO] Epoch:[249/300]	 loss=36.86894	 acc=99.982
[2023-02-02 21:47:44,682][cbp1.py][line:182][INFO] Epoch:[249/300]	 Test acc=74.340
[2023-02-02 21:47:44,682][cbp1.py][line:193][INFO] Best Test acc=74.600
[2023-02-02 21:54:15,325][cbp1.py][line:177][INFO] Epoch:[250/300]	 loss=36.76952	 acc=99.976
[2023-02-02 21:54:26,369][cbp1.py][line:182][INFO] Epoch:[250/300]	 Test acc=74.310
[2023-02-02 21:54:26,370][cbp1.py][line:193][INFO] Best Test acc=74.600
[2023-02-02 22:00:58,709][cbp1.py][line:177][INFO] Epoch:[251/300]	 loss=36.62819	 acc=99.980
[2023-02-02 22:01:09,764][cbp1.py][line:182][INFO] Epoch:[251/300]	 Test acc=74.830
[2023-02-02 22:01:09,920][cbp1.py][line:193][INFO] Best Test acc=74.830
[2023-02-02 22:08:23,307][cbp1.py][line:177][INFO] Epoch:[252/300]	 loss=36.63340	 acc=99.982
[2023-02-02 22:08:34,521][cbp1.py][line:182][INFO] Epoch:[252/300]	 Test acc=74.280
[2023-02-02 22:08:34,521][cbp1.py][line:193][INFO] Best Test acc=74.830
[2023-02-02 22:15:10,147][cbp1.py][line:177][INFO] Epoch:[253/300]	 loss=36.82170	 acc=99.978
[2023-02-02 22:15:21,388][cbp1.py][line:182][INFO] Epoch:[253/300]	 Test acc=74.700
[2023-02-02 22:15:21,388][cbp1.py][line:193][INFO] Best Test acc=74.830
[2023-02-02 22:22:52,792][cbp1.py][line:177][INFO] Epoch:[254/300]	 loss=36.50256	 acc=99.974
[2023-02-02 22:23:03,933][cbp1.py][line:182][INFO] Epoch:[254/300]	 Test acc=74.270
[2023-02-02 22:23:03,934][cbp1.py][line:193][INFO] Best Test acc=74.830
[2023-02-02 22:29:53,531][cbp1.py][line:177][INFO] Epoch:[255/300]	 loss=36.84665	 acc=99.980
[2023-02-02 22:30:04,748][cbp1.py][line:182][INFO] Epoch:[255/300]	 Test acc=74.330
[2023-02-02 22:30:04,748][cbp1.py][line:193][INFO] Best Test acc=74.830
[2023-02-02 22:36:39,339][cbp1.py][line:177][INFO] Epoch:[256/300]	 loss=36.47098	 acc=99.982
[2023-02-02 22:36:50,305][cbp1.py][line:182][INFO] Epoch:[256/300]	 Test acc=74.540
[2023-02-02 22:36:50,305][cbp1.py][line:193][INFO] Best Test acc=74.830
[2023-02-02 22:43:51,137][cbp1.py][line:177][INFO] Epoch:[257/300]	 loss=36.73096	 acc=99.974
[2023-02-02 22:44:02,382][cbp1.py][line:182][INFO] Epoch:[257/300]	 Test acc=74.400
[2023-02-02 22:44:02,382][cbp1.py][line:193][INFO] Best Test acc=74.830
[2023-02-02 22:50:32,375][cbp1.py][line:177][INFO] Epoch:[258/300]	 loss=36.09351	 acc=99.978
[2023-02-02 22:50:43,543][cbp1.py][line:182][INFO] Epoch:[258/300]	 Test acc=74.350
[2023-02-02 22:50:43,543][cbp1.py][line:193][INFO] Best Test acc=74.830
[2023-02-02 22:57:40,632][cbp1.py][line:177][INFO] Epoch:[259/300]	 loss=36.28018	 acc=99.982
[2023-02-02 22:57:51,892][cbp1.py][line:182][INFO] Epoch:[259/300]	 Test acc=74.350
[2023-02-02 22:57:51,893][cbp1.py][line:193][INFO] Best Test acc=74.830
[2023-02-02 23:04:21,229][cbp1.py][line:177][INFO] Epoch:[260/300]	 loss=36.43377	 acc=99.978
[2023-02-02 23:04:32,489][cbp1.py][line:182][INFO] Epoch:[260/300]	 Test acc=74.630
[2023-02-02 23:04:32,490][cbp1.py][line:193][INFO] Best Test acc=74.830
[2023-02-02 23:11:32,238][cbp1.py][line:177][INFO] Epoch:[261/300]	 loss=35.97080	 acc=99.984
[2023-02-02 23:11:43,484][cbp1.py][line:182][INFO] Epoch:[261/300]	 Test acc=74.690
[2023-02-02 23:11:43,484][cbp1.py][line:193][INFO] Best Test acc=74.830
[2023-02-02 23:18:40,905][cbp1.py][line:177][INFO] Epoch:[262/300]	 loss=35.91575	 acc=99.980
[2023-02-02 23:18:52,114][cbp1.py][line:182][INFO] Epoch:[262/300]	 Test acc=74.140
[2023-02-02 23:18:52,115][cbp1.py][line:193][INFO] Best Test acc=74.830
[2023-02-02 23:25:47,957][cbp1.py][line:177][INFO] Epoch:[263/300]	 loss=35.73612	 acc=99.976
[2023-02-02 23:25:59,027][cbp1.py][line:182][INFO] Epoch:[263/300]	 Test acc=74.360
[2023-02-02 23:25:59,027][cbp1.py][line:193][INFO] Best Test acc=74.830
[2023-02-02 23:33:11,006][cbp1.py][line:177][INFO] Epoch:[264/300]	 loss=35.60683	 acc=99.978
[2023-02-02 23:33:22,110][cbp1.py][line:182][INFO] Epoch:[264/300]	 Test acc=74.690
[2023-02-02 23:33:22,110][cbp1.py][line:193][INFO] Best Test acc=74.830
[2023-02-02 23:40:56,488][cbp1.py][line:177][INFO] Epoch:[265/300]	 loss=35.66853	 acc=99.982
[2023-02-02 23:41:07,727][cbp1.py][line:182][INFO] Epoch:[265/300]	 Test acc=74.410
[2023-02-02 23:41:07,727][cbp1.py][line:193][INFO] Best Test acc=74.830
[2023-02-02 23:48:06,261][cbp1.py][line:177][INFO] Epoch:[266/300]	 loss=35.62725	 acc=99.980
[2023-02-02 23:48:17,262][cbp1.py][line:182][INFO] Epoch:[266/300]	 Test acc=74.760
[2023-02-02 23:48:17,262][cbp1.py][line:193][INFO] Best Test acc=74.830
[2023-02-02 23:55:13,265][cbp1.py][line:177][INFO] Epoch:[267/300]	 loss=35.68763	 acc=99.974
[2023-02-02 23:55:24,356][cbp1.py][line:182][INFO] Epoch:[267/300]	 Test acc=74.510
[2023-02-02 23:55:24,356][cbp1.py][line:193][INFO] Best Test acc=74.830
[2023-02-03 00:03:05,026][cbp1.py][line:177][INFO] Epoch:[268/300]	 loss=35.30395	 acc=99.982
[2023-02-03 00:03:16,256][cbp1.py][line:182][INFO] Epoch:[268/300]	 Test acc=74.420
[2023-02-03 00:03:16,257][cbp1.py][line:193][INFO] Best Test acc=74.830
[2023-02-03 00:09:55,376][cbp1.py][line:177][INFO] Epoch:[269/300]	 loss=35.09513	 acc=99.980
[2023-02-03 00:10:06,400][cbp1.py][line:182][INFO] Epoch:[269/300]	 Test acc=74.670
[2023-02-03 00:10:06,400][cbp1.py][line:193][INFO] Best Test acc=74.830
[2023-02-03 00:16:44,335][cbp1.py][line:177][INFO] Epoch:[270/300]	 loss=35.51914	 acc=99.982
[2023-02-03 00:16:55,389][cbp1.py][line:182][INFO] Epoch:[270/300]	 Test acc=74.490
[2023-02-03 00:16:55,389][cbp1.py][line:193][INFO] Best Test acc=74.830
[2023-02-03 00:23:45,794][cbp1.py][line:177][INFO] Epoch:[271/300]	 loss=35.11759	 acc=99.970
[2023-02-03 00:23:56,843][cbp1.py][line:182][INFO] Epoch:[271/300]	 Test acc=74.670
[2023-02-03 00:23:56,843][cbp1.py][line:193][INFO] Best Test acc=74.830
[2023-02-03 00:30:29,042][cbp1.py][line:177][INFO] Epoch:[272/300]	 loss=35.10355	 acc=99.982
[2023-02-03 00:30:40,179][cbp1.py][line:182][INFO] Epoch:[272/300]	 Test acc=74.460
[2023-02-03 00:30:40,179][cbp1.py][line:193][INFO] Best Test acc=74.830
[2023-02-03 00:37:28,272][cbp1.py][line:177][INFO] Epoch:[273/300]	 loss=35.06167	 acc=99.978
[2023-02-03 00:37:39,629][cbp1.py][line:182][INFO] Epoch:[273/300]	 Test acc=74.890
[2023-02-03 00:37:39,810][cbp1.py][line:193][INFO] Best Test acc=74.890
[2023-02-03 00:45:30,487][cbp1.py][line:177][INFO] Epoch:[274/300]	 loss=34.88355	 acc=99.982
[2023-02-03 00:45:42,098][cbp1.py][line:182][INFO] Epoch:[274/300]	 Test acc=74.380
[2023-02-03 00:45:42,098][cbp1.py][line:193][INFO] Best Test acc=74.890
[2023-02-03 00:52:30,273][cbp1.py][line:177][INFO] Epoch:[275/300]	 loss=35.07107	 acc=99.974
[2023-02-03 00:52:41,188][cbp1.py][line:182][INFO] Epoch:[275/300]	 Test acc=74.450
[2023-02-03 00:52:41,188][cbp1.py][line:193][INFO] Best Test acc=74.890
[2023-02-03 01:01:59,829][cbp1.py][line:177][INFO] Epoch:[276/300]	 loss=35.47871	 acc=99.970
[2023-02-03 01:02:11,338][cbp1.py][line:182][INFO] Epoch:[276/300]	 Test acc=74.360
[2023-02-03 01:02:11,338][cbp1.py][line:193][INFO] Best Test acc=74.890
[2023-02-03 01:09:45,383][cbp1.py][line:177][INFO] Epoch:[277/300]	 loss=34.96749	 acc=99.974
[2023-02-03 01:09:56,898][cbp1.py][line:182][INFO] Epoch:[277/300]	 Test acc=74.650
[2023-02-03 01:09:56,898][cbp1.py][line:193][INFO] Best Test acc=74.890
[2023-02-03 01:19:00,042][cbp1.py][line:177][INFO] Epoch:[278/300]	 loss=34.64640	 acc=99.980
[2023-02-03 01:19:11,459][cbp1.py][line:182][INFO] Epoch:[278/300]	 Test acc=74.640
[2023-02-03 01:19:11,459][cbp1.py][line:193][INFO] Best Test acc=74.890
[2023-02-03 01:29:30,913][cbp1.py][line:177][INFO] Epoch:[279/300]	 loss=35.13788	 acc=99.978
[2023-02-03 01:29:42,384][cbp1.py][line:182][INFO] Epoch:[279/300]	 Test acc=74.630
[2023-02-03 01:29:42,384][cbp1.py][line:193][INFO] Best Test acc=74.890
[2023-02-03 01:36:40,943][cbp1.py][line:177][INFO] Epoch:[280/300]	 loss=34.84456	 acc=99.986
[2023-02-03 01:36:52,161][cbp1.py][line:182][INFO] Epoch:[280/300]	 Test acc=74.350
[2023-02-03 01:36:52,161][cbp1.py][line:193][INFO] Best Test acc=74.890
[2023-02-03 01:45:20,529][cbp1.py][line:177][INFO] Epoch:[281/300]	 loss=34.85480	 acc=99.982
[2023-02-03 01:45:31,556][cbp1.py][line:182][INFO] Epoch:[281/300]	 Test acc=74.760
[2023-02-03 01:45:31,557][cbp1.py][line:193][INFO] Best Test acc=74.890
[2023-02-03 01:53:48,298][cbp1.py][line:177][INFO] Epoch:[282/300]	 loss=34.64103	 acc=99.978
[2023-02-03 01:53:59,895][cbp1.py][line:182][INFO] Epoch:[282/300]	 Test acc=74.630
[2023-02-03 01:53:59,895][cbp1.py][line:193][INFO] Best Test acc=74.890
[2023-02-03 02:03:13,391][cbp1.py][line:177][INFO] Epoch:[283/300]	 loss=34.78323	 acc=99.976
[2023-02-03 02:03:24,462][cbp1.py][line:182][INFO] Epoch:[283/300]	 Test acc=74.460
[2023-02-03 02:03:24,462][cbp1.py][line:193][INFO] Best Test acc=74.890
[2023-02-03 02:11:26,050][cbp1.py][line:177][INFO] Epoch:[284/300]	 loss=34.56131	 acc=99.978
[2023-02-03 02:11:37,167][cbp1.py][line:182][INFO] Epoch:[284/300]	 Test acc=74.620
[2023-02-03 02:11:37,167][cbp1.py][line:193][INFO] Best Test acc=74.890
[2023-02-03 02:18:52,323][cbp1.py][line:177][INFO] Epoch:[285/300]	 loss=34.55796	 acc=99.986
[2023-02-03 02:19:03,383][cbp1.py][line:182][INFO] Epoch:[285/300]	 Test acc=74.380
[2023-02-03 02:19:03,383][cbp1.py][line:193][INFO] Best Test acc=74.890
[2023-02-03 02:29:10,798][cbp1.py][line:177][INFO] Epoch:[286/300]	 loss=34.57118	 acc=99.982
[2023-02-03 02:29:22,511][cbp1.py][line:182][INFO] Epoch:[286/300]	 Test acc=74.690
[2023-02-03 02:29:22,512][cbp1.py][line:193][INFO] Best Test acc=74.890
[2023-02-03 02:37:19,252][cbp1.py][line:177][INFO] Epoch:[287/300]	 loss=34.68873	 acc=99.984
[2023-02-03 02:37:30,762][cbp1.py][line:182][INFO] Epoch:[287/300]	 Test acc=74.500
[2023-02-03 02:37:30,762][cbp1.py][line:193][INFO] Best Test acc=74.890
[2023-02-03 02:47:35,984][cbp1.py][line:177][INFO] Epoch:[288/300]	 loss=34.57746	 acc=99.980
[2023-02-03 02:47:47,638][cbp1.py][line:182][INFO] Epoch:[288/300]	 Test acc=74.440
[2023-02-03 02:47:47,638][cbp1.py][line:193][INFO] Best Test acc=74.890
[2023-02-03 02:55:38,199][cbp1.py][line:177][INFO] Epoch:[289/300]	 loss=34.34997	 acc=99.986
[2023-02-03 02:55:49,293][cbp1.py][line:182][INFO] Epoch:[289/300]	 Test acc=74.470
[2023-02-03 02:55:49,293][cbp1.py][line:193][INFO] Best Test acc=74.890
[2023-02-03 03:06:42,187][cbp1.py][line:177][INFO] Epoch:[290/300]	 loss=34.59606	 acc=99.982
[2023-02-03 03:06:53,640][cbp1.py][line:182][INFO] Epoch:[290/300]	 Test acc=74.520
[2023-02-03 03:06:53,640][cbp1.py][line:193][INFO] Best Test acc=74.890
[2023-02-03 03:16:45,447][cbp1.py][line:177][INFO] Epoch:[291/300]	 loss=34.59391	 acc=99.986
[2023-02-03 03:16:56,987][cbp1.py][line:182][INFO] Epoch:[291/300]	 Test acc=74.150
[2023-02-03 03:16:56,987][cbp1.py][line:193][INFO] Best Test acc=74.890
[2023-02-03 03:26:28,906][cbp1.py][line:177][INFO] Epoch:[292/300]	 loss=34.36522	 acc=99.980
[2023-02-03 03:26:40,495][cbp1.py][line:182][INFO] Epoch:[292/300]	 Test acc=74.670
[2023-02-03 03:26:40,495][cbp1.py][line:193][INFO] Best Test acc=74.890
[2023-02-03 03:35:09,669][cbp1.py][line:177][INFO] Epoch:[293/300]	 loss=34.70145	 acc=99.986
[2023-02-03 03:35:20,721][cbp1.py][line:182][INFO] Epoch:[293/300]	 Test acc=74.640
[2023-02-03 03:35:20,722][cbp1.py][line:193][INFO] Best Test acc=74.890
[2023-02-03 03:45:03,985][cbp1.py][line:177][INFO] Epoch:[294/300]	 loss=34.64528	 acc=99.980
[2023-02-03 03:45:15,543][cbp1.py][line:182][INFO] Epoch:[294/300]	 Test acc=74.330
[2023-02-03 03:45:15,543][cbp1.py][line:193][INFO] Best Test acc=74.890
[2023-02-03 03:54:38,461][cbp1.py][line:177][INFO] Epoch:[295/300]	 loss=34.29260	 acc=99.984
[2023-02-03 03:54:49,995][cbp1.py][line:182][INFO] Epoch:[295/300]	 Test acc=74.800
[2023-02-03 03:54:49,996][cbp1.py][line:193][INFO] Best Test acc=74.890
[2023-02-03 04:03:44,915][cbp1.py][line:177][INFO] Epoch:[296/300]	 loss=34.28898	 acc=99.984
[2023-02-03 04:03:56,549][cbp1.py][line:182][INFO] Epoch:[296/300]	 Test acc=74.640
[2023-02-03 04:03:56,549][cbp1.py][line:193][INFO] Best Test acc=74.890
[2023-02-03 04:13:19,105][cbp1.py][line:177][INFO] Epoch:[297/300]	 loss=34.60337	 acc=99.986
[2023-02-03 04:13:30,232][cbp1.py][line:182][INFO] Epoch:[297/300]	 Test acc=74.400
[2023-02-03 04:13:30,232][cbp1.py][line:193][INFO] Best Test acc=74.890
[2023-02-03 04:22:30,117][cbp1.py][line:177][INFO] Epoch:[298/300]	 loss=34.42579	 acc=99.982
[2023-02-03 04:22:41,161][cbp1.py][line:182][INFO] Epoch:[298/300]	 Test acc=74.600
[2023-02-03 04:22:41,161][cbp1.py][line:193][INFO] Best Test acc=74.890
[2023-02-03 04:30:34,771][cbp1.py][line:177][INFO] Epoch:[299/300]	 loss=34.71275	 acc=99.980
[2023-02-03 04:30:45,788][cbp1.py][line:182][INFO] Epoch:[299/300]	 Test acc=74.630
[2023-02-03 04:30:45,788][cbp1.py][line:193][INFO] Best Test acc=74.890
